[ 2016-07-20T20:05:46+08:00 ] 127.0.0.1 /djb/
INFO: [ app_init ] --START--
INFO: Run Behavior\BuildLiteBehavior [ RunTime:0.000000s ]
INFO: [ app_init ] --END-- [ RunTime:0.153020s ]
INFO: [ app_begin ] --START--
INFO: Run Behavior\ReadHtmlCacheBehavior [ RunTime:0.030004s ]
INFO: [ app_begin ] --END-- [ RunTime:0.030004s ]
SQL: SHOW COLUMNS FROM `tb_news` [ RunTime:0.7476s ]
SQL: SELECT * FROM `tb_news` ORDER BY time DESC LIMIT 5   [ RunTime:0.0530s ]
INFO: [ view_parse ] --START--
INFO: [ template_filter ] --START--
INFO: Run Behavior\ContentReplaceBehavior [ RunTime:0.527567s ]
INFO: [ template_filter ] --END-- [ RunTime:0.528067s ]
NOTIC: [8] Use of undefined constant id - assumed 'id' D:\xampp\htdocs\djb\Application\Runtime\Cache\Home\2a94b8bda04ff446dcedd42276fc99ee.php 第 228 行.
NOTIC: [8] Use of undefined constant id - assumed 'id' D:\xampp\htdocs\djb\Application\Runtime\Cache\Home\2a94b8bda04ff446dcedd42276fc99ee.php 第 228 行.
NOTIC: [8] Use of undefined constant id - assumed 'id' D:\xampp\htdocs\djb\Application\Runtime\Cache\Home\2a94b8bda04ff446dcedd42276fc99ee.php 第 228 行.
NOTIC: [8] Use of undefined constant id - assumed 'id' D:\xampp\htdocs\djb\Application\Runtime\Cache\Home\2a94b8bda04ff446dcedd42276fc99ee.php 第 228 行.
NOTIC: [8] Use of undefined constant id - assumed 'id' D:\xampp\htdocs\djb\Application\Runtime\Cache\Home\2a94b8bda04ff446dcedd42276fc99ee.php 第 228 行.
INFO: Run Behavior\ParseTemplateBehavior [ RunTime:0.934119s ]
INFO: [ view_parse ] --END-- [ RunTime:0.934119s ]
INFO: [ view_filter ] --START--
INFO: Run Behavior\WriteHtmlCacheBehavior [ RunTime:0.024003s ]
INFO: [ view_filter ] --END-- [ RunTime:0.024003s ]
INFO: [ app_end ] --START--
INFO: Run Behavior\ShowPageTraceBehavior [ RunTime:0.024003s ]
INFO: [ app_end ] --END-- [ RunTime:0.024503s ]

[ 2016-07-20T20:05:58+08:00 ] 127.0.0.1 /djb/index.php/Home/Zxdt/index.html
INFO: [ app_init ] --START--
INFO: Run Behavior\BuildLiteBehavior [ RunTime:0.000500s ]
INFO: [ app_init ] --END-- [ RunTime:0.001000s ]
INFO: [ app_begin ] --START--
INFO: Run Behavior\ReadHtmlCacheBehavior [ RunTime:0.001500s ]
INFO: [ app_begin ] --END-- [ RunTime:0.001500s ]
SQL: SHOW COLUMNS FROM `tb_news` [ RunTime:0.0060s ]
SQL: SELECT COUNT(*) AS tp_count FROM `tb_news` LIMIT 1   [ RunTime:0.0015s ]
SQL: SELECT * FROM `tb_news` ORDER BY time desc LIMIT 0,12   [ RunTime:0.0200s ]
INFO: [ view_parse ] --START--
INFO: [ template_filter ] --START--
INFO: Run Behavior\ContentReplaceBehavior [ RunTime:0.000500s ]
INFO: [ template_filter ] --END-- [ RunTime:0.001000s ]
NOTIC: [8] Use of undefined constant id - assumed 'id' D:\xampp\htdocs\djb\Application\Runtime\Cache\Home\8253e5b24e4734efc47604105e473ea0.php 第 194 行.
NOTIC: [8] Use of undefined constant id - assumed 'id' D:\xampp\htdocs\djb\Application\Runtime\Cache\Home\8253e5b24e4734efc47604105e473ea0.php 第 194 行.
NOTIC: [8] Use of undefined constant id - assumed 'id' D:\xampp\htdocs\djb\Application\Runtime\Cache\Home\8253e5b24e4734efc47604105e473ea0.php 第 194 行.
NOTIC: [8] Use of undefined constant id - assumed 'id' D:\xampp\htdocs\djb\Application\Runtime\Cache\Home\8253e5b24e4734efc47604105e473ea0.php 第 194 行.
NOTIC: [8] Use of undefined constant id - assumed 'id' D:\xampp\htdocs\djb\Application\Runtime\Cache\Home\8253e5b24e4734efc47604105e473ea0.php 第 194 行.
NOTIC: [8] Use of undefined constant id - assumed 'id' D:\xampp\htdocs\djb\Application\Runtime\Cache\Home\8253e5b24e4734efc47604105e473ea0.php 第 194 行.
NOTIC: [8] Use of undefined constant id - assumed 'id' D:\xampp\htdocs\djb\Application\Runtime\Cache\Home\8253e5b24e4734efc47604105e473ea0.php 第 194 行.
NOTIC: [8] Use of undefined constant id - assumed 'id' D:\xampp\htdocs\djb\Application\Runtime\Cache\Home\8253e5b24e4734efc47604105e473ea0.php 第 194 行.
NOTIC: [8] Use of undefined constant id - assumed 'id' D:\xampp\htdocs\djb\Application\Runtime\Cache\Home\8253e5b24e4734efc47604105e473ea0.php 第 194 行.
NOTIC: [8] Use of undefined constant id - assumed 'id' D:\xampp\htdocs\djb\Application\Runtime\Cache\Home\8253e5b24e4734efc47604105e473ea0.php 第 194 行.
NOTIC: [8] Use of undefined constant id - assumed 'id' D:\xampp\htdocs\djb\Application\Runtime\Cache\Home\8253e5b24e4734efc47604105e473ea0.php 第 194 行.
NOTIC: [8] Use of undefined constant id - assumed 'id' D:\xampp\htdocs\djb\Application\Runtime\Cache\Home\8253e5b24e4734efc47604105e473ea0.php 第 194 行.
INFO: Run Behavior\ParseTemplateBehavior [ RunTime:0.021002s ]
INFO: [ view_parse ] --END-- [ RunTime:0.021502s ]
INFO: [ view_filter ] --START--
INFO: Run Behavior\WriteHtmlCacheBehavior [ RunTime:0.000500s ]
INFO: [ view_filter ] --END-- [ RunTime:0.000500s ]
INFO: [ app_end ] --START--
INFO: Run Behavior\ShowPageTraceBehavior [ RunTime:0.001000s ]
INFO: [ app_end ] --END-- [ RunTime:0.001000s ]

[ 2016-07-20T20:05:59+08:00 ] 127.0.0.1 /djb/index.php/Home/Jsbm/index.html
INFO: [ app_init ] --START--
INFO: Run Behavior\BuildLiteBehavior [ RunTime:0.000000s ]
INFO: [ app_init ] --END-- [ RunTime:0.000500s ]
INFO: [ app_begin ] --START--
INFO: Run Behavior\ReadHtmlCacheBehavior [ RunTime:0.000500s ]
INFO: [ app_begin ] --END-- [ RunTime:0.000500s ]
SQL: SHOW COLUMNS FROM `tb_base` [ RunTime:0.0285s ]
SQL: SELECT * FROM `tb_base` WHERE ( types=1 ) LIMIT 1   [ RunTime:0.0005s ]
INFO: [ view_parse ] --START--
INFO: [ template_filter ] --START--
INFO: Run Behavior\ContentReplaceBehavior [ RunTime:0.000000s ]
INFO: [ template_filter ] --END-- [ RunTime:0.000000s ]
INFO: Run Behavior\ParseTemplateBehavior [ RunTime:0.017002s ]
INFO: [ view_parse ] --END-- [ RunTime:0.017002s ]
INFO: [ view_filter ] --START--
INFO: Run Behavior\WriteHtmlCacheBehavior [ RunTime:0.000500s ]
INFO: [ view_filter ] --END-- [ RunTime:0.000500s ]

[ 2016-07-20T20:06:02+08:00 ] 127.0.0.1 /djb/index.php/Home/Index/index.html
INFO: [ app_init ] --START--
INFO: Run Behavior\BuildLiteBehavior [ RunTime:0.000000s ]
INFO: [ app_init ] --END-- [ RunTime:0.000500s ]
INFO: [ app_begin ] --START--
INFO: Run Behavior\ReadHtmlCacheBehavior [ RunTime:0.000500s ]
INFO: [ app_begin ] --END-- [ RunTime:0.000500s ]
SQL: SHOW COLUMNS FROM `tb_news` [ RunTime:0.0045s ]
SQL: SELECT * FROM `tb_news` ORDER BY time DESC LIMIT 5   [ RunTime:0.0045s ]
INFO: [ view_parse ] --START--
INFO: [ template_filter ] --START--
INFO: Run Behavior\ContentReplaceBehavior [ RunTime:0.000000s ]
INFO: [ template_filter ] --END-- [ RunTime:0.000000s ]
NOTIC: [8] Use of undefined constant id - assumed 'id' D:\xampp\htdocs\djb\Application\Runtime\Cache\Home\2a94b8bda04ff446dcedd42276fc99ee.php 第 228 行.
NOTIC: [8] Use of undefined constant id - assumed 'id' D:\xampp\htdocs\djb\Application\Runtime\Cache\Home\2a94b8bda04ff446dcedd42276fc99ee.php 第 228 行.
NOTIC: [8] Use of undefined constant id - assumed 'id' D:\xampp\htdocs\djb\Application\Runtime\Cache\Home\2a94b8bda04ff446dcedd42276fc99ee.php 第 228 行.
NOTIC: [8] Use of undefined constant id - assumed 'id' D:\xampp\htdocs\djb\Application\Runtime\Cache\Home\2a94b8bda04ff446dcedd42276fc99ee.php 第 228 行.
NOTIC: [8] Use of undefined constant id - assumed 'id' D:\xampp\htdocs\djb\Application\Runtime\Cache\Home\2a94b8bda04ff446dcedd42276fc99ee.php 第 228 行.
INFO: Run Behavior\ParseTemplateBehavior [ RunTime:0.011501s ]
INFO: [ view_parse ] --END-- [ RunTime:0.011501s ]
INFO: [ view_filter ] --START--
INFO: Run Behavior\WriteHtmlCacheBehavior [ RunTime:0.001000s ]
INFO: [ view_filter ] --END-- [ RunTime:0.001500s ]
INFO: [ app_end ] --START--
INFO: Run Behavior\ShowPageTraceBehavior [ RunTime:0.000500s ]
INFO: [ app_end ] --END-- [ RunTime:0.000500s ]

[ 2016-07-20T20:06:35+08:00 ] 127.0.0.1 /djb/index.php/Home/Index/login.html
INFO: [ app_init ] --START--
INFO: Run Behavior\BuildLiteBehavior [ RunTime:0.000000s ]
INFO: [ app_init ] --END-- [ RunTime:0.001000s ]
INFO: [ app_begin ] --START--
INFO: Run Behavior\ReadHtmlCacheBehavior [ RunTime:0.001000s ]
INFO: [ app_begin ] --END-- [ RunTime:0.001000s ]
SQL: SHOW COLUMNS FROM `tb_admin` [ RunTime:0.0470s ]
SQL: SELECT * FROM `tb_admin` WHERE `username` = 'admin' AND `password` = '21232f297a57a5a743894a0e4a801fc3' LIMIT 1   [ RunTime:0.0010s ]

[ 2016-07-20T20:23:38+08:00 ] 127.0.0.1 /djb/
INFO: [ app_init ] --START--
INFO: Run Behavior\BuildLiteBehavior [ RunTime:0.000000s ]
INFO: [ app_init ] --END-- [ RunTime:0.000500s ]
INFO: [ app_begin ] --START--
INFO: Run Behavior\ReadHtmlCacheBehavior [ RunTime:0.001500s ]
INFO: [ app_begin ] --END-- [ RunTime:0.001500s ]
SQL: SHOW COLUMNS FROM `tb_news` [ RunTime:0.0055s ]
SQL: SELECT * FROM `tb_news` ORDER BY time DESC LIMIT 5   [ RunTime:0.0025s ]
INFO: [ view_parse ] --START--
INFO: [ template_filter ] --START--
INFO: Run Behavior\ContentReplaceBehavior [ RunTime:0.000500s ]
INFO: [ template_filter ] --END-- [ RunTime:0.000500s ]
NOTIC: [8] Use of undefined constant id - assumed 'id' D:\xampp\htdocs\djb\Application\Runtime\Cache\Home\2a94b8bda04ff446dcedd42276fc99ee.php 第 228 行.
NOTIC: [8] Use of undefined constant id - assumed 'id' D:\xampp\htdocs\djb\Application\Runtime\Cache\Home\2a94b8bda04ff446dcedd42276fc99ee.php 第 228 行.
NOTIC: [8] Use of undefined constant id - assumed 'id' D:\xampp\htdocs\djb\Application\Runtime\Cache\Home\2a94b8bda04ff446dcedd42276fc99ee.php 第 228 行.
NOTIC: [8] Use of undefined constant id - assumed 'id' D:\xampp\htdocs\djb\Application\Runtime\Cache\Home\2a94b8bda04ff446dcedd42276fc99ee.php 第 228 行.
NOTIC: [8] Use of undefined constant id - assumed 'id' D:\xampp\htdocs\djb\Application\Runtime\Cache\Home\2a94b8bda04ff446dcedd42276fc99ee.php 第 228 行.
INFO: Run Behavior\ParseTemplateBehavior [ RunTime:0.015002s ]
INFO: [ view_parse ] --END-- [ RunTime:0.015002s ]
INFO: [ view_filter ] --START--
INFO: Run Behavior\WriteHtmlCacheBehavior [ RunTime:0.000500s ]
INFO: [ view_filter ] --END-- [ RunTime:0.000500s ]
INFO: [ app_end ] --START--
INFO: Run Behavior\ShowPageTraceBehavior [ RunTime:0.001000s ]
INFO: [ app_end ] --END-- [ RunTime:0.001000s ]

[ 2016-07-20T20:23:43+08:00 ] 127.0.0.1 /djb/index.php/Home/zxdt/news/id/22.html
INFO: [ app_init ] --START--
INFO: Run Behavior\BuildLiteBehavior [ RunTime:0.000000s ]
INFO: [ app_init ] --END-- [ RunTime:0.000500s ]
INFO: [ app_begin ] --START--
INFO: Run Behavior\ReadHtmlCacheBehavior [ RunTime:0.000500s ]
INFO: [ app_begin ] --END-- [ RunTime:0.001000s ]
SQL: SHOW COLUMNS FROM `tb_news` [ RunTime:0.0045s ]
SQL: SELECT * FROM `tb_news` WHERE ( id='22' ) LIMIT 1   [ RunTime:0.0105s ]
INFO: [ view_parse ] --START--
INFO: [ template_filter ] --START--
INFO: Run Behavior\ContentReplaceBehavior [ RunTime:0.000000s ]
INFO: [ template_filter ] --END-- [ RunTime:0.000000s ]
INFO: Run Behavior\ParseTemplateBehavior [ RunTime:0.025503s ]
INFO: [ view_parse ] --END-- [ RunTime:0.025503s ]
INFO: [ view_filter ] --START--
INFO: Run Behavior\WriteHtmlCacheBehavior [ RunTime:0.001000s ]
INFO: [ view_filter ] --END-- [ RunTime:0.001500s ]
INFO: [ app_end ] --START--
INFO: Run Behavior\ShowPageTraceBehavior [ RunTime:0.000500s ]
INFO: [ app_end ] --END-- [ RunTime:0.001000s ]

[ 2016-07-20T20:23:48+08:00 ] 127.0.0.1 /djb/index.php/Home/Jsbm/index.html
INFO: [ app_init ] --START--
INFO: Run Behavior\BuildLiteBehavior [ RunTime:0.000000s ]
INFO: [ app_init ] --END-- [ RunTime:0.001000s ]
INFO: [ app_begin ] --START--
INFO: Run Behavior\ReadHtmlCacheBehavior [ RunTime:0.000500s ]
INFO: [ app_begin ] --END-- [ RunTime:0.000500s ]
SQL: SHOW COLUMNS FROM `tb_base` [ RunTime:0.0060s ]
SQL: SELECT * FROM `tb_base` WHERE ( types=1 ) LIMIT 1   [ RunTime:0.0010s ]
INFO: [ view_parse ] --START--
INFO: [ template_filter ] --START--
INFO: Run Behavior\ContentReplaceBehavior [ RunTime:0.000000s ]
INFO: [ template_filter ] --END-- [ RunTime:0.000000s ]
INFO: Run Behavior\ParseTemplateBehavior [ RunTime:0.006001s ]
INFO: [ view_parse ] --END-- [ RunTime:0.006001s ]
INFO: [ view_filter ] --START--
INFO: Run Behavior\WriteHtmlCacheBehavior [ RunTime:0.001000s ]
INFO: [ view_filter ] --END-- [ RunTime:0.001500s ]

[ 2016-07-20T20:23:52+08:00 ] 127.0.0.1 /djb/index.php/Home/Index/index.html
INFO: [ app_init ] --START--
INFO: Run Behavior\BuildLiteBehavior [ RunTime:0.000000s ]
INFO: [ app_init ] --END-- [ RunTime:0.000000s ]
INFO: [ app_begin ] --START--
INFO: Run Behavior\ReadHtmlCacheBehavior [ RunTime:0.000500s ]
INFO: [ app_begin ] --END-- [ RunTime:0.000500s ]
SQL: SHOW COLUMNS FROM `tb_news` [ RunTime:0.0100s ]
SQL: SELECT * FROM `tb_news` ORDER BY time DESC LIMIT 5   [ RunTime:0.0380s ]
INFO: [ view_parse ] --START--
INFO: [ template_filter ] --START--
INFO: Run Behavior\ContentReplaceBehavior [ RunTime:0.000000s ]
INFO: [ template_filter ] --END-- [ RunTime:0.000000s ]
NOTIC: [8] Use of undefined constant id - assumed 'id' D:\xampp\htdocs\djb\Application\Runtime\Cache\Home\2a94b8bda04ff446dcedd42276fc99ee.php 第 228 行.
NOTIC: [8] Use of undefined constant id - assumed 'id' D:\xampp\htdocs\djb\Application\Runtime\Cache\Home\2a94b8bda04ff446dcedd42276fc99ee.php 第 228 行.
NOTIC: [8] Use of undefined constant id - assumed 'id' D:\xampp\htdocs\djb\Application\Runtime\Cache\Home\2a94b8bda04ff446dcedd42276fc99ee.php 第 228 行.
NOTIC: [8] Use of undefined constant id - assumed 'id' D:\xampp\htdocs\djb\Application\Runtime\Cache\Home\2a94b8bda04ff446dcedd42276fc99ee.php 第 228 行.
NOTIC: [8] Use of undefined constant id - assumed 'id' D:\xampp\htdocs\djb\Application\Runtime\Cache\Home\2a94b8bda04ff446dcedd42276fc99ee.php 第 228 行.
INFO: Run Behavior\ParseTemplateBehavior [ RunTime:0.019502s ]
INFO: [ view_parse ] --END-- [ RunTime:0.019502s ]
INFO: [ view_filter ] --START--
INFO: Run Behavior\WriteHtmlCacheBehavior [ RunTime:0.000500s ]
INFO: [ view_filter ] --END-- [ RunTime:0.000500s ]
INFO: [ app_end ] --START--
INFO: Run Behavior\ShowPageTraceBehavior [ RunTime:0.001000s ]
INFO: [ app_end ] --END-- [ RunTime:0.001000s ]

[ 2016-07-20T20:24:26+08:00 ] 127.0.0.1 /djb/index.php/Home/Zxdt/index.html
INFO: [ app_init ] --START--
INFO: Run Behavior\BuildLiteBehavior [ RunTime:0.000000s ]
INFO: [ app_init ] --END-- [ RunTime:0.002001s ]
INFO: [ app_begin ] --START--
INFO: Run Behavior\ReadHtmlCacheBehavior [ RunTime:0.001500s ]
INFO: [ app_begin ] --END-- [ RunTime:0.001500s ]
SQL: SHOW COLUMNS FROM `tb_news` [ RunTime:0.0075s ]
SQL: SELECT COUNT(*) AS tp_count FROM `tb_news` LIMIT 1   [ RunTime:0.0035s ]
SQL: SELECT * FROM `tb_news` ORDER BY time desc LIMIT 0,12   [ RunTime:0.0180s ]
INFO: [ view_parse ] --START--
INFO: [ template_filter ] --START--
INFO: Run Behavior\ContentReplaceBehavior [ RunTime:0.000500s ]
INFO: [ template_filter ] --END-- [ RunTime:0.000500s ]
NOTIC: [8] Use of undefined constant id - assumed 'id' D:\xampp\htdocs\djb\Application\Runtime\Cache\Home\8253e5b24e4734efc47604105e473ea0.php 第 194 行.
NOTIC: [8] Use of undefined constant id - assumed 'id' D:\xampp\htdocs\djb\Application\Runtime\Cache\Home\8253e5b24e4734efc47604105e473ea0.php 第 194 行.
NOTIC: [8] Use of undefined constant id - assumed 'id' D:\xampp\htdocs\djb\Application\Runtime\Cache\Home\8253e5b24e4734efc47604105e473ea0.php 第 194 行.
NOTIC: [8] Use of undefined constant id - assumed 'id' D:\xampp\htdocs\djb\Application\Runtime\Cache\Home\8253e5b24e4734efc47604105e473ea0.php 第 194 行.
NOTIC: [8] Use of undefined constant id - assumed 'id' D:\xampp\htdocs\djb\Application\Runtime\Cache\Home\8253e5b24e4734efc47604105e473ea0.php 第 194 行.
NOTIC: [8] Use of undefined constant id - assumed 'id' D:\xampp\htdocs\djb\Application\Runtime\Cache\Home\8253e5b24e4734efc47604105e473ea0.php 第 194 行.
NOTIC: [8] Use of undefined constant id - assumed 'id' D:\xampp\htdocs\djb\Application\Runtime\Cache\Home\8253e5b24e4734efc47604105e473ea0.php 第 194 行.
NOTIC: [8] Use of undefined constant id - assumed 'id' D:\xampp\htdocs\djb\Application\Runtime\Cache\Home\8253e5b24e4734efc47604105e473ea0.php 第 194 行.
NOTIC: [8] Use of undefined constant id - assumed 'id' D:\xampp\htdocs\djb\Application\Runtime\Cache\Home\8253e5b24e4734efc47604105e473ea0.php 第 194 行.
NOTIC: [8] Use of undefined constant id - assumed 'id' D:\xampp\htdocs\djb\Application\Runtime\Cache\Home\8253e5b24e4734efc47604105e473ea0.php 第 194 行.
NOTIC: [8] Use of undefined constant id - assumed 'id' D:\xampp\htdocs\djb\Application\Runtime\Cache\Home\8253e5b24e4734efc47604105e473ea0.php 第 194 行.
NOTIC: [8] Use of undefined constant id - assumed 'id' D:\xampp\htdocs\djb\Application\Runtime\Cache\Home\8253e5b24e4734efc47604105e473ea0.php 第 194 行.
INFO: Run Behavior\ParseTemplateBehavior [ RunTime:0.016002s ]
INFO: [ view_parse ] --END-- [ RunTime:0.016002s ]
INFO: [ view_filter ] --START--
INFO: Run Behavior\WriteHtmlCacheBehavior [ RunTime:0.000500s ]
INFO: [ view_filter ] --END-- [ RunTime:0.000500s ]
INFO: [ app_end ] --START--
INFO: Run Behavior\ShowPageTraceBehavior [ RunTime:0.001000s ]
INFO: [ app_end ] --END-- [ RunTime:0.001500s ]

[ 2016-07-20T20:24:28+08:00 ] 127.0.0.1 /djb/index.php/Home/Zxdt/news/id/24.html
INFO: [ app_init ] --START--
INFO: Run Behavior\BuildLiteBehavior [ RunTime:0.000000s ]
INFO: [ app_init ] --END-- [ RunTime:0.001500s ]
INFO: [ app_begin ] --START--
INFO: Run Behavior\ReadHtmlCacheBehavior [ RunTime:0.001000s ]
INFO: [ app_begin ] --END-- [ RunTime:0.001000s ]
SQL: SHOW COLUMNS FROM `tb_news` [ RunTime:0.0045s ]
SQL: SELECT * FROM `tb_news` WHERE ( id='24' ) LIMIT 1   [ RunTime:0.0050s ]
INFO: [ view_parse ] --START--
INFO: [ template_filter ] --START--
INFO: Run Behavior\ContentReplaceBehavior [ RunTime:0.000000s ]
INFO: [ template_filter ] --END-- [ RunTime:0.000000s ]
INFO: Run Behavior\ParseTemplateBehavior [ RunTime:0.014502s ]
INFO: [ view_parse ] --END-- [ RunTime:0.014502s ]
INFO: [ view_filter ] --START--
INFO: Run Behavior\WriteHtmlCacheBehavior [ RunTime:0.000500s ]
INFO: [ view_filter ] --END-- [ RunTime:0.000500s ]
INFO: [ app_end ] --START--
INFO: Run Behavior\ShowPageTraceBehavior [ RunTime:0.001000s ]
INFO: [ app_end ] --END-- [ RunTime:0.001000s ]

[ 2016-07-20T21:22:48+08:00 ] 127.0.0.1 /djb/index.php/Home/Zxdt/index.html
INFO: [ app_init ] --START--
INFO: Run Behavior\BuildLiteBehavior [ RunTime:0.000000s ]
INFO: [ app_init ] --END-- [ RunTime:0.001000s ]
INFO: [ app_begin ] --START--
INFO: Run Behavior\ReadHtmlCacheBehavior [ RunTime:0.000500s ]
INFO: [ app_begin ] --END-- [ RunTime:0.001000s ]
SQL: SHOW COLUMNS FROM `tb_news` [ RunTime:0.0100s ]
SQL: SELECT COUNT(*) AS tp_count FROM `tb_news` LIMIT 1   [ RunTime:0.0030s ]
SQL: SELECT * FROM `tb_news` ORDER BY time desc LIMIT 0,12   [ RunTime:0.0080s ]
INFO: [ view_parse ] --START--
INFO: [ template_filter ] --START--
INFO: Run Behavior\ContentReplaceBehavior [ RunTime:0.000500s ]
INFO: [ template_filter ] --END-- [ RunTime:0.001000s ]
NOTIC: [8] Use of undefined constant id - assumed 'id' D:\xampp\htdocs\djb\Application\Runtime\Cache\Home\8253e5b24e4734efc47604105e473ea0.php 第 194 行.
NOTIC: [8] Use of undefined constant id - assumed 'id' D:\xampp\htdocs\djb\Application\Runtime\Cache\Home\8253e5b24e4734efc47604105e473ea0.php 第 194 行.
NOTIC: [8] Use of undefined constant id - assumed 'id' D:\xampp\htdocs\djb\Application\Runtime\Cache\Home\8253e5b24e4734efc47604105e473ea0.php 第 194 行.
NOTIC: [8] Use of undefined constant id - assumed 'id' D:\xampp\htdocs\djb\Application\Runtime\Cache\Home\8253e5b24e4734efc47604105e473ea0.php 第 194 行.
NOTIC: [8] Use of undefined constant id - assumed 'id' D:\xampp\htdocs\djb\Application\Runtime\Cache\Home\8253e5b24e4734efc47604105e473ea0.php 第 194 行.
NOTIC: [8] Use of undefined constant id - assumed 'id' D:\xampp\htdocs\djb\Application\Runtime\Cache\Home\8253e5b24e4734efc47604105e473ea0.php 第 194 行.
NOTIC: [8] Use of undefined constant id - assumed 'id' D:\xampp\htdocs\djb\Application\Runtime\Cache\Home\8253e5b24e4734efc47604105e473ea0.php 第 194 行.
NOTIC: [8] Use of undefined constant id - assumed 'id' D:\xampp\htdocs\djb\Application\Runtime\Cache\Home\8253e5b24e4734efc47604105e473ea0.php 第 194 行.
NOTIC: [8] Use of undefined constant id - assumed 'id' D:\xampp\htdocs\djb\Application\Runtime\Cache\Home\8253e5b24e4734efc47604105e473ea0.php 第 194 行.
NOTIC: [8] Use of undefined constant id - assumed 'id' D:\xampp\htdocs\djb\Application\Runtime\Cache\Home\8253e5b24e4734efc47604105e473ea0.php 第 194 行.
NOTIC: [8] Use of undefined constant id - assumed 'id' D:\xampp\htdocs\djb\Application\Runtime\Cache\Home\8253e5b24e4734efc47604105e473ea0.php 第 194 行.
NOTIC: [8] Use of undefined constant id - assumed 'id' D:\xampp\htdocs\djb\Application\Runtime\Cache\Home\8253e5b24e4734efc47604105e473ea0.php 第 194 行.
INFO: Run Behavior\ParseTemplateBehavior [ RunTime:0.019503s ]
INFO: [ view_parse ] --END-- [ RunTime:0.019503s ]
INFO: [ view_filter ] --START--
INFO: Run Behavior\WriteHtmlCacheBehavior [ RunTime:0.001500s ]
INFO: [ view_filter ] --END-- [ RunTime:0.002000s ]
INFO: [ app_end ] --START--
INFO: Run Behavior\ShowPageTraceBehavior [ RunTime:0.002000s ]
INFO: [ app_end ] --END-- [ RunTime:0.002500s ]

[ 2016-07-20T21:23:22+08:00 ] 127.0.0.1 /djb/index.php/Home/Zxdt/index.html
INFO: [ app_init ] --START--
INFO: Run Behavior\BuildLiteBehavior [ RunTime:0.000500s ]
INFO: [ app_init ] --END-- [ RunTime:0.001500s ]
INFO: [ app_begin ] --START--
INFO: Run Behavior\ReadHtmlCacheBehavior [ RunTime:0.001000s ]
INFO: [ app_begin ] --END-- [ RunTime:0.001000s ]
SQL: SHOW COLUMNS FROM `tb_news` [ RunTime:0.0070s ]
SQL: SELECT COUNT(*) AS tp_count FROM `tb_news` LIMIT 1   [ RunTime:0.0030s ]
SQL: SELECT * FROM `tb_news` ORDER BY time desc LIMIT 0,12   [ RunTime:0.0515s ]
INFO: [ view_parse ] --START--
INFO: [ template_filter ] --START--
INFO: Run Behavior\ContentReplaceBehavior [ RunTime:0.000500s ]
INFO: [ template_filter ] --END-- [ RunTime:0.000500s ]
NOTIC: [8] Use of undefined constant id - assumed 'id' D:\xampp\htdocs\djb\Application\Runtime\Cache\Home\8253e5b24e4734efc47604105e473ea0.php 第 194 行.
NOTIC: [8] Use of undefined constant id - assumed 'id' D:\xampp\htdocs\djb\Application\Runtime\Cache\Home\8253e5b24e4734efc47604105e473ea0.php 第 194 行.
NOTIC: [8] Use of undefined constant id - assumed 'id' D:\xampp\htdocs\djb\Application\Runtime\Cache\Home\8253e5b24e4734efc47604105e473ea0.php 第 194 行.
NOTIC: [8] Use of undefined constant id - assumed 'id' D:\xampp\htdocs\djb\Application\Runtime\Cache\Home\8253e5b24e4734efc47604105e473ea0.php 第 194 行.
NOTIC: [8] Use of undefined constant id - assumed 'id' D:\xampp\htdocs\djb\Application\Runtime\Cache\Home\8253e5b24e4734efc47604105e473ea0.php 第 194 行.
NOTIC: [8] Use of undefined constant id - assumed 'id' D:\xampp\htdocs\djb\Application\Runtime\Cache\Home\8253e5b24e4734efc47604105e473ea0.php 第 194 行.
NOTIC: [8] Use of undefined constant id - assumed 'id' D:\xampp\htdocs\djb\Application\Runtime\Cache\Home\8253e5b24e4734efc47604105e473ea0.php 第 194 行.
NOTIC: [8] Use of undefined constant id - assumed 'id' D:\xampp\htdocs\djb\Application\Runtime\Cache\Home\8253e5b24e4734efc47604105e473ea0.php 第 194 行.
NOTIC: [8] Use of undefined constant id - assumed 'id' D:\xampp\htdocs\djb\Application\Runtime\Cache\Home\8253e5b24e4734efc47604105e473ea0.php 第 194 行.
NOTIC: [8] Use of undefined constant id - assumed 'id' D:\xampp\htdocs\djb\Application\Runtime\Cache\Home\8253e5b24e4734efc47604105e473ea0.php 第 194 行.
NOTIC: [8] Use of undefined constant id - assumed 'id' D:\xampp\htdocs\djb\Application\Runtime\Cache\Home\8253e5b24e4734efc47604105e473ea0.php 第 194 行.
NOTIC: [8] Use of undefined constant id - assumed 'id' D:\xampp\htdocs\djb\Application\Runtime\Cache\Home\8253e5b24e4734efc47604105e473ea0.php 第 194 行.
INFO: Run Behavior\ParseTemplateBehavior [ RunTime:0.020502s ]
INFO: [ view_parse ] --END-- [ RunTime:0.020502s ]
INFO: [ view_filter ] --START--
INFO: Run Behavior\WriteHtmlCacheBehavior [ RunTime:0.000500s ]
INFO: [ view_filter ] --END-- [ RunTime:0.000500s ]
INFO: [ app_end ] --START--
INFO: Run Behavior\ShowPageTraceBehavior [ RunTime:0.001001s ]
INFO: [ app_end ] --END-- [ RunTime:0.001001s ]

