[ 2016-11-24T16:29:59+08:00 ] 192.168.226.12 /PCM/
INFO: [ app_init ] --START--
INFO: Run Behavior\BuildLiteBehavior [ RunTime:0.000017s ]
INFO: [ app_init ] --END-- [ RunTime:0.000372s ]
INFO: [ app_begin ] --START--
INFO: Run Behavior\ReadHtmlCacheBehavior [ RunTime:0.000461s ]
INFO: [ app_begin ] --END-- [ RunTime:0.000535s ]
INFO: [ view_parse ] --START--
INFO: [ template_filter ] --START--
INFO: Run Behavior\ContentReplaceBehavior [ RunTime:0.000041s ]
INFO: [ template_filter ] --END-- [ RunTime:0.000081s ]
INFO: Run Behavior\ParseTemplateBehavior [ RunTime:0.048277s ]
INFO: [ view_parse ] --END-- [ RunTime:0.048313s ]
INFO: [ view_filter ] --START--
INFO: Run Behavior\WriteHtmlCacheBehavior [ RunTime:0.018497s ]
INFO: [ view_filter ] --END-- [ RunTime:0.018535s ]
INFO: [ app_end ] --START--
INFO: Run Behavior\ShowPageTraceBehavior [ RunTime:0.000444s ]
INFO: [ app_end ] --END-- [ RunTime:0.000482s ]

[ 2016-11-24T16:30:09+08:00 ] 192.168.226.12 /PCM/index.php/Index/login.html
INFO: [ app_init ] --START--
INFO: Run Behavior\BuildLiteBehavior [ RunTime:0.000008s ]
INFO: [ app_init ] --END-- [ RunTime:0.000183s ]
INFO: [ app_begin ] --START--
INFO: Run Behavior\ReadHtmlCacheBehavior [ RunTime:0.000226s ]
INFO: [ app_begin ] --END-- [ RunTime:0.000260s ]
SQL: SHOW COLUMNS FROM `t_manager` [ RunTime:0.0008s ]
SQL: SELECT * FROM `t_manager` WHERE `Mana_Num` = '2014309020235' AND `Mana_PSD` = 'e10adc3949ba59abbe56e057f20f883e' LIMIT 1   [ RunTime:0.0004s ]
INFO: [ app_end ] --START--
INFO: Run Behavior\ShowPageTraceBehavior [ RunTime:0.000290s ]
INFO: [ app_end ] --END-- [ RunTime:0.000326s ]

[ 2016-11-24T16:30:09+08:00 ] 192.168.226.12 /PCM/index.php/Admin/index.html
INFO: [ app_init ] --START--
INFO: Run Behavior\BuildLiteBehavior [ RunTime:0.000017s ]
INFO: [ app_init ] --END-- [ RunTime:0.000369s ]
INFO: [ app_begin ] --START--
INFO: Run Behavior\ReadHtmlCacheBehavior [ RunTime:0.000462s ]
INFO: [ app_begin ] --END-- [ RunTime:0.000535s ]
INFO: [ view_parse ] --START--
INFO: [ template_filter ] --START--
INFO: Run Behavior\ContentReplaceBehavior [ RunTime:0.000049s ]
INFO: [ template_filter ] --END-- [ RunTime:0.000087s ]
INFO: Run Behavior\ParseTemplateBehavior [ RunTime:0.005622s ]
INFO: [ view_parse ] --END-- [ RunTime:0.005660s ]
INFO: [ view_filter ] --START--
INFO: Run Behavior\WriteHtmlCacheBehavior [ RunTime:0.000075s ]
INFO: [ view_filter ] --END-- [ RunTime:0.000108s ]
INFO: [ app_end ] --START--
INFO: Run Behavior\ShowPageTraceBehavior [ RunTime:0.000248s ]
INFO: [ app_end ] --END-- [ RunTime:0.000280s ]

[ 2016-11-24T16:30:13+08:00 ] 192.168.226.12 /PCM/index.php/JFGL/history.html
INFO: [ app_init ] --START--
INFO: Run Behavior\BuildLiteBehavior [ RunTime:0.000009s ]
INFO: [ app_init ] --END-- [ RunTime:0.000204s ]
INFO: [ app_begin ] --START--
INFO: Run Behavior\ReadHtmlCacheBehavior [ RunTime:0.000249s ]
INFO: [ app_begin ] --END-- [ RunTime:0.000287s ]
INFO: [ view_parse ] --START--
INFO: [ template_filter ] --START--
INFO: Run Behavior\ContentReplaceBehavior [ RunTime:0.000046s ]
INFO: [ template_filter ] --END-- [ RunTime:0.000087s ]
INFO: Run Behavior\ParseTemplateBehavior [ RunTime:0.004284s ]
INFO: [ view_parse ] --END-- [ RunTime:0.004320s ]
INFO: [ view_filter ] --START--
INFO: Run Behavior\WriteHtmlCacheBehavior [ RunTime:0.000076s ]
INFO: [ view_filter ] --END-- [ RunTime:0.000108s ]
INFO: [ app_end ] --START--
INFO: Run Behavior\ShowPageTraceBehavior [ RunTime:0.000267s ]
INFO: [ app_end ] --END-- [ RunTime:0.000302s ]

[ 2016-11-24T16:30:13+08:00 ] 192.168.226.12 /PCM/index.php/JFGL/gethistory.html
INFO: [ app_init ] --START--
INFO: Run Behavior\BuildLiteBehavior [ RunTime:0.000017s ]
INFO: [ app_init ] --END-- [ RunTime:0.000365s ]
INFO: [ app_begin ] --START--
INFO: Run Behavior\ReadHtmlCacheBehavior [ RunTime:0.000468s ]
INFO: [ app_begin ] --END-- [ RunTime:0.000537s ]
SQL: SHOW COLUMNS FROM `t_signrecord` [ RunTime:0.0010s ]
SQL: SELECT COUNT(*) AS tp_count FROM `t_signrecord` LIMIT 1   [ RunTime:0.0005s ]
SQL: SELECT * FROM `t_signrecord` LIMIT 0,20   [ RunTime:0.0004s ]
INFO: [ app_end ] --START--
INFO: Run Behavior\ShowPageTraceBehavior [ RunTime:0.000312s ]
INFO: [ app_end ] --END-- [ RunTime:0.000350s ]

[ 2016-11-24T16:30:15+08:00 ] 192.168.226.12 /PCM/index.php/JFGL/gethistory.html
INFO: [ app_init ] --START--
INFO: Run Behavior\BuildLiteBehavior [ RunTime:0.000009s ]
INFO: [ app_init ] --END-- [ RunTime:0.000192s ]
INFO: [ app_begin ] --START--
INFO: Run Behavior\ReadHtmlCacheBehavior [ RunTime:0.000236s ]
INFO: [ app_begin ] --END-- [ RunTime:0.000271s ]
SQL: SHOW COLUMNS FROM `t_signrecord` [ RunTime:0.0011s ]
SQL: SELECT COUNT(*) AS tp_count FROM `t_signrecord` LIMIT 1   [ RunTime:0.0005s ]
SQL: SELECT * FROM `t_signrecord` LIMIT 200,20   [ RunTime:0.0009s ]
NOTIC: [8] Undefined index: 11 /opt/lampp/htdocs/PCM/Application/Admin/Controller/JFGLController.class.php 第 53 行.
NOTIC: [8] Undefined index: 12 /opt/lampp/htdocs/PCM/Application/Admin/Controller/JFGLController.class.php 第 53 行.
NOTIC: [8] Undefined index: 13 /opt/lampp/htdocs/PCM/Application/Admin/Controller/JFGLController.class.php 第 53 行.
NOTIC: [8] Undefined index: 14 /opt/lampp/htdocs/PCM/Application/Admin/Controller/JFGLController.class.php 第 53 行.
NOTIC: [8] Undefined index: 15 /opt/lampp/htdocs/PCM/Application/Admin/Controller/JFGLController.class.php 第 53 行.
NOTIC: [8] Undefined index: 16 /opt/lampp/htdocs/PCM/Application/Admin/Controller/JFGLController.class.php 第 53 行.
NOTIC: [8] Undefined index: 17 /opt/lampp/htdocs/PCM/Application/Admin/Controller/JFGLController.class.php 第 53 行.
NOTIC: [8] Undefined index: 18 /opt/lampp/htdocs/PCM/Application/Admin/Controller/JFGLController.class.php 第 53 行.
NOTIC: [8] Undefined index: 19 /opt/lampp/htdocs/PCM/Application/Admin/Controller/JFGLController.class.php 第 53 行.
INFO: [ app_end ] --START--
INFO: Run Behavior\ShowPageTraceBehavior [ RunTime:0.000303s ]
INFO: [ app_end ] --END-- [ RunTime:0.000338s ]

[ 2016-11-24T16:31:40+08:00 ] 192.168.226.12 /PCM/
INFO: [ app_init ] --START--
INFO: Run Behavior\BuildLiteBehavior [ RunTime:0.000017s ]
INFO: [ app_init ] --END-- [ RunTime:0.000368s ]
INFO: [ app_begin ] --START--
INFO: Run Behavior\ReadHtmlCacheBehavior [ RunTime:0.000459s ]
INFO: [ app_begin ] --END-- [ RunTime:0.000533s ]
INFO: [ view_parse ] --START--
INFO: [ template_filter ] --START--
INFO: Run Behavior\ContentReplaceBehavior [ RunTime:0.000040s ]
INFO: [ template_filter ] --END-- [ RunTime:0.000078s ]
INFO: Run Behavior\ParseTemplateBehavior [ RunTime:0.006089s ]
INFO: [ view_parse ] --END-- [ RunTime:0.006138s ]
INFO: [ view_filter ] --START--
INFO: Run Behavior\WriteHtmlCacheBehavior [ RunTime:0.000075s ]
INFO: [ view_filter ] --END-- [ RunTime:0.000106s ]
INFO: [ app_end ] --START--
INFO: Run Behavior\ShowPageTraceBehavior [ RunTime:0.000252s ]
INFO: [ app_end ] --END-- [ RunTime:0.000285s ]

[ 2016-11-24T16:31:51+08:00 ] 192.168.226.12 /PCM/index.php/Index/login.html
INFO: [ app_init ] --START--
INFO: Run Behavior\BuildLiteBehavior [ RunTime:0.000009s ]
INFO: [ app_init ] --END-- [ RunTime:0.000184s ]
INFO: [ app_begin ] --START--
INFO: Run Behavior\ReadHtmlCacheBehavior [ RunTime:0.000224s ]
INFO: [ app_begin ] --END-- [ RunTime:0.000258s ]
SQL: SHOW COLUMNS FROM `t_manager` [ RunTime:0.0008s ]
SQL: SELECT * FROM `t_manager` WHERE `Mana_Num` = '2014309020235' AND `Mana_PSD` = 'e10adc3949ba59abbe56e057f20f883e' LIMIT 1   [ RunTime:0.0004s ]
INFO: [ app_end ] --START--
INFO: Run Behavior\ShowPageTraceBehavior [ RunTime:0.000304s ]
INFO: [ app_end ] --END-- [ RunTime:0.000339s ]

[ 2016-11-24T16:31:51+08:00 ] 192.168.226.12 /PCM/index.php/Admin/index.html
INFO: [ app_init ] --START--
INFO: Run Behavior\BuildLiteBehavior [ RunTime:0.000015s ]
INFO: [ app_init ] --END-- [ RunTime:0.000313s ]
INFO: [ app_begin ] --START--
INFO: Run Behavior\ReadHtmlCacheBehavior [ RunTime:0.000389s ]
INFO: [ app_begin ] --END-- [ RunTime:0.000452s ]
INFO: [ view_parse ] --START--
INFO: [ template_filter ] --START--
INFO: Run Behavior\ContentReplaceBehavior [ RunTime:0.000049s ]
INFO: [ template_filter ] --END-- [ RunTime:0.000088s ]
INFO: Run Behavior\ParseTemplateBehavior [ RunTime:0.007046s ]
INFO: [ view_parse ] --END-- [ RunTime:0.007092s ]
INFO: [ view_filter ] --START--
INFO: Run Behavior\WriteHtmlCacheBehavior [ RunTime:0.000076s ]
INFO: [ view_filter ] --END-- [ RunTime:0.000108s ]
INFO: [ app_end ] --START--
INFO: Run Behavior\ShowPageTraceBehavior [ RunTime:0.000247s ]
INFO: [ app_end ] --END-- [ RunTime:0.000279s ]

[ 2016-11-24T16:32:01+08:00 ] 192.168.226.12 /PCM/index.php/JFGL/history.html
INFO: [ app_init ] --START--
INFO: Run Behavior\BuildLiteBehavior [ RunTime:0.000009s ]
INFO: [ app_init ] --END-- [ RunTime:0.000183s ]
INFO: [ app_begin ] --START--
INFO: Run Behavior\ReadHtmlCacheBehavior [ RunTime:0.000229s ]
INFO: [ app_begin ] --END-- [ RunTime:0.000266s ]
INFO: [ view_parse ] --START--
INFO: [ template_filter ] --START--
INFO: Run Behavior\ContentReplaceBehavior [ RunTime:0.000042s ]
INFO: [ template_filter ] --END-- [ RunTime:0.000079s ]
INFO: Run Behavior\ParseTemplateBehavior [ RunTime:0.003194s ]
INFO: [ view_parse ] --END-- [ RunTime:0.003228s ]
INFO: [ view_filter ] --START--
INFO: Run Behavior\WriteHtmlCacheBehavior [ RunTime:0.000074s ]
INFO: [ view_filter ] --END-- [ RunTime:0.000106s ]
INFO: [ app_end ] --START--
INFO: Run Behavior\ShowPageTraceBehavior [ RunTime:0.000250s ]
INFO: [ app_end ] --END-- [ RunTime:0.000283s ]

[ 2016-11-24T16:32:01+08:00 ] 192.168.226.12 /PCM/index.php/JFGL/gethistory.html
INFO: [ app_init ] --START--
INFO: Run Behavior\BuildLiteBehavior [ RunTime:0.000009s ]
INFO: [ app_init ] --END-- [ RunTime:0.000185s ]
INFO: [ app_begin ] --START--
INFO: Run Behavior\ReadHtmlCacheBehavior [ RunTime:0.000226s ]
INFO: [ app_begin ] --END-- [ RunTime:0.000259s ]
SQL: SHOW COLUMNS FROM `t_signrecord` [ RunTime:0.0010s ]
SQL: SELECT COUNT(*) AS tp_count FROM `t_signrecord` LIMIT 1   [ RunTime:0.0005s ]
SQL: SELECT * FROM `t_signrecord` LIMIT 0,20   [ RunTime:0.0004s ]
INFO: [ app_end ] --START--
INFO: Run Behavior\ShowPageTraceBehavior [ RunTime:0.000299s ]
INFO: [ app_end ] --END-- [ RunTime:0.000336s ]

[ 2016-11-24T16:32:03+08:00 ] 192.168.226.12 /PCM/index.php/JFGL/gethistory.html
INFO: [ app_init ] --START--
INFO: Run Behavior\BuildLiteBehavior [ RunTime:0.000010s ]
INFO: [ app_init ] --END-- [ RunTime:0.000186s ]
INFO: [ app_begin ] --START--
INFO: Run Behavior\ReadHtmlCacheBehavior [ RunTime:0.000225s ]
INFO: [ app_begin ] --END-- [ RunTime:0.000258s ]
SQL: SHOW COLUMNS FROM `t_signrecord` [ RunTime:0.0010s ]
SQL: SELECT COUNT(*) AS tp_count FROM `t_signrecord` LIMIT 1   [ RunTime:0.0005s ]
SQL: SELECT * FROM `t_signrecord` LIMIT 200,20   [ RunTime:0.0009s ]
NOTIC: [8] Undefined index: 11 /opt/lampp/htdocs/PCM/Application/Admin/Controller/JFGLController.class.php 第 53 行.
NOTIC: [8] Undefined index: 12 /opt/lampp/htdocs/PCM/Application/Admin/Controller/JFGLController.class.php 第 53 行.
NOTIC: [8] Undefined index: 13 /opt/lampp/htdocs/PCM/Application/Admin/Controller/JFGLController.class.php 第 53 行.
NOTIC: [8] Undefined index: 14 /opt/lampp/htdocs/PCM/Application/Admin/Controller/JFGLController.class.php 第 53 行.
NOTIC: [8] Undefined index: 15 /opt/lampp/htdocs/PCM/Application/Admin/Controller/JFGLController.class.php 第 53 行.
NOTIC: [8] Undefined index: 16 /opt/lampp/htdocs/PCM/Application/Admin/Controller/JFGLController.class.php 第 53 行.
NOTIC: [8] Undefined index: 17 /opt/lampp/htdocs/PCM/Application/Admin/Controller/JFGLController.class.php 第 53 行.
NOTIC: [8] Undefined index: 18 /opt/lampp/htdocs/PCM/Application/Admin/Controller/JFGLController.class.php 第 53 行.
NOTIC: [8] Undefined index: 19 /opt/lampp/htdocs/PCM/Application/Admin/Controller/JFGLController.class.php 第 53 行.
INFO: [ app_end ] --START--
INFO: Run Behavior\ShowPageTraceBehavior [ RunTime:0.000295s ]
INFO: [ app_end ] --END-- [ RunTime:0.000330s ]

[ 2016-11-24T16:32:42+08:00 ] 192.168.226.12 /PCM/
INFO: [ app_init ] --START--
INFO: Run Behavior\BuildLiteBehavior [ RunTime:0.000010s ]
INFO: [ app_init ] --END-- [ RunTime:0.000214s ]
INFO: [ app_begin ] --START--
INFO: Run Behavior\ReadHtmlCacheBehavior [ RunTime:0.000261s ]
INFO: [ app_begin ] --END-- [ RunTime:0.000300s ]
INFO: [ view_parse ] --START--
INFO: [ template_filter ] --START--
INFO: Run Behavior\ContentReplaceBehavior [ RunTime:0.000045s ]
INFO: [ template_filter ] --END-- [ RunTime:0.000088s ]
INFO: Run Behavior\ParseTemplateBehavior [ RunTime:0.004507s ]
INFO: [ view_parse ] --END-- [ RunTime:0.004547s ]
INFO: [ view_filter ] --START--
INFO: Run Behavior\WriteHtmlCacheBehavior [ RunTime:0.000082s ]
INFO: [ view_filter ] --END-- [ RunTime:0.000116s ]
INFO: [ app_end ] --START--
INFO: Run Behavior\ShowPageTraceBehavior [ RunTime:0.000287s ]
INFO: [ app_end ] --END-- [ RunTime:0.000325s ]

[ 2016-11-24T16:32:51+08:00 ] 192.168.226.12 /PCM/index.php/Index/login.html
INFO: [ app_init ] --START--
INFO: Run Behavior\BuildLiteBehavior [ RunTime:0.000010s ]
INFO: [ app_init ] --END-- [ RunTime:0.000199s ]
INFO: [ app_begin ] --START--
INFO: Run Behavior\ReadHtmlCacheBehavior [ RunTime:0.000240s ]
INFO: [ app_begin ] --END-- [ RunTime:0.000276s ]
SQL: SHOW COLUMNS FROM `t_manager` [ RunTime:0.0008s ]
SQL: SELECT * FROM `t_manager` WHERE `Mana_Num` = '2014309020235' AND `Mana_PSD` = 'e10adc3949ba59abbe56e057f20f883e' LIMIT 1   [ RunTime:0.0004s ]
INFO: [ app_end ] --START--
INFO: Run Behavior\ShowPageTraceBehavior [ RunTime:0.000361s ]
INFO: [ app_end ] --END-- [ RunTime:0.000400s ]

[ 2016-11-24T16:32:52+08:00 ] 192.168.226.12 /PCM/index.php/Admin/index.html
INFO: [ app_init ] --START--
INFO: Run Behavior\BuildLiteBehavior [ RunTime:0.000009s ]
INFO: [ app_init ] --END-- [ RunTime:0.000192s ]
INFO: [ app_begin ] --START--
INFO: Run Behavior\ReadHtmlCacheBehavior [ RunTime:0.000243s ]
INFO: [ app_begin ] --END-- [ RunTime:0.000281s ]
INFO: [ view_parse ] --START--
INFO: [ template_filter ] --START--
INFO: Run Behavior\ContentReplaceBehavior [ RunTime:0.000048s ]
INFO: [ template_filter ] --END-- [ RunTime:0.000087s ]
INFO: Run Behavior\ParseTemplateBehavior [ RunTime:0.004505s ]
INFO: [ view_parse ] --END-- [ RunTime:0.004542s ]
INFO: [ view_filter ] --START--
INFO: Run Behavior\WriteHtmlCacheBehavior [ RunTime:0.000090s ]
INFO: [ view_filter ] --END-- [ RunTime:0.000122s ]
INFO: [ app_end ] --START--
INFO: Run Behavior\ShowPageTraceBehavior [ RunTime:0.000253s ]
INFO: [ app_end ] --END-- [ RunTime:0.000286s ]

[ 2016-11-24T16:32:55+08:00 ] 192.168.226.12 /PCM/index.php/JFGL/history.html
INFO: [ app_init ] --START--
INFO: Run Behavior\BuildLiteBehavior [ RunTime:0.000009s ]
INFO: [ app_init ] --END-- [ RunTime:0.000195s ]
INFO: [ app_begin ] --START--
INFO: Run Behavior\ReadHtmlCacheBehavior [ RunTime:0.000239s ]
INFO: [ app_begin ] --END-- [ RunTime:0.000277s ]
INFO: [ view_parse ] --START--
INFO: [ template_filter ] --START--
INFO: Run Behavior\ContentReplaceBehavior [ RunTime:0.000042s ]
INFO: [ template_filter ] --END-- [ RunTime:0.000081s ]
INFO: Run Behavior\ParseTemplateBehavior [ RunTime:0.003186s ]
INFO: [ view_parse ] --END-- [ RunTime:0.003223s ]
INFO: [ view_filter ] --START--
INFO: Run Behavior\WriteHtmlCacheBehavior [ RunTime:0.000076s ]
INFO: [ view_filter ] --END-- [ RunTime:0.000107s ]
INFO: [ app_end ] --START--
INFO: Run Behavior\ShowPageTraceBehavior [ RunTime:0.000253s ]
INFO: [ app_end ] --END-- [ RunTime:0.000286s ]

[ 2016-11-24T16:32:55+08:00 ] 192.168.226.12 /PCM/index.php/JFGL/gethistory.html
INFO: [ app_init ] --START--
INFO: Run Behavior\BuildLiteBehavior [ RunTime:0.000009s ]
INFO: [ app_init ] --END-- [ RunTime:0.000195s ]
INFO: [ app_begin ] --START--
INFO: Run Behavior\ReadHtmlCacheBehavior [ RunTime:0.000235s ]
INFO: [ app_begin ] --END-- [ RunTime:0.000270s ]
SQL: SHOW COLUMNS FROM `t_signrecord` [ RunTime:0.0011s ]
SQL: SELECT COUNT(*) AS tp_count FROM `t_signrecord` LIMIT 1   [ RunTime:0.0005s ]
SQL: SELECT * FROM `t_signrecord` LIMIT 0,20   [ RunTime:0.0004s ]
INFO: [ app_end ] --START--
INFO: Run Behavior\ShowPageTraceBehavior [ RunTime:0.000310s ]
INFO: [ app_end ] --END-- [ RunTime:0.000347s ]

[ 2016-11-24T16:32:58+08:00 ] 192.168.226.12 /PCM/index.php/JFGL/gethistory.html
INFO: [ app_init ] --START--
INFO: Run Behavior\BuildLiteBehavior [ RunTime:0.000010s ]
INFO: [ app_init ] --END-- [ RunTime:0.000192s ]
INFO: [ app_begin ] --START--
INFO: Run Behavior\ReadHtmlCacheBehavior [ RunTime:0.000234s ]
INFO: [ app_begin ] --END-- [ RunTime:0.000268s ]
SQL: SHOW COLUMNS FROM `t_signrecord` [ RunTime:0.0010s ]
SQL: SELECT COUNT(*) AS tp_count FROM `t_signrecord` LIMIT 1   [ RunTime:0.0005s ]
SQL: SELECT * FROM `t_signrecord` LIMIT 200,20   [ RunTime:0.0010s ]
NOTIC: [8] Undefined index: 11 /opt/lampp/htdocs/PCM/Application/Admin/Controller/JFGLController.class.php 第 53 行.
NOTIC: [8] Undefined index: 12 /opt/lampp/htdocs/PCM/Application/Admin/Controller/JFGLController.class.php 第 53 行.
NOTIC: [8] Undefined index: 13 /opt/lampp/htdocs/PCM/Application/Admin/Controller/JFGLController.class.php 第 53 行.
NOTIC: [8] Undefined index: 14 /opt/lampp/htdocs/PCM/Application/Admin/Controller/JFGLController.class.php 第 53 行.
NOTIC: [8] Undefined index: 15 /opt/lampp/htdocs/PCM/Application/Admin/Controller/JFGLController.class.php 第 53 行.
NOTIC: [8] Undefined index: 16 /opt/lampp/htdocs/PCM/Application/Admin/Controller/JFGLController.class.php 第 53 行.
NOTIC: [8] Undefined index: 17 /opt/lampp/htdocs/PCM/Application/Admin/Controller/JFGLController.class.php 第 53 行.
NOTIC: [8] Undefined index: 18 /opt/lampp/htdocs/PCM/Application/Admin/Controller/JFGLController.class.php 第 53 行.
NOTIC: [8] Undefined index: 19 /opt/lampp/htdocs/PCM/Application/Admin/Controller/JFGLController.class.php 第 53 行.
INFO: [ app_end ] --START--
INFO: Run Behavior\ShowPageTraceBehavior [ RunTime:0.000364s ]
INFO: [ app_end ] --END-- [ RunTime:0.000406s ]

[ 2016-11-24T16:33:59+08:00 ] 192.168.226.12 /PCM/index.php/JFGL/gethistory.html
INFO: [ app_init ] --START--
INFO: Run Behavior\BuildLiteBehavior [ RunTime:0.000018s ]
INFO: [ app_init ] --END-- [ RunTime:0.000388s ]
INFO: [ app_begin ] --START--
INFO: Run Behavior\ReadHtmlCacheBehavior [ RunTime:0.000489s ]
INFO: [ app_begin ] --END-- [ RunTime:0.000562s ]
SQL: SHOW COLUMNS FROM `t_signrecord` [ RunTime:0.0010s ]
SQL: SELECT COUNT(*) AS tp_count FROM `t_signrecord` LIMIT 1   [ RunTime:0.0005s ]
SQL: SELECT * FROM `t_signrecord` ORDER BY Record_PCNum LIMIT 0,20   [ RunTime:0.0013s ]
INFO: [ app_end ] --START--
INFO: Run Behavior\ShowPageTraceBehavior [ RunTime:0.000572s ]
INFO: [ app_end ] --END-- [ RunTime:0.000647s ]

[ 2016-11-24T16:33:59+08:00 ] 192.168.226.12 /PCM/index.php/JFGL/gethistory.html
INFO: [ app_init ] --START--
INFO: Run Behavior\BuildLiteBehavior [ RunTime:0.000017s ]
INFO: [ app_init ] --END-- [ RunTime:0.000382s ]
INFO: [ app_begin ] --START--
INFO: Run Behavior\ReadHtmlCacheBehavior [ RunTime:0.000486s ]
INFO: [ app_begin ] --END-- [ RunTime:0.000558s ]
SQL: SHOW COLUMNS FROM `t_signrecord` [ RunTime:0.0010s ]
SQL: SELECT COUNT(*) AS tp_count FROM `t_signrecord` LIMIT 1   [ RunTime:0.0005s ]
SQL: SELECT * FROM `t_signrecord` ORDER BY Record_PCNum LIMIT 0,20   [ RunTime:0.0012s ]
INFO: [ app_end ] --START--
INFO: Run Behavior\ShowPageTraceBehavior [ RunTime:0.000303s ]
INFO: [ app_end ] --END-- [ RunTime:0.000341s ]

[ 2016-11-24T16:34:25+08:00 ] 192.168.226.12 /PCM/index.php/JFGL/gethistory.html
INFO: [ app_init ] --START--
INFO: Run Behavior\BuildLiteBehavior [ RunTime:0.000009s ]
INFO: [ app_init ] --END-- [ RunTime:0.000184s ]
INFO: [ app_begin ] --START--
INFO: Run Behavior\ReadHtmlCacheBehavior [ RunTime:0.000224s ]
INFO: [ app_begin ] --END-- [ RunTime:0.000258s ]
SQL: SHOW COLUMNS FROM `t_signrecord` [ RunTime:0.0010s ]
SQL: SELECT COUNT(*) AS tp_count FROM `t_signrecord` WHERE (`Record_InTime` LIKE '%2016-11-16%') LIMIT 1   [ RunTime:0.0007s ]
SQL: SELECT * FROM `t_signrecord` WHERE (`Record_InTime` LIKE '%2016-11-16%') ORDER BY Record_InTime LIMIT 0,20   [ RunTime:0.0008s ]
NOTIC: [8] Undefined index: 5 /opt/lampp/htdocs/PCM/Application/Admin/Controller/JFGLController.class.php 第 53 行.
NOTIC: [8] Undefined index: 6 /opt/lampp/htdocs/PCM/Application/Admin/Controller/JFGLController.class.php 第 53 行.
NOTIC: [8] Undefined index: 7 /opt/lampp/htdocs/PCM/Application/Admin/Controller/JFGLController.class.php 第 53 行.
NOTIC: [8] Undefined index: 8 /opt/lampp/htdocs/PCM/Application/Admin/Controller/JFGLController.class.php 第 53 行.
NOTIC: [8] Undefined index: 9 /opt/lampp/htdocs/PCM/Application/Admin/Controller/JFGLController.class.php 第 53 行.
NOTIC: [8] Undefined index: 10 /opt/lampp/htdocs/PCM/Application/Admin/Controller/JFGLController.class.php 第 53 行.
NOTIC: [8] Undefined index: 11 /opt/lampp/htdocs/PCM/Application/Admin/Controller/JFGLController.class.php 第 53 行.
NOTIC: [8] Undefined index: 12 /opt/lampp/htdocs/PCM/Application/Admin/Controller/JFGLController.class.php 第 53 行.
NOTIC: [8] Undefined index: 13 /opt/lampp/htdocs/PCM/Application/Admin/Controller/JFGLController.class.php 第 53 行.
NOTIC: [8] Undefined index: 14 /opt/lampp/htdocs/PCM/Application/Admin/Controller/JFGLController.class.php 第 53 行.
NOTIC: [8] Undefined index: 15 /opt/lampp/htdocs/PCM/Application/Admin/Controller/JFGLController.class.php 第 53 行.
NOTIC: [8] Undefined index: 16 /opt/lampp/htdocs/PCM/Application/Admin/Controller/JFGLController.class.php 第 53 行.
NOTIC: [8] Undefined index: 17 /opt/lampp/htdocs/PCM/Application/Admin/Controller/JFGLController.class.php 第 53 行.
NOTIC: [8] Undefined index: 18 /opt/lampp/htdocs/PCM/Application/Admin/Controller/JFGLController.class.php 第 53 行.
NOTIC: [8] Undefined index: 19 /opt/lampp/htdocs/PCM/Application/Admin/Controller/JFGLController.class.php 第 53 行.
INFO: [ app_end ] --START--
INFO: Run Behavior\ShowPageTraceBehavior [ RunTime:0.000355s ]
INFO: [ app_end ] --END-- [ RunTime:0.000396s ]

[ 2016-11-24T16:39:25+08:00 ] 192.168.226.12 /PCM/index.php/JFGL/detial.html
INFO: [ app_init ] --START--
INFO: Run Behavior\BuildLiteBehavior [ RunTime:0.000018s ]
INFO: [ app_init ] --END-- [ RunTime:0.000397s ]
INFO: [ app_begin ] --START--
INFO: Run Behavior\ReadHtmlCacheBehavior [ RunTime:0.000507s ]
INFO: [ app_begin ] --END-- [ RunTime:0.000584s ]
INFO: [ view_parse ] --START--
INFO: [ template_filter ] --START--
INFO: Run Behavior\ContentReplaceBehavior [ RunTime:0.000049s ]
INFO: [ template_filter ] --END-- [ RunTime:0.000091s ]
NOTIC: [8] Undefined variable: room /opt/lampp/htdocs/PCM/Application/Runtime/Cache/Admin/189fefcb0bce4d43c3a1982316645cb7.php 第 20 行.
NOTIC: [8] Undefined variable: list /opt/lampp/htdocs/PCM/Application/Runtime/Cache/Admin/189fefcb0bce4d43c3a1982316645cb7.php 第 23 行.
NOTIC: [8] Undefined variable: room /opt/lampp/htdocs/PCM/Application/Runtime/Cache/Admin/189fefcb0bce4d43c3a1982316645cb7.php 第 43 行.
INFO: Run Behavior\ParseTemplateBehavior [ RunTime:0.039092s ]
INFO: [ view_parse ] --END-- [ RunTime:0.039147s ]
INFO: [ view_filter ] --START--
INFO: Run Behavior\WriteHtmlCacheBehavior [ RunTime:0.000086s ]
INFO: [ view_filter ] --END-- [ RunTime:0.000117s ]
INFO: [ app_end ] --START--
INFO: Run Behavior\ShowPageTraceBehavior [ RunTime:0.000267s ]
INFO: [ app_end ] --END-- [ RunTime:0.000301s ]

[ 2016-11-24T16:39:30+08:00 ] 192.168.226.12 /PCM/index.php/JFGL/history.html
INFO: [ app_init ] --START--
INFO: Run Behavior\BuildLiteBehavior [ RunTime:0.000009s ]
INFO: [ app_init ] --END-- [ RunTime:0.000198s ]
INFO: [ app_begin ] --START--
INFO: Run Behavior\ReadHtmlCacheBehavior [ RunTime:0.000247s ]
INFO: [ app_begin ] --END-- [ RunTime:0.000286s ]
INFO: [ view_parse ] --START--
INFO: [ template_filter ] --START--
INFO: Run Behavior\ContentReplaceBehavior [ RunTime:0.000045s ]
INFO: [ template_filter ] --END-- [ RunTime:0.000085s ]
INFO: Run Behavior\ParseTemplateBehavior [ RunTime:0.004250s ]
INFO: [ view_parse ] --END-- [ RunTime:0.004286s ]
INFO: [ view_filter ] --START--
INFO: Run Behavior\WriteHtmlCacheBehavior [ RunTime:0.000076s ]
INFO: [ view_filter ] --END-- [ RunTime:0.000107s ]
INFO: [ app_end ] --START--
INFO: Run Behavior\ShowPageTraceBehavior [ RunTime:0.000261s ]
INFO: [ app_end ] --END-- [ RunTime:0.000295s ]

[ 2016-11-24T16:39:31+08:00 ] 192.168.226.12 /PCM/index.php/JFGL/gethistory.html
INFO: [ app_init ] --START--
INFO: Run Behavior\BuildLiteBehavior [ RunTime:0.000009s ]
INFO: [ app_init ] --END-- [ RunTime:0.000195s ]
INFO: [ app_begin ] --START--
INFO: Run Behavior\ReadHtmlCacheBehavior [ RunTime:0.000242s ]
INFO: [ app_begin ] --END-- [ RunTime:0.000277s ]
SQL: SHOW COLUMNS FROM `t_signrecord` [ RunTime:0.0010s ]
SQL: SELECT COUNT(*) AS tp_count FROM `t_signrecord` LIMIT 1   [ RunTime:0.0005s ]
SQL: SELECT * FROM `t_signrecord` LIMIT 0,20   [ RunTime:0.0004s ]
INFO: [ app_end ] --START--
INFO: Run Behavior\ShowPageTraceBehavior [ RunTime:0.000298s ]
INFO: [ app_end ] --END-- [ RunTime:0.000335s ]

[ 2016-11-24T16:39:49+08:00 ] 192.168.226.12 /PCM/index.php/JFGL/gethistory.html
INFO: [ app_init ] --START--
INFO: Run Behavior\BuildLiteBehavior [ RunTime:0.000017s ]
INFO: [ app_init ] --END-- [ RunTime:0.000370s ]
INFO: [ app_begin ] --START--
INFO: Run Behavior\ReadHtmlCacheBehavior [ RunTime:0.000459s ]
INFO: [ app_begin ] --END-- [ RunTime:0.000527s ]
SQL: SHOW COLUMNS FROM `t_signrecord` [ RunTime:0.0010s ]
SQL: SELECT COUNT(*) AS tp_count FROM `t_signrecord` LIMIT 1   [ RunTime:0.0006s ]
SQL: SELECT * FROM `t_signrecord` LIMIT 20,20   [ RunTime:0.0005s ]
INFO: [ app_end ] --START--
INFO: Run Behavior\ShowPageTraceBehavior [ RunTime:0.000297s ]
INFO: [ app_end ] --END-- [ RunTime:0.000333s ]

[ 2016-11-24T16:39:50+08:00 ] 192.168.226.12 /PCM/index.php/JFGL/gethistory.html
INFO: [ app_init ] --START--
INFO: Run Behavior\BuildLiteBehavior [ RunTime:0.000009s ]
INFO: [ app_init ] --END-- [ RunTime:0.000185s ]
INFO: [ app_begin ] --START--
INFO: Run Behavior\ReadHtmlCacheBehavior [ RunTime:0.000225s ]
INFO: [ app_begin ] --END-- [ RunTime:0.000257s ]
SQL: SHOW COLUMNS FROM `t_signrecord` [ RunTime:0.0010s ]
SQL: SELECT COUNT(*) AS tp_count FROM `t_signrecord` LIMIT 1   [ RunTime:0.0005s ]
SQL: SELECT * FROM `t_signrecord` LIMIT 40,20   [ RunTime:0.0006s ]
INFO: [ app_end ] --START--
INFO: Run Behavior\ShowPageTraceBehavior [ RunTime:0.000299s ]
INFO: [ app_end ] --END-- [ RunTime:0.000334s ]

[ 2016-11-24T16:39:51+08:00 ] 192.168.226.12 /PCM/index.php/JFGL/gethistory.html
INFO: [ app_init ] --START--
INFO: Run Behavior\BuildLiteBehavior [ RunTime:0.000009s ]
INFO: [ app_init ] --END-- [ RunTime:0.000185s ]
INFO: [ app_begin ] --START--
INFO: Run Behavior\ReadHtmlCacheBehavior [ RunTime:0.000234s ]
INFO: [ app_begin ] --END-- [ RunTime:0.000266s ]
SQL: SHOW COLUMNS FROM `t_signrecord` [ RunTime:0.0010s ]
SQL: SELECT COUNT(*) AS tp_count FROM `t_signrecord` LIMIT 1   [ RunTime:0.0005s ]
SQL: SELECT * FROM `t_signrecord` LIMIT 60,20   [ RunTime:0.0006s ]
INFO: [ app_end ] --START--
INFO: Run Behavior\ShowPageTraceBehavior [ RunTime:0.000351s ]
INFO: [ app_end ] --END-- [ RunTime:0.000395s ]

[ 2016-11-24T16:39:51+08:00 ] 192.168.226.12 /PCM/index.php/JFGL/gethistory.html
INFO: [ app_init ] --START--
INFO: Run Behavior\BuildLiteBehavior [ RunTime:0.000010s ]
INFO: [ app_init ] --END-- [ RunTime:0.000185s ]
INFO: [ app_begin ] --START--
INFO: Run Behavior\ReadHtmlCacheBehavior [ RunTime:0.000225s ]
INFO: [ app_begin ] --END-- [ RunTime:0.000259s ]
SQL: SHOW COLUMNS FROM `t_signrecord` [ RunTime:0.0010s ]
SQL: SELECT COUNT(*) AS tp_count FROM `t_signrecord` LIMIT 1   [ RunTime:0.0005s ]
SQL: SELECT * FROM `t_signrecord` LIMIT 80,20   [ RunTime:0.0007s ]
INFO: [ app_end ] --START--
INFO: Run Behavior\ShowPageTraceBehavior [ RunTime:0.000327s ]
INFO: [ app_end ] --END-- [ RunTime:0.000368s ]

[ 2016-11-24T16:39:51+08:00 ] 192.168.226.12 /PCM/index.php/JFGL/gethistory.html
INFO: [ app_init ] --START--
INFO: Run Behavior\BuildLiteBehavior [ RunTime:0.000009s ]
INFO: [ app_init ] --END-- [ RunTime:0.000184s ]
INFO: [ app_begin ] --START--
INFO: Run Behavior\ReadHtmlCacheBehavior [ RunTime:0.000224s ]
INFO: [ app_begin ] --END-- [ RunTime:0.000257s ]
SQL: SHOW COLUMNS FROM `t_signrecord` [ RunTime:0.0010s ]
SQL: SELECT COUNT(*) AS tp_count FROM `t_signrecord` LIMIT 1   [ RunTime:0.0006s ]
SQL: SELECT * FROM `t_signrecord` LIMIT 100,20   [ RunTime:0.0007s ]
INFO: [ app_end ] --START--
INFO: Run Behavior\ShowPageTraceBehavior [ RunTime:0.000292s ]
INFO: [ app_end ] --END-- [ RunTime:0.000328s ]

[ 2016-11-24T16:39:52+08:00 ] 192.168.226.12 /PCM/index.php/JFGL/gethistory.html
INFO: [ app_init ] --START--
INFO: Run Behavior\BuildLiteBehavior [ RunTime:0.000010s ]
INFO: [ app_init ] --END-- [ RunTime:0.000184s ]
INFO: [ app_begin ] --START--
INFO: Run Behavior\ReadHtmlCacheBehavior [ RunTime:0.000223s ]
INFO: [ app_begin ] --END-- [ RunTime:0.000257s ]
SQL: SHOW COLUMNS FROM `t_signrecord` [ RunTime:0.0011s ]
SQL: SELECT COUNT(*) AS tp_count FROM `t_signrecord` LIMIT 1   [ RunTime:0.0005s ]
SQL: SELECT * FROM `t_signrecord` LIMIT 120,20   [ RunTime:0.0008s ]
INFO: [ app_end ] --START--
INFO: Run Behavior\ShowPageTraceBehavior [ RunTime:0.000293s ]
INFO: [ app_end ] --END-- [ RunTime:0.000329s ]

[ 2016-11-24T16:39:52+08:00 ] 192.168.226.12 /PCM/index.php/JFGL/gethistory.html
INFO: [ app_init ] --START--
INFO: Run Behavior\BuildLiteBehavior [ RunTime:0.000009s ]
INFO: [ app_init ] --END-- [ RunTime:0.000185s ]
INFO: [ app_begin ] --START--
INFO: Run Behavior\ReadHtmlCacheBehavior [ RunTime:0.000225s ]
INFO: [ app_begin ] --END-- [ RunTime:0.000258s ]
SQL: SHOW COLUMNS FROM `t_signrecord` [ RunTime:0.0010s ]
SQL: SELECT COUNT(*) AS tp_count FROM `t_signrecord` LIMIT 1   [ RunTime:0.0006s ]
SQL: SELECT * FROM `t_signrecord` LIMIT 140,20   [ RunTime:0.0008s ]
INFO: [ app_end ] --START--
INFO: Run Behavior\ShowPageTraceBehavior [ RunTime:0.000292s ]
INFO: [ app_end ] --END-- [ RunTime:0.000328s ]

[ 2016-11-24T16:39:52+08:00 ] 192.168.226.12 /PCM/index.php/JFGL/gethistory.html
INFO: [ app_init ] --START--
INFO: Run Behavior\BuildLiteBehavior [ RunTime:0.000009s ]
INFO: [ app_init ] --END-- [ RunTime:0.000187s ]
INFO: [ app_begin ] --START--
INFO: Run Behavior\ReadHtmlCacheBehavior [ RunTime:0.000225s ]
INFO: [ app_begin ] --END-- [ RunTime:0.000258s ]
SQL: SHOW COLUMNS FROM `t_signrecord` [ RunTime:0.0010s ]
SQL: SELECT COUNT(*) AS tp_count FROM `t_signrecord` LIMIT 1   [ RunTime:0.0005s ]
SQL: SELECT * FROM `t_signrecord` LIMIT 160,20   [ RunTime:0.0009s ]
INFO: [ app_end ] --START--
INFO: Run Behavior\ShowPageTraceBehavior [ RunTime:0.000293s ]
INFO: [ app_end ] --END-- [ RunTime:0.000328s ]

[ 2016-11-24T16:39:52+08:00 ] 192.168.226.12 /PCM/index.php/JFGL/gethistory.html
INFO: [ app_init ] --START--
INFO: Run Behavior\BuildLiteBehavior [ RunTime:0.000017s ]
INFO: [ app_init ] --END-- [ RunTime:0.000366s ]
INFO: [ app_begin ] --START--
INFO: Run Behavior\ReadHtmlCacheBehavior [ RunTime:0.000455s ]
INFO: [ app_begin ] --END-- [ RunTime:0.000522s ]
SQL: SHOW COLUMNS FROM `t_signrecord` [ RunTime:0.0010s ]
SQL: SELECT COUNT(*) AS tp_count FROM `t_signrecord` LIMIT 1   [ RunTime:0.0005s ]
SQL: SELECT * FROM `t_signrecord` LIMIT 180,20   [ RunTime:0.0010s ]
INFO: [ app_end ] --START--
INFO: Run Behavior\ShowPageTraceBehavior [ RunTime:0.000552s ]
INFO: [ app_end ] --END-- [ RunTime:0.000624s ]

[ 2016-11-24T16:39:53+08:00 ] 192.168.226.12 /PCM/index.php/JFGL/gethistory.html
INFO: [ app_init ] --START--
INFO: Run Behavior\BuildLiteBehavior [ RunTime:0.000010s ]
INFO: [ app_init ] --END-- [ RunTime:0.000192s ]
INFO: [ app_begin ] --START--
INFO: Run Behavior\ReadHtmlCacheBehavior [ RunTime:0.000228s ]
INFO: [ app_begin ] --END-- [ RunTime:0.000261s ]
SQL: SHOW COLUMNS FROM `t_signrecord` [ RunTime:0.0010s ]
SQL: SELECT COUNT(*) AS tp_count FROM `t_signrecord` LIMIT 1   [ RunTime:0.0005s ]
SQL: SELECT * FROM `t_signrecord` LIMIT 200,20   [ RunTime:0.0010s ]
NOTIC: [8] Undefined index: 11 /opt/lampp/htdocs/PCM/Application/Admin/Controller/JFGLController.class.php 第 53 行.
NOTIC: [8] Undefined index: 12 /opt/lampp/htdocs/PCM/Application/Admin/Controller/JFGLController.class.php 第 53 行.
NOTIC: [8] Undefined index: 13 /opt/lampp/htdocs/PCM/Application/Admin/Controller/JFGLController.class.php 第 53 行.
NOTIC: [8] Undefined index: 14 /opt/lampp/htdocs/PCM/Application/Admin/Controller/JFGLController.class.php 第 53 行.
NOTIC: [8] Undefined index: 15 /opt/lampp/htdocs/PCM/Application/Admin/Controller/JFGLController.class.php 第 53 行.
NOTIC: [8] Undefined index: 16 /opt/lampp/htdocs/PCM/Application/Admin/Controller/JFGLController.class.php 第 53 行.
NOTIC: [8] Undefined index: 17 /opt/lampp/htdocs/PCM/Application/Admin/Controller/JFGLController.class.php 第 53 行.
NOTIC: [8] Undefined index: 18 /opt/lampp/htdocs/PCM/Application/Admin/Controller/JFGLController.class.php 第 53 行.
NOTIC: [8] Undefined index: 19 /opt/lampp/htdocs/PCM/Application/Admin/Controller/JFGLController.class.php 第 53 行.
INFO: [ app_end ] --START--
INFO: Run Behavior\ShowPageTraceBehavior [ RunTime:0.000294s ]
INFO: [ app_end ] --END-- [ RunTime:0.000330s ]

[ 2016-11-24T16:39:58+08:00 ] 192.168.226.12 /PCM/index.php/JFGL/gethistory.html
INFO: [ app_init ] --START--
INFO: Run Behavior\BuildLiteBehavior [ RunTime:0.000010s ]
INFO: [ app_init ] --END-- [ RunTime:0.000201s ]
INFO: [ app_begin ] --START--
INFO: Run Behavior\ReadHtmlCacheBehavior [ RunTime:0.000247s ]
INFO: [ app_begin ] --END-- [ RunTime:0.000282s ]
SQL: SHOW COLUMNS FROM `t_signrecord` [ RunTime:0.0010s ]
SQL: SELECT COUNT(*) AS tp_count FROM `t_signrecord` LIMIT 1   [ RunTime:0.0005s ]
SQL: SELECT * FROM `t_signrecord` LIMIT 200,20   [ RunTime:0.0010s ]
NOTIC: [8] Undefined index: 11 /opt/lampp/htdocs/PCM/Application/Admin/Controller/JFGLController.class.php 第 53 行.
NOTIC: [8] Undefined index: 12 /opt/lampp/htdocs/PCM/Application/Admin/Controller/JFGLController.class.php 第 53 行.
NOTIC: [8] Undefined index: 13 /opt/lampp/htdocs/PCM/Application/Admin/Controller/JFGLController.class.php 第 53 行.
NOTIC: [8] Undefined index: 14 /opt/lampp/htdocs/PCM/Application/Admin/Controller/JFGLController.class.php 第 53 行.
NOTIC: [8] Undefined index: 15 /opt/lampp/htdocs/PCM/Application/Admin/Controller/JFGLController.class.php 第 53 行.
NOTIC: [8] Undefined index: 16 /opt/lampp/htdocs/PCM/Application/Admin/Controller/JFGLController.class.php 第 53 行.
NOTIC: [8] Undefined index: 17 /opt/lampp/htdocs/PCM/Application/Admin/Controller/JFGLController.class.php 第 53 行.
NOTIC: [8] Undefined index: 18 /opt/lampp/htdocs/PCM/Application/Admin/Controller/JFGLController.class.php 第 53 行.
NOTIC: [8] Undefined index: 19 /opt/lampp/htdocs/PCM/Application/Admin/Controller/JFGLController.class.php 第 53 行.
INFO: [ app_end ] --START--
INFO: Run Behavior\ShowPageTraceBehavior [ RunTime:0.000317s ]
INFO: [ app_end ] --END-- [ RunTime:0.000354s ]

[ 2016-11-24T16:40:00+08:00 ] 192.168.226.12 /PCM/index.php/JFGL/gethistory.html
INFO: [ app_init ] --START--
INFO: Run Behavior\BuildLiteBehavior [ RunTime:0.000018s ]
INFO: [ app_init ] --END-- [ RunTime:0.000388s ]
INFO: [ app_begin ] --START--
INFO: Run Behavior\ReadHtmlCacheBehavior [ RunTime:0.000342s ]
INFO: [ app_begin ] --END-- [ RunTime:0.000392s ]
SQL: SHOW COLUMNS FROM `t_signrecord` [ RunTime:0.0010s ]
SQL: SELECT COUNT(*) AS tp_count FROM `t_signrecord` LIMIT 1   [ RunTime:0.0005s ]
SQL: SELECT * FROM `t_signrecord` LIMIT 180,20   [ RunTime:0.0010s ]
INFO: [ app_end ] --START--
INFO: Run Behavior\ShowPageTraceBehavior [ RunTime:0.000611s ]
INFO: [ app_end ] --END-- [ RunTime:0.000693s ]

[ 2016-11-24T16:40:01+08:00 ] 192.168.226.12 /PCM/index.php/JFGL/gethistory.html
INFO: [ app_init ] --START--
INFO: Run Behavior\BuildLiteBehavior [ RunTime:0.000009s ]
INFO: [ app_init ] --END-- [ RunTime:0.000192s ]
INFO: [ app_begin ] --START--
INFO: Run Behavior\ReadHtmlCacheBehavior [ RunTime:0.000234s ]
INFO: [ app_begin ] --END-- [ RunTime:0.000272s ]
SQL: SHOW COLUMNS FROM `t_signrecord` [ RunTime:0.0010s ]
SQL: SELECT COUNT(*) AS tp_count FROM `t_signrecord` LIMIT 1   [ RunTime:0.0005s ]
SQL: SELECT * FROM `t_signrecord` LIMIT 200,20   [ RunTime:0.0009s ]
NOTIC: [8] Undefined index: 11 /opt/lampp/htdocs/PCM/Application/Admin/Controller/JFGLController.class.php 第 53 行.
NOTIC: [8] Undefined index: 12 /opt/lampp/htdocs/PCM/Application/Admin/Controller/JFGLController.class.php 第 53 行.
NOTIC: [8] Undefined index: 13 /opt/lampp/htdocs/PCM/Application/Admin/Controller/JFGLController.class.php 第 53 行.
NOTIC: [8] Undefined index: 14 /opt/lampp/htdocs/PCM/Application/Admin/Controller/JFGLController.class.php 第 53 行.
NOTIC: [8] Undefined index: 15 /opt/lampp/htdocs/PCM/Application/Admin/Controller/JFGLController.class.php 第 53 行.
NOTIC: [8] Undefined index: 16 /opt/lampp/htdocs/PCM/Application/Admin/Controller/JFGLController.class.php 第 53 行.
NOTIC: [8] Undefined index: 17 /opt/lampp/htdocs/PCM/Application/Admin/Controller/JFGLController.class.php 第 53 行.
NOTIC: [8] Undefined index: 18 /opt/lampp/htdocs/PCM/Application/Admin/Controller/JFGLController.class.php 第 53 行.
NOTIC: [8] Undefined index: 19 /opt/lampp/htdocs/PCM/Application/Admin/Controller/JFGLController.class.php 第 53 行.
INFO: [ app_end ] --START--
INFO: Run Behavior\ShowPageTraceBehavior [ RunTime:0.000361s ]
INFO: [ app_end ] --END-- [ RunTime:0.000404s ]

[ 2016-11-24T18:43:02+08:00 ] 192.168.226.12 /PCM/
INFO: [ app_init ] --START--
INFO: Run Behavior\BuildLiteBehavior [ RunTime:0.000018s ]
INFO: [ app_init ] --END-- [ RunTime:0.000408s ]
INFO: [ app_begin ] --START--
INFO: Run Behavior\ReadHtmlCacheBehavior [ RunTime:0.000494s ]
INFO: [ app_begin ] --END-- [ RunTime:0.000572s ]
INFO: [ view_parse ] --START--
INFO: [ template_filter ] --START--
INFO: Run Behavior\ContentReplaceBehavior [ RunTime:0.000042s ]
INFO: [ template_filter ] --END-- [ RunTime:0.000083s ]
INFO: Run Behavior\ParseTemplateBehavior [ RunTime:0.005073s ]
INFO: [ view_parse ] --END-- [ RunTime:0.005128s ]
INFO: [ view_filter ] --START--
INFO: Run Behavior\WriteHtmlCacheBehavior [ RunTime:0.000075s ]
INFO: [ view_filter ] --END-- [ RunTime:0.000108s ]
INFO: [ app_end ] --START--
INFO: Run Behavior\ShowPageTraceBehavior [ RunTime:0.000273s ]
INFO: [ app_end ] --END-- [ RunTime:0.000308s ]

[ 2016-11-24T18:43:11+08:00 ] 192.168.226.12 /PCM/index.php/Index/login.html
INFO: [ app_init ] --START--
INFO: Run Behavior\BuildLiteBehavior [ RunTime:0.000008s ]
INFO: [ app_init ] --END-- [ RunTime:0.000184s ]
INFO: [ app_begin ] --START--
INFO: Run Behavior\ReadHtmlCacheBehavior [ RunTime:0.000226s ]
INFO: [ app_begin ] --END-- [ RunTime:0.000259s ]
SQL: SHOW COLUMNS FROM `t_manager` [ RunTime:0.0008s ]
SQL: SELECT * FROM `t_manager` WHERE `Mana_Num` = '2014309020235' AND `Mana_PSD` = 'e10adc3949ba59abbe56e057f20f883e' LIMIT 1   [ RunTime:0.0004s ]
INFO: [ app_end ] --START--
INFO: Run Behavior\ShowPageTraceBehavior [ RunTime:0.000306s ]
INFO: [ app_end ] --END-- [ RunTime:0.000342s ]

[ 2016-11-24T18:43:11+08:00 ] 192.168.226.12 /PCM/index.php/Admin/index.html
INFO: [ app_init ] --START--
INFO: Run Behavior\BuildLiteBehavior [ RunTime:0.000017s ]
INFO: [ app_init ] --END-- [ RunTime:0.000407s ]
INFO: [ app_begin ] --START--
INFO: Run Behavior\ReadHtmlCacheBehavior [ RunTime:0.000461s ]
INFO: [ app_begin ] --END-- [ RunTime:0.000536s ]
INFO: [ view_parse ] --START--
INFO: [ template_filter ] --START--
INFO: Run Behavior\ContentReplaceBehavior [ RunTime:0.000051s ]
INFO: [ template_filter ] --END-- [ RunTime:0.000090s ]
INFO: Run Behavior\ParseTemplateBehavior [ RunTime:0.008592s ]
INFO: [ view_parse ] --END-- [ RunTime:0.008642s ]
INFO: [ view_filter ] --START--
INFO: Run Behavior\WriteHtmlCacheBehavior [ RunTime:0.000078s ]
INFO: [ view_filter ] --END-- [ RunTime:0.000109s ]
INFO: [ app_end ] --START--
INFO: Run Behavior\ShowPageTraceBehavior [ RunTime:0.000247s ]
INFO: [ app_end ] --END-- [ RunTime:0.000280s ]

[ 2016-11-24T18:43:18+08:00 ] 192.168.226.12 /PCM/index.php/JFGL/history.html
INFO: [ app_init ] --START--
INFO: Run Behavior\BuildLiteBehavior [ RunTime:0.000009s ]
INFO: [ app_init ] --END-- [ RunTime:0.000186s ]
INFO: [ app_begin ] --START--
INFO: Run Behavior\ReadHtmlCacheBehavior [ RunTime:0.000229s ]
INFO: [ app_begin ] --END-- [ RunTime:0.000266s ]
INFO: [ view_parse ] --START--
INFO: [ template_filter ] --START--
INFO: Run Behavior\ContentReplaceBehavior [ RunTime:0.000044s ]
INFO: [ template_filter ] --END-- [ RunTime:0.000083s ]
INFO: Run Behavior\ParseTemplateBehavior [ RunTime:0.004107s ]
INFO: [ view_parse ] --END-- [ RunTime:0.004142s ]
INFO: [ view_filter ] --START--
INFO: Run Behavior\WriteHtmlCacheBehavior [ RunTime:0.000076s ]
INFO: [ view_filter ] --END-- [ RunTime:0.000108s ]
INFO: [ app_end ] --START--
INFO: Run Behavior\ShowPageTraceBehavior [ RunTime:0.000250s ]
INFO: [ app_end ] --END-- [ RunTime:0.000283s ]

[ 2016-11-24T18:43:18+08:00 ] 192.168.226.12 /PCM/index.php/JFGL/gethistory.html
INFO: [ app_init ] --START--
INFO: Run Behavior\BuildLiteBehavior [ RunTime:0.000017s ]
INFO: [ app_init ] --END-- [ RunTime:0.000367s ]
INFO: [ app_begin ] --START--
INFO: Run Behavior\ReadHtmlCacheBehavior [ RunTime:0.000462s ]
INFO: [ app_begin ] --END-- [ RunTime:0.000530s ]
SQL: SHOW COLUMNS FROM `t_signrecord` [ RunTime:0.0010s ]
SQL: SELECT COUNT(*) AS tp_count FROM `t_signrecord` LIMIT 1   [ RunTime:0.0006s ]
SQL: SELECT * FROM `t_signrecord` LIMIT 0,20   [ RunTime:0.0004s ]
INFO: [ app_end ] --START--
INFO: Run Behavior\ShowPageTraceBehavior [ RunTime:0.000301s ]
INFO: [ app_end ] --END-- [ RunTime:0.000345s ]

[ 2016-11-24T18:43:44+08:00 ] 192.168.226.12 /PCM/index.php/Admin/index.html
INFO: [ app_init ] --START--
INFO: Run Behavior\BuildLiteBehavior [ RunTime:0.000009s ]
INFO: [ app_init ] --END-- [ RunTime:0.000199s ]
INFO: [ app_begin ] --START--
INFO: Run Behavior\ReadHtmlCacheBehavior [ RunTime:0.000257s ]
INFO: [ app_begin ] --END-- [ RunTime:0.000295s ]
INFO: [ view_parse ] --START--
INFO: [ template_filter ] --START--
INFO: Run Behavior\ContentReplaceBehavior [ RunTime:0.000052s ]
INFO: [ template_filter ] --END-- [ RunTime:0.000093s ]
INFO: Run Behavior\ParseTemplateBehavior [ RunTime:0.005604s ]
INFO: [ view_parse ] --END-- [ RunTime:0.005644s ]
INFO: [ view_filter ] --START--
INFO: Run Behavior\WriteHtmlCacheBehavior [ RunTime:0.000078s ]
INFO: [ view_filter ] --END-- [ RunTime:0.000110s ]
INFO: [ app_end ] --START--
INFO: Run Behavior\ShowPageTraceBehavior [ RunTime:0.000269s ]
INFO: [ app_end ] --END-- [ RunTime:0.000306s ]

[ 2016-11-24T18:43:45+08:00 ] 192.168.226.12 /PCM/index.php/JFGL/detial.html
INFO: [ app_init ] --START--
INFO: Run Behavior\BuildLiteBehavior [ RunTime:0.000009s ]
INFO: [ app_init ] --END-- [ RunTime:0.000185s ]
INFO: [ app_begin ] --START--
INFO: Run Behavior\ReadHtmlCacheBehavior [ RunTime:0.000227s ]
INFO: [ app_begin ] --END-- [ RunTime:0.000263s ]
INFO: [ view_parse ] --START--
INFO: [ template_filter ] --START--
INFO: Run Behavior\ContentReplaceBehavior [ RunTime:0.000046s ]
INFO: [ template_filter ] --END-- [ RunTime:0.000083s ]
NOTIC: [8] Undefined variable: room /opt/lampp/htdocs/PCM/Application/Runtime/Cache/Admin/189fefcb0bce4d43c3a1982316645cb7.php 第 20 行.
NOTIC: [8] Undefined variable: list /opt/lampp/htdocs/PCM/Application/Runtime/Cache/Admin/189fefcb0bce4d43c3a1982316645cb7.php 第 23 行.
NOTIC: [8] Undefined variable: room /opt/lampp/htdocs/PCM/Application/Runtime/Cache/Admin/189fefcb0bce4d43c3a1982316645cb7.php 第 43 行.
INFO: Run Behavior\ParseTemplateBehavior [ RunTime:0.004127s ]
INFO: [ view_parse ] --END-- [ RunTime:0.004160s ]
INFO: [ view_filter ] --START--
INFO: Run Behavior\WriteHtmlCacheBehavior [ RunTime:0.000075s ]
INFO: [ view_filter ] --END-- [ RunTime:0.000108s ]
INFO: [ app_end ] --START--
INFO: Run Behavior\ShowPageTraceBehavior [ RunTime:0.000247s ]
INFO: [ app_end ] --END-- [ RunTime:0.000280s ]

[ 2016-11-24T18:43:45+08:00 ] 192.168.226.12 /PCM/index.php/JFGL/history.html
INFO: [ app_init ] --START--
INFO: Run Behavior\BuildLiteBehavior [ RunTime:0.000009s ]
INFO: [ app_init ] --END-- [ RunTime:0.000183s ]
INFO: [ app_begin ] --START--
INFO: Run Behavior\ReadHtmlCacheBehavior [ RunTime:0.000226s ]
INFO: [ app_begin ] --END-- [ RunTime:0.000263s ]
INFO: [ view_parse ] --START--
INFO: [ template_filter ] --START--
INFO: Run Behavior\ContentReplaceBehavior [ RunTime:0.000043s ]
INFO: [ template_filter ] --END-- [ RunTime:0.000082s ]
INFO: Run Behavior\ParseTemplateBehavior [ RunTime:0.003195s ]
INFO: [ view_parse ] --END-- [ RunTime:0.003230s ]
INFO: [ view_filter ] --START--
INFO: Run Behavior\WriteHtmlCacheBehavior [ RunTime:0.000072s ]
INFO: [ view_filter ] --END-- [ RunTime:0.000104s ]
INFO: [ app_end ] --START--
INFO: Run Behavior\ShowPageTraceBehavior [ RunTime:0.000248s ]
INFO: [ app_end ] --END-- [ RunTime:0.000281s ]

[ 2016-11-24T18:43:45+08:00 ] 192.168.226.12 /PCM/index.php/JFGL/gethistory.html
INFO: [ app_init ] --START--
INFO: Run Behavior\BuildLiteBehavior [ RunTime:0.000017s ]
INFO: [ app_init ] --END-- [ RunTime:0.000368s ]
INFO: [ app_begin ] --START--
INFO: Run Behavior\ReadHtmlCacheBehavior [ RunTime:0.000225s ]
INFO: [ app_begin ] --END-- [ RunTime:0.000258s ]
SQL: SHOW COLUMNS FROM `t_signrecord` [ RunTime:0.0010s ]
SQL: SELECT COUNT(*) AS tp_count FROM `t_signrecord` LIMIT 1   [ RunTime:0.0006s ]
SQL: SELECT * FROM `t_signrecord` LIMIT 0,20   [ RunTime:0.0005s ]
INFO: [ app_end ] --START--
INFO: Run Behavior\ShowPageTraceBehavior [ RunTime:0.000308s ]
INFO: [ app_end ] --END-- [ RunTime:0.000344s ]

[ 2016-11-24T18:43:54+08:00 ] 192.168.226.12 /PCM/index.php/JFGL/detial.html?room=C303
INFO: [ app_init ] --START--
INFO: Run Behavior\BuildLiteBehavior [ RunTime:0.000010s ]
INFO: [ app_init ] --END-- [ RunTime:0.000205s ]
INFO: [ app_begin ] --START--
INFO: Run Behavior\ReadHtmlCacheBehavior [ RunTime:0.000249s ]
INFO: [ app_begin ] --END-- [ RunTime:0.000287s ]
SQL: SHOW COLUMNS FROM `t_pcmessage` [ RunTime:0.0010s ]
SQL: SELECT * FROM `t_pcmessage` WHERE ( PCM_RoomName='C303' ) ORDER BY PCM_Num  [ RunTime:0.0021s ]
SQL: SHOW COLUMNS FROM `t_user` [ RunTime:0.0008s ]
SQL: SELECT * FROM `t_user` WHERE ( User_Num='' ) LIMIT 1   [ RunTime:0.0004s ]
SQL: SELECT * FROM `t_user` WHERE ( User_Num='' ) LIMIT 1   [ RunTime:0.0003s ]
SQL: SELECT * FROM `t_user` WHERE ( User_Num='' ) LIMIT 1   [ RunTime:0.0003s ]
SQL: SELECT * FROM `t_user` WHERE ( User_Num='' ) LIMIT 1   [ RunTime:0.0003s ]
SQL: SELECT * FROM `t_user` WHERE ( User_Num='' ) LIMIT 1   [ RunTime:0.0003s ]
SQL: SELECT * FROM `t_user` WHERE ( User_Num='' ) LIMIT 1   [ RunTime:0.0003s ]
SQL: SELECT * FROM `t_user` WHERE ( User_Num='' ) LIMIT 1   [ RunTime:0.0003s ]
SQL: SELECT * FROM `t_user` WHERE ( User_Num='' ) LIMIT 1   [ RunTime:0.0003s ]
SQL: SELECT * FROM `t_user` WHERE ( User_Num='' ) LIMIT 1   [ RunTime:0.0003s ]
SQL: SELECT * FROM `t_user` WHERE ( User_Num='' ) LIMIT 1   [ RunTime:0.0003s ]
SQL: SELECT * FROM `t_user` WHERE ( User_Num='' ) LIMIT 1   [ RunTime:0.0002s ]
SQL: SELECT * FROM `t_user` WHERE ( User_Num='' ) LIMIT 1   [ RunTime:0.0002s ]
SQL: SELECT * FROM `t_user` WHERE ( User_Num='' ) LIMIT 1   [ RunTime:0.0003s ]
SQL: SELECT * FROM `t_user` WHERE ( User_Num='' ) LIMIT 1   [ RunTime:0.0003s ]
SQL: SELECT * FROM `t_user` WHERE ( User_Num='' ) LIMIT 1   [ RunTime:0.0002s ]
SQL: SELECT * FROM `t_user` WHERE ( User_Num='' ) LIMIT 1   [ RunTime:0.0002s ]
SQL: SELECT * FROM `t_user` WHERE ( User_Num='' ) LIMIT 1   [ RunTime:0.0002s ]
SQL: SELECT * FROM `t_user` WHERE ( User_Num='' ) LIMIT 1   [ RunTime:0.0002s ]
SQL: SELECT * FROM `t_user` WHERE ( User_Num='' ) LIMIT 1   [ RunTime:0.0002s ]
SQL: SELECT * FROM `t_user` WHERE ( User_Num='' ) LIMIT 1   [ RunTime:0.0002s ]
SQL: SELECT * FROM `t_user` WHERE ( User_Num='' ) LIMIT 1   [ RunTime:0.0003s ]
SQL: SELECT * FROM `t_user` WHERE ( User_Num='' ) LIMIT 1   [ RunTime:0.0002s ]
SQL: SELECT * FROM `t_user` WHERE ( User_Num='' ) LIMIT 1   [ RunTime:0.0002s ]
SQL: SELECT * FROM `t_user` WHERE ( User_Num='' ) LIMIT 1   [ RunTime:0.0002s ]
SQL: SELECT * FROM `t_user` WHERE ( User_Num='' ) LIMIT 1   [ RunTime:0.0002s ]
SQL: SELECT * FROM `t_user` WHERE ( User_Num='' ) LIMIT 1   [ RunTime:0.0002s ]
SQL: SELECT * FROM `t_user` WHERE ( User_Num='' ) LIMIT 1   [ RunTime:0.0002s ]
SQL: SELECT * FROM `t_user` WHERE ( User_Num='' ) LIMIT 1   [ RunTime:0.0002s ]
SQL: SELECT * FROM `t_user` WHERE ( User_Num='' ) LIMIT 1   [ RunTime:0.0002s ]
SQL: SELECT * FROM `t_user` WHERE ( User_Num='' ) LIMIT 1   [ RunTime:0.0002s ]
SQL: SELECT * FROM `t_user` WHERE ( User_Num='' ) LIMIT 1   [ RunTime:0.0003s ]
SQL: SELECT * FROM `t_user` WHERE ( User_Num='' ) LIMIT 1   [ RunTime:0.0003s ]
SQL: SELECT * FROM `t_user` WHERE ( User_Num='' ) LIMIT 1   [ RunTime:0.0003s ]
SQL: SELECT * FROM `t_user` WHERE ( User_Num='' ) LIMIT 1   [ RunTime:0.0003s ]
SQL: SELECT * FROM `t_user` WHERE ( User_Num='' ) LIMIT 1   [ RunTime:0.0003s ]
SQL: SELECT * FROM `t_user` WHERE ( User_Num='' ) LIMIT 1   [ RunTime:0.0002s ]
SQL: SELECT * FROM `t_user` WHERE ( User_Num='' ) LIMIT 1   [ RunTime:0.0002s ]
SQL: SELECT * FROM `t_user` WHERE ( User_Num='' ) LIMIT 1   [ RunTime:0.0002s ]
SQL: SELECT * FROM `t_user` WHERE ( User_Num='' ) LIMIT 1   [ RunTime:0.0003s ]
SQL: SELECT * FROM `t_user` WHERE ( User_Num='' ) LIMIT 1   [ RunTime:0.0002s ]
SQL: SELECT * FROM `t_user` WHERE ( User_Num='' ) LIMIT 1   [ RunTime:0.0002s ]
SQL: SELECT * FROM `t_user` WHERE ( User_Num='' ) LIMIT 1   [ RunTime:0.0002s ]
SQL: SELECT * FROM `t_user` WHERE ( User_Num='' ) LIMIT 1   [ RunTime:0.0002s ]
SQL: SELECT * FROM `t_user` WHERE ( User_Num='' ) LIMIT 1   [ RunTime:0.0002s ]
SQL: SELECT * FROM `t_user` WHERE ( User_Num='' ) LIMIT 1   [ RunTime:0.0002s ]
SQL: SELECT * FROM `t_user` WHERE ( User_Num='' ) LIMIT 1   [ RunTime:0.0002s ]
SQL: SELECT * FROM `t_user` WHERE ( User_Num='' ) LIMIT 1   [ RunTime:0.0002s ]
SQL: SELECT * FROM `t_user` WHERE ( User_Num='' ) LIMIT 1   [ RunTime:0.0003s ]
SQL: SELECT * FROM `t_user` WHERE ( User_Num='' ) LIMIT 1   [ RunTime:0.0002s ]
SQL: SELECT * FROM `t_user` WHERE ( User_Num='' ) LIMIT 1   [ RunTime:0.0002s ]
SQL: SELECT * FROM `t_user` WHERE ( User_Num='' ) LIMIT 1   [ RunTime:0.0002s ]
SQL: SELECT * FROM `t_user` WHERE ( User_Num='' ) LIMIT 1   [ RunTime:0.0002s ]
SQL: SELECT * FROM `t_user` WHERE ( User_Num='' ) LIMIT 1   [ RunTime:0.0002s ]
SQL: SELECT * FROM `t_user` WHERE ( User_Num='' ) LIMIT 1   [ RunTime:0.0002s ]
SQL: SELECT * FROM `t_user` WHERE ( User_Num='' ) LIMIT 1   [ RunTime:0.0002s ]
SQL: SELECT * FROM `t_user` WHERE ( User_Num='' ) LIMIT 1   [ RunTime:0.0002s ]
SQL: SELECT * FROM `t_user` WHERE ( User_Num='' ) LIMIT 1   [ RunTime:0.0002s ]
SQL: SELECT * FROM `t_user` WHERE ( User_Num='' ) LIMIT 1   [ RunTime:0.0002s ]
SQL: SELECT * FROM `t_user` WHERE ( User_Num='' ) LIMIT 1   [ RunTime:0.0002s ]
SQL: SELECT * FROM `t_user` WHERE ( User_Num='' ) LIMIT 1   [ RunTime:0.0002s ]
SQL: SELECT * FROM `t_user` WHERE ( User_Num='' ) LIMIT 1   [ RunTime:0.0002s ]
SQL: SELECT * FROM `t_user` WHERE ( User_Num='' ) LIMIT 1   [ RunTime:0.0002s ]
SQL: SELECT * FROM `t_user` WHERE ( User_Num='' ) LIMIT 1   [ RunTime:0.0002s ]
SQL: SELECT * FROM `t_user` WHERE ( User_Num='' ) LIMIT 1   [ RunTime:0.0002s ]
SQL: SELECT * FROM `t_user` WHERE ( User_Num='' ) LIMIT 1   [ RunTime:0.0002s ]
SQL: SELECT * FROM `t_user` WHERE ( User_Num='' ) LIMIT 1   [ RunTime:0.0003s ]
SQL: SELECT * FROM `t_user` WHERE ( User_Num='' ) LIMIT 1   [ RunTime:0.0002s ]
SQL: SELECT * FROM `t_user` WHERE ( User_Num='' ) LIMIT 1   [ RunTime:0.0002s ]
SQL: SELECT * FROM `t_user` WHERE ( User_Num='' ) LIMIT 1   [ RunTime:0.0002s ]
SQL: SELECT * FROM `t_user` WHERE ( User_Num='' ) LIMIT 1   [ RunTime:0.0002s ]
SQL: SELECT * FROM `t_user` WHERE ( User_Num='' ) LIMIT 1   [ RunTime:0.0002s ]
SQL: SELECT * FROM `t_user` WHERE ( User_Num='' ) LIMIT 1   [ RunTime:0.0002s ]
SQL: SELECT * FROM `t_user` WHERE ( User_Num='' ) LIMIT 1   [ RunTime:0.0002s ]
SQL: SELECT * FROM `t_user` WHERE ( User_Num='' ) LIMIT 1   [ RunTime:0.0002s ]
SQL: SELECT * FROM `t_user` WHERE ( User_Num='' ) LIMIT 1   [ RunTime:0.0002s ]
SQL: SELECT * FROM `t_user` WHERE ( User_Num='' ) LIMIT 1   [ RunTime:0.0002s ]
SQL: SELECT * FROM `t_user` WHERE ( User_Num='' ) LIMIT 1   [ RunTime:0.0002s ]
SQL: SELECT * FROM `t_user` WHERE ( User_Num='' ) LIMIT 1   [ RunTime:0.0002s ]
SQL: SELECT * FROM `t_user` WHERE ( User_Num='' ) LIMIT 1   [ RunTime:0.0002s ]
SQL: SELECT * FROM `t_user` WHERE ( User_Num='' ) LIMIT 1   [ RunTime:0.0002s ]
SQL: SELECT * FROM `t_user` WHERE ( User_Num='' ) LIMIT 1   [ RunTime:0.0002s ]
INFO: [ view_parse ] --START--
INFO: [ template_filter ] --START--
INFO: Run Behavior\ContentReplaceBehavior [ RunTime:0.000069s ]
INFO: [ template_filter ] --END-- [ RunTime:0.000134s ]
INFO: Run Behavior\ParseTemplateBehavior [ RunTime:0.007472s ]
INFO: [ view_parse ] --END-- [ RunTime:0.007528s ]
INFO: [ view_filter ] --START--
INFO: Run Behavior\WriteHtmlCacheBehavior [ RunTime:0.000109s ]
INFO: [ view_filter ] --END-- [ RunTime:0.000156s ]
INFO: [ app_end ] --START--
INFO: Run Behavior\ShowPageTraceBehavior [ RunTime:0.000377s ]
INFO: [ app_end ] --END-- [ RunTime:0.000428s ]

[ 2016-11-24T18:43:58+08:00 ] 192.168.226.12 /PCM/index.php/JFGL/detial.html?room=C305
INFO: [ app_init ] --START--
INFO: Run Behavior\BuildLiteBehavior [ RunTime:0.000018s ]
INFO: [ app_init ] --END-- [ RunTime:0.000375s ]
INFO: [ app_begin ] --START--
INFO: Run Behavior\ReadHtmlCacheBehavior [ RunTime:0.000462s ]
INFO: [ app_begin ] --END-- [ RunTime:0.000537s ]
SQL: SHOW COLUMNS FROM `t_pcmessage` [ RunTime:0.0010s ]
SQL: SELECT * FROM `t_pcmessage` WHERE ( PCM_RoomName='C305' ) ORDER BY PCM_Num  [ RunTime:0.0022s ]
SQL: SHOW COLUMNS FROM `t_user` [ RunTime:0.0007s ]
SQL: SELECT * FROM `t_user` WHERE ( User_Num='2014309020235' ) LIMIT 1   [ RunTime:0.0004s ]
SQL: SELECT * FROM `t_user` WHERE ( User_Num='' ) LIMIT 1   [ RunTime:0.0003s ]
SQL: SELECT * FROM `t_user` WHERE ( User_Num='' ) LIMIT 1   [ RunTime:0.0003s ]
SQL: SELECT * FROM `t_user` WHERE ( User_Num='' ) LIMIT 1   [ RunTime:0.0003s ]
SQL: SELECT * FROM `t_user` WHERE ( User_Num='' ) LIMIT 1   [ RunTime:0.0003s ]
SQL: SELECT * FROM `t_user` WHERE ( User_Num='' ) LIMIT 1   [ RunTime:0.0003s ]
SQL: SELECT * FROM `t_user` WHERE ( User_Num='' ) LIMIT 1   [ RunTime:0.0003s ]
SQL: SELECT * FROM `t_user` WHERE ( User_Num='' ) LIMIT 1   [ RunTime:0.0003s ]
SQL: SELECT * FROM `t_user` WHERE ( User_Num='' ) LIMIT 1   [ RunTime:0.0003s ]
SQL: SELECT * FROM `t_user` WHERE ( User_Num='' ) LIMIT 1   [ RunTime:0.0002s ]
SQL: SELECT * FROM `t_user` WHERE ( User_Num='' ) LIMIT 1   [ RunTime:0.0002s ]
SQL: SELECT * FROM `t_user` WHERE ( User_Num='' ) LIMIT 1   [ RunTime:0.0003s ]
SQL: SELECT * FROM `t_user` WHERE ( User_Num='' ) LIMIT 1   [ RunTime:0.0003s ]
SQL: SELECT * FROM `t_user` WHERE ( User_Num='' ) LIMIT 1   [ RunTime:0.0002s ]
SQL: SELECT * FROM `t_user` WHERE ( User_Num='' ) LIMIT 1   [ RunTime:0.0002s ]
SQL: SELECT * FROM `t_user` WHERE ( User_Num='' ) LIMIT 1   [ RunTime:0.0002s ]
SQL: SELECT * FROM `t_user` WHERE ( User_Num='' ) LIMIT 1   [ RunTime:0.0002s ]
SQL: SELECT * FROM `t_user` WHERE ( User_Num='' ) LIMIT 1   [ RunTime:0.0002s ]
SQL: SELECT * FROM `t_user` WHERE ( User_Num='' ) LIMIT 1   [ RunTime:0.0002s ]
SQL: SELECT * FROM `t_user` WHERE ( User_Num='' ) LIMIT 1   [ RunTime:0.0002s ]
SQL: SELECT * FROM `t_user` WHERE ( User_Num='' ) LIMIT 1   [ RunTime:0.0002s ]
SQL: SELECT * FROM `t_user` WHERE ( User_Num='' ) LIMIT 1   [ RunTime:0.0002s ]
SQL: SELECT * FROM `t_user` WHERE ( User_Num='' ) LIMIT 1   [ RunTime:0.0002s ]
SQL: SELECT * FROM `t_user` WHERE ( User_Num='' ) LIMIT 1   [ RunTime:0.0002s ]
SQL: SELECT * FROM `t_user` WHERE ( User_Num='' ) LIMIT 1   [ RunTime:0.0002s ]
SQL: SELECT * FROM `t_user` WHERE ( User_Num='' ) LIMIT 1   [ RunTime:0.0002s ]
SQL: SELECT * FROM `t_user` WHERE ( User_Num='' ) LIMIT 1   [ RunTime:0.0002s ]
SQL: SELECT * FROM `t_user` WHERE ( User_Num='' ) LIMIT 1   [ RunTime:0.0002s ]
SQL: SELECT * FROM `t_user` WHERE ( User_Num='' ) LIMIT 1   [ RunTime:0.0002s ]
SQL: SELECT * FROM `t_user` WHERE ( User_Num='' ) LIMIT 1   [ RunTime:0.0002s ]
SQL: SELECT * FROM `t_user` WHERE ( User_Num='' ) LIMIT 1   [ RunTime:0.0002s ]
SQL: SELECT * FROM `t_user` WHERE ( User_Num='' ) LIMIT 1   [ RunTime:0.0002s ]
SQL: SELECT * FROM `t_user` WHERE ( User_Num='' ) LIMIT 1   [ RunTime:0.0002s ]
SQL: SELECT * FROM `t_user` WHERE ( User_Num='' ) LIMIT 1   [ RunTime:0.0002s ]
SQL: SELECT * FROM `t_user` WHERE ( User_Num='' ) LIMIT 1   [ RunTime:0.0002s ]
SQL: SELECT * FROM `t_user` WHERE ( User_Num='' ) LIMIT 1   [ RunTime:0.0002s ]
SQL: SELECT * FROM `t_user` WHERE ( User_Num='' ) LIMIT 1   [ RunTime:0.0002s ]
SQL: SELECT * FROM `t_user` WHERE ( User_Num='' ) LIMIT 1   [ RunTime:0.0002s ]
SQL: SELECT * FROM `t_user` WHERE ( User_Num='' ) LIMIT 1   [ RunTime:0.0002s ]
SQL: SELECT * FROM `t_user` WHERE ( User_Num='' ) LIMIT 1   [ RunTime:0.0002s ]
SQL: SELECT * FROM `t_user` WHERE ( User_Num='' ) LIMIT 1   [ RunTime:0.0002s ]
SQL: SELECT * FROM `t_user` WHERE ( User_Num='' ) LIMIT 1   [ RunTime:0.0002s ]
SQL: SELECT * FROM `t_user` WHERE ( User_Num='' ) LIMIT 1   [ RunTime:0.0002s ]
SQL: SELECT * FROM `t_user` WHERE ( User_Num='' ) LIMIT 1   [ RunTime:0.0002s ]
SQL: SELECT * FROM `t_user` WHERE ( User_Num='' ) LIMIT 1   [ RunTime:0.0002s ]
SQL: SELECT * FROM `t_user` WHERE ( User_Num='' ) LIMIT 1   [ RunTime:0.0002s ]
SQL: SELECT * FROM `t_user` WHERE ( User_Num='' ) LIMIT 1   [ RunTime:0.0002s ]
SQL: SELECT * FROM `t_user` WHERE ( User_Num='' ) LIMIT 1   [ RunTime:0.0002s ]
SQL: SELECT * FROM `t_user` WHERE ( User_Num='' ) LIMIT 1   [ RunTime:0.0002s ]
SQL: SELECT * FROM `t_user` WHERE ( User_Num='' ) LIMIT 1   [ RunTime:0.0002s ]
SQL: SELECT * FROM `t_user` WHERE ( User_Num='' ) LIMIT 1   [ RunTime:0.0002s ]
SQL: SELECT * FROM `t_user` WHERE ( User_Num='' ) LIMIT 1   [ RunTime:0.0002s ]
SQL: SELECT * FROM `t_user` WHERE ( User_Num='' ) LIMIT 1   [ RunTime:0.0002s ]
SQL: SELECT * FROM `t_user` WHERE ( User_Num='' ) LIMIT 1   [ RunTime:0.0002s ]
SQL: SELECT * FROM `t_user` WHERE ( User_Num='' ) LIMIT 1   [ RunTime:0.0002s ]
SQL: SELECT * FROM `t_user` WHERE ( User_Num='' ) LIMIT 1   [ RunTime:0.0002s ]
SQL: SELECT * FROM `t_user` WHERE ( User_Num='' ) LIMIT 1   [ RunTime:0.0002s ]
SQL: SELECT * FROM `t_user` WHERE ( User_Num='' ) LIMIT 1   [ RunTime:0.0002s ]
SQL: SELECT * FROM `t_user` WHERE ( User_Num='' ) LIMIT 1   [ RunTime:0.0002s ]
SQL: SELECT * FROM `t_user` WHERE ( User_Num='' ) LIMIT 1   [ RunTime:0.0002s ]
SQL: SELECT * FROM `t_user` WHERE ( User_Num='' ) LIMIT 1   [ RunTime:0.0002s ]
SQL: SELECT * FROM `t_user` WHERE ( User_Num='' ) LIMIT 1   [ RunTime:0.0002s ]
SQL: SELECT * FROM `t_user` WHERE ( User_Num='' ) LIMIT 1   [ RunTime:0.0002s ]
SQL: SELECT * FROM `t_user` WHERE ( User_Num='' ) LIMIT 1   [ RunTime:0.0002s ]
SQL: SELECT * FROM `t_user` WHERE ( User_Num='' ) LIMIT 1   [ RunTime:0.0002s ]
SQL: SELECT * FROM `t_user` WHERE ( User_Num='' ) LIMIT 1   [ RunTime:0.0002s ]
SQL: SELECT * FROM `t_user` WHERE ( User_Num='' ) LIMIT 1   [ RunTime:0.0002s ]
SQL: SELECT * FROM `t_user` WHERE ( User_Num='' ) LIMIT 1   [ RunTime:0.0002s ]
SQL: SELECT * FROM `t_user` WHERE ( User_Num='' ) LIMIT 1   [ RunTime:0.0002s ]
SQL: SELECT * FROM `t_user` WHERE ( User_Num='' ) LIMIT 1   [ RunTime:0.0002s ]
SQL: SELECT * FROM `t_user` WHERE ( User_Num='' ) LIMIT 1   [ RunTime:0.0002s ]
SQL: SELECT * FROM `t_user` WHERE ( User_Num='' ) LIMIT 1   [ RunTime:0.0002s ]
SQL: SELECT * FROM `t_user` WHERE ( User_Num='' ) LIMIT 1   [ RunTime:0.0002s ]
SQL: SELECT * FROM `t_user` WHERE ( User_Num='' ) LIMIT 1   [ RunTime:0.0002s ]
SQL: SELECT * FROM `t_user` WHERE ( User_Num='' ) LIMIT 1   [ RunTime:0.0002s ]
SQL: SELECT * FROM `t_user` WHERE ( User_Num='' ) LIMIT 1   [ RunTime:0.0002s ]
SQL: SELECT * FROM `t_user` WHERE ( User_Num='' ) LIMIT 1   [ RunTime:0.0002s ]
SQL: SELECT * FROM `t_user` WHERE ( User_Num='' ) LIMIT 1   [ RunTime:0.0002s ]
SQL: SELECT * FROM `t_user` WHERE ( User_Num='' ) LIMIT 1   [ RunTime:0.0002s ]
SQL: SELECT * FROM `t_user` WHERE ( User_Num='' ) LIMIT 1   [ RunTime:0.0002s ]
SQL: SELECT * FROM `t_user` WHERE ( User_Num='' ) LIMIT 1   [ RunTime:0.0002s ]
INFO: [ view_parse ] --START--
INFO: [ template_filter ] --START--
INFO: Run Behavior\ContentReplaceBehavior [ RunTime:0.000074s ]
INFO: [ template_filter ] --END-- [ RunTime:0.000147s ]
INFO: Run Behavior\ParseTemplateBehavior [ RunTime:0.006557s ]
INFO: [ view_parse ] --END-- [ RunTime:0.006614s ]
INFO: [ view_filter ] --START--
INFO: Run Behavior\WriteHtmlCacheBehavior [ RunTime:0.000121s ]
INFO: [ view_filter ] --END-- [ RunTime:0.000171s ]
INFO: [ app_end ] --START--
INFO: Run Behavior\ShowPageTraceBehavior [ RunTime:0.000396s ]
INFO: [ app_end ] --END-- [ RunTime:0.000451s ]

[ 2016-11-24T18:44:52+08:00 ] 192.168.226.12 /PCM/index.php/JFGL/gethistory.html
INFO: [ app_init ] --START--
INFO: Run Behavior\BuildLiteBehavior [ RunTime:0.000010s ]
INFO: [ app_init ] --END-- [ RunTime:0.000204s ]
INFO: [ app_begin ] --START--
INFO: Run Behavior\ReadHtmlCacheBehavior [ RunTime:0.000242s ]
INFO: [ app_begin ] --END-- [ RunTime:0.000278s ]
SQL: SHOW COLUMNS FROM `t_signrecord` [ RunTime:0.0010s ]
SQL: SELECT COUNT(*) AS tp_count FROM `t_signrecord` LIMIT 1   [ RunTime:0.0005s ]
SQL: SELECT * FROM `t_signrecord` ORDER BY Record_PCNum LIMIT 0,20   [ RunTime:0.0013s ]
INFO: [ app_end ] --START--
INFO: Run Behavior\ShowPageTraceBehavior [ RunTime:0.000587s ]
INFO: [ app_end ] --END-- [ RunTime:0.000662s ]

[ 2016-11-24T18:44:58+08:00 ] 192.168.226.12 /PCM/index.php/JFGL/gethistory.html
INFO: [ app_init ] --START--
INFO: Run Behavior\BuildLiteBehavior [ RunTime:0.000009s ]
INFO: [ app_init ] --END-- [ RunTime:0.000198s ]
INFO: [ app_begin ] --START--
INFO: Run Behavior\ReadHtmlCacheBehavior [ RunTime:0.000243s ]
INFO: [ app_begin ] --END-- [ RunTime:0.000279s ]
SQL: SHOW COLUMNS FROM `t_signrecord` [ RunTime:0.0010s ]
SQL: SELECT COUNT(*) AS tp_count FROM `t_signrecord` WHERE (`Record_PCNum` LIKE '%0%') LIMIT 1   [ RunTime:0.0007s ]
SQL: SELECT * FROM `t_signrecord` WHERE (`Record_PCNum` LIKE '%0%') ORDER BY Record_PCNum LIMIT 0,20   [ RunTime:0.0013s ]
INFO: [ app_end ] --START--
INFO: Run Behavior\ShowPageTraceBehavior [ RunTime:0.000308s ]
INFO: [ app_end ] --END-- [ RunTime:0.000345s ]

[ 2016-11-24T18:45:01+08:00 ] 192.168.226.12 /PCM/index.php/JFGL/gethistory.html
INFO: [ app_init ] --START--
INFO: Run Behavior\BuildLiteBehavior [ RunTime:0.000009s ]
INFO: [ app_init ] --END-- [ RunTime:0.000192s ]
INFO: [ app_begin ] --START--
INFO: Run Behavior\ReadHtmlCacheBehavior [ RunTime:0.000238s ]
INFO: [ app_begin ] --END-- [ RunTime:0.000274s ]
SQL: SHOW COLUMNS FROM `t_signrecord` [ RunTime:0.0010s ]
SQL: SELECT COUNT(*) AS tp_count FROM `t_signrecord` WHERE (`Record_PCNum` LIKE '%1%') LIMIT 1   [ RunTime:0.0007s ]
SQL: SELECT * FROM `t_signrecord` WHERE (`Record_PCNum` LIKE '%1%') ORDER BY Record_PCNum LIMIT 0,20   [ RunTime:0.0013s ]
INFO: [ app_end ] --START--
INFO: Run Behavior\ShowPageTraceBehavior [ RunTime:0.000305s ]
INFO: [ app_end ] --END-- [ RunTime:0.000342s ]

[ 2016-11-24T18:45:09+08:00 ] 192.168.226.12 /PCM/index.php/GJQX/room.html
INFO: [ app_init ] --START--
INFO: Run Behavior\BuildLiteBehavior [ RunTime:0.000009s ]
INFO: [ app_init ] --END-- [ RunTime:0.000198s ]
INFO: [ app_begin ] --START--
INFO: Run Behavior\ReadHtmlCacheBehavior [ RunTime:0.000244s ]
INFO: [ app_begin ] --END-- [ RunTime:0.000282s ]
INFO: [ view_parse ] --START--
INFO: [ template_filter ] --START--
INFO: Run Behavior\ContentReplaceBehavior [ RunTime:0.000042s ]
INFO: [ template_filter ] --END-- [ RunTime:0.000092s ]
INFO: Run Behavior\ParseTemplateBehavior [ RunTime:0.011625s ]
INFO: [ view_parse ] --END-- [ RunTime:0.011690s ]
INFO: [ view_filter ] --START--
INFO: Run Behavior\WriteHtmlCacheBehavior [ RunTime:0.000088s ]
INFO: [ view_filter ] --END-- [ RunTime:0.000126s ]
INFO: [ app_end ] --START--
INFO: Run Behavior\ShowPageTraceBehavior [ RunTime:0.000307s ]
INFO: [ app_end ] --END-- [ RunTime:0.000348s ]

[ 2016-11-24T18:47:05+08:00 ] 192.168.226.63 /PCM/
INFO: [ app_init ] --START--
INFO: Run Behavior\BuildLiteBehavior [ RunTime:0.000009s ]
INFO: [ app_init ] --END-- [ RunTime:0.000183s ]
INFO: [ app_begin ] --START--
INFO: Run Behavior\ReadHtmlCacheBehavior [ RunTime:0.000225s ]
INFO: [ app_begin ] --END-- [ RunTime:0.000262s ]
INFO: [ view_parse ] --START--
INFO: [ template_filter ] --START--
INFO: Run Behavior\ContentReplaceBehavior [ RunTime:0.000041s ]
INFO: [ template_filter ] --END-- [ RunTime:0.000078s ]
INFO: Run Behavior\ParseTemplateBehavior [ RunTime:0.003175s ]
INFO: [ view_parse ] --END-- [ RunTime:0.003210s ]
INFO: [ view_filter ] --START--
INFO: Run Behavior\WriteHtmlCacheBehavior [ RunTime:0.000073s ]
INFO: [ view_filter ] --END-- [ RunTime:0.000105s ]
INFO: [ app_end ] --START--
INFO: Run Behavior\ShowPageTraceBehavior [ RunTime:0.000251s ]
INFO: [ app_end ] --END-- [ RunTime:0.000282s ]

[ 2016-11-24T18:47:24+08:00 ] 192.168.226.63 /PCM/index.php/Index/login.html
INFO: [ app_init ] --START--
INFO: Run Behavior\BuildLiteBehavior [ RunTime:0.000009s ]
INFO: [ app_init ] --END-- [ RunTime:0.000206s ]
INFO: [ app_begin ] --START--
INFO: Run Behavior\ReadHtmlCacheBehavior [ RunTime:0.000245s ]
INFO: [ app_begin ] --END-- [ RunTime:0.000280s ]
SQL: SHOW COLUMNS FROM `t_manager` [ RunTime:0.0008s ]
SQL: SELECT * FROM `t_manager` WHERE `Mana_Num` = '2014309020235' AND `Mana_PSD` = 'e10adc3949ba59abbe56e057f20f883e' LIMIT 1   [ RunTime:0.0004s ]
INFO: [ app_end ] --START--
INFO: Run Behavior\ShowPageTraceBehavior [ RunTime:0.000313s ]
INFO: [ app_end ] --END-- [ RunTime:0.000349s ]

[ 2016-11-24T18:47:24+08:00 ] 192.168.226.63 /PCM/index.php/Admin/index.html
INFO: [ app_init ] --START--
INFO: Run Behavior\BuildLiteBehavior [ RunTime:0.000009s ]
INFO: [ app_init ] --END-- [ RunTime:0.000191s ]
INFO: [ app_begin ] --START--
INFO: Run Behavior\ReadHtmlCacheBehavior [ RunTime:0.000238s ]
INFO: [ app_begin ] --END-- [ RunTime:0.000277s ]
INFO: [ view_parse ] --START--
INFO: [ template_filter ] --START--
INFO: Run Behavior\ContentReplaceBehavior [ RunTime:0.000050s ]
INFO: [ template_filter ] --END-- [ RunTime:0.000088s ]
INFO: Run Behavior\ParseTemplateBehavior [ RunTime:0.005455s ]
INFO: [ view_parse ] --END-- [ RunTime:0.005492s ]
INFO: [ view_filter ] --START--
INFO: Run Behavior\WriteHtmlCacheBehavior [ RunTime:0.000076s ]
INFO: [ view_filter ] --END-- [ RunTime:0.000108s ]
INFO: [ app_end ] --START--
INFO: Run Behavior\ShowPageTraceBehavior [ RunTime:0.000255s ]
INFO: [ app_end ] --END-- [ RunTime:0.000290s ]

[ 2016-11-24T18:47:38+08:00 ] 192.168.226.63 /PCM/index.php/JFGL/history.html
INFO: [ app_init ] --START--
INFO: Run Behavior\BuildLiteBehavior [ RunTime:0.000009s ]
INFO: [ app_init ] --END-- [ RunTime:0.000202s ]
INFO: [ app_begin ] --START--
INFO: Run Behavior\ReadHtmlCacheBehavior [ RunTime:0.000248s ]
INFO: [ app_begin ] --END-- [ RunTime:0.000286s ]
INFO: [ view_parse ] --START--
INFO: [ template_filter ] --START--
INFO: Run Behavior\ContentReplaceBehavior [ RunTime:0.000047s ]
INFO: [ template_filter ] --END-- [ RunTime:0.000094s ]
INFO: Run Behavior\ParseTemplateBehavior [ RunTime:0.004254s ]
INFO: [ view_parse ] --END-- [ RunTime:0.004291s ]
INFO: [ view_filter ] --START--
INFO: Run Behavior\WriteHtmlCacheBehavior [ RunTime:0.000076s ]
INFO: [ view_filter ] --END-- [ RunTime:0.000109s ]
INFO: [ app_end ] --START--
INFO: Run Behavior\ShowPageTraceBehavior [ RunTime:0.000264s ]
INFO: [ app_end ] --END-- [ RunTime:0.000300s ]

[ 2016-11-24T18:47:39+08:00 ] 192.168.226.63 /PCM/index.php/JFGL/gethistory.html
INFO: [ app_init ] --START--
INFO: Run Behavior\BuildLiteBehavior [ RunTime:0.000010s ]
INFO: [ app_init ] --END-- [ RunTime:0.000201s ]
INFO: [ app_begin ] --START--
INFO: Run Behavior\ReadHtmlCacheBehavior [ RunTime:0.000265s ]
INFO: [ app_begin ] --END-- [ RunTime:0.000300s ]
SQL: SHOW COLUMNS FROM `t_signrecord` [ RunTime:0.0010s ]
SQL: SELECT COUNT(*) AS tp_count FROM `t_signrecord` LIMIT 1   [ RunTime:0.0005s ]
SQL: SELECT * FROM `t_signrecord` LIMIT 0,20   [ RunTime:0.0004s ]
INFO: [ app_end ] --START--
INFO: Run Behavior\ShowPageTraceBehavior [ RunTime:0.000308s ]
INFO: [ app_end ] --END-- [ RunTime:0.000344s ]

[ 2016-11-24T18:48:11+08:00 ] 192.168.226.63 /PCM/index.php/JFGL/gethistory.html
INFO: [ app_init ] --START--
INFO: Run Behavior\BuildLiteBehavior [ RunTime:0.000009s ]
INFO: [ app_init ] --END-- [ RunTime:0.000193s ]
INFO: [ app_begin ] --START--
INFO: Run Behavior\ReadHtmlCacheBehavior [ RunTime:0.000247s ]
INFO: [ app_begin ] --END-- [ RunTime:0.000282s ]
SQL: SHOW COLUMNS FROM `t_signrecord` [ RunTime:0.0010s ]
SQL: SELECT COUNT(*) AS tp_count FROM `t_signrecord` LIMIT 1   [ RunTime:0.0006s ]
SQL: SELECT * FROM `t_signrecord` LIMIT 200,20   [ RunTime:0.0010s ]
NOTIC: [8] Undefined index: 13 /opt/lampp/htdocs/PCM/Application/Admin/Controller/JFGLController.class.php 第 53 行.
NOTIC: [8] Undefined index: 14 /opt/lampp/htdocs/PCM/Application/Admin/Controller/JFGLController.class.php 第 53 行.
NOTIC: [8] Undefined index: 15 /opt/lampp/htdocs/PCM/Application/Admin/Controller/JFGLController.class.php 第 53 行.
NOTIC: [8] Undefined index: 16 /opt/lampp/htdocs/PCM/Application/Admin/Controller/JFGLController.class.php 第 53 行.
NOTIC: [8] Undefined index: 17 /opt/lampp/htdocs/PCM/Application/Admin/Controller/JFGLController.class.php 第 53 行.
NOTIC: [8] Undefined index: 18 /opt/lampp/htdocs/PCM/Application/Admin/Controller/JFGLController.class.php 第 53 行.
NOTIC: [8] Undefined index: 19 /opt/lampp/htdocs/PCM/Application/Admin/Controller/JFGLController.class.php 第 53 行.
INFO: [ app_end ] --START--
INFO: Run Behavior\ShowPageTraceBehavior [ RunTime:0.000309s ]
INFO: [ app_end ] --END-- [ RunTime:0.000345s ]

[ 2016-11-24T18:49:19+08:00 ] 192.168.226.63 /PCM/index.php/JFGL/gethistory.html
INFO: [ app_init ] --START--
INFO: Run Behavior\BuildLiteBehavior [ RunTime:0.000018s ]
INFO: [ app_init ] --END-- [ RunTime:0.000368s ]
INFO: [ app_begin ] --START--
INFO: Run Behavior\ReadHtmlCacheBehavior [ RunTime:0.000469s ]
INFO: [ app_begin ] --END-- [ RunTime:0.000539s ]
SQL: SHOW COLUMNS FROM `t_signrecord` [ RunTime:0.0010s ]
SQL: SELECT COUNT(*) AS tp_count FROM `t_signrecord` LIMIT 1   [ RunTime:0.0005s ]
SQL: SELECT * FROM `t_signrecord` LIMIT 0,20   [ RunTime:0.0004s ]
INFO: [ app_end ] --START--
INFO: Run Behavior\ShowPageTraceBehavior [ RunTime:0.000309s ]
INFO: [ app_end ] --END-- [ RunTime:0.000354s ]

[ 2016-11-24T18:49:21+08:00 ] 192.168.226.63 /PCM/index.php/JFGL/gethistory.html
INFO: [ app_init ] --START--
INFO: Run Behavior\BuildLiteBehavior [ RunTime:0.000017s ]
INFO: [ app_init ] --END-- [ RunTime:0.000365s ]
INFO: [ app_begin ] --START--
INFO: Run Behavior\ReadHtmlCacheBehavior [ RunTime:0.000455s ]
INFO: [ app_begin ] --END-- [ RunTime:0.000524s ]
SQL: SHOW COLUMNS FROM `t_signrecord` [ RunTime:0.0010s ]
SQL: SELECT COUNT(*) AS tp_count FROM `t_signrecord` LIMIT 1   [ RunTime:0.0005s ]
SQL: SELECT * FROM `t_signrecord` LIMIT 200,20   [ RunTime:0.0010s ]
NOTIC: [8] Undefined index: 13 /opt/lampp/htdocs/PCM/Application/Admin/Controller/JFGLController.class.php 第 53 行.
NOTIC: [8] Undefined index: 14 /opt/lampp/htdocs/PCM/Application/Admin/Controller/JFGLController.class.php 第 53 行.
NOTIC: [8] Undefined index: 15 /opt/lampp/htdocs/PCM/Application/Admin/Controller/JFGLController.class.php 第 53 行.
NOTIC: [8] Undefined index: 16 /opt/lampp/htdocs/PCM/Application/Admin/Controller/JFGLController.class.php 第 53 行.
NOTIC: [8] Undefined index: 17 /opt/lampp/htdocs/PCM/Application/Admin/Controller/JFGLController.class.php 第 53 行.
NOTIC: [8] Undefined index: 18 /opt/lampp/htdocs/PCM/Application/Admin/Controller/JFGLController.class.php 第 53 行.
NOTIC: [8] Undefined index: 19 /opt/lampp/htdocs/PCM/Application/Admin/Controller/JFGLController.class.php 第 53 行.
INFO: [ app_end ] --START--
INFO: Run Behavior\ShowPageTraceBehavior [ RunTime:0.000296s ]
INFO: [ app_end ] --END-- [ RunTime:0.000333s ]

[ 2016-11-24T18:50:09+08:00 ] 192.168.226.63 /PCM/index.php/JFGL/history.html
INFO: [ app_init ] --START--
INFO: Run Behavior\BuildLiteBehavior [ RunTime:0.000017s ]
INFO: [ app_init ] --END-- [ RunTime:0.000386s ]
INFO: [ app_begin ] --START--
INFO: Run Behavior\ReadHtmlCacheBehavior [ RunTime:0.000530s ]
INFO: [ app_begin ] --END-- [ RunTime:0.000612s ]
INFO: [ view_parse ] --START--
INFO: [ template_filter ] --START--
INFO: Run Behavior\ContentReplaceBehavior [ RunTime:0.000044s ]
INFO: [ template_filter ] --END-- [ RunTime:0.000081s ]
INFO: Run Behavior\ParseTemplateBehavior [ RunTime:0.003216s ]
INFO: [ view_parse ] --END-- [ RunTime:0.003254s ]
INFO: [ view_filter ] --START--
INFO: Run Behavior\WriteHtmlCacheBehavior [ RunTime:0.000073s ]
INFO: [ view_filter ] --END-- [ RunTime:0.000106s ]
INFO: [ app_end ] --START--
INFO: Run Behavior\ShowPageTraceBehavior [ RunTime:0.000263s ]
INFO: [ app_end ] --END-- [ RunTime:0.000296s ]

[ 2016-11-24T18:50:10+08:00 ] 192.168.226.63 /PCM/index.php/JFGL/gethistory.html
INFO: [ app_init ] --START--
INFO: Run Behavior\BuildLiteBehavior [ RunTime:0.000009s ]
INFO: [ app_init ] --END-- [ RunTime:0.000193s ]
INFO: [ app_begin ] --START--
INFO: Run Behavior\ReadHtmlCacheBehavior [ RunTime:0.000237s ]
INFO: [ app_begin ] --END-- [ RunTime:0.000272s ]
SQL: SHOW COLUMNS FROM `t_signrecord` [ RunTime:0.0010s ]
SQL: SELECT COUNT(*) AS tp_count FROM `t_signrecord` LIMIT 1   [ RunTime:0.0005s ]
SQL: SELECT * FROM `t_signrecord` LIMIT 0,20   [ RunTime:0.0005s ]
INFO: [ app_end ] --START--
INFO: Run Behavior\ShowPageTraceBehavior [ RunTime:0.000308s ]
INFO: [ app_end ] --END-- [ RunTime:0.000345s ]

[ 2016-11-24T18:50:22+08:00 ] 192.168.226.63 /PCM/index.php/XSGL/detial.html
INFO: [ app_init ] --START--
INFO: Run Behavior\BuildLiteBehavior [ RunTime:0.000009s ]
INFO: [ app_init ] --END-- [ RunTime:0.000183s ]
INFO: [ app_begin ] --START--
INFO: Run Behavior\ReadHtmlCacheBehavior [ RunTime:0.000227s ]
INFO: [ app_begin ] --END-- [ RunTime:0.000264s ]
INFO: [ view_parse ] --START--
INFO: [ template_filter ] --START--
INFO: Run Behavior\ContentReplaceBehavior [ RunTime:0.000067s ]
INFO: [ template_filter ] --END-- [ RunTime:0.000150s ]
INFO: Run Behavior\ParseTemplateBehavior [ RunTime:0.004747s ]
INFO: [ view_parse ] --END-- [ RunTime:0.004806s ]
INFO: [ view_filter ] --START--
INFO: Run Behavior\WriteHtmlCacheBehavior [ RunTime:0.000147s ]
INFO: [ view_filter ] --END-- [ RunTime:0.000211s ]
INFO: [ app_end ] --START--
INFO: Run Behavior\ShowPageTraceBehavior [ RunTime:0.000510s ]
INFO: [ app_end ] --END-- [ RunTime:0.000576s ]

[ 2016-11-24T18:50:59+08:00 ] 192.168.226.63 /PCM/index.php/JFGL/gethistory.html
INFO: [ app_init ] --START--
INFO: Run Behavior\BuildLiteBehavior [ RunTime:0.000011s ]
INFO: [ app_init ] --END-- [ RunTime:0.000237s ]
INFO: [ app_begin ] --START--
INFO: Run Behavior\ReadHtmlCacheBehavior [ RunTime:0.000279s ]
INFO: [ app_begin ] --END-- [ RunTime:0.000318s ]
SQL: SHOW COLUMNS FROM `t_signrecord` [ RunTime:0.0010s ]
SQL: SELECT COUNT(*) AS tp_count FROM `t_signrecord` LIMIT 1   [ RunTime:0.0005s ]
SQL: SELECT * FROM `t_signrecord` LIMIT 0,10   [ RunTime:0.0004s ]
INFO: [ app_end ] --START--
INFO: Run Behavior\ShowPageTraceBehavior [ RunTime:0.000356s ]
INFO: [ app_end ] --END-- [ RunTime:0.000397s ]

[ 2016-11-24T18:51:00+08:00 ] 192.168.226.63 /PCM/index.php/JFGL/gethistory.html
INFO: [ app_init ] --START--
INFO: Run Behavior\BuildLiteBehavior [ RunTime:0.000018s ]
INFO: [ app_init ] --END-- [ RunTime:0.000383s ]
INFO: [ app_begin ] --START--
INFO: Run Behavior\ReadHtmlCacheBehavior [ RunTime:0.000495s ]
INFO: [ app_begin ] --END-- [ RunTime:0.000567s ]
SQL: SHOW COLUMNS FROM `t_signrecord` [ RunTime:0.0010s ]
SQL: SELECT COUNT(*) AS tp_count FROM `t_signrecord` LIMIT 1   [ RunTime:0.0005s ]
SQL: SELECT * FROM `t_signrecord` LIMIT 0,30   [ RunTime:0.0005s ]
INFO: [ app_end ] --START--
INFO: Run Behavior\ShowPageTraceBehavior [ RunTime:0.000313s ]
INFO: [ app_end ] --END-- [ RunTime:0.000359s ]

[ 2016-11-24T18:51:02+08:00 ] 192.168.226.63 /PCM/index.php/JFGL/gethistory.html
INFO: [ app_init ] --START--
INFO: Run Behavior\BuildLiteBehavior [ RunTime:0.000018s ]
INFO: [ app_init ] --END-- [ RunTime:0.000367s ]
INFO: [ app_begin ] --START--
INFO: Run Behavior\ReadHtmlCacheBehavior [ RunTime:0.000453s ]
INFO: [ app_begin ] --END-- [ RunTime:0.000523s ]
SQL: SHOW COLUMNS FROM `t_signrecord` [ RunTime:0.0010s ]
SQL: SELECT COUNT(*) AS tp_count FROM `t_signrecord` LIMIT 1   [ RunTime:0.0005s ]
SQL: SELECT * FROM `t_signrecord` LIMIT 0,10   [ RunTime:0.0004s ]
INFO: [ app_end ] --START--
INFO: Run Behavior\ShowPageTraceBehavior [ RunTime:0.000308s ]
INFO: [ app_end ] --END-- [ RunTime:0.000343s ]

[ 2016-11-24T18:51:03+08:00 ] 192.168.226.63 /PCM/index.php/JFGL/gethistory.html
INFO: [ app_init ] --START--
INFO: Run Behavior\BuildLiteBehavior [ RunTime:0.000010s ]
INFO: [ app_init ] --END-- [ RunTime:0.000194s ]
INFO: [ app_begin ] --START--
INFO: Run Behavior\ReadHtmlCacheBehavior [ RunTime:0.000236s ]
INFO: [ app_begin ] --END-- [ RunTime:0.000270s ]
SQL: SHOW COLUMNS FROM `t_signrecord` [ RunTime:0.0011s ]
SQL: SELECT COUNT(*) AS tp_count FROM `t_signrecord` LIMIT 1   [ RunTime:0.0006s ]
SQL: SELECT * FROM `t_signrecord` LIMIT 0,20   [ RunTime:0.0006s ]
INFO: [ app_end ] --START--
INFO: Run Behavior\ShowPageTraceBehavior [ RunTime:0.000569s ]
INFO: [ app_end ] --END-- [ RunTime:0.000643s ]

[ 2016-11-24T18:51:10+08:00 ] 192.168.226.63 /PCM/index.php/JFGL/gethistory.html
INFO: [ app_init ] --START--
INFO: Run Behavior\BuildLiteBehavior [ RunTime:0.000010s ]
INFO: [ app_init ] --END-- [ RunTime:0.000198s ]
INFO: [ app_begin ] --START--
INFO: Run Behavior\ReadHtmlCacheBehavior [ RunTime:0.000247s ]
INFO: [ app_begin ] --END-- [ RunTime:0.000285s ]
SQL: SHOW COLUMNS FROM `t_signrecord` [ RunTime:0.0010s ]
SQL: SELECT COUNT(*) AS tp_count FROM `t_signrecord` LIMIT 1   [ RunTime:0.0005s ]
SQL: SELECT * FROM `t_signrecord` LIMIT 0,20   [ RunTime:0.0004s ]
INFO: [ app_end ] --START--
INFO: Run Behavior\ShowPageTraceBehavior [ RunTime:0.000317s ]
INFO: [ app_end ] --END-- [ RunTime:0.000353s ]

[ 2016-11-24T18:51:21+08:00 ] 192.168.226.63 /PCM/index.php/JFGL/detial.html
INFO: [ app_init ] --START--
INFO: Run Behavior\BuildLiteBehavior [ RunTime:0.000010s ]
INFO: [ app_init ] --END-- [ RunTime:0.000201s ]
INFO: [ app_begin ] --START--
INFO: Run Behavior\ReadHtmlCacheBehavior [ RunTime:0.000250s ]
INFO: [ app_begin ] --END-- [ RunTime:0.000289s ]
INFO: [ view_parse ] --START--
INFO: [ template_filter ] --START--
INFO: Run Behavior\ContentReplaceBehavior [ RunTime:0.000047s ]
INFO: [ template_filter ] --END-- [ RunTime:0.000088s ]
NOTIC: [8] Undefined variable: room /opt/lampp/htdocs/PCM/Application/Runtime/Cache/Admin/189fefcb0bce4d43c3a1982316645cb7.php 第 20 行.
NOTIC: [8] Undefined variable: list /opt/lampp/htdocs/PCM/Application/Runtime/Cache/Admin/189fefcb0bce4d43c3a1982316645cb7.php 第 23 行.
NOTIC: [8] Undefined variable: room /opt/lampp/htdocs/PCM/Application/Runtime/Cache/Admin/189fefcb0bce4d43c3a1982316645cb7.php 第 43 行.
INFO: Run Behavior\ParseTemplateBehavior [ RunTime:0.005186s ]
INFO: [ view_parse ] --END-- [ RunTime:0.005224s ]
INFO: [ view_filter ] --START--
INFO: Run Behavior\WriteHtmlCacheBehavior [ RunTime:0.000081s ]
INFO: [ view_filter ] --END-- [ RunTime:0.000113s ]
INFO: [ app_end ] --START--
INFO: Run Behavior\ShowPageTraceBehavior [ RunTime:0.000259s ]
INFO: [ app_end ] --END-- [ RunTime:0.000293s ]

[ 2016-11-24T18:51:23+08:00 ] 192.168.226.63 /PCM/index.php/JFGL/detial.html?room=C305
INFO: [ app_init ] --START--
INFO: Run Behavior\BuildLiteBehavior [ RunTime:0.000009s ]
INFO: [ app_init ] --END-- [ RunTime:0.000191s ]
INFO: [ app_begin ] --START--
INFO: Run Behavior\ReadHtmlCacheBehavior [ RunTime:0.000246s ]
INFO: [ app_begin ] --END-- [ RunTime:0.000285s ]
SQL: SHOW COLUMNS FROM `t_pcmessage` [ RunTime:0.0010s ]
SQL: SELECT * FROM `t_pcmessage` WHERE ( PCM_RoomName='C305' ) ORDER BY PCM_Num  [ RunTime:0.0018s ]
SQL: SHOW COLUMNS FROM `t_user` [ RunTime:0.0006s ]
SQL: SELECT * FROM `t_user` WHERE ( User_Num='2014309020235' ) LIMIT 1   [ RunTime:0.0004s ]
SQL: SELECT * FROM `t_user` WHERE ( User_Num='' ) LIMIT 1   [ RunTime:0.0003s ]
SQL: SELECT * FROM `t_user` WHERE ( User_Num='' ) LIMIT 1   [ RunTime:0.0003s ]
SQL: SELECT * FROM `t_user` WHERE ( User_Num='' ) LIMIT 1   [ RunTime:0.0003s ]
SQL: SELECT * FROM `t_user` WHERE ( User_Num='' ) LIMIT 1   [ RunTime:0.0003s ]
SQL: SELECT * FROM `t_user` WHERE ( User_Num='' ) LIMIT 1   [ RunTime:0.0003s ]
SQL: SELECT * FROM `t_user` WHERE ( User_Num='' ) LIMIT 1   [ RunTime:0.0002s ]
SQL: SELECT * FROM `t_user` WHERE ( User_Num='' ) LIMIT 1   [ RunTime:0.0002s ]
SQL: SELECT * FROM `t_user` WHERE ( User_Num='' ) LIMIT 1   [ RunTime:0.0003s ]
SQL: SELECT * FROM `t_user` WHERE ( User_Num='' ) LIMIT 1   [ RunTime:0.0003s ]
SQL: SELECT * FROM `t_user` WHERE ( User_Num='' ) LIMIT 1   [ RunTime:0.0003s ]
SQL: SELECT * FROM `t_user` WHERE ( User_Num='' ) LIMIT 1   [ RunTime:0.0003s ]
SQL: SELECT * FROM `t_user` WHERE ( User_Num='' ) LIMIT 1   [ RunTime:0.0002s ]
SQL: SELECT * FROM `t_user` WHERE ( User_Num='' ) LIMIT 1   [ RunTime:0.0002s ]
SQL: SELECT * FROM `t_user` WHERE ( User_Num='' ) LIMIT 1   [ RunTime:0.0002s ]
SQL: SELECT * FROM `t_user` WHERE ( User_Num='' ) LIMIT 1   [ RunTime:0.0002s ]
SQL: SELECT * FROM `t_user` WHERE ( User_Num='' ) LIMIT 1   [ RunTime:0.0002s ]
SQL: SELECT * FROM `t_user` WHERE ( User_Num='' ) LIMIT 1   [ RunTime:0.0002s ]
SQL: SELECT * FROM `t_user` WHERE ( User_Num='' ) LIMIT 1   [ RunTime:0.0002s ]
SQL: SELECT * FROM `t_user` WHERE ( User_Num='' ) LIMIT 1   [ RunTime:0.0002s ]
SQL: SELECT * FROM `t_user` WHERE ( User_Num='' ) LIMIT 1   [ RunTime:0.0002s ]
SQL: SELECT * FROM `t_user` WHERE ( User_Num='' ) LIMIT 1   [ RunTime:0.0002s ]
SQL: SELECT * FROM `t_user` WHERE ( User_Num='' ) LIMIT 1   [ RunTime:0.0002s ]
SQL: SELECT * FROM `t_user` WHERE ( User_Num='' ) LIMIT 1   [ RunTime:0.0002s ]
SQL: SELECT * FROM `t_user` WHERE ( User_Num='' ) LIMIT 1   [ RunTime:0.0002s ]
SQL: SELECT * FROM `t_user` WHERE ( User_Num='' ) LIMIT 1   [ RunTime:0.0002s ]
SQL: SELECT * FROM `t_user` WHERE ( User_Num='' ) LIMIT 1   [ RunTime:0.0002s ]
SQL: SELECT * FROM `t_user` WHERE ( User_Num='' ) LIMIT 1   [ RunTime:0.0002s ]
SQL: SELECT * FROM `t_user` WHERE ( User_Num='' ) LIMIT 1   [ RunTime:0.0002s ]
SQL: SELECT * FROM `t_user` WHERE ( User_Num='' ) LIMIT 1   [ RunTime:0.0002s ]
SQL: SELECT * FROM `t_user` WHERE ( User_Num='' ) LIMIT 1   [ RunTime:0.0002s ]
SQL: SELECT * FROM `t_user` WHERE ( User_Num='' ) LIMIT 1   [ RunTime:0.0002s ]
SQL: SELECT * FROM `t_user` WHERE ( User_Num='' ) LIMIT 1   [ RunTime:0.0002s ]
SQL: SELECT * FROM `t_user` WHERE ( User_Num='' ) LIMIT 1   [ RunTime:0.0002s ]
SQL: SELECT * FROM `t_user` WHERE ( User_Num='' ) LIMIT 1   [ RunTime:0.0002s ]
SQL: SELECT * FROM `t_user` WHERE ( User_Num='' ) LIMIT 1   [ RunTime:0.0002s ]
SQL: SELECT * FROM `t_user` WHERE ( User_Num='' ) LIMIT 1   [ RunTime:0.0002s ]
SQL: SELECT * FROM `t_user` WHERE ( User_Num='' ) LIMIT 1   [ RunTime:0.0002s ]
SQL: SELECT * FROM `t_user` WHERE ( User_Num='' ) LIMIT 1   [ RunTime:0.0002s ]
SQL: SELECT * FROM `t_user` WHERE ( User_Num='' ) LIMIT 1   [ RunTime:0.0002s ]
SQL: SELECT * FROM `t_user` WHERE ( User_Num='' ) LIMIT 1   [ RunTime:0.0002s ]
SQL: SELECT * FROM `t_user` WHERE ( User_Num='' ) LIMIT 1   [ RunTime:0.0002s ]
SQL: SELECT * FROM `t_user` WHERE ( User_Num='' ) LIMIT 1   [ RunTime:0.0002s ]
SQL: SELECT * FROM `t_user` WHERE ( User_Num='' ) LIMIT 1   [ RunTime:0.0002s ]
SQL: SELECT * FROM `t_user` WHERE ( User_Num='' ) LIMIT 1   [ RunTime:0.0002s ]
SQL: SELECT * FROM `t_user` WHERE ( User_Num='' ) LIMIT 1   [ RunTime:0.0002s ]
SQL: SELECT * FROM `t_user` WHERE ( User_Num='' ) LIMIT 1   [ RunTime:0.0002s ]
SQL: SELECT * FROM `t_user` WHERE ( User_Num='' ) LIMIT 1   [ RunTime:0.0002s ]
SQL: SELECT * FROM `t_user` WHERE ( User_Num='' ) LIMIT 1   [ RunTime:0.0002s ]
SQL: SELECT * FROM `t_user` WHERE ( User_Num='' ) LIMIT 1   [ RunTime:0.0002s ]
SQL: SELECT * FROM `t_user` WHERE ( User_Num='' ) LIMIT 1   [ RunTime:0.0002s ]
SQL: SELECT * FROM `t_user` WHERE ( User_Num='' ) LIMIT 1   [ RunTime:0.0002s ]
SQL: SELECT * FROM `t_user` WHERE ( User_Num='' ) LIMIT 1   [ RunTime:0.0002s ]
SQL: SELECT * FROM `t_user` WHERE ( User_Num='' ) LIMIT 1   [ RunTime:0.0002s ]
SQL: SELECT * FROM `t_user` WHERE ( User_Num='' ) LIMIT 1   [ RunTime:0.0002s ]
SQL: SELECT * FROM `t_user` WHERE ( User_Num='' ) LIMIT 1   [ RunTime:0.0002s ]
SQL: SELECT * FROM `t_user` WHERE ( User_Num='' ) LIMIT 1   [ RunTime:0.0002s ]
SQL: SELECT * FROM `t_user` WHERE ( User_Num='' ) LIMIT 1   [ RunTime:0.0002s ]
SQL: SELECT * FROM `t_user` WHERE ( User_Num='' ) LIMIT 1   [ RunTime:0.0002s ]
SQL: SELECT * FROM `t_user` WHERE ( User_Num='' ) LIMIT 1   [ RunTime:0.0002s ]
SQL: SELECT * FROM `t_user` WHERE ( User_Num='' ) LIMIT 1   [ RunTime:0.0002s ]
SQL: SELECT * FROM `t_user` WHERE ( User_Num='' ) LIMIT 1   [ RunTime:0.0002s ]
SQL: SELECT * FROM `t_user` WHERE ( User_Num='' ) LIMIT 1   [ RunTime:0.0002s ]
SQL: SELECT * FROM `t_user` WHERE ( User_Num='' ) LIMIT 1   [ RunTime:0.0002s ]
SQL: SELECT * FROM `t_user` WHERE ( User_Num='' ) LIMIT 1   [ RunTime:0.0002s ]
SQL: SELECT * FROM `t_user` WHERE ( User_Num='' ) LIMIT 1   [ RunTime:0.0002s ]
SQL: SELECT * FROM `t_user` WHERE ( User_Num='' ) LIMIT 1   [ RunTime:0.0002s ]
SQL: SELECT * FROM `t_user` WHERE ( User_Num='' ) LIMIT 1   [ RunTime:0.0002s ]
SQL: SELECT * FROM `t_user` WHERE ( User_Num='' ) LIMIT 1   [ RunTime:0.0002s ]
SQL: SELECT * FROM `t_user` WHERE ( User_Num='' ) LIMIT 1   [ RunTime:0.0002s ]
SQL: SELECT * FROM `t_user` WHERE ( User_Num='' ) LIMIT 1   [ RunTime:0.0002s ]
SQL: SELECT * FROM `t_user` WHERE ( User_Num='' ) LIMIT 1   [ RunTime:0.0002s ]
SQL: SELECT * FROM `t_user` WHERE ( User_Num='' ) LIMIT 1   [ RunTime:0.0002s ]
SQL: SELECT * FROM `t_user` WHERE ( User_Num='' ) LIMIT 1   [ RunTime:0.0002s ]
SQL: SELECT * FROM `t_user` WHERE ( User_Num='' ) LIMIT 1   [ RunTime:0.0002s ]
SQL: SELECT * FROM `t_user` WHERE ( User_Num='' ) LIMIT 1   [ RunTime:0.0002s ]
SQL: SELECT * FROM `t_user` WHERE ( User_Num='' ) LIMIT 1   [ RunTime:0.0002s ]
SQL: SELECT * FROM `t_user` WHERE ( User_Num='' ) LIMIT 1   [ RunTime:0.0002s ]
SQL: SELECT * FROM `t_user` WHERE ( User_Num='' ) LIMIT 1   [ RunTime:0.0002s ]
SQL: SELECT * FROM `t_user` WHERE ( User_Num='' ) LIMIT 1   [ RunTime:0.0002s ]
SQL: SELECT * FROM `t_user` WHERE ( User_Num='' ) LIMIT 1   [ RunTime:0.0002s ]
INFO: [ view_parse ] --START--
INFO: [ template_filter ] --START--
INFO: Run Behavior\ContentReplaceBehavior [ RunTime:0.000074s ]
INFO: [ template_filter ] --END-- [ RunTime:0.000148s ]
INFO: Run Behavior\ParseTemplateBehavior [ RunTime:0.006575s ]
INFO: [ view_parse ] --END-- [ RunTime:0.006625s ]
INFO: [ view_filter ] --START--
INFO: Run Behavior\WriteHtmlCacheBehavior [ RunTime:0.000082s ]
INFO: [ view_filter ] --END-- [ RunTime:0.000116s ]
INFO: [ app_end ] --START--
INFO: Run Behavior\ShowPageTraceBehavior [ RunTime:0.000283s ]
INFO: [ app_end ] --END-- [ RunTime:0.000320s ]

[ 2016-11-24T18:51:52+08:00 ] 192.168.226.63 /PCM/index.php/JFGL/ScreenJpg.html
INFO: [ app_init ] --START--
INFO: Run Behavior\BuildLiteBehavior [ RunTime:0.000009s ]
INFO: [ app_init ] --END-- [ RunTime:0.000183s ]
INFO: [ app_begin ] --START--
INFO: Run Behavior\ReadHtmlCacheBehavior [ RunTime:0.000224s ]
INFO: [ app_begin ] --END-- [ RunTime:0.000257s ]
SQL: SHOW COLUMNS FROM `t_pcmessage` [ RunTime:0.0010s ]
SQL: UPDATE `t_pcmessage` SET `PCM_GetNewOpera`='0' WHERE ( PCM_RoomName='C305' ) [ RunTime:0.0169s ]
INFO: [ app_end ] --START--
INFO: Run Behavior\ShowPageTraceBehavior [ RunTime:0.000575s ]
INFO: [ app_end ] --END-- [ RunTime:0.000643s ]

[ 2016-11-24T18:51:59+08:00 ] 192.168.226.63 /PCM/index.php/JFGL/ScreenJpg.html
INFO: [ app_init ] --START--
INFO: Run Behavior\BuildLiteBehavior [ RunTime:0.000009s ]
INFO: [ app_init ] --END-- [ RunTime:0.000184s ]
INFO: [ app_begin ] --START--
INFO: Run Behavior\ReadHtmlCacheBehavior [ RunTime:0.000231s ]
INFO: [ app_begin ] --END-- [ RunTime:0.000265s ]
SQL: SHOW COLUMNS FROM `t_pcmessage` [ RunTime:0.0010s ]
SQL: UPDATE `t_pcmessage` SET `PCM_GetNewOpera`='0' WHERE ( PCM_RoomName='C305' ) [ RunTime:0.0224s ]
INFO: [ app_end ] --START--
INFO: Run Behavior\ShowPageTraceBehavior [ RunTime:0.000611s ]
INFO: [ app_end ] --END-- [ RunTime:0.000683s ]

[ 2016-11-24T18:52:01+08:00 ] 192.168.226.63 /PCM/index.php/JFGL/ScreenJpg.html
INFO: [ app_init ] --START--
INFO: Run Behavior\BuildLiteBehavior [ RunTime:0.000018s ]
INFO: [ app_init ] --END-- [ RunTime:0.000370s ]
INFO: [ app_begin ] --START--
INFO: Run Behavior\ReadHtmlCacheBehavior [ RunTime:0.000456s ]
INFO: [ app_begin ] --END-- [ RunTime:0.000525s ]
SQL: SHOW COLUMNS FROM `t_pcmessage` [ RunTime:0.0010s ]
SQL: UPDATE `t_pcmessage` SET `PCM_GetNewOpera`='0' WHERE ( PCM_RoomName='C305' ) [ RunTime:0.0033s ]
INFO: [ app_end ] --START--
INFO: Run Behavior\ShowPageTraceBehavior [ RunTime:0.000303s ]
INFO: [ app_end ] --END-- [ RunTime:0.000339s ]

[ 2016-11-24T18:52:12+08:00 ] 192.168.226.63 /PCM/index.php/XSGL/detial.html
INFO: [ app_init ] --START--
INFO: Run Behavior\BuildLiteBehavior [ RunTime:0.000009s ]
INFO: [ app_init ] --END-- [ RunTime:0.000192s ]
INFO: [ app_begin ] --START--
INFO: Run Behavior\ReadHtmlCacheBehavior [ RunTime:0.000245s ]
INFO: [ app_begin ] --END-- [ RunTime:0.000284s ]
INFO: [ view_parse ] --START--
INFO: [ template_filter ] --START--
INFO: Run Behavior\ContentReplaceBehavior [ RunTime:0.000034s ]
INFO: [ template_filter ] --END-- [ RunTime:0.000073s ]
INFO: Run Behavior\ParseTemplateBehavior [ RunTime:0.002788s ]
INFO: [ view_parse ] --END-- [ RunTime:0.002827s ]
INFO: [ view_filter ] --START--
INFO: Run Behavior\WriteHtmlCacheBehavior [ RunTime:0.000072s ]
INFO: [ view_filter ] --END-- [ RunTime:0.000103s ]
INFO: [ app_end ] --START--
INFO: Run Behavior\ShowPageTraceBehavior [ RunTime:0.000250s ]
INFO: [ app_end ] --END-- [ RunTime:0.000283s ]

[ 2016-11-24T18:53:40+08:00 ] 192.168.226.63 /PCM/index.php/XSGL/history.html
INFO: [ app_init ] --START--
INFO: Run Behavior\BuildLiteBehavior [ RunTime:0.000017s ]
INFO: [ app_init ] --END-- [ RunTime:0.000372s ]
INFO: [ app_begin ] --START--
INFO: Run Behavior\ReadHtmlCacheBehavior [ RunTime:0.000460s ]
INFO: [ app_begin ] --END-- [ RunTime:0.000536s ]
INFO: [ view_parse ] --START--
INFO: [ template_filter ] --START--
INFO: Run Behavior\ContentReplaceBehavior [ RunTime:0.000065s ]
INFO: [ template_filter ] --END-- [ RunTime:0.000142s ]
INFO: Run Behavior\ParseTemplateBehavior [ RunTime:0.026371s ]
INFO: [ view_parse ] --END-- [ RunTime:0.026442s ]
INFO: [ view_filter ] --START--
INFO: Run Behavior\WriteHtmlCacheBehavior [ RunTime:0.000140s ]
INFO: [ view_filter ] --END-- [ RunTime:0.000201s ]
INFO: [ app_end ] --START--
INFO: Run Behavior\ShowPageTraceBehavior [ RunTime:0.000473s ]
INFO: [ app_end ] --END-- [ RunTime:0.000536s ]

[ 2016-11-24T19:02:55+08:00 ] 192.168.226.63 /PCM/index.php/XSGL/discipline.html
INFO: [ app_init ] --START--
INFO: Run Behavior\BuildLiteBehavior [ RunTime:0.000017s ]
INFO: [ app_init ] --END-- [ RunTime:0.000369s ]
INFO: [ app_begin ] --START--
INFO: Run Behavior\ReadHtmlCacheBehavior [ RunTime:0.000481s ]
INFO: [ app_begin ] --END-- [ RunTime:0.000556s ]
INFO: [ view_parse ] --START--
INFO: [ template_filter ] --START--
INFO: Run Behavior\ContentReplaceBehavior [ RunTime:0.000070s ]
INFO: [ template_filter ] --END-- [ RunTime:0.000149s ]
INFO: Run Behavior\ParseTemplateBehavior [ RunTime:0.014359s ]
INFO: [ view_parse ] --END-- [ RunTime:0.014433s ]
INFO: [ view_filter ] --START--
INFO: Run Behavior\WriteHtmlCacheBehavior [ RunTime:0.000147s ]
INFO: [ view_filter ] --END-- [ RunTime:0.000211s ]
INFO: [ app_end ] --START--
INFO: Run Behavior\ShowPageTraceBehavior [ RunTime:0.000508s ]
INFO: [ app_end ] --END-- [ RunTime:0.000574s ]

[ 2016-11-24T19:03:29+08:00 ] 192.168.226.63 /PCM/index.php/XSGL/detial.html
INFO: [ app_init ] --START--
INFO: Run Behavior\BuildLiteBehavior [ RunTime:0.000009s ]
INFO: [ app_init ] --END-- [ RunTime:0.000186s ]
INFO: [ app_begin ] --START--
INFO: Run Behavior\ReadHtmlCacheBehavior [ RunTime:0.000228s ]
INFO: [ app_begin ] --END-- [ RunTime:0.000265s ]
INFO: [ view_parse ] --START--
INFO: [ template_filter ] --START--
INFO: Run Behavior\ContentReplaceBehavior [ RunTime:0.000034s ]
INFO: [ template_filter ] --END-- [ RunTime:0.000073s ]
INFO: Run Behavior\ParseTemplateBehavior [ RunTime:0.002743s ]
INFO: [ view_parse ] --END-- [ RunTime:0.002779s ]
INFO: [ view_filter ] --START--
INFO: Run Behavior\WriteHtmlCacheBehavior [ RunTime:0.000071s ]
INFO: [ view_filter ] --END-- [ RunTime:0.000102s ]
INFO: [ app_end ] --START--
INFO: Run Behavior\ShowPageTraceBehavior [ RunTime:0.000249s ]
INFO: [ app_end ] --END-- [ RunTime:0.000283s ]

[ 2016-11-24T19:04:33+08:00 ] 192.168.226.63 /PCM/index.php/JFGL/detial.html
INFO: [ app_init ] --START--
INFO: Run Behavior\BuildLiteBehavior [ RunTime:0.000008s ]
INFO: [ app_init ] --END-- [ RunTime:0.000190s ]
INFO: [ app_begin ] --START--
INFO: Run Behavior\ReadHtmlCacheBehavior [ RunTime:0.000233s ]
INFO: [ app_begin ] --END-- [ RunTime:0.000270s ]
INFO: [ view_parse ] --START--
INFO: [ template_filter ] --START--
INFO: Run Behavior\ContentReplaceBehavior [ RunTime:0.000045s ]
INFO: [ template_filter ] --END-- [ RunTime:0.000084s ]
NOTIC: [8] Undefined variable: room /opt/lampp/htdocs/PCM/Application/Runtime/Cache/Admin/189fefcb0bce4d43c3a1982316645cb7.php 第 20 行.
NOTIC: [8] Undefined variable: list /opt/lampp/htdocs/PCM/Application/Runtime/Cache/Admin/189fefcb0bce4d43c3a1982316645cb7.php 第 23 行.
NOTIC: [8] Undefined variable: room /opt/lampp/htdocs/PCM/Application/Runtime/Cache/Admin/189fefcb0bce4d43c3a1982316645cb7.php 第 43 行.
INFO: Run Behavior\ParseTemplateBehavior [ RunTime:0.005036s ]
INFO: [ view_parse ] --END-- [ RunTime:0.005070s ]
INFO: [ view_filter ] --START--
INFO: Run Behavior\WriteHtmlCacheBehavior [ RunTime:0.000075s ]
INFO: [ view_filter ] --END-- [ RunTime:0.000107s ]
INFO: [ app_end ] --START--
INFO: Run Behavior\ShowPageTraceBehavior [ RunTime:0.000248s ]
INFO: [ app_end ] --END-- [ RunTime:0.000281s ]

[ 2016-11-24T19:04:34+08:00 ] 192.168.226.63 /PCM/index.php/JFGL/history.html
INFO: [ app_init ] --START--
INFO: Run Behavior\BuildLiteBehavior [ RunTime:0.000009s ]
INFO: [ app_init ] --END-- [ RunTime:0.000187s ]
INFO: [ app_begin ] --START--
INFO: Run Behavior\ReadHtmlCacheBehavior [ RunTime:0.000226s ]
INFO: [ app_begin ] --END-- [ RunTime:0.000263s ]
INFO: [ view_parse ] --START--
INFO: [ template_filter ] --START--
INFO: Run Behavior\ContentReplaceBehavior [ RunTime:0.000043s ]
INFO: [ template_filter ] --END-- [ RunTime:0.000081s ]
INFO: Run Behavior\ParseTemplateBehavior [ RunTime:0.003179s ]
INFO: [ view_parse ] --END-- [ RunTime:0.003214s ]
INFO: [ view_filter ] --START--
INFO: Run Behavior\WriteHtmlCacheBehavior [ RunTime:0.000071s ]
INFO: [ view_filter ] --END-- [ RunTime:0.000102s ]
INFO: [ app_end ] --START--
INFO: Run Behavior\ShowPageTraceBehavior [ RunTime:0.000249s ]
INFO: [ app_end ] --END-- [ RunTime:0.000284s ]

[ 2016-11-24T19:04:34+08:00 ] 192.168.226.63 /PCM/index.php/JFGL/gethistory.html
INFO: [ app_init ] --START--
INFO: Run Behavior\BuildLiteBehavior [ RunTime:0.000009s ]
INFO: [ app_init ] --END-- [ RunTime:0.000182s ]
INFO: [ app_begin ] --START--
INFO: Run Behavior\ReadHtmlCacheBehavior [ RunTime:0.000221s ]
INFO: [ app_begin ] --END-- [ RunTime:0.000255s ]
SQL: SHOW COLUMNS FROM `t_signrecord` [ RunTime:0.0010s ]
SQL: SELECT COUNT(*) AS tp_count FROM `t_signrecord` LIMIT 1   [ RunTime:0.0006s ]
SQL: SELECT * FROM `t_signrecord` LIMIT 0,20   [ RunTime:0.0004s ]
INFO: [ app_end ] --START--
INFO: Run Behavior\ShowPageTraceBehavior [ RunTime:0.000342s ]
INFO: [ app_end ] --END-- [ RunTime:0.000384s ]

[ 2016-11-24T19:05:16+08:00 ] 192.168.226.63 /PCM/index.php/JFGL/gethistory.html
INFO: [ app_init ] --START--
INFO: Run Behavior\BuildLiteBehavior [ RunTime:0.000017s ]
INFO: [ app_init ] --END-- [ RunTime:0.000393s ]
INFO: [ app_begin ] --START--
INFO: Run Behavior\ReadHtmlCacheBehavior [ RunTime:0.000530s ]
INFO: [ app_begin ] --END-- [ RunTime:0.000580s ]
SQL: SHOW COLUMNS FROM `t_signrecord` [ RunTime:0.0010s ]
SQL: SELECT COUNT(*) AS tp_count FROM `t_signrecord` WHERE (`Record_InTime` LIKE '%2016-11-17%') LIMIT 1   [ RunTime:0.0007s ]
SQL: SELECT * FROM `t_signrecord` WHERE (`Record_InTime` LIKE '%2016-11-17%') ORDER BY Record_InTime LIMIT 0,20   [ RunTime:0.0011s ]
INFO: [ app_end ] --START--
INFO: Run Behavior\ShowPageTraceBehavior [ RunTime:0.000319s ]
INFO: [ app_end ] --END-- [ RunTime:0.000357s ]

[ 2016-11-24T19:40:58+08:00 ] 192.168.226.63 /PCM/
INFO: [ app_init ] --START--
INFO: Run Behavior\BuildLiteBehavior [ RunTime:0.000009s ]
INFO: [ app_init ] --END-- [ RunTime:0.000185s ]
INFO: [ app_begin ] --START--
INFO: Run Behavior\ReadHtmlCacheBehavior [ RunTime:0.000228s ]
INFO: [ app_begin ] --END-- [ RunTime:0.000263s ]
INFO: [ view_parse ] --START--
INFO: [ template_filter ] --START--
INFO: Run Behavior\ContentReplaceBehavior [ RunTime:0.000040s ]
INFO: [ template_filter ] --END-- [ RunTime:0.000078s ]
INFO: Run Behavior\ParseTemplateBehavior [ RunTime:0.003188s ]
INFO: [ view_parse ] --END-- [ RunTime:0.003223s ]
INFO: [ view_filter ] --START--
INFO: Run Behavior\WriteHtmlCacheBehavior [ RunTime:0.000074s ]
INFO: [ view_filter ] --END-- [ RunTime:0.000105s ]
INFO: [ app_end ] --START--
INFO: Run Behavior\ShowPageTraceBehavior [ RunTime:0.000249s ]
INFO: [ app_end ] --END-- [ RunTime:0.000281s ]

