[ 2016-11-28T12:16:47+08:00 ] 192.168.226.49 /PCM/
INFO: [ app_init ] --START--
INFO: Run Behavior\BuildLiteBehavior [ RunTime:0.000016s ]
INFO: [ app_init ] --END-- [ RunTime:0.000372s ]
INFO: [ app_begin ] --START--
INFO: Run Behavior\ReadHtmlCacheBehavior [ RunTime:0.000473s ]
INFO: [ app_begin ] --END-- [ RunTime:0.000547s ]
INFO: [ view_parse ] --START--
INFO: [ template_filter ] --START--
INFO: Run Behavior\ContentReplaceBehavior [ RunTime:0.000041s ]
INFO: [ template_filter ] --END-- [ RunTime:0.000080s ]
INFO: Run Behavior\ParseTemplateBehavior [ RunTime:0.005793s ]
INFO: [ view_parse ] --END-- [ RunTime:0.005844s ]
INFO: [ view_filter ] --START--
INFO: Run Behavior\WriteHtmlCacheBehavior [ RunTime:0.000076s ]
INFO: [ view_filter ] --END-- [ RunTime:0.000107s ]
INFO: [ app_end ] --START--
INFO: Run Behavior\ShowPageTraceBehavior [ RunTime:0.000252s ]
INFO: [ app_end ] --END-- [ RunTime:0.000283s ]

[ 2016-11-28T12:17:00+08:00 ] 192.168.226.49 /PCM/index.php/Index/login.html
INFO: [ app_init ] --START--
INFO: Run Behavior\BuildLiteBehavior [ RunTime:0.000010s ]
INFO: [ app_init ] --END-- [ RunTime:0.000207s ]
INFO: [ app_begin ] --START--
INFO: Run Behavior\ReadHtmlCacheBehavior [ RunTime:0.000246s ]
INFO: [ app_begin ] --END-- [ RunTime:0.000281s ]
SQL: SHOW COLUMNS FROM `t_manager` [ RunTime:0.0010s ]
SQL: SELECT * FROM `t_manager` WHERE `Mana_Num` = '2014309010124' AND `Mana_PSD` = 'e10adc3949ba59abbe56e057f20f883e' LIMIT 1   [ RunTime:0.0005s ]
INFO: [ app_end ] --START--
INFO: Run Behavior\ShowPageTraceBehavior [ RunTime:0.000305s ]
INFO: [ app_end ] --END-- [ RunTime:0.000340s ]

[ 2016-11-28T12:17:00+08:00 ] 192.168.226.49 /PCM/index.php/Admin/index.html
INFO: [ app_init ] --START--
INFO: Run Behavior\BuildLiteBehavior [ RunTime:0.000009s ]
INFO: [ app_init ] --END-- [ RunTime:0.000190s ]
INFO: [ app_begin ] --START--
INFO: Run Behavior\ReadHtmlCacheBehavior [ RunTime:0.000238s ]
INFO: [ app_begin ] --END-- [ RunTime:0.000277s ]
INFO: [ view_parse ] --START--
INFO: [ template_filter ] --START--
INFO: Run Behavior\ContentReplaceBehavior [ RunTime:0.000051s ]
INFO: [ template_filter ] --END-- [ RunTime:0.000091s ]
INFO: Run Behavior\ParseTemplateBehavior [ RunTime:0.005536s ]
INFO: [ view_parse ] --END-- [ RunTime:0.005573s ]
INFO: [ view_filter ] --START--
INFO: Run Behavior\WriteHtmlCacheBehavior [ RunTime:0.000075s ]
INFO: [ view_filter ] --END-- [ RunTime:0.000108s ]
INFO: [ app_end ] --START--
INFO: Run Behavior\ShowPageTraceBehavior [ RunTime:0.000252s ]
INFO: [ app_end ] --END-- [ RunTime:0.000285s ]

[ 2016-11-28T12:17:06+08:00 ] 192.168.226.49 /PCM/index.php/JFGL/detial.html
INFO: [ app_init ] --START--
INFO: Run Behavior\BuildLiteBehavior [ RunTime:0.000008s ]
INFO: [ app_init ] --END-- [ RunTime:0.000184s ]
INFO: [ app_begin ] --START--
INFO: Run Behavior\ReadHtmlCacheBehavior [ RunTime:0.000231s ]
INFO: [ app_begin ] --END-- [ RunTime:0.000268s ]
INFO: [ view_parse ] --START--
INFO: [ template_filter ] --START--
INFO: Run Behavior\ContentReplaceBehavior [ RunTime:0.000045s ]
INFO: [ template_filter ] --END-- [ RunTime:0.000083s ]
NOTIC: [8] Undefined variable: room /opt/lampp/htdocs/PCM/Application/Runtime/Cache/Admin/189fefcb0bce4d43c3a1982316645cb7.php 第 20 行.
NOTIC: [8] Undefined variable: list /opt/lampp/htdocs/PCM/Application/Runtime/Cache/Admin/189fefcb0bce4d43c3a1982316645cb7.php 第 23 行.
NOTIC: [8] Undefined variable: room /opt/lampp/htdocs/PCM/Application/Runtime/Cache/Admin/189fefcb0bce4d43c3a1982316645cb7.php 第 43 行.
INFO: Run Behavior\ParseTemplateBehavior [ RunTime:0.005008s ]
INFO: [ view_parse ] --END-- [ RunTime:0.005042s ]
INFO: [ view_filter ] --START--
INFO: Run Behavior\WriteHtmlCacheBehavior [ RunTime:0.000076s ]
INFO: [ view_filter ] --END-- [ RunTime:0.000109s ]
INFO: [ app_end ] --START--
INFO: Run Behavior\ShowPageTraceBehavior [ RunTime:0.000249s ]
INFO: [ app_end ] --END-- [ RunTime:0.000284s ]

[ 2016-11-28T12:17:09+08:00 ] 192.168.226.49 /PCM/index.php/JFGL/history.html
INFO: [ app_init ] --START--
INFO: Run Behavior\BuildLiteBehavior [ RunTime:0.000009s ]
INFO: [ app_init ] --END-- [ RunTime:0.000184s ]
INFO: [ app_begin ] --START--
INFO: Run Behavior\ReadHtmlCacheBehavior [ RunTime:0.000227s ]
INFO: [ app_begin ] --END-- [ RunTime:0.000263s ]
INFO: [ view_parse ] --START--
INFO: [ template_filter ] --START--
INFO: Run Behavior\ContentReplaceBehavior [ RunTime:0.000042s ]
INFO: [ template_filter ] --END-- [ RunTime:0.000080s ]
INFO: Run Behavior\ParseTemplateBehavior [ RunTime:0.003201s ]
INFO: [ view_parse ] --END-- [ RunTime:0.003235s ]
INFO: [ view_filter ] --START--
INFO: Run Behavior\WriteHtmlCacheBehavior [ RunTime:0.000072s ]
INFO: [ view_filter ] --END-- [ RunTime:0.000102s ]
INFO: [ app_end ] --START--
INFO: Run Behavior\ShowPageTraceBehavior [ RunTime:0.000248s ]
INFO: [ app_end ] --END-- [ RunTime:0.000281s ]

[ 2016-11-28T12:17:09+08:00 ] 192.168.226.49 /PCM/index.php/JFGL/gethistory.html
INFO: [ app_init ] --START--
INFO: Run Behavior\BuildLiteBehavior [ RunTime:0.000016s ]
INFO: [ app_init ] --END-- [ RunTime:0.000366s ]
INFO: [ app_begin ] --START--
INFO: Run Behavior\ReadHtmlCacheBehavior [ RunTime:0.000226s ]
INFO: [ app_begin ] --END-- [ RunTime:0.000260s ]
SQL: SHOW COLUMNS FROM `t_signrecord` [ RunTime:0.0011s ]
SQL: SELECT COUNT(*) AS tp_count FROM `t_signrecord` LIMIT 1   [ RunTime:0.0006s ]
SQL: SELECT * FROM `t_signrecord` LIMIT 0,20   [ RunTime:0.0004s ]
INFO: [ app_end ] --START--
INFO: Run Behavior\ShowPageTraceBehavior [ RunTime:0.000302s ]
INFO: [ app_end ] --END-- [ RunTime:0.000338s ]

[ 2016-11-28T12:17:12+08:00 ] 192.168.226.49 /PCM/index.php/XSGL/detial.html
INFO: [ app_init ] --START--
INFO: Run Behavior\BuildLiteBehavior [ RunTime:0.000018s ]
INFO: [ app_init ] --END-- [ RunTime:0.000367s ]
INFO: [ app_begin ] --START--
INFO: Run Behavior\ReadHtmlCacheBehavior [ RunTime:0.000228s ]
INFO: [ app_begin ] --END-- [ RunTime:0.000267s ]
INFO: [ view_parse ] --START--
INFO: [ template_filter ] --START--
INFO: Run Behavior\ContentReplaceBehavior [ RunTime:0.000033s ]
INFO: [ template_filter ] --END-- [ RunTime:0.000071s ]
INFO: Run Behavior\ParseTemplateBehavior [ RunTime:0.002742s ]
INFO: [ view_parse ] --END-- [ RunTime:0.002777s ]
INFO: [ view_filter ] --START--
INFO: Run Behavior\WriteHtmlCacheBehavior [ RunTime:0.000070s ]
INFO: [ view_filter ] --END-- [ RunTime:0.000101s ]
INFO: [ app_end ] --START--
INFO: Run Behavior\ShowPageTraceBehavior [ RunTime:0.000240s ]
INFO: [ app_end ] --END-- [ RunTime:0.000273s ]

[ 2016-11-28T12:17:14+08:00 ] 192.168.226.49 /PCM/index.php/XSGL/history.html
INFO: [ app_init ] --START--
INFO: Run Behavior\BuildLiteBehavior [ RunTime:0.000009s ]
INFO: [ app_init ] --END-- [ RunTime:0.000183s ]
INFO: [ app_begin ] --START--
INFO: Run Behavior\ReadHtmlCacheBehavior [ RunTime:0.000227s ]
INFO: [ app_begin ] --END-- [ RunTime:0.000263s ]
INFO: [ view_parse ] --START--
INFO: [ template_filter ] --START--
INFO: Run Behavior\ContentReplaceBehavior [ RunTime:0.000067s ]
INFO: [ template_filter ] --END-- [ RunTime:0.000148s ]
INFO: Run Behavior\ParseTemplateBehavior [ RunTime:0.015174s ]
INFO: [ view_parse ] --END-- [ RunTime:0.015231s ]
INFO: [ view_filter ] --START--
INFO: Run Behavior\WriteHtmlCacheBehavior [ RunTime:0.000144s ]
INFO: [ view_filter ] --END-- [ RunTime:0.000208s ]
INFO: [ app_end ] --START--
INFO: Run Behavior\ShowPageTraceBehavior [ RunTime:0.000496s ]
INFO: [ app_end ] --END-- [ RunTime:0.000564s ]

[ 2016-11-28T12:17:15+08:00 ] 192.168.226.49 /PCM/index.php/XSGL/discipline.html
INFO: [ app_init ] --START--
INFO: Run Behavior\BuildLiteBehavior [ RunTime:0.000009s ]
INFO: [ app_init ] --END-- [ RunTime:0.000190s ]
INFO: [ app_begin ] --START--
INFO: Run Behavior\ReadHtmlCacheBehavior [ RunTime:0.000226s ]
INFO: [ app_begin ] --END-- [ RunTime:0.000262s ]
INFO: [ view_parse ] --START--
INFO: [ template_filter ] --START--
INFO: Run Behavior\ContentReplaceBehavior [ RunTime:0.000035s ]
INFO: [ template_filter ] --END-- [ RunTime:0.000075s ]
INFO: Run Behavior\ParseTemplateBehavior [ RunTime:0.003029s ]
INFO: [ view_parse ] --END-- [ RunTime:0.003064s ]
INFO: [ view_filter ] --START--
INFO: Run Behavior\WriteHtmlCacheBehavior [ RunTime:0.000078s ]
INFO: [ view_filter ] --END-- [ RunTime:0.000109s ]
INFO: [ app_end ] --START--
INFO: Run Behavior\ShowPageTraceBehavior [ RunTime:0.000244s ]
INFO: [ app_end ] --END-- [ RunTime:0.000277s ]

[ 2016-11-28T12:17:17+08:00 ] 192.168.226.49 /PCM/index.php/XXGL/message.html
INFO: [ app_init ] --START--
INFO: Run Behavior\BuildLiteBehavior [ RunTime:0.000009s ]
INFO: [ app_init ] --END-- [ RunTime:0.000183s ]
INFO: [ app_begin ] --START--
INFO: Run Behavior\ReadHtmlCacheBehavior [ RunTime:0.000227s ]
INFO: [ app_begin ] --END-- [ RunTime:0.000263s ]
INFO: [ view_parse ] --START--
INFO: [ template_filter ] --START--
INFO: Run Behavior\ContentReplaceBehavior [ RunTime:0.000068s ]
INFO: [ template_filter ] --END-- [ RunTime:0.000149s ]
INFO: Run Behavior\ParseTemplateBehavior [ RunTime:0.005877s ]
INFO: [ view_parse ] --END-- [ RunTime:0.005955s ]
INFO: [ view_filter ] --START--
INFO: Run Behavior\WriteHtmlCacheBehavior [ RunTime:0.000144s ]
INFO: [ view_filter ] --END-- [ RunTime:0.000208s ]
INFO: [ app_end ] --START--
INFO: Run Behavior\ShowPageTraceBehavior [ RunTime:0.000496s ]
INFO: [ app_end ] --END-- [ RunTime:0.000563s ]

[ 2016-11-28T12:17:17+08:00 ] 192.168.226.49 /PCM/index.php/XXGL/notice.html
INFO: [ app_init ] --START--
INFO: Run Behavior\BuildLiteBehavior [ RunTime:0.000010s ]
INFO: [ app_init ] --END-- [ RunTime:0.000192s ]
INFO: [ app_begin ] --START--
INFO: Run Behavior\ReadHtmlCacheBehavior [ RunTime:0.000232s ]
INFO: [ app_begin ] --END-- [ RunTime:0.000267s ]
INFO: [ view_parse ] --START--
INFO: [ template_filter ] --START--
INFO: Run Behavior\ContentReplaceBehavior [ RunTime:0.000051s ]
INFO: [ template_filter ] --END-- [ RunTime:0.000114s ]
INFO: Run Behavior\ParseTemplateBehavior [ RunTime:0.004183s ]
INFO: [ view_parse ] --END-- [ RunTime:0.004231s ]
INFO: [ view_filter ] --START--
INFO: Run Behavior\WriteHtmlCacheBehavior [ RunTime:0.000109s ]
INFO: [ view_filter ] --END-- [ RunTime:0.000159s ]
INFO: [ app_end ] --START--
INFO: Run Behavior\ShowPageTraceBehavior [ RunTime:0.000379s ]
INFO: [ app_end ] --END-- [ RunTime:0.000431s ]

[ 2016-11-28T12:17:17+08:00 ] 192.168.226.49 /PCM/index.php/XXGL/reply.html
INFO: [ app_init ] --START--
INFO: Run Behavior\BuildLiteBehavior [ RunTime:0.000009s ]
INFO: [ app_init ] --END-- [ RunTime:0.000185s ]
INFO: [ app_begin ] --START--
INFO: Run Behavior\ReadHtmlCacheBehavior [ RunTime:0.000226s ]
INFO: [ app_begin ] --END-- [ RunTime:0.000263s ]
INFO: [ view_parse ] --START--
INFO: [ template_filter ] --START--
INFO: Run Behavior\ContentReplaceBehavior [ RunTime:0.000034s ]
INFO: [ template_filter ] --END-- [ RunTime:0.000074s ]
INFO: Run Behavior\ParseTemplateBehavior [ RunTime:0.003030s ]
INFO: [ view_parse ] --END-- [ RunTime:0.003067s ]
INFO: [ view_filter ] --START--
INFO: Run Behavior\WriteHtmlCacheBehavior [ RunTime:0.000071s ]
INFO: [ view_filter ] --END-- [ RunTime:0.000102s ]
INFO: [ app_end ] --START--
INFO: Run Behavior\ShowPageTraceBehavior [ RunTime:0.000245s ]
INFO: [ app_end ] --END-- [ RunTime:0.000278s ]

[ 2016-11-28T12:17:19+08:00 ] 192.168.226.49 /PCM/index.php/KCGL/course.html
INFO: [ app_init ] --START--
INFO: Run Behavior\BuildLiteBehavior [ RunTime:0.000012s ]
INFO: [ app_init ] --END-- [ RunTime:0.000261s ]
INFO: [ app_begin ] --START--
INFO: Run Behavior\ReadHtmlCacheBehavior [ RunTime:0.000332s ]
INFO: [ app_begin ] --END-- [ RunTime:0.000385s ]
INFO: [ view_parse ] --START--
INFO: [ template_filter ] --START--
INFO: Run Behavior\ContentReplaceBehavior [ RunTime:0.000067s ]
INFO: [ template_filter ] --END-- [ RunTime:0.000146s ]
INFO: Run Behavior\ParseTemplateBehavior [ RunTime:0.009926s ]
INFO: [ view_parse ] --END-- [ RunTime:0.010003s ]
INFO: [ view_filter ] --START--
INFO: Run Behavior\WriteHtmlCacheBehavior [ RunTime:0.000144s ]
INFO: [ view_filter ] --END-- [ RunTime:0.000209s ]
INFO: [ app_end ] --START--
INFO: Run Behavior\ShowPageTraceBehavior [ RunTime:0.000497s ]
INFO: [ app_end ] --END-- [ RunTime:0.000564s ]

[ 2016-11-28T12:17:22+08:00 ] 192.168.226.49 /PCM/index.php/WJGL/files.html
INFO: [ app_init ] --START--
INFO: Run Behavior\BuildLiteBehavior [ RunTime:0.000009s ]
INFO: [ app_init ] --END-- [ RunTime:0.000188s ]
INFO: [ app_begin ] --START--
INFO: Run Behavior\ReadHtmlCacheBehavior [ RunTime:0.000226s ]
INFO: [ app_begin ] --END-- [ RunTime:0.000264s ]
INFO: [ view_parse ] --START--
INFO: [ template_filter ] --START--
INFO: Run Behavior\ContentReplaceBehavior [ RunTime:0.000086s ]
INFO: [ template_filter ] --END-- [ RunTime:0.000164s ]
INFO: Run Behavior\ParseTemplateBehavior [ RunTime:0.006944s ]
INFO: [ view_parse ] --END-- [ RunTime:0.007017s ]
INFO: [ view_filter ] --START--
INFO: Run Behavior\WriteHtmlCacheBehavior [ RunTime:0.000149s ]
INFO: [ view_filter ] --END-- [ RunTime:0.000213s ]
INFO: [ app_end ] --START--
INFO: Run Behavior\ShowPageTraceBehavior [ RunTime:0.000503s ]
INFO: [ app_end ] --END-- [ RunTime:0.000569s ]

[ 2016-11-28T12:17:23+08:00 ] 192.168.226.49 /PCM/index.php/WJGL/getdownload.html
INFO: [ app_init ] --START--
INFO: Run Behavior\BuildLiteBehavior [ RunTime:0.000017s ]
INFO: [ app_init ] --END-- [ RunTime:0.000372s ]
INFO: [ app_begin ] --START--
INFO: Run Behavior\ReadHtmlCacheBehavior [ RunTime:0.000227s ]
INFO: [ app_begin ] --END-- [ RunTime:0.000261s ]
SQL: SHOW COLUMNS FROM `t_file` [ RunTime:0.0010s ]
SQL: SELECT COUNT(*) AS tp_count FROM `t_file` LIMIT 1   [ RunTime:0.0003s ]
SQL: SELECT * FROM `t_file` ORDER BY File_Time desc LIMIT 0,20   [ RunTime:0.0004s ]
NOTIC: [8] Undefined index: 5 /opt/lampp/htdocs/PCM/Application/Admin/Controller/WJGLController.class.php 第 25 行.
NOTIC: [8] Undefined index: 6 /opt/lampp/htdocs/PCM/Application/Admin/Controller/WJGLController.class.php 第 25 行.
NOTIC: [8] Undefined index: 7 /opt/lampp/htdocs/PCM/Application/Admin/Controller/WJGLController.class.php 第 25 行.
NOTIC: [8] Undefined index: 8 /opt/lampp/htdocs/PCM/Application/Admin/Controller/WJGLController.class.php 第 25 行.
NOTIC: [8] Undefined index: 9 /opt/lampp/htdocs/PCM/Application/Admin/Controller/WJGLController.class.php 第 25 行.
NOTIC: [8] Undefined index: 10 /opt/lampp/htdocs/PCM/Application/Admin/Controller/WJGLController.class.php 第 25 行.
NOTIC: [8] Undefined index: 11 /opt/lampp/htdocs/PCM/Application/Admin/Controller/WJGLController.class.php 第 25 行.
NOTIC: [8] Undefined index: 12 /opt/lampp/htdocs/PCM/Application/Admin/Controller/WJGLController.class.php 第 25 行.
NOTIC: [8] Undefined index: 13 /opt/lampp/htdocs/PCM/Application/Admin/Controller/WJGLController.class.php 第 25 行.
NOTIC: [8] Undefined index: 14 /opt/lampp/htdocs/PCM/Application/Admin/Controller/WJGLController.class.php 第 25 行.
NOTIC: [8] Undefined index: 15 /opt/lampp/htdocs/PCM/Application/Admin/Controller/WJGLController.class.php 第 25 行.
NOTIC: [8] Undefined index: 16 /opt/lampp/htdocs/PCM/Application/Admin/Controller/WJGLController.class.php 第 25 行.
NOTIC: [8] Undefined index: 17 /opt/lampp/htdocs/PCM/Application/Admin/Controller/WJGLController.class.php 第 25 行.
NOTIC: [8] Undefined index: 18 /opt/lampp/htdocs/PCM/Application/Admin/Controller/WJGLController.class.php 第 25 行.
NOTIC: [8] Undefined index: 19 /opt/lampp/htdocs/PCM/Application/Admin/Controller/WJGLController.class.php 第 25 行.
INFO: [ app_end ] --START--
INFO: Run Behavior\ShowPageTraceBehavior [ RunTime:0.000302s ]
INFO: [ app_end ] --END-- [ RunTime:0.000336s ]

[ 2016-11-28T12:17:26+08:00 ] 192.168.226.49 /PCM/index.php/GJQX/room.html
INFO: [ app_init ] --START--
INFO: Run Behavior\BuildLiteBehavior [ RunTime:0.000017s ]
INFO: [ app_init ] --END-- [ RunTime:0.000369s ]
INFO: [ app_begin ] --START--
INFO: Run Behavior\ReadHtmlCacheBehavior [ RunTime:0.000460s ]
INFO: [ app_begin ] --END-- [ RunTime:0.000536s ]
INFO: [ view_parse ] --START--
INFO: [ template_filter ] --START--
INFO: Run Behavior\ContentReplaceBehavior [ RunTime:0.000068s ]
INFO: [ template_filter ] --END-- [ RunTime:0.000148s ]
INFO: Run Behavior\ParseTemplateBehavior [ RunTime:0.005901s ]
INFO: [ view_parse ] --END-- [ RunTime:0.005977s ]
INFO: [ view_filter ] --START--
INFO: Run Behavior\WriteHtmlCacheBehavior [ RunTime:0.000144s ]
INFO: [ view_filter ] --END-- [ RunTime:0.000209s ]
INFO: [ app_end ] --START--
INFO: Run Behavior\ShowPageTraceBehavior [ RunTime:0.000496s ]
INFO: [ app_end ] --END-- [ RunTime:0.000564s ]

[ 2016-11-28T12:17:27+08:00 ] 192.168.226.49 /PCM/index.php/GJQX/student.html
INFO: [ app_init ] --START--
INFO: Run Behavior\BuildLiteBehavior [ RunTime:0.000009s ]
INFO: [ app_init ] --END-- [ RunTime:0.000183s ]
INFO: [ app_begin ] --START--
INFO: Run Behavior\ReadHtmlCacheBehavior [ RunTime:0.000226s ]
INFO: [ app_begin ] --END-- [ RunTime:0.000262s ]
INFO: [ view_parse ] --START--
INFO: [ template_filter ] --START--
INFO: Run Behavior\ContentReplaceBehavior [ RunTime:0.000035s ]
INFO: [ template_filter ] --END-- [ RunTime:0.000073s ]
INFO: Run Behavior\ParseTemplateBehavior [ RunTime:0.003018s ]
INFO: [ view_parse ] --END-- [ RunTime:0.003053s ]
INFO: [ view_filter ] --START--
INFO: Run Behavior\WriteHtmlCacheBehavior [ RunTime:0.000071s ]
INFO: [ view_filter ] --END-- [ RunTime:0.000102s ]
INFO: [ app_end ] --START--
INFO: Run Behavior\ShowPageTraceBehavior [ RunTime:0.000243s ]
INFO: [ app_end ] --END-- [ RunTime:0.000277s ]

[ 2016-11-28T12:17:28+08:00 ] 192.168.226.49 /PCM/index.php/GJQX/teacher.html
INFO: [ app_init ] --START--
INFO: Run Behavior\BuildLiteBehavior [ RunTime:0.000008s ]
INFO: [ app_init ] --END-- [ RunTime:0.000183s ]
INFO: [ app_begin ] --START--
INFO: Run Behavior\ReadHtmlCacheBehavior [ RunTime:0.000226s ]
INFO: [ app_begin ] --END-- [ RunTime:0.000262s ]
INFO: [ view_parse ] --START--
INFO: [ template_filter ] --START--
INFO: Run Behavior\ContentReplaceBehavior [ RunTime:0.000035s ]
INFO: [ template_filter ] --END-- [ RunTime:0.000074s ]
INFO: Run Behavior\ParseTemplateBehavior [ RunTime:0.003043s ]
INFO: [ view_parse ] --END-- [ RunTime:0.003079s ]
INFO: [ view_filter ] --START--
INFO: Run Behavior\WriteHtmlCacheBehavior [ RunTime:0.000070s ]
INFO: [ view_filter ] --END-- [ RunTime:0.000102s ]
INFO: [ app_end ] --START--
INFO: Run Behavior\ShowPageTraceBehavior [ RunTime:0.000242s ]
INFO: [ app_end ] --END-- [ RunTime:0.000276s ]

[ 2016-11-28T12:17:29+08:00 ] 192.168.226.49 /PCM/index.php/GJQX/manager.html
INFO: [ app_init ] --START--
INFO: Run Behavior\BuildLiteBehavior [ RunTime:0.000009s ]
INFO: [ app_init ] --END-- [ RunTime:0.000184s ]
INFO: [ app_begin ] --START--
INFO: Run Behavior\ReadHtmlCacheBehavior [ RunTime:0.000227s ]
INFO: [ app_begin ] --END-- [ RunTime:0.000264s ]
INFO: [ view_parse ] --START--
INFO: [ template_filter ] --START--
INFO: Run Behavior\ContentReplaceBehavior [ RunTime:0.000067s ]
INFO: [ template_filter ] --END-- [ RunTime:0.000147s ]
INFO: Run Behavior\ParseTemplateBehavior [ RunTime:0.004777s ]
INFO: [ view_parse ] --END-- [ RunTime:0.004834s ]
INFO: [ view_filter ] --START--
INFO: Run Behavior\WriteHtmlCacheBehavior [ RunTime:0.000145s ]
INFO: [ view_filter ] --END-- [ RunTime:0.000208s ]
INFO: [ app_end ] --START--
INFO: Run Behavior\ShowPageTraceBehavior [ RunTime:0.000496s ]
INFO: [ app_end ] --END-- [ RunTime:0.000588s ]

[ 2016-11-28T12:17:29+08:00 ] 192.168.226.49 /PCM/index.php/GJQX/verify.html
INFO: [ app_init ] --START--
INFO: Run Behavior\BuildLiteBehavior [ RunTime:0.000009s ]
INFO: [ app_init ] --END-- [ RunTime:0.000183s ]
INFO: [ app_begin ] --START--
INFO: Run Behavior\ReadHtmlCacheBehavior [ RunTime:0.000226s ]
INFO: [ app_begin ] --END-- [ RunTime:0.000263s ]
INFO: [ view_parse ] --START--
INFO: [ template_filter ] --START--
INFO: Run Behavior\ContentReplaceBehavior [ RunTime:0.000034s ]
INFO: [ template_filter ] --END-- [ RunTime:0.000074s ]
INFO: Run Behavior\ParseTemplateBehavior [ RunTime:0.003020s ]
INFO: [ view_parse ] --END-- [ RunTime:0.003056s ]
INFO: [ view_filter ] --START--
INFO: Run Behavior\WriteHtmlCacheBehavior [ RunTime:0.000071s ]
INFO: [ view_filter ] --END-- [ RunTime:0.000102s ]
INFO: [ app_end ] --START--
INFO: Run Behavior\ShowPageTraceBehavior [ RunTime:0.000243s ]
INFO: [ app_end ] --END-- [ RunTime:0.000276s ]

[ 2016-11-28T12:17:46+08:00 ] 192.168.226.49 /PCM/index.php/JFGL/history.html
INFO: [ app_init ] --START--
INFO: Run Behavior\BuildLiteBehavior [ RunTime:0.000017s ]
INFO: [ app_init ] --END-- [ RunTime:0.000208s ]
INFO: [ app_begin ] --START--
INFO: Run Behavior\ReadHtmlCacheBehavior [ RunTime:0.000250s ]
INFO: [ app_begin ] --END-- [ RunTime:0.000288s ]
INFO: [ view_parse ] --START--
INFO: [ template_filter ] --START--
INFO: Run Behavior\ContentReplaceBehavior [ RunTime:0.000045s ]
INFO: [ template_filter ] --END-- [ RunTime:0.000086s ]
INFO: Run Behavior\ParseTemplateBehavior [ RunTime:0.004274s ]
INFO: [ view_parse ] --END-- [ RunTime:0.004311s ]
INFO: [ view_filter ] --START--
INFO: Run Behavior\WriteHtmlCacheBehavior [ RunTime:0.000076s ]
INFO: [ view_filter ] --END-- [ RunTime:0.000108s ]
INFO: [ app_end ] --START--
INFO: Run Behavior\ShowPageTraceBehavior [ RunTime:0.000266s ]
INFO: [ app_end ] --END-- [ RunTime:0.000301s ]

[ 2016-11-28T12:17:46+08:00 ] 192.168.226.49 /PCM/index.php/JFGL/gethistory.html
INFO: [ app_init ] --START--
INFO: Run Behavior\BuildLiteBehavior [ RunTime:0.000009s ]
INFO: [ app_init ] --END-- [ RunTime:0.000198s ]
INFO: [ app_begin ] --START--
INFO: Run Behavior\ReadHtmlCacheBehavior [ RunTime:0.000242s ]
INFO: [ app_begin ] --END-- [ RunTime:0.000280s ]
SQL: SHOW COLUMNS FROM `t_signrecord` [ RunTime:0.0012s ]
SQL: SELECT COUNT(*) AS tp_count FROM `t_signrecord` LIMIT 1   [ RunTime:0.0007s ]
SQL: SELECT * FROM `t_signrecord` LIMIT 0,20   [ RunTime:0.0005s ]
INFO: [ app_end ] --START--
INFO: Run Behavior\ShowPageTraceBehavior [ RunTime:0.000342s ]
INFO: [ app_end ] --END-- [ RunTime:0.000383s ]

[ 2016-11-28T22:01:22+08:00 ] 172.16.4.14 /PCM/
INFO: [ app_init ] --START--
INFO: Run Behavior\BuildLiteBehavior [ RunTime:0.000017s ]
INFO: [ app_init ] --END-- [ RunTime:0.000377s ]
INFO: [ app_begin ] --START--
INFO: Run Behavior\ReadHtmlCacheBehavior [ RunTime:0.000483s ]
INFO: [ app_begin ] --END-- [ RunTime:0.000558s ]
INFO: [ view_parse ] --START--
INFO: [ template_filter ] --START--
INFO: Run Behavior\ContentReplaceBehavior [ RunTime:0.000041s ]
INFO: [ template_filter ] --END-- [ RunTime:0.000079s ]
INFO: Run Behavior\ParseTemplateBehavior [ RunTime:0.005668s ]
INFO: [ view_parse ] --END-- [ RunTime:0.005718s ]
INFO: [ view_filter ] --START--
INFO: Run Behavior\WriteHtmlCacheBehavior [ RunTime:0.000075s ]
INFO: [ view_filter ] --END-- [ RunTime:0.000107s ]
INFO: [ app_end ] --START--
INFO: Run Behavior\ShowPageTraceBehavior [ RunTime:0.000251s ]
INFO: [ app_end ] --END-- [ RunTime:0.000284s ]

[ 2016-11-28T22:02:01+08:00 ] 172.16.4.14 /PCM/index.php/Index/login.html
INFO: [ app_init ] --START--
INFO: Run Behavior\BuildLiteBehavior [ RunTime:0.000017s ]
INFO: [ app_init ] --END-- [ RunTime:0.000369s ]
INFO: [ app_begin ] --START--
INFO: Run Behavior\ReadHtmlCacheBehavior [ RunTime:0.000473s ]
INFO: [ app_begin ] --END-- [ RunTime:0.000544s ]
SQL: SHOW COLUMNS FROM `t_manager` [ RunTime:0.0008s ]
SQL: SELECT * FROM `t_manager` WHERE `Mana_Num` = '2014309020235' AND `Mana_PSD` = 'e10adc3949ba59abbe56e057f20f883e' LIMIT 1   [ RunTime:0.0004s ]
INFO: [ app_end ] --START--
INFO: Run Behavior\ShowPageTraceBehavior [ RunTime:0.000312s ]
INFO: [ app_end ] --END-- [ RunTime:0.000349s ]

[ 2016-11-28T22:02:01+08:00 ] 172.16.4.14 /PCM/index.php/Admin/index.html
INFO: [ app_init ] --START--
INFO: Run Behavior\BuildLiteBehavior [ RunTime:0.000017s ]
INFO: [ app_init ] --END-- [ RunTime:0.000371s ]
INFO: [ app_begin ] --START--
INFO: Run Behavior\ReadHtmlCacheBehavior [ RunTime:0.000461s ]
INFO: [ app_begin ] --END-- [ RunTime:0.000537s ]
INFO: [ view_parse ] --START--
INFO: [ template_filter ] --START--
INFO: Run Behavior\ContentReplaceBehavior [ RunTime:0.000049s ]
INFO: [ template_filter ] --END-- [ RunTime:0.000088s ]
INFO: Run Behavior\ParseTemplateBehavior [ RunTime:0.005511s ]
INFO: [ view_parse ] --END-- [ RunTime:0.005562s ]
INFO: [ view_filter ] --START--
INFO: Run Behavior\WriteHtmlCacheBehavior [ RunTime:0.000075s ]
INFO: [ view_filter ] --END-- [ RunTime:0.000107s ]
INFO: [ app_end ] --START--
INFO: Run Behavior\ShowPageTraceBehavior [ RunTime:0.000245s ]
INFO: [ app_end ] --END-- [ RunTime:0.000279s ]

[ 2016-11-28T22:02:03+08:00 ] 172.16.4.14 /PCM/index.php/XSGL/history.html
INFO: [ app_init ] --START--
INFO: Run Behavior\BuildLiteBehavior [ RunTime:0.000009s ]
INFO: [ app_init ] --END-- [ RunTime:0.000185s ]
INFO: [ app_begin ] --START--
INFO: Run Behavior\ReadHtmlCacheBehavior [ RunTime:0.000226s ]
INFO: [ app_begin ] --END-- [ RunTime:0.000263s ]
INFO: [ view_parse ] --START--
INFO: [ template_filter ] --START--
INFO: Run Behavior\ContentReplaceBehavior [ RunTime:0.000034s ]
INFO: [ template_filter ] --END-- [ RunTime:0.000073s ]
INFO: Run Behavior\ParseTemplateBehavior [ RunTime:0.002753s ]
INFO: [ view_parse ] --END-- [ RunTime:0.002790s ]
INFO: [ view_filter ] --START--
INFO: Run Behavior\WriteHtmlCacheBehavior [ RunTime:0.000071s ]
INFO: [ view_filter ] --END-- [ RunTime:0.000103s ]
INFO: [ app_end ] --START--
INFO: Run Behavior\ShowPageTraceBehavior [ RunTime:0.000242s ]
INFO: [ app_end ] --END-- [ RunTime:0.000277s ]

[ 2016-11-28T22:02:05+08:00 ] 172.16.4.14 /PCM/index.php/JFGL/history.html
INFO: [ app_init ] --START--
INFO: Run Behavior\BuildLiteBehavior [ RunTime:0.000008s ]
INFO: [ app_init ] --END-- [ RunTime:0.000186s ]
INFO: [ app_begin ] --START--
INFO: Run Behavior\ReadHtmlCacheBehavior [ RunTime:0.000227s ]
INFO: [ app_begin ] --END-- [ RunTime:0.000264s ]
INFO: [ view_parse ] --START--
INFO: [ template_filter ] --START--
INFO: Run Behavior\ContentReplaceBehavior [ RunTime:0.000044s ]
INFO: [ template_filter ] --END-- [ RunTime:0.000083s ]
INFO: Run Behavior\ParseTemplateBehavior [ RunTime:0.003194s ]
INFO: [ view_parse ] --END-- [ RunTime:0.003229s ]
INFO: [ view_filter ] --START--
INFO: Run Behavior\WriteHtmlCacheBehavior [ RunTime:0.000072s ]
INFO: [ view_filter ] --END-- [ RunTime:0.000104s ]
INFO: [ app_end ] --START--
INFO: Run Behavior\ShowPageTraceBehavior [ RunTime:0.000246s ]
INFO: [ app_end ] --END-- [ RunTime:0.000279s ]

[ 2016-11-28T22:02:05+08:00 ] 172.16.4.14 /PCM/index.php/JFGL/gethistory.html
INFO: [ app_init ] --START--
INFO: Run Behavior\BuildLiteBehavior [ RunTime:0.000017s ]
INFO: [ app_init ] --END-- [ RunTime:0.000370s ]
INFO: [ app_begin ] --START--
INFO: Run Behavior\ReadHtmlCacheBehavior [ RunTime:0.000454s ]
INFO: [ app_begin ] --END-- [ RunTime:0.000525s ]
SQL: SHOW COLUMNS FROM `t_signrecord` [ RunTime:0.0010s ]
SQL: SELECT COUNT(*) AS tp_count FROM `t_signrecord` LIMIT 1   [ RunTime:0.0006s ]
SQL: SELECT * FROM `t_signrecord` LIMIT 0,20   [ RunTime:0.0004s ]
INFO: [ app_end ] --START--
INFO: Run Behavior\ShowPageTraceBehavior [ RunTime:0.000310s ]
INFO: [ app_end ] --END-- [ RunTime:0.000347s ]

[ 2016-11-28T22:02:06+08:00 ] 172.16.4.14 /PCM/index.php/JFGL/detial.html
INFO: [ app_init ] --START--
INFO: Run Behavior\BuildLiteBehavior [ RunTime:0.000010s ]
INFO: [ app_init ] --END-- [ RunTime:0.000188s ]
INFO: [ app_begin ] --START--
INFO: Run Behavior\ReadHtmlCacheBehavior [ RunTime:0.000232s ]
INFO: [ app_begin ] --END-- [ RunTime:0.000270s ]
INFO: [ view_parse ] --START--
INFO: [ template_filter ] --START--
INFO: Run Behavior\ContentReplaceBehavior [ RunTime:0.000046s ]
INFO: [ template_filter ] --END-- [ RunTime:0.000084s ]
NOTIC: [8] Undefined variable: room /opt/lampp/htdocs/PCM/Application/Runtime/Cache/Admin/189fefcb0bce4d43c3a1982316645cb7.php 第 20 行.
NOTIC: [8] Undefined variable: list /opt/lampp/htdocs/PCM/Application/Runtime/Cache/Admin/189fefcb0bce4d43c3a1982316645cb7.php 第 23 行.
NOTIC: [8] Undefined variable: room /opt/lampp/htdocs/PCM/Application/Runtime/Cache/Admin/189fefcb0bce4d43c3a1982316645cb7.php 第 43 行.
INFO: Run Behavior\ParseTemplateBehavior [ RunTime:0.004094s ]
INFO: [ view_parse ] --END-- [ RunTime:0.004128s ]
INFO: [ view_filter ] --START--
INFO: Run Behavior\WriteHtmlCacheBehavior [ RunTime:0.000074s ]
INFO: [ view_filter ] --END-- [ RunTime:0.000107s ]
INFO: [ app_end ] --START--
INFO: Run Behavior\ShowPageTraceBehavior [ RunTime:0.000245s ]
INFO: [ app_end ] --END-- [ RunTime:0.000278s ]

[ 2016-11-28T22:02:31+08:00 ] 172.16.4.14 /PCM/index.php/JFGL/detial.html?room=C303
INFO: [ app_init ] --START--
INFO: Run Behavior\BuildLiteBehavior [ RunTime:0.000009s ]
INFO: [ app_init ] --END-- [ RunTime:0.000188s ]
INFO: [ app_begin ] --START--
INFO: Run Behavior\ReadHtmlCacheBehavior [ RunTime:0.000238s ]
INFO: [ app_begin ] --END-- [ RunTime:0.000275s ]
SQL: SHOW COLUMNS FROM `t_pcmessage` [ RunTime:0.0010s ]
SQL: SELECT * FROM `t_pcmessage` WHERE ( PCM_RoomName='C303' ) ORDER BY PCM_Num  [ RunTime:0.0017s ]
SQL: SHOW COLUMNS FROM `t_user` [ RunTime:0.0007s ]
SQL: SELECT * FROM `t_user` WHERE ( User_Num='' ) LIMIT 1   [ RunTime:0.0002s ]
SQL: SELECT * FROM `t_user` WHERE ( User_Num='' ) LIMIT 1   [ RunTime:0.0002s ]
SQL: SELECT * FROM `t_user` WHERE ( User_Num='' ) LIMIT 1   [ RunTime:0.0002s ]
SQL: SELECT * FROM `t_user` WHERE ( User_Num='' ) LIMIT 1   [ RunTime:0.0002s ]
SQL: SELECT * FROM `t_user` WHERE ( User_Num='' ) LIMIT 1   [ RunTime:0.0002s ]
SQL: SELECT * FROM `t_user` WHERE ( User_Num='' ) LIMIT 1   [ RunTime:0.0002s ]
SQL: SELECT * FROM `t_user` WHERE ( User_Num='' ) LIMIT 1   [ RunTime:0.0002s ]
SQL: SELECT * FROM `t_user` WHERE ( User_Num='' ) LIMIT 1   [ RunTime:0.0002s ]
SQL: SELECT * FROM `t_user` WHERE ( User_Num='' ) LIMIT 1   [ RunTime:0.0002s ]
SQL: SELECT * FROM `t_user` WHERE ( User_Num='' ) LIMIT 1   [ RunTime:0.0002s ]
SQL: SELECT * FROM `t_user` WHERE ( User_Num='' ) LIMIT 1   [ RunTime:0.0002s ]
SQL: SELECT * FROM `t_user` WHERE ( User_Num='' ) LIMIT 1   [ RunTime:0.0002s ]
SQL: SELECT * FROM `t_user` WHERE ( User_Num='' ) LIMIT 1   [ RunTime:0.0002s ]
SQL: SELECT * FROM `t_user` WHERE ( User_Num='' ) LIMIT 1   [ RunTime:0.0002s ]
SQL: SELECT * FROM `t_user` WHERE ( User_Num='' ) LIMIT 1   [ RunTime:0.0002s ]
SQL: SELECT * FROM `t_user` WHERE ( User_Num='' ) LIMIT 1   [ RunTime:0.0002s ]
SQL: SELECT * FROM `t_user` WHERE ( User_Num='' ) LIMIT 1   [ RunTime:0.0002s ]
SQL: SELECT * FROM `t_user` WHERE ( User_Num='' ) LIMIT 1   [ RunTime:0.0002s ]
SQL: SELECT * FROM `t_user` WHERE ( User_Num='' ) LIMIT 1   [ RunTime:0.0002s ]
SQL: SELECT * FROM `t_user` WHERE ( User_Num='' ) LIMIT 1   [ RunTime:0.0002s ]
SQL: SELECT * FROM `t_user` WHERE ( User_Num='' ) LIMIT 1   [ RunTime:0.0002s ]
SQL: SELECT * FROM `t_user` WHERE ( User_Num='' ) LIMIT 1   [ RunTime:0.0002s ]
SQL: SELECT * FROM `t_user` WHERE ( User_Num='' ) LIMIT 1   [ RunTime:0.0002s ]
SQL: SELECT * FROM `t_user` WHERE ( User_Num='' ) LIMIT 1   [ RunTime:0.0002s ]
SQL: SELECT * FROM `t_user` WHERE ( User_Num='' ) LIMIT 1   [ RunTime:0.0002s ]
SQL: SELECT * FROM `t_user` WHERE ( User_Num='' ) LIMIT 1   [ RunTime:0.0002s ]
SQL: SELECT * FROM `t_user` WHERE ( User_Num='' ) LIMIT 1   [ RunTime:0.0002s ]
SQL: SELECT * FROM `t_user` WHERE ( User_Num='' ) LIMIT 1   [ RunTime:0.0002s ]
SQL: SELECT * FROM `t_user` WHERE ( User_Num='' ) LIMIT 1   [ RunTime:0.0002s ]
SQL: SELECT * FROM `t_user` WHERE ( User_Num='' ) LIMIT 1   [ RunTime:0.0002s ]
SQL: SELECT * FROM `t_user` WHERE ( User_Num='' ) LIMIT 1   [ RunTime:0.0002s ]
SQL: SELECT * FROM `t_user` WHERE ( User_Num='' ) LIMIT 1   [ RunTime:0.0002s ]
SQL: SELECT * FROM `t_user` WHERE ( User_Num='' ) LIMIT 1   [ RunTime:0.0002s ]
SQL: SELECT * FROM `t_user` WHERE ( User_Num='' ) LIMIT 1   [ RunTime:0.0002s ]
SQL: SELECT * FROM `t_user` WHERE ( User_Num='' ) LIMIT 1   [ RunTime:0.0002s ]
SQL: SELECT * FROM `t_user` WHERE ( User_Num='' ) LIMIT 1   [ RunTime:0.0002s ]
SQL: SELECT * FROM `t_user` WHERE ( User_Num='' ) LIMIT 1   [ RunTime:0.0002s ]
SQL: SELECT * FROM `t_user` WHERE ( User_Num='' ) LIMIT 1   [ RunTime:0.0002s ]
SQL: SELECT * FROM `t_user` WHERE ( User_Num='' ) LIMIT 1   [ RunTime:0.0002s ]
SQL: SELECT * FROM `t_user` WHERE ( User_Num='' ) LIMIT 1   [ RunTime:0.0002s ]
SQL: SELECT * FROM `t_user` WHERE ( User_Num='' ) LIMIT 1   [ RunTime:0.0002s ]
SQL: SELECT * FROM `t_user` WHERE ( User_Num='' ) LIMIT 1   [ RunTime:0.0002s ]
SQL: SELECT * FROM `t_user` WHERE ( User_Num='' ) LIMIT 1   [ RunTime:0.0002s ]
SQL: SELECT * FROM `t_user` WHERE ( User_Num='' ) LIMIT 1   [ RunTime:0.0002s ]
SQL: SELECT * FROM `t_user` WHERE ( User_Num='' ) LIMIT 1   [ RunTime:0.0002s ]
SQL: SELECT * FROM `t_user` WHERE ( User_Num='' ) LIMIT 1   [ RunTime:0.0002s ]
SQL: SELECT * FROM `t_user` WHERE ( User_Num='' ) LIMIT 1   [ RunTime:0.0002s ]
SQL: SELECT * FROM `t_user` WHERE ( User_Num='' ) LIMIT 1   [ RunTime:0.0002s ]
SQL: SELECT * FROM `t_user` WHERE ( User_Num='' ) LIMIT 1   [ RunTime:0.0002s ]
SQL: SELECT * FROM `t_user` WHERE ( User_Num='' ) LIMIT 1   [ RunTime:0.0002s ]
SQL: SELECT * FROM `t_user` WHERE ( User_Num='' ) LIMIT 1   [ RunTime:0.0002s ]
SQL: SELECT * FROM `t_user` WHERE ( User_Num='' ) LIMIT 1   [ RunTime:0.0002s ]
SQL: SELECT * FROM `t_user` WHERE ( User_Num='' ) LIMIT 1   [ RunTime:0.0002s ]
SQL: SELECT * FROM `t_user` WHERE ( User_Num='' ) LIMIT 1   [ RunTime:0.0002s ]
SQL: SELECT * FROM `t_user` WHERE ( User_Num='' ) LIMIT 1   [ RunTime:0.0002s ]
SQL: SELECT * FROM `t_user` WHERE ( User_Num='' ) LIMIT 1   [ RunTime:0.0002s ]
SQL: SELECT * FROM `t_user` WHERE ( User_Num='' ) LIMIT 1   [ RunTime:0.0002s ]
SQL: SELECT * FROM `t_user` WHERE ( User_Num='' ) LIMIT 1   [ RunTime:0.0002s ]
SQL: SELECT * FROM `t_user` WHERE ( User_Num='' ) LIMIT 1   [ RunTime:0.0002s ]
SQL: SELECT * FROM `t_user` WHERE ( User_Num='' ) LIMIT 1   [ RunTime:0.0002s ]
SQL: SELECT * FROM `t_user` WHERE ( User_Num='' ) LIMIT 1   [ RunTime:0.0002s ]
SQL: SELECT * FROM `t_user` WHERE ( User_Num='' ) LIMIT 1   [ RunTime:0.0002s ]
SQL: SELECT * FROM `t_user` WHERE ( User_Num='' ) LIMIT 1   [ RunTime:0.0002s ]
SQL: SELECT * FROM `t_user` WHERE ( User_Num='' ) LIMIT 1   [ RunTime:0.0002s ]
SQL: SELECT * FROM `t_user` WHERE ( User_Num='' ) LIMIT 1   [ RunTime:0.0002s ]
SQL: SELECT * FROM `t_user` WHERE ( User_Num='' ) LIMIT 1   [ RunTime:0.0002s ]
SQL: SELECT * FROM `t_user` WHERE ( User_Num='' ) LIMIT 1   [ RunTime:0.0002s ]
SQL: SELECT * FROM `t_user` WHERE ( User_Num='' ) LIMIT 1   [ RunTime:0.0002s ]
SQL: SELECT * FROM `t_user` WHERE ( User_Num='' ) LIMIT 1   [ RunTime:0.0002s ]
SQL: SELECT * FROM `t_user` WHERE ( User_Num='' ) LIMIT 1   [ RunTime:0.0002s ]
SQL: SELECT * FROM `t_user` WHERE ( User_Num='' ) LIMIT 1   [ RunTime:0.0002s ]
SQL: SELECT * FROM `t_user` WHERE ( User_Num='' ) LIMIT 1   [ RunTime:0.0002s ]
SQL: SELECT * FROM `t_user` WHERE ( User_Num='' ) LIMIT 1   [ RunTime:0.0002s ]
SQL: SELECT * FROM `t_user` WHERE ( User_Num='' ) LIMIT 1   [ RunTime:0.0002s ]
SQL: SELECT * FROM `t_user` WHERE ( User_Num='' ) LIMIT 1   [ RunTime:0.0002s ]
SQL: SELECT * FROM `t_user` WHERE ( User_Num='' ) LIMIT 1   [ RunTime:0.0002s ]
SQL: SELECT * FROM `t_user` WHERE ( User_Num='' ) LIMIT 1   [ RunTime:0.0002s ]
SQL: SELECT * FROM `t_user` WHERE ( User_Num='' ) LIMIT 1   [ RunTime:0.0002s ]
SQL: SELECT * FROM `t_user` WHERE ( User_Num='' ) LIMIT 1   [ RunTime:0.0002s ]
SQL: SELECT * FROM `t_user` WHERE ( User_Num='' ) LIMIT 1   [ RunTime:0.0003s ]
SQL: SELECT * FROM `t_user` WHERE ( User_Num='' ) LIMIT 1   [ RunTime:0.0002s ]
INFO: [ view_parse ] --START--
INFO: [ template_filter ] --START--
INFO: Run Behavior\ContentReplaceBehavior [ RunTime:0.000072s ]
INFO: [ template_filter ] --END-- [ RunTime:0.000158s ]
INFO: Run Behavior\ParseTemplateBehavior [ RunTime:0.007962s ]
INFO: [ view_parse ] --END-- [ RunTime:0.008013s ]
INFO: [ view_filter ] --START--
INFO: Run Behavior\WriteHtmlCacheBehavior [ RunTime:0.000086s ]
INFO: [ view_filter ] --END-- [ RunTime:0.000124s ]
INFO: [ app_end ] --START--
INFO: Run Behavior\ShowPageTraceBehavior [ RunTime:0.000310s ]
INFO: [ app_end ] --END-- [ RunTime:0.000349s ]

[ 2016-11-28T22:02:34+08:00 ] 172.16.4.14 /PCM/index.php/JFGL/detial.html?room=C305
INFO: [ app_init ] --START--
INFO: Run Behavior\BuildLiteBehavior [ RunTime:0.000009s ]
INFO: [ app_init ] --END-- [ RunTime:0.000186s ]
INFO: [ app_begin ] --START--
INFO: Run Behavior\ReadHtmlCacheBehavior [ RunTime:0.000223s ]
INFO: [ app_begin ] --END-- [ RunTime:0.000260s ]
SQL: SHOW COLUMNS FROM `t_pcmessage` [ RunTime:0.0010s ]
SQL: SELECT * FROM `t_pcmessage` WHERE ( PCM_RoomName='C305' ) ORDER BY PCM_Num  [ RunTime:0.0017s ]
SQL: SHOW COLUMNS FROM `t_user` [ RunTime:0.0007s ]
SQL: SELECT * FROM `t_user` WHERE ( User_Num='2014309020235' ) LIMIT 1   [ RunTime:0.0003s ]
SQL: SELECT * FROM `t_user` WHERE ( User_Num='' ) LIMIT 1   [ RunTime:0.0002s ]
SQL: SELECT * FROM `t_user` WHERE ( User_Num='' ) LIMIT 1   [ RunTime:0.0002s ]
SQL: SELECT * FROM `t_user` WHERE ( User_Num='' ) LIMIT 1   [ RunTime:0.0002s ]
SQL: SELECT * FROM `t_user` WHERE ( User_Num='' ) LIMIT 1   [ RunTime:0.0002s ]
SQL: SELECT * FROM `t_user` WHERE ( User_Num='' ) LIMIT 1   [ RunTime:0.0002s ]
SQL: SELECT * FROM `t_user` WHERE ( User_Num='' ) LIMIT 1   [ RunTime:0.0002s ]
SQL: SELECT * FROM `t_user` WHERE ( User_Num='' ) LIMIT 1   [ RunTime:0.0002s ]
SQL: SELECT * FROM `t_user` WHERE ( User_Num='' ) LIMIT 1   [ RunTime:0.0002s ]
SQL: SELECT * FROM `t_user` WHERE ( User_Num='' ) LIMIT 1   [ RunTime:0.0002s ]
SQL: SELECT * FROM `t_user` WHERE ( User_Num='' ) LIMIT 1   [ RunTime:0.0002s ]
SQL: SELECT * FROM `t_user` WHERE ( User_Num='' ) LIMIT 1   [ RunTime:0.0002s ]
SQL: SELECT * FROM `t_user` WHERE ( User_Num='' ) LIMIT 1   [ RunTime:0.0002s ]
SQL: SELECT * FROM `t_user` WHERE ( User_Num='' ) LIMIT 1   [ RunTime:0.0002s ]
SQL: SELECT * FROM `t_user` WHERE ( User_Num='' ) LIMIT 1   [ RunTime:0.0002s ]
SQL: SELECT * FROM `t_user` WHERE ( User_Num='' ) LIMIT 1   [ RunTime:0.0002s ]
SQL: SELECT * FROM `t_user` WHERE ( User_Num='' ) LIMIT 1   [ RunTime:0.0002s ]
SQL: SELECT * FROM `t_user` WHERE ( User_Num='' ) LIMIT 1   [ RunTime:0.0002s ]
SQL: SELECT * FROM `t_user` WHERE ( User_Num='' ) LIMIT 1   [ RunTime:0.0002s ]
SQL: SELECT * FROM `t_user` WHERE ( User_Num='' ) LIMIT 1   [ RunTime:0.0002s ]
SQL: SELECT * FROM `t_user` WHERE ( User_Num='' ) LIMIT 1   [ RunTime:0.0002s ]
SQL: SELECT * FROM `t_user` WHERE ( User_Num='' ) LIMIT 1   [ RunTime:0.0002s ]
SQL: SELECT * FROM `t_user` WHERE ( User_Num='' ) LIMIT 1   [ RunTime:0.0002s ]
SQL: SELECT * FROM `t_user` WHERE ( User_Num='' ) LIMIT 1   [ RunTime:0.0002s ]
SQL: SELECT * FROM `t_user` WHERE ( User_Num='' ) LIMIT 1   [ RunTime:0.0002s ]
SQL: SELECT * FROM `t_user` WHERE ( User_Num='' ) LIMIT 1   [ RunTime:0.0002s ]
SQL: SELECT * FROM `t_user` WHERE ( User_Num='' ) LIMIT 1   [ RunTime:0.0002s ]
SQL: SELECT * FROM `t_user` WHERE ( User_Num='' ) LIMIT 1   [ RunTime:0.0002s ]
SQL: SELECT * FROM `t_user` WHERE ( User_Num='' ) LIMIT 1   [ RunTime:0.0002s ]
SQL: SELECT * FROM `t_user` WHERE ( User_Num='' ) LIMIT 1   [ RunTime:0.0002s ]
SQL: SELECT * FROM `t_user` WHERE ( User_Num='' ) LIMIT 1   [ RunTime:0.0002s ]
SQL: SELECT * FROM `t_user` WHERE ( User_Num='' ) LIMIT 1   [ RunTime:0.0002s ]
SQL: SELECT * FROM `t_user` WHERE ( User_Num='' ) LIMIT 1   [ RunTime:0.0002s ]
SQL: SELECT * FROM `t_user` WHERE ( User_Num='' ) LIMIT 1   [ RunTime:0.0002s ]
SQL: SELECT * FROM `t_user` WHERE ( User_Num='' ) LIMIT 1   [ RunTime:0.0002s ]
SQL: SELECT * FROM `t_user` WHERE ( User_Num='' ) LIMIT 1   [ RunTime:0.0002s ]
SQL: SELECT * FROM `t_user` WHERE ( User_Num='' ) LIMIT 1   [ RunTime:0.0002s ]
SQL: SELECT * FROM `t_user` WHERE ( User_Num='' ) LIMIT 1   [ RunTime:0.0002s ]
SQL: SELECT * FROM `t_user` WHERE ( User_Num='' ) LIMIT 1   [ RunTime:0.0002s ]
SQL: SELECT * FROM `t_user` WHERE ( User_Num='' ) LIMIT 1   [ RunTime:0.0002s ]
SQL: SELECT * FROM `t_user` WHERE ( User_Num='' ) LIMIT 1   [ RunTime:0.0002s ]
SQL: SELECT * FROM `t_user` WHERE ( User_Num='' ) LIMIT 1   [ RunTime:0.0002s ]
SQL: SELECT * FROM `t_user` WHERE ( User_Num='' ) LIMIT 1   [ RunTime:0.0002s ]
SQL: SELECT * FROM `t_user` WHERE ( User_Num='' ) LIMIT 1   [ RunTime:0.0002s ]
SQL: SELECT * FROM `t_user` WHERE ( User_Num='' ) LIMIT 1   [ RunTime:0.0002s ]
SQL: SELECT * FROM `t_user` WHERE ( User_Num='' ) LIMIT 1   [ RunTime:0.0003s ]
SQL: SELECT * FROM `t_user` WHERE ( User_Num='' ) LIMIT 1   [ RunTime:0.0002s ]
SQL: SELECT * FROM `t_user` WHERE ( User_Num='' ) LIMIT 1   [ RunTime:0.0002s ]
SQL: SELECT * FROM `t_user` WHERE ( User_Num='' ) LIMIT 1   [ RunTime:0.0002s ]
SQL: SELECT * FROM `t_user` WHERE ( User_Num='' ) LIMIT 1   [ RunTime:0.0002s ]
SQL: SELECT * FROM `t_user` WHERE ( User_Num='' ) LIMIT 1   [ RunTime:0.0002s ]
SQL: SELECT * FROM `t_user` WHERE ( User_Num='' ) LIMIT 1   [ RunTime:0.0002s ]
SQL: SELECT * FROM `t_user` WHERE ( User_Num='' ) LIMIT 1   [ RunTime:0.0002s ]
SQL: SELECT * FROM `t_user` WHERE ( User_Num='' ) LIMIT 1   [ RunTime:0.0002s ]
SQL: SELECT * FROM `t_user` WHERE ( User_Num='' ) LIMIT 1   [ RunTime:0.0002s ]
SQL: SELECT * FROM `t_user` WHERE ( User_Num='' ) LIMIT 1   [ RunTime:0.0003s ]
SQL: SELECT * FROM `t_user` WHERE ( User_Num='' ) LIMIT 1   [ RunTime:0.0002s ]
SQL: SELECT * FROM `t_user` WHERE ( User_Num='' ) LIMIT 1   [ RunTime:0.0002s ]
SQL: SELECT * FROM `t_user` WHERE ( User_Num='' ) LIMIT 1   [ RunTime:0.0002s ]
SQL: SELECT * FROM `t_user` WHERE ( User_Num='' ) LIMIT 1   [ RunTime:0.0002s ]
SQL: SELECT * FROM `t_user` WHERE ( User_Num='' ) LIMIT 1   [ RunTime:0.0002s ]
SQL: SELECT * FROM `t_user` WHERE ( User_Num='' ) LIMIT 1   [ RunTime:0.0002s ]
SQL: SELECT * FROM `t_user` WHERE ( User_Num='' ) LIMIT 1   [ RunTime:0.0002s ]
SQL: SELECT * FROM `t_user` WHERE ( User_Num='' ) LIMIT 1   [ RunTime:0.0002s ]
SQL: SELECT * FROM `t_user` WHERE ( User_Num='' ) LIMIT 1   [ RunTime:0.0002s ]
SQL: SELECT * FROM `t_user` WHERE ( User_Num='' ) LIMIT 1   [ RunTime:0.0002s ]
SQL: SELECT * FROM `t_user` WHERE ( User_Num='' ) LIMIT 1   [ RunTime:0.0002s ]
SQL: SELECT * FROM `t_user` WHERE ( User_Num='' ) LIMIT 1   [ RunTime:0.0002s ]
SQL: SELECT * FROM `t_user` WHERE ( User_Num='' ) LIMIT 1   [ RunTime:0.0002s ]
SQL: SELECT * FROM `t_user` WHERE ( User_Num='' ) LIMIT 1   [ RunTime:0.0002s ]
SQL: SELECT * FROM `t_user` WHERE ( User_Num='' ) LIMIT 1   [ RunTime:0.0002s ]
SQL: SELECT * FROM `t_user` WHERE ( User_Num='' ) LIMIT 1   [ RunTime:0.0002s ]
SQL: SELECT * FROM `t_user` WHERE ( User_Num='' ) LIMIT 1   [ RunTime:0.0002s ]
SQL: SELECT * FROM `t_user` WHERE ( User_Num='' ) LIMIT 1   [ RunTime:0.0002s ]
SQL: SELECT * FROM `t_user` WHERE ( User_Num='' ) LIMIT 1   [ RunTime:0.0002s ]
SQL: SELECT * FROM `t_user` WHERE ( User_Num='' ) LIMIT 1   [ RunTime:0.0002s ]
SQL: SELECT * FROM `t_user` WHERE ( User_Num='' ) LIMIT 1   [ RunTime:0.0002s ]
SQL: SELECT * FROM `t_user` WHERE ( User_Num='' ) LIMIT 1   [ RunTime:0.0002s ]
SQL: SELECT * FROM `t_user` WHERE ( User_Num='' ) LIMIT 1   [ RunTime:0.0002s ]
SQL: SELECT * FROM `t_user` WHERE ( User_Num='' ) LIMIT 1   [ RunTime:0.0002s ]
SQL: SELECT * FROM `t_user` WHERE ( User_Num='' ) LIMIT 1   [ RunTime:0.0002s ]
INFO: [ view_parse ] --START--
INFO: [ template_filter ] --START--
INFO: Run Behavior\ContentReplaceBehavior [ RunTime:0.000074s ]
INFO: [ template_filter ] --END-- [ RunTime:0.000146s ]
INFO: Run Behavior\ParseTemplateBehavior [ RunTime:0.006573s ]
INFO: [ view_parse ] --END-- [ RunTime:0.006628s ]
INFO: [ view_filter ] --START--
INFO: Run Behavior\WriteHtmlCacheBehavior [ RunTime:0.000096s ]
INFO: [ view_filter ] --END-- [ RunTime:0.000137s ]
INFO: [ app_end ] --START--
INFO: Run Behavior\ShowPageTraceBehavior [ RunTime:0.000319s ]
INFO: [ app_end ] --END-- [ RunTime:0.000362s ]

[ 2016-11-28T22:02:47+08:00 ] 172.16.4.14 /PCM/index.php/JFGL/detial.html?room=C410
INFO: [ app_init ] --START--
INFO: Run Behavior\BuildLiteBehavior [ RunTime:0.000017s ]
INFO: [ app_init ] --END-- [ RunTime:0.000367s ]
INFO: [ app_begin ] --START--
INFO: Run Behavior\ReadHtmlCacheBehavior [ RunTime:0.000465s ]
INFO: [ app_begin ] --END-- [ RunTime:0.000541s ]
SQL: SHOW COLUMNS FROM `t_pcmessage` [ RunTime:0.0010s ]
SQL: SELECT * FROM `t_pcmessage` WHERE ( PCM_RoomName='C410' ) ORDER BY PCM_Num  [ RunTime:0.0007s ]
SQL: SHOW COLUMNS FROM `t_user` [ RunTime:0.0007s ]
SQL: SELECT * FROM `t_user` WHERE ( User_Num='2014309010124' ) LIMIT 1   [ RunTime:0.0003s ]
INFO: [ view_parse ] --START--
INFO: [ template_filter ] --START--
INFO: Run Behavior\ContentReplaceBehavior [ RunTime:0.000059s ]
INFO: [ template_filter ] --END-- [ RunTime:0.000109s ]
INFO: Run Behavior\ParseTemplateBehavior [ RunTime:0.005569s ]
INFO: [ view_parse ] --END-- [ RunTime:0.005614s ]
INFO: [ view_filter ] --START--
INFO: Run Behavior\WriteHtmlCacheBehavior [ RunTime:0.000095s ]
INFO: [ view_filter ] --END-- [ RunTime:0.000135s ]
INFO: [ app_end ] --START--
INFO: Run Behavior\ShowPageTraceBehavior [ RunTime:0.000309s ]
INFO: [ app_end ] --END-- [ RunTime:0.000351s ]

[ 2016-11-28T22:02:47+08:00 ] 172.16.4.14 /PCM/Public/Upload/screen_20161125_2208
INFO: [ app_init ] --START--
INFO: Run Behavior\BuildLiteBehavior [ RunTime:0.000009s ]
INFO: [ app_init ] --END-- [ RunTime:0.000184s ]
INFO: [ app_begin ] --START--
INFO: Run Behavior\ReadHtmlCacheBehavior [ RunTime:0.000228s ]
INFO: [ app_begin ] --END-- [ RunTime:0.000265s ]
ERR: 无法加载控制器:Public

[ 2016-11-28T22:02:59+08:00 ] 172.16.4.14 /PCM/index.php/JFGL/ScreenJpg.html
INFO: [ app_init ] --START--
INFO: Run Behavior\BuildLiteBehavior [ RunTime:0.000010s ]
INFO: [ app_init ] --END-- [ RunTime:0.000187s ]
INFO: [ app_begin ] --START--
INFO: Run Behavior\ReadHtmlCacheBehavior [ RunTime:0.000229s ]
INFO: [ app_begin ] --END-- [ RunTime:0.000262s ]
SQL: SHOW COLUMNS FROM `t_pcmessage` [ RunTime:0.0010s ]
SQL: UPDATE `t_pcmessage` SET `PCM_GetNewOpera`='0' WHERE ( PCM_RoomName='C410' ) [ RunTime:0.0020s ]
INFO: [ app_end ] --START--
INFO: Run Behavior\ShowPageTraceBehavior [ RunTime:0.000585s ]
INFO: [ app_end ] --END-- [ RunTime:0.000657s ]

[ 2016-11-28T22:03:11+08:00 ] 172.16.4.14 /PCM/index.php/JFGL/detial.html?room=C410
INFO: [ app_init ] --START--
INFO: Run Behavior\BuildLiteBehavior [ RunTime:0.000016s ]
INFO: [ app_init ] --END-- [ RunTime:0.000369s ]
INFO: [ app_begin ] --START--
INFO: Run Behavior\ReadHtmlCacheBehavior [ RunTime:0.000465s ]
INFO: [ app_begin ] --END-- [ RunTime:0.000539s ]
SQL: SHOW COLUMNS FROM `t_pcmessage` [ RunTime:0.0010s ]
SQL: SELECT * FROM `t_pcmessage` WHERE ( PCM_RoomName='C410' ) ORDER BY PCM_Num  [ RunTime:0.0007s ]
SQL: SHOW COLUMNS FROM `t_user` [ RunTime:0.0007s ]
SQL: SELECT * FROM `t_user` WHERE ( User_Num='2014309010124' ) LIMIT 1   [ RunTime:0.0003s ]
INFO: [ view_parse ] --START--
INFO: [ template_filter ] --START--
INFO: Run Behavior\ContentReplaceBehavior [ RunTime:0.000050s ]
INFO: [ template_filter ] --END-- [ RunTime:0.000088s ]
INFO: Run Behavior\ParseTemplateBehavior [ RunTime:0.004272s ]
INFO: [ view_parse ] --END-- [ RunTime:0.004314s ]
INFO: [ view_filter ] --START--
INFO: Run Behavior\WriteHtmlCacheBehavior [ RunTime:0.000094s ]
INFO: [ view_filter ] --END-- [ RunTime:0.000132s ]
INFO: [ app_end ] --START--
INFO: Run Behavior\ShowPageTraceBehavior [ RunTime:0.000301s ]
INFO: [ app_end ] --END-- [ RunTime:0.000341s ]

[ 2016-11-28T22:03:11+08:00 ] 172.16.4.14 /PCM/Public/Upload/screen_20161125_2208
INFO: [ app_init ] --START--
INFO: Run Behavior\BuildLiteBehavior [ RunTime:0.000009s ]
INFO: [ app_init ] --END-- [ RunTime:0.000184s ]
INFO: [ app_begin ] --START--
INFO: Run Behavior\ReadHtmlCacheBehavior [ RunTime:0.000225s ]
INFO: [ app_begin ] --END-- [ RunTime:0.000261s ]
ERR: 无法加载控制器:Public

[ 2016-11-28T22:03:13+08:00 ] 172.16.4.14 /PCM/index.php/JFGL/ScreenJpg.html
INFO: [ app_init ] --START--
INFO: Run Behavior\BuildLiteBehavior [ RunTime:0.000009s ]
INFO: [ app_init ] --END-- [ RunTime:0.000191s ]
INFO: [ app_begin ] --START--
INFO: Run Behavior\ReadHtmlCacheBehavior [ RunTime:0.000225s ]
INFO: [ app_begin ] --END-- [ RunTime:0.000258s ]
SQL: SHOW COLUMNS FROM `t_pcmessage` [ RunTime:0.0010s ]
SQL: UPDATE `t_pcmessage` SET `PCM_GetNewOpera`='0' WHERE ( PCM_RoomName='C410' ) [ RunTime:0.0020s ]
INFO: [ app_end ] --START--
INFO: Run Behavior\ShowPageTraceBehavior [ RunTime:0.000299s ]
INFO: [ app_end ] --END-- [ RunTime:0.000336s ]

[ 2016-11-28T22:16:22+08:00 ] 172.16.4.14 /PCM/index.php/XXGL/message.html
INFO: [ app_init ] --START--
INFO: Run Behavior\BuildLiteBehavior [ RunTime:0.000017s ]
INFO: [ app_init ] --END-- [ RunTime:0.000368s ]
INFO: [ app_begin ] --START--
INFO: Run Behavior\ReadHtmlCacheBehavior [ RunTime:0.000463s ]
INFO: [ app_begin ] --END-- [ RunTime:0.000540s ]
INFO: [ view_parse ] --START--
INFO: [ template_filter ] --START--
INFO: Run Behavior\ContentReplaceBehavior [ RunTime:0.000035s ]
INFO: [ template_filter ] --END-- [ RunTime:0.000074s ]
INFO: Run Behavior\ParseTemplateBehavior [ RunTime:0.007038s ]
INFO: [ view_parse ] --END-- [ RunTime:0.007090s ]
INFO: [ view_filter ] --START--
INFO: Run Behavior\WriteHtmlCacheBehavior [ RunTime:0.000076s ]
INFO: [ view_filter ] --END-- [ RunTime:0.000106s ]
INFO: [ app_end ] --START--
INFO: Run Behavior\ShowPageTraceBehavior [ RunTime:0.000249s ]
INFO: [ app_end ] --END-- [ RunTime:0.000282s ]

[ 2016-11-28T22:16:22+08:00 ] 172.16.4.14 /PCM/index.php/XXGL/notice.html
INFO: [ app_init ] --START--
INFO: Run Behavior\BuildLiteBehavior [ RunTime:0.000009s ]
INFO: [ app_init ] --END-- [ RunTime:0.000183s ]
INFO: [ app_begin ] --START--
INFO: Run Behavior\ReadHtmlCacheBehavior [ RunTime:0.000228s ]
INFO: [ app_begin ] --END-- [ RunTime:0.000264s ]
INFO: [ view_parse ] --START--
INFO: [ template_filter ] --START--
INFO: Run Behavior\ContentReplaceBehavior [ RunTime:0.000035s ]
INFO: [ template_filter ] --END-- [ RunTime:0.000073s ]
INFO: Run Behavior\ParseTemplateBehavior [ RunTime:0.002742s ]
INFO: [ view_parse ] --END-- [ RunTime:0.002777s ]
INFO: [ view_filter ] --START--
INFO: Run Behavior\WriteHtmlCacheBehavior [ RunTime:0.000070s ]
INFO: [ view_filter ] --END-- [ RunTime:0.000101s ]
INFO: [ app_end ] --START--
INFO: Run Behavior\ShowPageTraceBehavior [ RunTime:0.000242s ]
INFO: [ app_end ] --END-- [ RunTime:0.000275s ]

[ 2016-11-28T22:16:23+08:00 ] 172.16.4.14 /PCM/index.php/XXGL/reply.html
INFO: [ app_init ] --START--
INFO: Run Behavior\BuildLiteBehavior [ RunTime:0.000009s ]
INFO: [ app_init ] --END-- [ RunTime:0.000182s ]
INFO: [ app_begin ] --START--
INFO: Run Behavior\ReadHtmlCacheBehavior [ RunTime:0.000226s ]
INFO: [ app_begin ] --END-- [ RunTime:0.000262s ]
INFO: [ view_parse ] --START--
INFO: [ template_filter ] --START--
INFO: Run Behavior\ContentReplaceBehavior [ RunTime:0.000035s ]
INFO: [ template_filter ] --END-- [ RunTime:0.000072s ]
INFO: Run Behavior\ParseTemplateBehavior [ RunTime:0.002721s ]
INFO: [ view_parse ] --END-- [ RunTime:0.002757s ]
INFO: [ view_filter ] --START--
INFO: Run Behavior\WriteHtmlCacheBehavior [ RunTime:0.000070s ]
INFO: [ view_filter ] --END-- [ RunTime:0.000102s ]
INFO: [ app_end ] --START--
INFO: Run Behavior\ShowPageTraceBehavior [ RunTime:0.000243s ]
INFO: [ app_end ] --END-- [ RunTime:0.000276s ]

[ 2016-11-28T22:16:31+08:00 ] 172.16.4.14 /PCM/index.php/GJQX/manager.html
INFO: [ app_init ] --START--
INFO: Run Behavior\BuildLiteBehavior [ RunTime:0.000017s ]
INFO: [ app_init ] --END-- [ RunTime:0.000371s ]
INFO: [ app_begin ] --START--
INFO: Run Behavior\ReadHtmlCacheBehavior [ RunTime:0.000460s ]
INFO: [ app_begin ] --END-- [ RunTime:0.000536s ]
INFO: [ view_parse ] --START--
INFO: [ template_filter ] --START--
INFO: Run Behavior\ContentReplaceBehavior [ RunTime:0.000047s ]
INFO: [ template_filter ] --END-- [ RunTime:0.000088s ]
INFO: Run Behavior\ParseTemplateBehavior [ RunTime:0.003766s ]
INFO: [ view_parse ] --END-- [ RunTime:0.003818s ]
INFO: [ view_filter ] --START--
INFO: Run Behavior\WriteHtmlCacheBehavior [ RunTime:0.000086s ]
INFO: [ view_filter ] --END-- [ RunTime:0.000117s ]
INFO: [ app_end ] --START--
INFO: Run Behavior\ShowPageTraceBehavior [ RunTime:0.000254s ]
INFO: [ app_end ] --END-- [ RunTime:0.000290s ]

[ 2016-11-28T22:16:31+08:00 ] 172.16.4.14 /PCM/index.php/GJQX/getmanamessage.html
INFO: [ app_init ] --START--
INFO: Run Behavior\BuildLiteBehavior [ RunTime:0.000008s ]
INFO: [ app_init ] --END-- [ RunTime:0.000185s ]
INFO: [ app_begin ] --START--
INFO: Run Behavior\ReadHtmlCacheBehavior [ RunTime:0.000224s ]
INFO: [ app_begin ] --END-- [ RunTime:0.000257s ]
SQL: SHOW COLUMNS FROM `t_manager` [ RunTime:0.0008s ]
SQL: SELECT COUNT(*) AS tp_count FROM `t_manager` WHERE ( Mana_Type='学生管理员' ) LIMIT 1   [ RunTime:0.0003s ]
SQL: SELECT * FROM `t_manager` WHERE ( Mana_Type='学生管理员' ) LIMIT 0,20   [ RunTime:0.0003s ]
INFO: [ app_end ] --START--
INFO: Run Behavior\ShowPageTraceBehavior [ RunTime:0.000302s ]
INFO: [ app_end ] --END-- [ RunTime:0.000340s ]

[ 2016-11-28T22:16:32+08:00 ] 172.16.4.14 /PCM/index.php/GJQX/verify.html
INFO: [ app_init ] --START--
INFO: Run Behavior\BuildLiteBehavior [ RunTime:0.000009s ]
INFO: [ app_init ] --END-- [ RunTime:0.000183s ]
INFO: [ app_begin ] --START--
INFO: Run Behavior\ReadHtmlCacheBehavior [ RunTime:0.000226s ]
INFO: [ app_begin ] --END-- [ RunTime:0.000263s ]
INFO: [ view_parse ] --START--
INFO: [ template_filter ] --START--
INFO: Run Behavior\ContentReplaceBehavior [ RunTime:0.000039s ]
INFO: [ template_filter ] --END-- [ RunTime:0.000076s ]
INFO: Run Behavior\ParseTemplateBehavior [ RunTime:0.002972s ]
INFO: [ view_parse ] --END-- [ RunTime:0.003007s ]
INFO: [ view_filter ] --START--
INFO: Run Behavior\WriteHtmlCacheBehavior [ RunTime:0.000078s ]
INFO: [ view_filter ] --END-- [ RunTime:0.000109s ]
INFO: [ app_end ] --START--
INFO: Run Behavior\ShowPageTraceBehavior [ RunTime:0.000246s ]
INFO: [ app_end ] --END-- [ RunTime:0.000279s ]

[ 2016-11-28T22:16:34+08:00 ] 172.16.4.14 /PCM/index.php/GJQX/teacher.html
INFO: [ app_init ] --START--
INFO: Run Behavior\BuildLiteBehavior [ RunTime:0.000009s ]
INFO: [ app_init ] --END-- [ RunTime:0.000184s ]
INFO: [ app_begin ] --START--
INFO: Run Behavior\ReadHtmlCacheBehavior [ RunTime:0.000226s ]
INFO: [ app_begin ] --END-- [ RunTime:0.000262s ]
INFO: [ view_parse ] --START--
INFO: [ template_filter ] --START--
INFO: Run Behavior\ContentReplaceBehavior [ RunTime:0.000046s ]
INFO: [ template_filter ] --END-- [ RunTime:0.000084s ]
INFO: Run Behavior\ParseTemplateBehavior [ RunTime:0.003742s ]
INFO: [ view_parse ] --END-- [ RunTime:0.003777s ]
INFO: [ view_filter ] --START--
INFO: Run Behavior\WriteHtmlCacheBehavior [ RunTime:0.000073s ]
INFO: [ view_filter ] --END-- [ RunTime:0.000105s ]
INFO: [ app_end ] --START--
INFO: Run Behavior\ShowPageTraceBehavior [ RunTime:0.000245s ]
INFO: [ app_end ] --END-- [ RunTime:0.000279s ]

[ 2016-11-28T22:16:35+08:00 ] 172.16.4.14 /PCM/index.php/GJQX/getteamessage.html
INFO: [ app_init ] --START--
INFO: Run Behavior\BuildLiteBehavior [ RunTime:0.000009s ]
INFO: [ app_init ] --END-- [ RunTime:0.000183s ]
INFO: [ app_begin ] --START--
INFO: Run Behavior\ReadHtmlCacheBehavior [ RunTime:0.000222s ]
INFO: [ app_begin ] --END-- [ RunTime:0.000257s ]
SQL: SHOW COLUMNS FROM `t_manager` [ RunTime:0.0008s ]
SQL: SELECT COUNT(*) AS tp_count FROM `t_manager` WHERE ( Mana_Type='授课教师' ) LIMIT 1   [ RunTime:0.0003s ]
SQL: SELECT * FROM `t_manager` WHERE ( Mana_Type='授课教师' ) LIMIT 0,20   [ RunTime:0.0003s ]
INFO: [ app_end ] --START--
INFO: Run Behavior\ShowPageTraceBehavior [ RunTime:0.000297s ]
INFO: [ app_end ] --END-- [ RunTime:0.000335s ]

[ 2016-11-28T22:16:35+08:00 ] 172.16.4.14 /PCM/index.php/GJQX/student.html
INFO: [ app_init ] --START--
INFO: Run Behavior\BuildLiteBehavior [ RunTime:0.000009s ]
INFO: [ app_init ] --END-- [ RunTime:0.000184s ]
INFO: [ app_begin ] --START--
INFO: Run Behavior\ReadHtmlCacheBehavior [ RunTime:0.000225s ]
INFO: [ app_begin ] --END-- [ RunTime:0.000261s ]
INFO: [ view_parse ] --START--
INFO: [ template_filter ] --START--
INFO: Run Behavior\ContentReplaceBehavior [ RunTime:0.000049s ]
INFO: [ template_filter ] --END-- [ RunTime:0.000087s ]
INFO: Run Behavior\ParseTemplateBehavior [ RunTime:0.003951s ]
INFO: [ view_parse ] --END-- [ RunTime:0.003985s ]
INFO: [ view_filter ] --START--
INFO: Run Behavior\WriteHtmlCacheBehavior [ RunTime:0.000073s ]
INFO: [ view_filter ] --END-- [ RunTime:0.000105s ]
INFO: [ app_end ] --START--
INFO: Run Behavior\ShowPageTraceBehavior [ RunTime:0.000246s ]
INFO: [ app_end ] --END-- [ RunTime:0.000279s ]

[ 2016-11-28T22:16:36+08:00 ] 172.16.4.14 /PCM/index.php/GJQX/getstumessage.html
INFO: [ app_init ] --START--
INFO: Run Behavior\BuildLiteBehavior [ RunTime:0.000009s ]
INFO: [ app_init ] --END-- [ RunTime:0.000182s ]
INFO: [ app_begin ] --START--
INFO: Run Behavior\ReadHtmlCacheBehavior [ RunTime:0.000222s ]
INFO: [ app_begin ] --END-- [ RunTime:0.000256s ]
SQL: SHOW COLUMNS FROM `t_user` [ RunTime:0.0009s ]
SQL: SELECT COUNT(*) AS tp_count FROM `t_user` LIMIT 1   [ RunTime:0.0003s ]
SQL: SELECT * FROM `t_user` LIMIT 0,20   [ RunTime:0.0002s ]
INFO: [ app_end ] --START--
INFO: Run Behavior\ShowPageTraceBehavior [ RunTime:0.000296s ]
INFO: [ app_end ] --END-- [ RunTime:0.000334s ]

[ 2016-11-28T22:16:40+08:00 ] 172.16.4.14 /PCM/index.php/GJQX/room.html
INFO: [ app_init ] --START--
INFO: Run Behavior\BuildLiteBehavior [ RunTime:0.000008s ]
INFO: [ app_init ] --END-- [ RunTime:0.000290s ]
INFO: [ app_begin ] --START--
INFO: Run Behavior\ReadHtmlCacheBehavior [ RunTime:0.000224s ]
INFO: [ app_begin ] --END-- [ RunTime:0.000261s ]
INFO: [ view_parse ] --START--
INFO: [ template_filter ] --START--
INFO: Run Behavior\ContentReplaceBehavior [ RunTime:0.000048s ]
INFO: [ template_filter ] --END-- [ RunTime:0.000087s ]
INFO: Run Behavior\ParseTemplateBehavior [ RunTime:0.003612s ]
INFO: [ view_parse ] --END-- [ RunTime:0.003648s ]
INFO: [ view_filter ] --START--
INFO: Run Behavior\WriteHtmlCacheBehavior [ RunTime:0.000074s ]
INFO: [ view_filter ] --END-- [ RunTime:0.000106s ]
INFO: [ app_end ] --START--
INFO: Run Behavior\ShowPageTraceBehavior [ RunTime:0.000248s ]
INFO: [ app_end ] --END-- [ RunTime:0.000280s ]

[ 2016-11-28T22:16:40+08:00 ] 172.16.4.14 /PCM/index.php/GJQX/getpcmessage.html
INFO: [ app_init ] --START--
INFO: Run Behavior\BuildLiteBehavior [ RunTime:0.000017s ]
INFO: [ app_init ] --END-- [ RunTime:0.000364s ]
INFO: [ app_begin ] --START--
INFO: Run Behavior\ReadHtmlCacheBehavior [ RunTime:0.000487s ]
INFO: [ app_begin ] --END-- [ RunTime:0.000558s ]
SQL: SHOW COLUMNS FROM `t_pcmessage` [ RunTime:0.0010s ]
SQL: SELECT COUNT(*) AS tp_count FROM `t_pcmessage` LIMIT 1   [ RunTime:0.0005s ]
SQL: SELECT * FROM `t_pcmessage` WHERE `PCM_Mac` <> '' LIMIT 0,20   [ RunTime:0.0008s ]
INFO: [ app_end ] --START--
INFO: Run Behavior\ShowPageTraceBehavior [ RunTime:0.000596s ]
INFO: [ app_end ] --END-- [ RunTime:0.000672s ]

[ 2016-11-28T22:17:34+08:00 ] 172.16.4.14 /PCM/index.php/XXGL/message.html
INFO: [ app_init ] --START--
INFO: Run Behavior\BuildLiteBehavior [ RunTime:0.000009s ]
INFO: [ app_init ] --END-- [ RunTime:0.000187s ]
INFO: [ app_begin ] --START--
INFO: Run Behavior\ReadHtmlCacheBehavior [ RunTime:0.000227s ]
INFO: [ app_begin ] --END-- [ RunTime:0.000265s ]
INFO: [ view_parse ] --START--
INFO: [ template_filter ] --START--
INFO: Run Behavior\ContentReplaceBehavior [ RunTime:0.000035s ]
INFO: [ template_filter ] --END-- [ RunTime:0.000072s ]
INFO: Run Behavior\ParseTemplateBehavior [ RunTime:0.003641s ]
INFO: [ view_parse ] --END-- [ RunTime:0.003676s ]
INFO: [ view_filter ] --START--
INFO: Run Behavior\WriteHtmlCacheBehavior [ RunTime:0.000073s ]
INFO: [ view_filter ] --END-- [ RunTime:0.000104s ]
INFO: [ app_end ] --START--
INFO: Run Behavior\ShowPageTraceBehavior [ RunTime:0.000252s ]
INFO: [ app_end ] --END-- [ RunTime:0.000285s ]

[ 2016-11-28T22:17:34+08:00 ] 172.16.4.14 /PCM/index.php/XXGL/notice.html
INFO: [ app_init ] --START--
INFO: Run Behavior\BuildLiteBehavior [ RunTime:0.000009s ]
INFO: [ app_init ] --END-- [ RunTime:0.000181s ]
INFO: [ app_begin ] --START--
INFO: Run Behavior\ReadHtmlCacheBehavior [ RunTime:0.000226s ]
INFO: [ app_begin ] --END-- [ RunTime:0.000262s ]
INFO: [ view_parse ] --START--
INFO: [ template_filter ] --START--
INFO: Run Behavior\ContentReplaceBehavior [ RunTime:0.000034s ]
INFO: [ template_filter ] --END-- [ RunTime:0.000073s ]
INFO: Run Behavior\ParseTemplateBehavior [ RunTime:0.002720s ]
INFO: [ view_parse ] --END-- [ RunTime:0.002756s ]
INFO: [ view_filter ] --START--
INFO: Run Behavior\WriteHtmlCacheBehavior [ RunTime:0.000076s ]
INFO: [ view_filter ] --END-- [ RunTime:0.000107s ]
INFO: [ app_end ] --START--
INFO: Run Behavior\ShowPageTraceBehavior [ RunTime:0.000245s ]
INFO: [ app_end ] --END-- [ RunTime:0.000279s ]

[ 2016-11-28T22:17:35+08:00 ] 172.16.4.14 /PCM/index.php/XXGL/reply.html
INFO: [ app_init ] --START--
INFO: Run Behavior\BuildLiteBehavior [ RunTime:0.000009s ]
INFO: [ app_init ] --END-- [ RunTime:0.000180s ]
INFO: [ app_begin ] --START--
INFO: Run Behavior\ReadHtmlCacheBehavior [ RunTime:0.000223s ]
INFO: [ app_begin ] --END-- [ RunTime:0.000260s ]
INFO: [ view_parse ] --START--
INFO: [ template_filter ] --START--
INFO: Run Behavior\ContentReplaceBehavior [ RunTime:0.000035s ]
INFO: [ template_filter ] --END-- [ RunTime:0.000072s ]
INFO: Run Behavior\ParseTemplateBehavior [ RunTime:0.002729s ]
INFO: [ view_parse ] --END-- [ RunTime:0.002764s ]
INFO: [ view_filter ] --START--
INFO: Run Behavior\WriteHtmlCacheBehavior [ RunTime:0.000069s ]
INFO: [ view_filter ] --END-- [ RunTime:0.000101s ]
INFO: [ app_end ] --START--
INFO: Run Behavior\ShowPageTraceBehavior [ RunTime:0.000242s ]
INFO: [ app_end ] --END-- [ RunTime:0.000275s ]

[ 2016-11-28T22:17:41+08:00 ] 172.16.4.14 /PCM/index.php/XXGL/notice.html
INFO: [ app_init ] --START--
INFO: Run Behavior\BuildLiteBehavior [ RunTime:0.000009s ]
INFO: [ app_init ] --END-- [ RunTime:0.000204s ]
INFO: [ app_begin ] --START--
INFO: Run Behavior\ReadHtmlCacheBehavior [ RunTime:0.000247s ]
INFO: [ app_begin ] --END-- [ RunTime:0.000285s ]
INFO: [ view_parse ] --START--
INFO: [ template_filter ] --START--
INFO: Run Behavior\ContentReplaceBehavior [ RunTime:0.000038s ]
INFO: [ template_filter ] --END-- [ RunTime:0.000078s ]
INFO: Run Behavior\ParseTemplateBehavior [ RunTime:0.003779s ]
INFO: [ view_parse ] --END-- [ RunTime:0.003817s ]
INFO: [ view_filter ] --START--
INFO: Run Behavior\WriteHtmlCacheBehavior [ RunTime:0.000075s ]
INFO: [ view_filter ] --END-- [ RunTime:0.000106s ]
INFO: [ app_end ] --START--
INFO: Run Behavior\ShowPageTraceBehavior [ RunTime:0.000268s ]
INFO: [ app_end ] --END-- [ RunTime:0.000303s ]

[ 2016-11-28T22:17:47+08:00 ] 172.16.4.14 /PCM/index.php/XXGL/message.html
INFO: [ app_init ] --START--
INFO: Run Behavior\BuildLiteBehavior [ RunTime:0.000017s ]
INFO: [ app_init ] --END-- [ RunTime:0.000369s ]
INFO: [ app_begin ] --START--
INFO: Run Behavior\ReadHtmlCacheBehavior [ RunTime:0.000462s ]
INFO: [ app_begin ] --END-- [ RunTime:0.000571s ]
INFO: [ view_parse ] --START--
INFO: [ template_filter ] --START--
INFO: Run Behavior\ContentReplaceBehavior [ RunTime:0.000035s ]
INFO: [ template_filter ] --END-- [ RunTime:0.000073s ]
INFO: Run Behavior\ParseTemplateBehavior [ RunTime:0.002739s ]
INFO: [ view_parse ] --END-- [ RunTime:0.002774s ]
INFO: [ view_filter ] --START--
INFO: Run Behavior\WriteHtmlCacheBehavior [ RunTime:0.000071s ]
INFO: [ view_filter ] --END-- [ RunTime:0.000102s ]
INFO: [ app_end ] --START--
INFO: Run Behavior\ShowPageTraceBehavior [ RunTime:0.000242s ]
INFO: [ app_end ] --END-- [ RunTime:0.000276s ]

[ 2016-11-28T22:17:48+08:00 ] 172.16.4.14 /PCM/index.php/XXGL/notice.html
INFO: [ app_init ] --START--
INFO: Run Behavior\BuildLiteBehavior [ RunTime:0.000009s ]
INFO: [ app_init ] --END-- [ RunTime:0.000183s ]
INFO: [ app_begin ] --START--
INFO: Run Behavior\ReadHtmlCacheBehavior [ RunTime:0.000225s ]
INFO: [ app_begin ] --END-- [ RunTime:0.000261s ]
INFO: [ view_parse ] --START--
INFO: [ template_filter ] --START--
INFO: Run Behavior\ContentReplaceBehavior [ RunTime:0.000036s ]
INFO: [ template_filter ] --END-- [ RunTime:0.000073s ]
INFO: Run Behavior\ParseTemplateBehavior [ RunTime:0.002728s ]
INFO: [ view_parse ] --END-- [ RunTime:0.002763s ]
INFO: [ view_filter ] --START--
INFO: Run Behavior\WriteHtmlCacheBehavior [ RunTime:0.000071s ]
INFO: [ view_filter ] --END-- [ RunTime:0.000102s ]
INFO: [ app_end ] --START--
INFO: Run Behavior\ShowPageTraceBehavior [ RunTime:0.000242s ]
INFO: [ app_end ] --END-- [ RunTime:0.000276s ]

