[ 2016-07-24T09:20:39+08:00 ] 127.0.0.1 /djb/index.php/Admin/Index/index.html
INFO: [ app_init ] --START--
INFO: Run Behavior\BuildLiteBehavior [ RunTime:0.000000s ]
INFO: [ app_init ] --END-- [ RunTime:0.000500s ]
INFO: [ app_begin ] --START--
INFO: Run Behavior\ReadHtmlCacheBehavior [ RunTime:0.001000s ]
INFO: [ app_begin ] --END-- [ RunTime:0.001000s ]
INFO: [ view_parse ] --START--
INFO: [ template_filter ] --START--
INFO: Run Behavior\ContentReplaceBehavior [ RunTime:0.000000s ]
INFO: [ template_filter ] --END-- [ RunTime:0.000000s ]
INFO: Run Behavior\ParseTemplateBehavior [ RunTime:0.029504s ]
INFO: [ view_parse ] --END-- [ RunTime:0.030004s ]
INFO: [ view_filter ] --START--
INFO: Run Behavior\WriteHtmlCacheBehavior [ RunTime:0.000500s ]
INFO: [ view_filter ] --END-- [ RunTime:0.000500s ]
INFO: [ app_end ] --START--
INFO: Run Behavior\ShowPageTraceBehavior [ RunTime:0.000500s ]
INFO: [ app_end ] --END-- [ RunTime:0.000500s ]

[ 2016-07-24T09:21:05+08:00 ] 127.0.0.1 /djb/index.php/Admin/News/news.html
INFO: [ app_init ] --START--
INFO: Run Behavior\BuildLiteBehavior [ RunTime:0.000500s ]
INFO: [ app_init ] --END-- [ RunTime:0.001000s ]
INFO: [ app_begin ] --START--
INFO: Run Behavior\ReadHtmlCacheBehavior [ RunTime:0.000500s ]
INFO: [ app_begin ] --END-- [ RunTime:0.000500s ]
INFO: [ view_parse ] --START--
INFO: [ template_filter ] --START--
INFO: Run Behavior\ContentReplaceBehavior [ RunTime:0.000000s ]
INFO: [ template_filter ] --END-- [ RunTime:0.000000s ]
NOTIC: [8] Undefined variable: date D:\xampp\htdocs\djb\Application\Runtime\Cache\Admin\a500d533e2042c591983fde09ab2af17.php 第 21 行.
INFO: Run Behavior\ParseTemplateBehavior [ RunTime:0.012001s ]
INFO: [ view_parse ] --END-- [ RunTime:0.012001s ]
INFO: [ view_filter ] --START--
INFO: Run Behavior\WriteHtmlCacheBehavior [ RunTime:0.001000s ]
INFO: [ view_filter ] --END-- [ RunTime:0.001000s ]
INFO: [ app_end ] --START--
INFO: Run Behavior\ShowPageTraceBehavior [ RunTime:0.001500s ]
INFO: [ app_end ] --END-- [ RunTime:0.001500s ]

[ 2016-07-24T09:21:06+08:00 ] 127.0.0.1 /djb/index.php/Admin/News/getnews.html
INFO: [ app_init ] --START--
INFO: Run Behavior\BuildLiteBehavior [ RunTime:0.000000s ]
INFO: [ app_init ] --END-- [ RunTime:0.000500s ]
INFO: [ app_begin ] --START--
INFO: Run Behavior\ReadHtmlCacheBehavior [ RunTime:0.000500s ]
INFO: [ app_begin ] --END-- [ RunTime:0.001000s ]
SQL: SHOW COLUMNS FROM `tb_news` [ RunTime:0.0050s ]
SQL: SELECT * FROM `tb_news` ORDER BY time DESC LIMIT 0,20   [ RunTime:0.0040s ]
SQL: SELECT COUNT(*) AS tp_count FROM `tb_news` LIMIT 1   [ RunTime:0.0010s ]
INFO: [ app_end ] --START--
INFO: Run Behavior\ShowPageTraceBehavior [ RunTime:0.001000s ]
INFO: [ app_end ] --END-- [ RunTime:0.001500s ]

[ 2016-07-24T09:21:50+08:00 ] 127.0.0.1 /djb/index.php/Admin/Basic/control.html
INFO: [ app_init ] --START--
INFO: Run Behavior\BuildLiteBehavior [ RunTime:0.000000s ]
INFO: [ app_init ] --END-- [ RunTime:0.001000s ]
INFO: [ app_begin ] --START--
INFO: Run Behavior\ReadHtmlCacheBehavior [ RunTime:0.001000s ]
INFO: [ app_begin ] --END-- [ RunTime:0.001000s ]
SQL: SHOW COLUMNS FROM `tb_base` [ RunTime:0.0070s ]
SQL: SELECT * FROM `tb_base` WHERE ( types=1 ) LIMIT 1   [ RunTime:0.0035s ]
SQL: SELECT * FROM `tb_base` WHERE ( types=2 ) LIMIT 1   [ RunTime:0.0010s ]
INFO: [ view_parse ] --START--
INFO: [ template_filter ] --START--
INFO: Run Behavior\ContentReplaceBehavior [ RunTime:0.000000s ]
INFO: [ template_filter ] --END-- [ RunTime:0.000000s ]
INFO: Run Behavior\ParseTemplateBehavior [ RunTime:0.019003s ]
INFO: [ view_parse ] --END-- [ RunTime:0.019003s ]
INFO: [ view_filter ] --START--
INFO: Run Behavior\WriteHtmlCacheBehavior [ RunTime:0.000500s ]
INFO: [ view_filter ] --END-- [ RunTime:0.000500s ]
INFO: [ app_end ] --START--
INFO: Run Behavior\ShowPageTraceBehavior [ RunTime:0.000500s ]
INFO: [ app_end ] --END-- [ RunTime:0.001000s ]

[ 2016-07-24T09:38:44+08:00 ] 127.0.0.1 /djb/index.php/Admin/Basic/control.html
INFO: [ app_init ] --START--
INFO: Run Behavior\BuildLiteBehavior [ RunTime:0.000000s ]
INFO: [ app_init ] --END-- [ RunTime:0.001000s ]
INFO: [ app_begin ] --START--
INFO: Run Behavior\ReadHtmlCacheBehavior [ RunTime:0.001000s ]
INFO: [ app_begin ] --END-- [ RunTime:0.001000s ]
SQL: SHOW COLUMNS FROM `tb_base` [ RunTime:0.0080s ]
SQL: SELECT * FROM `tb_base` WHERE ( types=1 ) LIMIT 1   [ RunTime:0.0035s ]
SQL: SELECT * FROM `tb_base` WHERE ( types=2 ) LIMIT 1   [ RunTime:0.0055s ]
INFO: [ view_parse ] --START--
INFO: [ template_filter ] --START--
INFO: Run Behavior\ContentReplaceBehavior [ RunTime:0.000500s ]
INFO: [ template_filter ] --END-- [ RunTime:0.000500s ]
INFO: Run Behavior\ParseTemplateBehavior [ RunTime:0.016502s ]
INFO: [ view_parse ] --END-- [ RunTime:0.016502s ]
INFO: [ view_filter ] --START--
INFO: Run Behavior\WriteHtmlCacheBehavior [ RunTime:0.000500s ]
INFO: [ view_filter ] --END-- [ RunTime:0.000500s ]
INFO: [ app_end ] --START--
INFO: Run Behavior\ShowPageTraceBehavior [ RunTime:0.000500s ]
INFO: [ app_end ] --END-- [ RunTime:0.000500s ]

[ 2016-07-24T09:40:20+08:00 ] 127.0.0.1 /djb/index.php/Admin/Basic/control.html
INFO: [ app_init ] --START--
INFO: Run Behavior\BuildLiteBehavior [ RunTime:0.000500s ]
INFO: [ app_init ] --END-- [ RunTime:0.001000s ]
INFO: [ app_begin ] --START--
INFO: Run Behavior\ReadHtmlCacheBehavior [ RunTime:0.001500s ]
INFO: [ app_begin ] --END-- [ RunTime:0.002500s ]
SQL: SHOW COLUMNS FROM `tb_base` [ RunTime:0.0140s ]
SQL: SELECT * FROM `tb_base` WHERE ( types=1 ) LIMIT 1   [ RunTime:0.0010s ]
SQL: SELECT * FROM `tb_base` WHERE ( types=2 ) LIMIT 1   [ RunTime:0.0010s ]
SQL: SELECT * FROM `tb_base` WHERE ( types=3 ) LIMIT 1   [ RunTime:0.0005s ]
INFO: [ view_parse ] --START--
INFO: [ template_filter ] --START--
INFO: Run Behavior\ContentReplaceBehavior [ RunTime:0.000000s ]
INFO: [ template_filter ] --END-- [ RunTime:0.000000s ]
INFO: Run Behavior\ParseTemplateBehavior [ RunTime:0.013001s ]
INFO: [ view_parse ] --END-- [ RunTime:0.013001s ]
INFO: [ view_filter ] --START--
INFO: Run Behavior\WriteHtmlCacheBehavior [ RunTime:0.001000s ]
INFO: [ view_filter ] --END-- [ RunTime:0.001000s ]
INFO: [ app_end ] --START--
INFO: Run Behavior\ShowPageTraceBehavior [ RunTime:0.001500s ]
INFO: [ app_end ] --END-- [ RunTime:0.001500s ]

[ 2016-07-24T09:40:25+08:00 ] 127.0.0.1 /djb/index.php/Admin/Basic/save.html
INFO: [ app_init ] --START--
INFO: Run Behavior\BuildLiteBehavior [ RunTime:0.000000s ]
INFO: [ app_init ] --END-- [ RunTime:0.001500s ]
INFO: [ app_begin ] --START--
INFO: Run Behavior\ReadHtmlCacheBehavior [ RunTime:0.000500s ]
INFO: [ app_begin ] --END-- [ RunTime:0.000500s ]
SQL: SHOW COLUMNS FROM `tb_base` [ RunTime:0.0070s ]
SQL: UPDATE `tb_base` SET `ison`='1' WHERE ( types=1 ) [ RunTime:0.2265s ]
SQL: UPDATE `tb_base` SET `ison`='1' WHERE ( types=2 ) [ RunTime:0.2100s ]
SQL: UPDATE `tb_base` SET `ison`='0' WHERE ( types=3 ) [ RunTime:0.0305s ]

[ 2016-07-24T09:40:29+08:00 ] 127.0.0.1 /djb/index.php/Admin/Basic/control.html
INFO: [ app_init ] --START--
INFO: Run Behavior\BuildLiteBehavior [ RunTime:0.000000s ]
INFO: [ app_init ] --END-- [ RunTime:0.001000s ]
INFO: [ app_begin ] --START--
INFO: Run Behavior\ReadHtmlCacheBehavior [ RunTime:0.001500s ]
INFO: [ app_begin ] --END-- [ RunTime:0.002000s ]
SQL: SHOW COLUMNS FROM `tb_base` [ RunTime:0.0080s ]
SQL: SELECT * FROM `tb_base` WHERE ( types=1 ) LIMIT 1   [ RunTime:0.0020s ]
SQL: SELECT * FROM `tb_base` WHERE ( types=2 ) LIMIT 1   [ RunTime:0.0025s ]
SQL: SELECT * FROM `tb_base` WHERE ( types=3 ) LIMIT 1   [ RunTime:0.0040s ]
INFO: [ view_parse ] --START--
INFO: [ template_filter ] --START--
INFO: Run Behavior\ContentReplaceBehavior [ RunTime:0.000000s ]
INFO: [ template_filter ] --END-- [ RunTime:0.000000s ]
INFO: Run Behavior\ParseTemplateBehavior [ RunTime:0.018002s ]
INFO: [ view_parse ] --END-- [ RunTime:0.018002s ]
INFO: [ view_filter ] --START--
INFO: Run Behavior\WriteHtmlCacheBehavior [ RunTime:0.001500s ]
INFO: [ view_filter ] --END-- [ RunTime:0.002000s ]
INFO: [ app_end ] --START--
INFO: Run Behavior\ShowPageTraceBehavior [ RunTime:0.002000s ]
INFO: [ app_end ] --END-- [ RunTime:0.002000s ]

[ 2016-07-24T09:40:31+08:00 ] 127.0.0.1 /djb/index.php/Admin/Basic/save.html
INFO: [ app_init ] --START--
INFO: Run Behavior\BuildLiteBehavior [ RunTime:0.000000s ]
INFO: [ app_init ] --END-- [ RunTime:0.001000s ]
INFO: [ app_begin ] --START--
INFO: Run Behavior\ReadHtmlCacheBehavior [ RunTime:0.001501s ]
INFO: [ app_begin ] --END-- [ RunTime:0.001501s ]
SQL: SHOW COLUMNS FROM `tb_base` [ RunTime:0.0040s ]
SQL: UPDATE `tb_base` SET `ison`='1' WHERE ( types=1 ) [ RunTime:0.2705s ]
SQL: UPDATE `tb_base` SET `ison`='1' WHERE ( types=2 ) [ RunTime:0.0290s ]
SQL: UPDATE `tb_base` SET `ison`='1' WHERE ( types=3 ) [ RunTime:0.0360s ]

[ 2016-07-24T09:49:42+08:00 ] 127.0.0.1 /djb/index.php/Admin/Basic/control.html
INFO: [ app_init ] --START--
INFO: Run Behavior\BuildLiteBehavior [ RunTime:0.000000s ]
INFO: [ app_init ] --END-- [ RunTime:0.000500s ]
INFO: [ app_begin ] --START--
INFO: Run Behavior\ReadHtmlCacheBehavior [ RunTime:0.001000s ]
INFO: [ app_begin ] --END-- [ RunTime:0.001500s ]
SQL: SHOW COLUMNS FROM `tb_base` [ RunTime:0.0075s ]
SQL: SELECT * FROM `tb_base` WHERE ( types=1 ) LIMIT 1   [ RunTime:0.0010s ]
SQL: SELECT * FROM `tb_base` WHERE ( types=2 ) LIMIT 1   [ RunTime:0.0020s ]
SQL: SELECT * FROM `tb_base` WHERE ( types=3 ) LIMIT 1   [ RunTime:0.0025s ]
INFO: [ view_parse ] --START--
INFO: [ template_filter ] --START--
INFO: Run Behavior\ContentReplaceBehavior [ RunTime:0.000000s ]
INFO: [ template_filter ] --END-- [ RunTime:0.000500s ]
INFO: Run Behavior\ParseTemplateBehavior [ RunTime:0.013002s ]
INFO: [ view_parse ] --END-- [ RunTime:0.013002s ]
INFO: [ view_filter ] --START--
INFO: Run Behavior\WriteHtmlCacheBehavior [ RunTime:0.001000s ]
INFO: [ view_filter ] --END-- [ RunTime:0.001000s ]
INFO: [ app_end ] --START--
INFO: Run Behavior\ShowPageTraceBehavior [ RunTime:0.002000s ]
INFO: [ app_end ] --END-- [ RunTime:0.002500s ]

[ 2016-07-24T09:49:44+08:00 ] 127.0.0.1 /djb/index.php/Admin/Basic/save.html
INFO: [ app_init ] --START--
INFO: Run Behavior\BuildLiteBehavior [ RunTime:0.000000s ]
INFO: [ app_init ] --END-- [ RunTime:0.001000s ]
INFO: [ app_begin ] --START--
INFO: Run Behavior\ReadHtmlCacheBehavior [ RunTime:0.001001s ]
INFO: [ app_begin ] --END-- [ RunTime:0.001001s ]
SQL: SHOW COLUMNS FROM `tb_base` [ RunTime:0.0055s ]
SQL: UPDATE `tb_base` SET `ison`='1' WHERE ( types=1 ) [ RunTime:0.3425s ]
SQL: UPDATE `tb_base` SET `ison`='1' WHERE ( types=2 ) [ RunTime:0.0305s ]
SQL: UPDATE `tb_base` SET `ison`='0' WHERE ( types=3 ) [ RunTime:0.0355s ]

[ 2016-07-24T10:35:46+08:00 ] 127.0.0.1 /djb/index.php/Admin/Index/index.html
INFO: [ app_init ] --START--
INFO: Run Behavior\BuildLiteBehavior [ RunTime:0.000000s ]
INFO: [ app_init ] --END-- [ RunTime:0.000500s ]
INFO: [ app_begin ] --START--
INFO: Run Behavior\ReadHtmlCacheBehavior [ RunTime:0.002000s ]
INFO: [ app_begin ] --END-- [ RunTime:0.002500s ]
INFO: [ view_parse ] --START--
INFO: [ template_filter ] --START--
INFO: Run Behavior\ContentReplaceBehavior [ RunTime:0.000000s ]
INFO: [ template_filter ] --END-- [ RunTime:0.000500s ]
INFO: Run Behavior\ParseTemplateBehavior [ RunTime:0.012502s ]
INFO: [ view_parse ] --END-- [ RunTime:0.013002s ]
INFO: [ view_filter ] --START--
INFO: Run Behavior\WriteHtmlCacheBehavior [ RunTime:0.000500s ]
INFO: [ view_filter ] --END-- [ RunTime:0.000500s ]
INFO: [ app_end ] --START--
INFO: Run Behavior\ShowPageTraceBehavior [ RunTime:0.000500s ]
INFO: [ app_end ] --END-- [ RunTime:0.000500s ]

[ 2016-07-24T10:55:57+08:00 ] 127.0.0.1 /djb/index.php/Admin/Index/index.html
INFO: [ app_init ] --START--
INFO: Run Behavior\BuildLiteBehavior [ RunTime:0.000000s ]
INFO: [ app_init ] --END-- [ RunTime:0.000501s ]
INFO: [ app_begin ] --START--
INFO: Run Behavior\ReadHtmlCacheBehavior [ RunTime:0.001000s ]
INFO: [ app_begin ] --END-- [ RunTime:0.001000s ]
INFO: [ view_parse ] --START--
INFO: [ template_filter ] --START--
INFO: Run Behavior\ContentReplaceBehavior [ RunTime:0.000000s ]
INFO: [ template_filter ] --END-- [ RunTime:0.000500s ]
INFO: Run Behavior\ParseTemplateBehavior [ RunTime:0.019503s ]
INFO: [ view_parse ] --END-- [ RunTime:0.019503s ]
INFO: [ view_filter ] --START--
INFO: Run Behavior\WriteHtmlCacheBehavior [ RunTime:0.000500s ]
INFO: [ view_filter ] --END-- [ RunTime:0.000500s ]
INFO: [ app_end ] --START--
INFO: Run Behavior\ShowPageTraceBehavior [ RunTime:0.002000s ]
INFO: [ app_end ] --END-- [ RunTime:0.002000s ]

[ 2016-07-24T13:44:20+08:00 ] 127.0.0.1 /djb/index.php/Admin/Competition/download.html
INFO: [ app_init ] --START--
INFO: Run Behavior\BuildLiteBehavior [ RunTime:0.000000s ]
INFO: [ app_init ] --END-- [ RunTime:0.000500s ]
INFO: [ app_begin ] --START--
INFO: Run Behavior\ReadHtmlCacheBehavior [ RunTime:0.001000s ]
INFO: [ app_begin ] --END-- [ RunTime:0.001000s ]
INFO: [ view_parse ] --START--
INFO: [ template_filter ] --START--
INFO: Run Behavior\ContentReplaceBehavior [ RunTime:0.000000s ]
INFO: [ template_filter ] --END-- [ RunTime:0.000000s ]
INFO: Run Behavior\ParseTemplateBehavior [ RunTime:0.027003s ]
INFO: [ view_parse ] --END-- [ RunTime:0.027003s ]
INFO: [ view_filter ] --START--
INFO: Run Behavior\WriteHtmlCacheBehavior [ RunTime:0.000500s ]
INFO: [ view_filter ] --END-- [ RunTime:0.000500s ]
INFO: [ app_end ] --START--
INFO: Run Behavior\ShowPageTraceBehavior [ RunTime:0.001000s ]
INFO: [ app_end ] --END-- [ RunTime:0.001000s ]

[ 2016-07-24T13:44:20+08:00 ] 127.0.0.1 /djb/index.php/Admin/Competition/getdownload.html
INFO: [ app_init ] --START--
INFO: Run Behavior\BuildLiteBehavior [ RunTime:0.000000s ]
INFO: [ app_init ] --END-- [ RunTime:0.001500s ]
INFO: [ app_begin ] --START--
INFO: Run Behavior\ReadHtmlCacheBehavior [ RunTime:0.001000s ]
INFO: [ app_begin ] --END-- [ RunTime:0.001500s ]
SQL: SHOW COLUMNS FROM `tb_upload` [ RunTime:0.0090s ]
SQL: SELECT COUNT(*) AS tp_count FROM `tb_upload` LIMIT 1   [ RunTime:0.0065s ]
SQL: SELECT * FROM `tb_upload` LIMIT 0,20   [ RunTime:0.0075s ]
INFO: [ app_end ] --START--
INFO: Run Behavior\ShowPageTraceBehavior [ RunTime:0.000500s ]
INFO: [ app_end ] --END-- [ RunTime:0.000500s ]

[ 2016-07-24T13:57:53+08:00 ] 127.0.0.1 /djb/index.php/Admin/Competition/download.html
INFO: [ app_init ] --START--
INFO: Run Behavior\BuildLiteBehavior [ RunTime:0.000000s ]
INFO: [ app_init ] --END-- [ RunTime:0.001000s ]
INFO: [ app_begin ] --START--
INFO: Run Behavior\ReadHtmlCacheBehavior [ RunTime:0.001000s ]
INFO: [ app_begin ] --END-- [ RunTime:0.001500s ]
INFO: [ view_parse ] --START--
INFO: [ template_filter ] --START--
INFO: Run Behavior\ContentReplaceBehavior [ RunTime:0.000500s ]
INFO: [ template_filter ] --END-- [ RunTime:0.000500s ]
INFO: Run Behavior\ParseTemplateBehavior [ RunTime:0.014001s ]
INFO: [ view_parse ] --END-- [ RunTime:0.014501s ]
INFO: [ view_filter ] --START--
INFO: Run Behavior\WriteHtmlCacheBehavior [ RunTime:0.002001s ]
INFO: [ view_filter ] --END-- [ RunTime:0.002501s ]
INFO: [ app_end ] --START--
INFO: Run Behavior\ShowPageTraceBehavior [ RunTime:0.001500s ]
INFO: [ app_end ] --END-- [ RunTime:0.001500s ]

[ 2016-07-24T13:57:54+08:00 ] 127.0.0.1 /djb/index.php/Admin/Competition/getdownload.html
INFO: [ app_init ] --START--
INFO: Run Behavior\BuildLiteBehavior [ RunTime:0.000000s ]
INFO: [ app_init ] --END-- [ RunTime:0.000500s ]
INFO: [ app_begin ] --START--
INFO: Run Behavior\ReadHtmlCacheBehavior [ RunTime:0.001001s ]
INFO: [ app_begin ] --END-- [ RunTime:0.001001s ]
SQL: SHOW COLUMNS FROM `tb_upload` [ RunTime:0.0070s ]
SQL: SELECT COUNT(*) AS tp_count FROM `tb_upload` LIMIT 1   [ RunTime:0.0040s ]
SQL: SELECT * FROM `tb_upload` LIMIT 0,20   [ RunTime:0.0020s ]
INFO: [ app_end ] --START--
INFO: Run Behavior\ShowPageTraceBehavior [ RunTime:0.002500s ]
INFO: [ app_end ] --END-- [ RunTime:0.002500s ]

[ 2016-07-24T13:57:58+08:00 ] 127.0.0.1 /djb/index.php/Admin/Competition/getdownload.html
INFO: [ app_init ] --START--
INFO: Run Behavior\BuildLiteBehavior [ RunTime:0.000000s ]
INFO: [ app_init ] --END-- [ RunTime:0.000500s ]
INFO: [ app_begin ] --START--
INFO: Run Behavior\ReadHtmlCacheBehavior [ RunTime:0.002000s ]
INFO: [ app_begin ] --END-- [ RunTime:0.002501s ]
SQL: SHOW COLUMNS FROM `tb_upload` [ RunTime:0.0030s ]
SQL: SELECT COUNT(*) AS tp_count FROM `tb_upload` LIMIT 1   [ RunTime:0.0010s ]
SQL: SELECT * FROM `tb_upload` LIMIT 20,20   [ RunTime:0.0020s ]
NOTIC: [8] Undefined offset: 13 D:\xampp\htdocs\djb\Application\Admin\Controller\CompetitionController.class.php 第 187 行.
NOTIC: [8] Undefined offset: 13 D:\xampp\htdocs\djb\Application\Admin\Controller\CompetitionController.class.php 第 191 行.
NOTIC: [8] Undefined offset: 14 D:\xampp\htdocs\djb\Application\Admin\Controller\CompetitionController.class.php 第 187 行.
NOTIC: [8] Undefined offset: 14 D:\xampp\htdocs\djb\Application\Admin\Controller\CompetitionController.class.php 第 191 行.
NOTIC: [8] Undefined offset: 15 D:\xampp\htdocs\djb\Application\Admin\Controller\CompetitionController.class.php 第 187 行.
NOTIC: [8] Undefined offset: 15 D:\xampp\htdocs\djb\Application\Admin\Controller\CompetitionController.class.php 第 191 行.
NOTIC: [8] Undefined offset: 16 D:\xampp\htdocs\djb\Application\Admin\Controller\CompetitionController.class.php 第 187 行.
NOTIC: [8] Undefined offset: 16 D:\xampp\htdocs\djb\Application\Admin\Controller\CompetitionController.class.php 第 191 行.
NOTIC: [8] Undefined offset: 17 D:\xampp\htdocs\djb\Application\Admin\Controller\CompetitionController.class.php 第 187 行.
NOTIC: [8] Undefined offset: 17 D:\xampp\htdocs\djb\Application\Admin\Controller\CompetitionController.class.php 第 191 行.
NOTIC: [8] Undefined offset: 18 D:\xampp\htdocs\djb\Application\Admin\Controller\CompetitionController.class.php 第 187 行.
NOTIC: [8] Undefined offset: 18 D:\xampp\htdocs\djb\Application\Admin\Controller\CompetitionController.class.php 第 191 行.
NOTIC: [8] Undefined offset: 19 D:\xampp\htdocs\djb\Application\Admin\Controller\CompetitionController.class.php 第 187 行.
NOTIC: [8] Undefined offset: 19 D:\xampp\htdocs\djb\Application\Admin\Controller\CompetitionController.class.php 第 191 行.
INFO: [ app_end ] --START--
INFO: Run Behavior\ShowPageTraceBehavior [ RunTime:0.001000s ]
INFO: [ app_end ] --END-- [ RunTime:0.001000s ]

[ 2016-07-24T14:00:56+08:00 ] 127.0.0.1 /djb/index.php/Admin/Competition/download.html
INFO: [ app_init ] --START--
INFO: Run Behavior\BuildLiteBehavior [ RunTime:0.000000s ]
INFO: [ app_init ] --END-- [ RunTime:0.001000s ]
INFO: [ app_begin ] --START--
INFO: Run Behavior\ReadHtmlCacheBehavior [ RunTime:0.001000s ]
INFO: [ app_begin ] --END-- [ RunTime:0.001000s ]
INFO: [ view_parse ] --START--
INFO: [ template_filter ] --START--
INFO: Run Behavior\ContentReplaceBehavior [ RunTime:0.000000s ]
INFO: [ template_filter ] --END-- [ RunTime:0.000000s ]
INFO: Run Behavior\ParseTemplateBehavior [ RunTime:0.013501s ]
INFO: [ view_parse ] --END-- [ RunTime:0.014001s ]
INFO: [ view_filter ] --START--
INFO: Run Behavior\WriteHtmlCacheBehavior [ RunTime:0.000500s ]
INFO: [ view_filter ] --END-- [ RunTime:0.000500s ]
INFO: [ app_end ] --START--
INFO: Run Behavior\ShowPageTraceBehavior [ RunTime:0.001501s ]
INFO: [ app_end ] --END-- [ RunTime:0.001501s ]

[ 2016-07-24T14:00:56+08:00 ] 127.0.0.1 /djb/index.php/Admin/Competition/getdownload.html
INFO: [ app_init ] --START--
INFO: Run Behavior\BuildLiteBehavior [ RunTime:0.000000s ]
INFO: [ app_init ] --END-- [ RunTime:0.000500s ]
INFO: [ app_begin ] --START--
INFO: Run Behavior\ReadHtmlCacheBehavior [ RunTime:0.001000s ]
INFO: [ app_begin ] --END-- [ RunTime:0.001000s ]
SQL: SHOW COLUMNS FROM `tb_upload` [ RunTime:0.0025s ]
SQL: SELECT COUNT(*) AS tp_count FROM `tb_upload` LIMIT 1   [ RunTime:0.0005s ]
SQL: SELECT * FROM `tb_upload` LIMIT 0,20   [ RunTime:0.0005s ]
INFO: [ app_end ] --START--
INFO: Run Behavior\ShowPageTraceBehavior [ RunTime:0.001000s ]
INFO: [ app_end ] --END-- [ RunTime:0.001000s ]

[ 2016-07-24T14:01:04+08:00 ] 127.0.0.1 /djb/index.php/Admin/Competition/getdownload.html
INFO: [ app_init ] --START--
INFO: Run Behavior\BuildLiteBehavior [ RunTime:0.000000s ]
INFO: [ app_init ] --END-- [ RunTime:0.000500s ]
INFO: [ app_begin ] --START--
INFO: Run Behavior\ReadHtmlCacheBehavior [ RunTime:0.001000s ]
INFO: [ app_begin ] --END-- [ RunTime:0.001000s ]
SQL: SHOW COLUMNS FROM `tb_upload` [ RunTime:0.0065s ]
SQL: SELECT COUNT(*) AS tp_count FROM `tb_upload` LIMIT 1   [ RunTime:0.0040s ]
SQL: SELECT * FROM `tb_upload` LIMIT 20,20   [ RunTime:0.0020s ]
NOTIC: [8] Undefined offset: 13 D:\xampp\htdocs\djb\Application\Admin\Controller\CompetitionController.class.php 第 187 行.
NOTIC: [8] Undefined offset: 13 D:\xampp\htdocs\djb\Application\Admin\Controller\CompetitionController.class.php 第 191 行.
NOTIC: [8] Undefined offset: 14 D:\xampp\htdocs\djb\Application\Admin\Controller\CompetitionController.class.php 第 187 行.
NOTIC: [8] Undefined offset: 14 D:\xampp\htdocs\djb\Application\Admin\Controller\CompetitionController.class.php 第 191 行.
NOTIC: [8] Undefined offset: 15 D:\xampp\htdocs\djb\Application\Admin\Controller\CompetitionController.class.php 第 187 行.
NOTIC: [8] Undefined offset: 15 D:\xampp\htdocs\djb\Application\Admin\Controller\CompetitionController.class.php 第 191 行.
NOTIC: [8] Undefined offset: 16 D:\xampp\htdocs\djb\Application\Admin\Controller\CompetitionController.class.php 第 187 行.
NOTIC: [8] Undefined offset: 16 D:\xampp\htdocs\djb\Application\Admin\Controller\CompetitionController.class.php 第 191 行.
NOTIC: [8] Undefined offset: 17 D:\xampp\htdocs\djb\Application\Admin\Controller\CompetitionController.class.php 第 187 行.
NOTIC: [8] Undefined offset: 17 D:\xampp\htdocs\djb\Application\Admin\Controller\CompetitionController.class.php 第 191 行.
NOTIC: [8] Undefined offset: 18 D:\xampp\htdocs\djb\Application\Admin\Controller\CompetitionController.class.php 第 187 行.
NOTIC: [8] Undefined offset: 18 D:\xampp\htdocs\djb\Application\Admin\Controller\CompetitionController.class.php 第 191 行.
NOTIC: [8] Undefined offset: 19 D:\xampp\htdocs\djb\Application\Admin\Controller\CompetitionController.class.php 第 187 行.
NOTIC: [8] Undefined offset: 19 D:\xampp\htdocs\djb\Application\Admin\Controller\CompetitionController.class.php 第 191 行.
INFO: [ app_end ] --START--
INFO: Run Behavior\ShowPageTraceBehavior [ RunTime:0.001000s ]
INFO: [ app_end ] --END-- [ RunTime:0.001000s ]

