[ 2016-12-01T19:54:43+08:00 ] 192.168.226.60 /PCM/
INFO: [ app_init ] --START--
INFO: Run Behavior\BuildLiteBehavior [ RunTime:0.000009s ]
INFO: [ app_init ] --END-- [ RunTime:0.000199s ]
INFO: [ app_begin ] --START--
INFO: Run Behavior\ReadHtmlCacheBehavior [ RunTime:0.000241s ]
INFO: [ app_begin ] --END-- [ RunTime:0.000279s ]
INFO: [ view_parse ] --START--
INFO: [ template_filter ] --START--
INFO: Run Behavior\ContentReplaceBehavior [ RunTime:0.000043s ]
INFO: [ template_filter ] --END-- [ RunTime:0.000084s ]
INFO: Run Behavior\ParseTemplateBehavior [ RunTime:0.004338s ]
INFO: [ view_parse ] --END-- [ RunTime:0.004375s ]
INFO: [ view_filter ] --START--
INFO: Run Behavior\WriteHtmlCacheBehavior [ RunTime:0.000080s ]
INFO: [ view_filter ] --END-- [ RunTime:0.000114s ]
INFO: [ app_end ] --START--
INFO: Run Behavior\ShowPageTraceBehavior [ RunTime:0.000266s ]
INFO: [ app_end ] --END-- [ RunTime:0.000301s ]

[ 2016-12-01T19:54:51+08:00 ] 192.168.226.60 /PCM/index.php/Index/login.html
INFO: [ app_init ] --START--
INFO: Run Behavior\BuildLiteBehavior [ RunTime:0.000009s ]
INFO: [ app_init ] --END-- [ RunTime:0.000188s ]
INFO: [ app_begin ] --START--
INFO: Run Behavior\ReadHtmlCacheBehavior [ RunTime:0.000228s ]
INFO: [ app_begin ] --END-- [ RunTime:0.000262s ]
SQL: SHOW COLUMNS FROM `t_manager` [ RunTime:0.0008s ]
SQL: SELECT * FROM `t_manager` WHERE `Mana_Num` = '2014309010124' AND `Mana_PSD` = 'e10adc3949ba59abbe56e057f20f883e' LIMIT 1   [ RunTime:0.0004s ]
INFO: [ app_end ] --START--
INFO: Run Behavior\ShowPageTraceBehavior [ RunTime:0.000300s ]
INFO: [ app_end ] --END-- [ RunTime:0.000336s ]

[ 2016-12-01T19:54:51+08:00 ] 192.168.226.60 /PCM/index.php/Admin/index.html
INFO: [ app_init ] --START--
INFO: Run Behavior\BuildLiteBehavior [ RunTime:0.000008s ]
INFO: [ app_init ] --END-- [ RunTime:0.000185s ]
INFO: [ app_begin ] --START--
INFO: Run Behavior\ReadHtmlCacheBehavior [ RunTime:0.000229s ]
INFO: [ app_begin ] --END-- [ RunTime:0.000264s ]
INFO: [ view_parse ] --START--
INFO: [ template_filter ] --START--
INFO: Run Behavior\ContentReplaceBehavior [ RunTime:0.000049s ]
INFO: [ template_filter ] --END-- [ RunTime:0.000087s ]
INFO: Run Behavior\ParseTemplateBehavior [ RunTime:0.005274s ]
INFO: [ view_parse ] --END-- [ RunTime:0.005309s ]
INFO: [ view_filter ] --START--
INFO: Run Behavior\WriteHtmlCacheBehavior [ RunTime:0.000076s ]
INFO: [ view_filter ] --END-- [ RunTime:0.000108s ]
INFO: [ app_end ] --START--
INFO: Run Behavior\ShowPageTraceBehavior [ RunTime:0.000244s ]
INFO: [ app_end ] --END-- [ RunTime:0.000278s ]

[ 2016-12-01T19:54:54+08:00 ] 192.168.226.60 /PCM/index.php/JFGL/detial.html
INFO: [ app_init ] --START--
INFO: Run Behavior\BuildLiteBehavior [ RunTime:0.000013s ]
INFO: [ app_init ] --END-- [ RunTime:0.000309s ]
INFO: [ app_begin ] --START--
INFO: Run Behavior\ReadHtmlCacheBehavior [ RunTime:0.000356s ]
INFO: [ app_begin ] --END-- [ RunTime:0.000414s ]
INFO: [ view_parse ] --START--
INFO: [ template_filter ] --START--
INFO: Run Behavior\ContentReplaceBehavior [ RunTime:0.000046s ]
INFO: [ template_filter ] --END-- [ RunTime:0.000084s ]
NOTIC: [8] Undefined variable: room /opt/lampp/htdocs/PCM/Application/Runtime/Cache/Admin/189fefcb0bce4d43c3a1982316645cb7.php 第 20 行.
NOTIC: [8] Undefined variable: list /opt/lampp/htdocs/PCM/Application/Runtime/Cache/Admin/189fefcb0bce4d43c3a1982316645cb7.php 第 23 行.
NOTIC: [8] Undefined variable: room /opt/lampp/htdocs/PCM/Application/Runtime/Cache/Admin/189fefcb0bce4d43c3a1982316645cb7.php 第 43 行.
INFO: Run Behavior\ParseTemplateBehavior [ RunTime:0.005068s ]
INFO: [ view_parse ] --END-- [ RunTime:0.005109s ]
INFO: [ view_filter ] --START--
INFO: Run Behavior\WriteHtmlCacheBehavior [ RunTime:0.000076s ]
INFO: [ view_filter ] --END-- [ RunTime:0.000108s ]
INFO: [ app_end ] --START--
INFO: Run Behavior\ShowPageTraceBehavior [ RunTime:0.000251s ]
INFO: [ app_end ] --END-- [ RunTime:0.000283s ]

[ 2016-12-01T19:54:57+08:00 ] 192.168.226.60 /PCM/index.php/JFGL/detial.html?room=C303
INFO: [ app_init ] --START--
INFO: Run Behavior\BuildLiteBehavior [ RunTime:0.000017s ]
INFO: [ app_init ] --END-- [ RunTime:0.000365s ]
INFO: [ app_begin ] --START--
INFO: Run Behavior\ReadHtmlCacheBehavior [ RunTime:0.000465s ]
INFO: [ app_begin ] --END-- [ RunTime:0.000538s ]
SQL: SHOW COLUMNS FROM `t_pcmessage` [ RunTime:0.0010s ]
SQL: SELECT * FROM `t_pcmessage` WHERE ( PCM_RoomName='C303' ) ORDER BY PCM_Num  [ RunTime:0.0017s ]
SQL: SHOW COLUMNS FROM `t_user` [ RunTime:0.0007s ]
SQL: SELECT * FROM `t_user` WHERE ( User_Num='' ) LIMIT 1   [ RunTime:0.0002s ]
SQL: SELECT * FROM `t_user` WHERE ( User_Num='' ) LIMIT 1   [ RunTime:0.0002s ]
SQL: SELECT * FROM `t_user` WHERE ( User_Num='' ) LIMIT 1   [ RunTime:0.0002s ]
SQL: SELECT * FROM `t_user` WHERE ( User_Num='' ) LIMIT 1   [ RunTime:0.0002s ]
SQL: SELECT * FROM `t_user` WHERE ( User_Num='' ) LIMIT 1   [ RunTime:0.0002s ]
SQL: SELECT * FROM `t_user` WHERE ( User_Num='' ) LIMIT 1   [ RunTime:0.0002s ]
SQL: SELECT * FROM `t_user` WHERE ( User_Num='' ) LIMIT 1   [ RunTime:0.0002s ]
SQL: SELECT * FROM `t_user` WHERE ( User_Num='' ) LIMIT 1   [ RunTime:0.0002s ]
SQL: SELECT * FROM `t_user` WHERE ( User_Num='' ) LIMIT 1   [ RunTime:0.0002s ]
SQL: SELECT * FROM `t_user` WHERE ( User_Num='' ) LIMIT 1   [ RunTime:0.0002s ]
SQL: SELECT * FROM `t_user` WHERE ( User_Num='' ) LIMIT 1   [ RunTime:0.0002s ]
SQL: SELECT * FROM `t_user` WHERE ( User_Num='' ) LIMIT 1   [ RunTime:0.0002s ]
SQL: SELECT * FROM `t_user` WHERE ( User_Num='' ) LIMIT 1   [ RunTime:0.0002s ]
SQL: SELECT * FROM `t_user` WHERE ( User_Num='' ) LIMIT 1   [ RunTime:0.0002s ]
SQL: SELECT * FROM `t_user` WHERE ( User_Num='' ) LIMIT 1   [ RunTime:0.0002s ]
SQL: SELECT * FROM `t_user` WHERE ( User_Num='' ) LIMIT 1   [ RunTime:0.0002s ]
SQL: SELECT * FROM `t_user` WHERE ( User_Num='' ) LIMIT 1   [ RunTime:0.0002s ]
SQL: SELECT * FROM `t_user` WHERE ( User_Num='' ) LIMIT 1   [ RunTime:0.0002s ]
SQL: SELECT * FROM `t_user` WHERE ( User_Num='' ) LIMIT 1   [ RunTime:0.0002s ]
SQL: SELECT * FROM `t_user` WHERE ( User_Num='' ) LIMIT 1   [ RunTime:0.0002s ]
SQL: SELECT * FROM `t_user` WHERE ( User_Num='' ) LIMIT 1   [ RunTime:0.0002s ]
SQL: SELECT * FROM `t_user` WHERE ( User_Num='' ) LIMIT 1   [ RunTime:0.0002s ]
SQL: SELECT * FROM `t_user` WHERE ( User_Num='' ) LIMIT 1   [ RunTime:0.0002s ]
SQL: SELECT * FROM `t_user` WHERE ( User_Num='' ) LIMIT 1   [ RunTime:0.0002s ]
SQL: SELECT * FROM `t_user` WHERE ( User_Num='' ) LIMIT 1   [ RunTime:0.0002s ]
SQL: SELECT * FROM `t_user` WHERE ( User_Num='' ) LIMIT 1   [ RunTime:0.0002s ]
SQL: SELECT * FROM `t_user` WHERE ( User_Num='' ) LIMIT 1   [ RunTime:0.0002s ]
SQL: SELECT * FROM `t_user` WHERE ( User_Num='' ) LIMIT 1   [ RunTime:0.0002s ]
SQL: SELECT * FROM `t_user` WHERE ( User_Num='' ) LIMIT 1   [ RunTime:0.0003s ]
SQL: SELECT * FROM `t_user` WHERE ( User_Num='' ) LIMIT 1   [ RunTime:0.0002s ]
SQL: SELECT * FROM `t_user` WHERE ( User_Num='' ) LIMIT 1   [ RunTime:0.0002s ]
SQL: SELECT * FROM `t_user` WHERE ( User_Num='' ) LIMIT 1   [ RunTime:0.0002s ]
SQL: SELECT * FROM `t_user` WHERE ( User_Num='' ) LIMIT 1   [ RunTime:0.0002s ]
SQL: SELECT * FROM `t_user` WHERE ( User_Num='' ) LIMIT 1   [ RunTime:0.0002s ]
SQL: SELECT * FROM `t_user` WHERE ( User_Num='' ) LIMIT 1   [ RunTime:0.0002s ]
SQL: SELECT * FROM `t_user` WHERE ( User_Num='' ) LIMIT 1   [ RunTime:0.0002s ]
SQL: SELECT * FROM `t_user` WHERE ( User_Num='' ) LIMIT 1   [ RunTime:0.0002s ]
SQL: SELECT * FROM `t_user` WHERE ( User_Num='' ) LIMIT 1   [ RunTime:0.0002s ]
SQL: SELECT * FROM `t_user` WHERE ( User_Num='' ) LIMIT 1   [ RunTime:0.0002s ]
SQL: SELECT * FROM `t_user` WHERE ( User_Num='' ) LIMIT 1   [ RunTime:0.0002s ]
SQL: SELECT * FROM `t_user` WHERE ( User_Num='' ) LIMIT 1   [ RunTime:0.0002s ]
SQL: SELECT * FROM `t_user` WHERE ( User_Num='' ) LIMIT 1   [ RunTime:0.0002s ]
SQL: SELECT * FROM `t_user` WHERE ( User_Num='' ) LIMIT 1   [ RunTime:0.0002s ]
SQL: SELECT * FROM `t_user` WHERE ( User_Num='' ) LIMIT 1   [ RunTime:0.0002s ]
SQL: SELECT * FROM `t_user` WHERE ( User_Num='' ) LIMIT 1   [ RunTime:0.0002s ]
SQL: SELECT * FROM `t_user` WHERE ( User_Num='' ) LIMIT 1   [ RunTime:0.0002s ]
SQL: SELECT * FROM `t_user` WHERE ( User_Num='' ) LIMIT 1   [ RunTime:0.0002s ]
SQL: SELECT * FROM `t_user` WHERE ( User_Num='' ) LIMIT 1   [ RunTime:0.0002s ]
SQL: SELECT * FROM `t_user` WHERE ( User_Num='' ) LIMIT 1   [ RunTime:0.0002s ]
SQL: SELECT * FROM `t_user` WHERE ( User_Num='' ) LIMIT 1   [ RunTime:0.0002s ]
SQL: SELECT * FROM `t_user` WHERE ( User_Num='' ) LIMIT 1   [ RunTime:0.0002s ]
SQL: SELECT * FROM `t_user` WHERE ( User_Num='' ) LIMIT 1   [ RunTime:0.0002s ]
SQL: SELECT * FROM `t_user` WHERE ( User_Num='' ) LIMIT 1   [ RunTime:0.0002s ]
SQL: SELECT * FROM `t_user` WHERE ( User_Num='' ) LIMIT 1   [ RunTime:0.0002s ]
SQL: SELECT * FROM `t_user` WHERE ( User_Num='' ) LIMIT 1   [ RunTime:0.0002s ]
SQL: SELECT * FROM `t_user` WHERE ( User_Num='' ) LIMIT 1   [ RunTime:0.0002s ]
SQL: SELECT * FROM `t_user` WHERE ( User_Num='' ) LIMIT 1   [ RunTime:0.0002s ]
SQL: SELECT * FROM `t_user` WHERE ( User_Num='' ) LIMIT 1   [ RunTime:0.0002s ]
SQL: SELECT * FROM `t_user` WHERE ( User_Num='' ) LIMIT 1   [ RunTime:0.0002s ]
SQL: SELECT * FROM `t_user` WHERE ( User_Num='' ) LIMIT 1   [ RunTime:0.0002s ]
SQL: SELECT * FROM `t_user` WHERE ( User_Num='' ) LIMIT 1   [ RunTime:0.0002s ]
SQL: SELECT * FROM `t_user` WHERE ( User_Num='' ) LIMIT 1   [ RunTime:0.0002s ]
SQL: SELECT * FROM `t_user` WHERE ( User_Num='' ) LIMIT 1   [ RunTime:0.0002s ]
SQL: SELECT * FROM `t_user` WHERE ( User_Num='' ) LIMIT 1   [ RunTime:0.0002s ]
SQL: SELECT * FROM `t_user` WHERE ( User_Num='' ) LIMIT 1   [ RunTime:0.0002s ]
SQL: SELECT * FROM `t_user` WHERE ( User_Num='' ) LIMIT 1   [ RunTime:0.0002s ]
SQL: SELECT * FROM `t_user` WHERE ( User_Num='' ) LIMIT 1   [ RunTime:0.0002s ]
SQL: SELECT * FROM `t_user` WHERE ( User_Num='' ) LIMIT 1   [ RunTime:0.0002s ]
SQL: SELECT * FROM `t_user` WHERE ( User_Num='' ) LIMIT 1   [ RunTime:0.0002s ]
SQL: SELECT * FROM `t_user` WHERE ( User_Num='' ) LIMIT 1   [ RunTime:0.0002s ]
SQL: SELECT * FROM `t_user` WHERE ( User_Num='' ) LIMIT 1   [ RunTime:0.0003s ]
SQL: SELECT * FROM `t_user` WHERE ( User_Num='' ) LIMIT 1   [ RunTime:0.0002s ]
SQL: SELECT * FROM `t_user` WHERE ( User_Num='' ) LIMIT 1   [ RunTime:0.0002s ]
SQL: SELECT * FROM `t_user` WHERE ( User_Num='' ) LIMIT 1   [ RunTime:0.0002s ]
SQL: SELECT * FROM `t_user` WHERE ( User_Num='' ) LIMIT 1   [ RunTime:0.0002s ]
SQL: SELECT * FROM `t_user` WHERE ( User_Num='' ) LIMIT 1   [ RunTime:0.0002s ]
SQL: SELECT * FROM `t_user` WHERE ( User_Num='' ) LIMIT 1   [ RunTime:0.0002s ]
SQL: SELECT * FROM `t_user` WHERE ( User_Num='' ) LIMIT 1   [ RunTime:0.0002s ]
SQL: SELECT * FROM `t_user` WHERE ( User_Num='' ) LIMIT 1   [ RunTime:0.0002s ]
SQL: SELECT * FROM `t_user` WHERE ( User_Num='' ) LIMIT 1   [ RunTime:0.0002s ]
SQL: SELECT * FROM `t_user` WHERE ( User_Num='' ) LIMIT 1   [ RunTime:0.0002s ]
INFO: [ view_parse ] --START--
INFO: [ template_filter ] --START--
INFO: Run Behavior\ContentReplaceBehavior [ RunTime:0.000074s ]
INFO: [ template_filter ] --END-- [ RunTime:0.000136s ]
INFO: Run Behavior\ParseTemplateBehavior [ RunTime:0.006397s ]
INFO: [ view_parse ] --END-- [ RunTime:0.006453s ]
INFO: [ view_filter ] --START--
INFO: Run Behavior\WriteHtmlCacheBehavior [ RunTime:0.000120s ]
INFO: [ view_filter ] --END-- [ RunTime:0.000170s ]
INFO: [ app_end ] --START--
INFO: Run Behavior\ShowPageTraceBehavior [ RunTime:0.000388s ]
INFO: [ app_end ] --END-- [ RunTime:0.000439s ]

[ 2016-12-01T19:54:59+08:00 ] 192.168.226.60 /PCM/index.php/JFGL/ScreenJpg.html
INFO: [ app_init ] --START--
INFO: Run Behavior\BuildLiteBehavior [ RunTime:0.000009s ]
INFO: [ app_init ] --END-- [ RunTime:0.000183s ]
INFO: [ app_begin ] --START--
INFO: Run Behavior\ReadHtmlCacheBehavior [ RunTime:0.000224s ]
INFO: [ app_begin ] --END-- [ RunTime:0.000257s ]
SQL: SHOW COLUMNS FROM `t_pcmessage` [ RunTime:0.0010s ]
SQL: UPDATE `t_pcmessage` SET `PCM_GetNewOpera`='0' WHERE ( PCM_RoomName='C303' ) [ RunTime:0.0201s ]
INFO: [ app_end ] --START--
INFO: Run Behavior\ShowPageTraceBehavior [ RunTime:0.000558s ]
INFO: [ app_end ] --END-- [ RunTime:0.000628s ]

[ 2016-12-01T19:55:05+08:00 ] 192.168.226.60 /PCM/index.php/JFGL/detial.html?room=C305
INFO: [ app_init ] --START--
INFO: Run Behavior\BuildLiteBehavior [ RunTime:0.000008s ]
INFO: [ app_init ] --END-- [ RunTime:0.000184s ]
INFO: [ app_begin ] --START--
INFO: Run Behavior\ReadHtmlCacheBehavior [ RunTime:0.000230s ]
INFO: [ app_begin ] --END-- [ RunTime:0.000266s ]
SQL: SHOW COLUMNS FROM `t_pcmessage` [ RunTime:0.0010s ]
SQL: SELECT * FROM `t_pcmessage` WHERE ( PCM_RoomName='C305' ) ORDER BY PCM_Num  [ RunTime:0.0018s ]
SQL: SHOW COLUMNS FROM `t_user` [ RunTime:0.0008s ]
SQL: SELECT * FROM `t_user` WHERE ( User_Num='2014309020235' ) LIMIT 1   [ RunTime:0.0004s ]
SQL: SELECT * FROM `t_user` WHERE ( User_Num='' ) LIMIT 1   [ RunTime:0.0003s ]
SQL: SELECT * FROM `t_user` WHERE ( User_Num='' ) LIMIT 1   [ RunTime:0.0003s ]
SQL: SELECT * FROM `t_user` WHERE ( User_Num='' ) LIMIT 1   [ RunTime:0.0003s ]
SQL: SELECT * FROM `t_user` WHERE ( User_Num='' ) LIMIT 1   [ RunTime:0.0003s ]
SQL: SELECT * FROM `t_user` WHERE ( User_Num='' ) LIMIT 1   [ RunTime:0.0003s ]
SQL: SELECT * FROM `t_user` WHERE ( User_Num='' ) LIMIT 1   [ RunTime:0.0003s ]
SQL: SELECT * FROM `t_user` WHERE ( User_Num='' ) LIMIT 1   [ RunTime:0.0003s ]
SQL: SELECT * FROM `t_user` WHERE ( User_Num='' ) LIMIT 1   [ RunTime:0.0003s ]
SQL: SELECT * FROM `t_user` WHERE ( User_Num='' ) LIMIT 1   [ RunTime:0.0002s ]
SQL: SELECT * FROM `t_user` WHERE ( User_Num='' ) LIMIT 1   [ RunTime:0.0003s ]
SQL: SELECT * FROM `t_user` WHERE ( User_Num='' ) LIMIT 1   [ RunTime:0.0003s ]
SQL: SELECT * FROM `t_user` WHERE ( User_Num='' ) LIMIT 1   [ RunTime:0.0003s ]
SQL: SELECT * FROM `t_user` WHERE ( User_Num='' ) LIMIT 1   [ RunTime:0.0003s ]
SQL: SELECT * FROM `t_user` WHERE ( User_Num='' ) LIMIT 1   [ RunTime:0.0003s ]
SQL: SELECT * FROM `t_user` WHERE ( User_Num='' ) LIMIT 1   [ RunTime:0.0003s ]
SQL: SELECT * FROM `t_user` WHERE ( User_Num='' ) LIMIT 1   [ RunTime:0.0003s ]
SQL: SELECT * FROM `t_user` WHERE ( User_Num='' ) LIMIT 1   [ RunTime:0.0003s ]
SQL: SELECT * FROM `t_user` WHERE ( User_Num='' ) LIMIT 1   [ RunTime:0.0002s ]
SQL: SELECT * FROM `t_user` WHERE ( User_Num='' ) LIMIT 1   [ RunTime:0.0003s ]
SQL: SELECT * FROM `t_user` WHERE ( User_Num='' ) LIMIT 1   [ RunTime:0.0002s ]
SQL: SELECT * FROM `t_user` WHERE ( User_Num='' ) LIMIT 1   [ RunTime:0.0002s ]
SQL: SELECT * FROM `t_user` WHERE ( User_Num='' ) LIMIT 1   [ RunTime:0.0002s ]
SQL: SELECT * FROM `t_user` WHERE ( User_Num='' ) LIMIT 1   [ RunTime:0.0002s ]
SQL: SELECT * FROM `t_user` WHERE ( User_Num='' ) LIMIT 1   [ RunTime:0.0002s ]
SQL: SELECT * FROM `t_user` WHERE ( User_Num='' ) LIMIT 1   [ RunTime:0.0002s ]
SQL: SELECT * FROM `t_user` WHERE ( User_Num='' ) LIMIT 1   [ RunTime:0.0002s ]
SQL: SELECT * FROM `t_user` WHERE ( User_Num='' ) LIMIT 1   [ RunTime:0.0002s ]
SQL: SELECT * FROM `t_user` WHERE ( User_Num='' ) LIMIT 1   [ RunTime:0.0002s ]
SQL: SELECT * FROM `t_user` WHERE ( User_Num='' ) LIMIT 1   [ RunTime:0.0002s ]
SQL: SELECT * FROM `t_user` WHERE ( User_Num='' ) LIMIT 1   [ RunTime:0.0002s ]
SQL: SELECT * FROM `t_user` WHERE ( User_Num='' ) LIMIT 1   [ RunTime:0.0002s ]
SQL: SELECT * FROM `t_user` WHERE ( User_Num='' ) LIMIT 1   [ RunTime:0.0002s ]
SQL: SELECT * FROM `t_user` WHERE ( User_Num='' ) LIMIT 1   [ RunTime:0.0002s ]
SQL: SELECT * FROM `t_user` WHERE ( User_Num='' ) LIMIT 1   [ RunTime:0.0002s ]
SQL: SELECT * FROM `t_user` WHERE ( User_Num='' ) LIMIT 1   [ RunTime:0.0002s ]
SQL: SELECT * FROM `t_user` WHERE ( User_Num='' ) LIMIT 1   [ RunTime:0.0002s ]
SQL: SELECT * FROM `t_user` WHERE ( User_Num='' ) LIMIT 1   [ RunTime:0.0002s ]
SQL: SELECT * FROM `t_user` WHERE ( User_Num='' ) LIMIT 1   [ RunTime:0.0002s ]
SQL: SELECT * FROM `t_user` WHERE ( User_Num='' ) LIMIT 1   [ RunTime:0.0002s ]
SQL: SELECT * FROM `t_user` WHERE ( User_Num='' ) LIMIT 1   [ RunTime:0.0002s ]
SQL: SELECT * FROM `t_user` WHERE ( User_Num='' ) LIMIT 1   [ RunTime:0.0002s ]
SQL: SELECT * FROM `t_user` WHERE ( User_Num='' ) LIMIT 1   [ RunTime:0.0002s ]
SQL: SELECT * FROM `t_user` WHERE ( User_Num='' ) LIMIT 1   [ RunTime:0.0002s ]
SQL: SELECT * FROM `t_user` WHERE ( User_Num='' ) LIMIT 1   [ RunTime:0.0002s ]
SQL: SELECT * FROM `t_user` WHERE ( User_Num='' ) LIMIT 1   [ RunTime:0.0002s ]
SQL: SELECT * FROM `t_user` WHERE ( User_Num='' ) LIMIT 1   [ RunTime:0.0002s ]
SQL: SELECT * FROM `t_user` WHERE ( User_Num='' ) LIMIT 1   [ RunTime:0.0002s ]
SQL: SELECT * FROM `t_user` WHERE ( User_Num='' ) LIMIT 1   [ RunTime:0.0002s ]
SQL: SELECT * FROM `t_user` WHERE ( User_Num='' ) LIMIT 1   [ RunTime:0.0002s ]
SQL: SELECT * FROM `t_user` WHERE ( User_Num='' ) LIMIT 1   [ RunTime:0.0002s ]
SQL: SELECT * FROM `t_user` WHERE ( User_Num='' ) LIMIT 1   [ RunTime:0.0002s ]
SQL: SELECT * FROM `t_user` WHERE ( User_Num='' ) LIMIT 1   [ RunTime:0.0002s ]
SQL: SELECT * FROM `t_user` WHERE ( User_Num='' ) LIMIT 1   [ RunTime:0.0002s ]
SQL: SELECT * FROM `t_user` WHERE ( User_Num='' ) LIMIT 1   [ RunTime:0.0002s ]
SQL: SELECT * FROM `t_user` WHERE ( User_Num='' ) LIMIT 1   [ RunTime:0.0002s ]
SQL: SELECT * FROM `t_user` WHERE ( User_Num='' ) LIMIT 1   [ RunTime:0.0002s ]
SQL: SELECT * FROM `t_user` WHERE ( User_Num='' ) LIMIT 1   [ RunTime:0.0002s ]
SQL: SELECT * FROM `t_user` WHERE ( User_Num='' ) LIMIT 1   [ RunTime:0.0002s ]
SQL: SELECT * FROM `t_user` WHERE ( User_Num='' ) LIMIT 1   [ RunTime:0.0002s ]
SQL: SELECT * FROM `t_user` WHERE ( User_Num='' ) LIMIT 1   [ RunTime:0.0002s ]
SQL: SELECT * FROM `t_user` WHERE ( User_Num='' ) LIMIT 1   [ RunTime:0.0002s ]
SQL: SELECT * FROM `t_user` WHERE ( User_Num='' ) LIMIT 1   [ RunTime:0.0002s ]
SQL: SELECT * FROM `t_user` WHERE ( User_Num='' ) LIMIT 1   [ RunTime:0.0002s ]
SQL: SELECT * FROM `t_user` WHERE ( User_Num='' ) LIMIT 1   [ RunTime:0.0002s ]
SQL: SELECT * FROM `t_user` WHERE ( User_Num='' ) LIMIT 1   [ RunTime:0.0002s ]
SQL: SELECT * FROM `t_user` WHERE ( User_Num='' ) LIMIT 1   [ RunTime:0.0002s ]
SQL: SELECT * FROM `t_user` WHERE ( User_Num='' ) LIMIT 1   [ RunTime:0.0002s ]
SQL: SELECT * FROM `t_user` WHERE ( User_Num='' ) LIMIT 1   [ RunTime:0.0002s ]
SQL: SELECT * FROM `t_user` WHERE ( User_Num='' ) LIMIT 1   [ RunTime:0.0002s ]
SQL: SELECT * FROM `t_user` WHERE ( User_Num='' ) LIMIT 1   [ RunTime:0.0002s ]
SQL: SELECT * FROM `t_user` WHERE ( User_Num='' ) LIMIT 1   [ RunTime:0.0002s ]
SQL: SELECT * FROM `t_user` WHERE ( User_Num='' ) LIMIT 1   [ RunTime:0.0002s ]
SQL: SELECT * FROM `t_user` WHERE ( User_Num='' ) LIMIT 1   [ RunTime:0.0002s ]
SQL: SELECT * FROM `t_user` WHERE ( User_Num='' ) LIMIT 1   [ RunTime:0.0002s ]
SQL: SELECT * FROM `t_user` WHERE ( User_Num='' ) LIMIT 1   [ RunTime:0.0002s ]
SQL: SELECT * FROM `t_user` WHERE ( User_Num='' ) LIMIT 1   [ RunTime:0.0002s ]
SQL: SELECT * FROM `t_user` WHERE ( User_Num='' ) LIMIT 1   [ RunTime:0.0002s ]
SQL: SELECT * FROM `t_user` WHERE ( User_Num='' ) LIMIT 1   [ RunTime:0.0002s ]
SQL: SELECT * FROM `t_user` WHERE ( User_Num='' ) LIMIT 1   [ RunTime:0.0002s ]
SQL: SELECT * FROM `t_user` WHERE ( User_Num='' ) LIMIT 1   [ RunTime:0.0002s ]
INFO: [ view_parse ] --START--
INFO: [ template_filter ] --START--
INFO: Run Behavior\ContentReplaceBehavior [ RunTime:0.000074s ]
INFO: [ template_filter ] --END-- [ RunTime:0.000137s ]
INFO: Run Behavior\ParseTemplateBehavior [ RunTime:0.006402s ]
INFO: [ view_parse ] --END-- [ RunTime:0.006456s ]
INFO: [ view_filter ] --START--
INFO: Run Behavior\WriteHtmlCacheBehavior [ RunTime:0.000118s ]
INFO: [ view_filter ] --END-- [ RunTime:0.000168s ]
INFO: [ app_end ] --START--
INFO: Run Behavior\ShowPageTraceBehavior [ RunTime:0.000383s ]
INFO: [ app_end ] --END-- [ RunTime:0.000434s ]

[ 2016-12-01T19:55:05+08:00 ] 192.168.226.60 /PCM/Public/Upload/C410_1-1_screen.jpg
INFO: [ app_init ] --START--
INFO: Run Behavior\BuildLiteBehavior [ RunTime:0.000009s ]
INFO: [ app_init ] --END-- [ RunTime:0.000186s ]

[ 2016-12-01T19:55:06+08:00 ] 101.226.89.123 /PCM/index.php/JFGL/detial.html?room=C303
INFO: [ app_init ] --START--
INFO: Run Behavior\BuildLiteBehavior [ RunTime:0.000009s ]
INFO: [ app_init ] --END-- [ RunTime:0.000184s ]
INFO: [ app_begin ] --START--
INFO: Run Behavior\ReadHtmlCacheBehavior [ RunTime:0.000230s ]
INFO: [ app_begin ] --END-- [ RunTime:0.000267s ]
SQL: SHOW COLUMNS FROM `t_pcmessage` [ RunTime:0.0010s ]
SQL: SELECT * FROM `t_pcmessage` WHERE ( PCM_RoomName='C303' ) ORDER BY PCM_Num  [ RunTime:0.0017s ]
SQL: SHOW COLUMNS FROM `t_user` [ RunTime:0.0007s ]
SQL: SELECT * FROM `t_user` WHERE ( User_Num='' ) LIMIT 1   [ RunTime:0.0002s ]
SQL: SELECT * FROM `t_user` WHERE ( User_Num='' ) LIMIT 1   [ RunTime:0.0002s ]
SQL: SELECT * FROM `t_user` WHERE ( User_Num='' ) LIMIT 1   [ RunTime:0.0002s ]
SQL: SELECT * FROM `t_user` WHERE ( User_Num='' ) LIMIT 1   [ RunTime:0.0002s ]
SQL: SELECT * FROM `t_user` WHERE ( User_Num='' ) LIMIT 1   [ RunTime:0.0002s ]
SQL: SELECT * FROM `t_user` WHERE ( User_Num='' ) LIMIT 1   [ RunTime:0.0002s ]
SQL: SELECT * FROM `t_user` WHERE ( User_Num='' ) LIMIT 1   [ RunTime:0.0002s ]
SQL: SELECT * FROM `t_user` WHERE ( User_Num='' ) LIMIT 1   [ RunTime:0.0002s ]
SQL: SELECT * FROM `t_user` WHERE ( User_Num='' ) LIMIT 1   [ RunTime:0.0002s ]
SQL: SELECT * FROM `t_user` WHERE ( User_Num='' ) LIMIT 1   [ RunTime:0.0002s ]
SQL: SELECT * FROM `t_user` WHERE ( User_Num='' ) LIMIT 1   [ RunTime:0.0002s ]
SQL: SELECT * FROM `t_user` WHERE ( User_Num='' ) LIMIT 1   [ RunTime:0.0002s ]
SQL: SELECT * FROM `t_user` WHERE ( User_Num='' ) LIMIT 1   [ RunTime:0.0002s ]
SQL: SELECT * FROM `t_user` WHERE ( User_Num='' ) LIMIT 1   [ RunTime:0.0002s ]
SQL: SELECT * FROM `t_user` WHERE ( User_Num='' ) LIMIT 1   [ RunTime:0.0002s ]
SQL: SELECT * FROM `t_user` WHERE ( User_Num='' ) LIMIT 1   [ RunTime:0.0002s ]
SQL: SELECT * FROM `t_user` WHERE ( User_Num='' ) LIMIT 1   [ RunTime:0.0002s ]
SQL: SELECT * FROM `t_user` WHERE ( User_Num='' ) LIMIT 1   [ RunTime:0.0002s ]
SQL: SELECT * FROM `t_user` WHERE ( User_Num='' ) LIMIT 1   [ RunTime:0.0002s ]
SQL: SELECT * FROM `t_user` WHERE ( User_Num='' ) LIMIT 1   [ RunTime:0.0002s ]
SQL: SELECT * FROM `t_user` WHERE ( User_Num='' ) LIMIT 1   [ RunTime:0.0002s ]
SQL: SELECT * FROM `t_user` WHERE ( User_Num='' ) LIMIT 1   [ RunTime:0.0002s ]
SQL: SELECT * FROM `t_user` WHERE ( User_Num='' ) LIMIT 1   [ RunTime:0.0002s ]
SQL: SELECT * FROM `t_user` WHERE ( User_Num='' ) LIMIT 1   [ RunTime:0.0002s ]
SQL: SELECT * FROM `t_user` WHERE ( User_Num='' ) LIMIT 1   [ RunTime:0.0002s ]
SQL: SELECT * FROM `t_user` WHERE ( User_Num='' ) LIMIT 1   [ RunTime:0.0002s ]
SQL: SELECT * FROM `t_user` WHERE ( User_Num='' ) LIMIT 1   [ RunTime:0.0002s ]
SQL: SELECT * FROM `t_user` WHERE ( User_Num='' ) LIMIT 1   [ RunTime:0.0002s ]
SQL: SELECT * FROM `t_user` WHERE ( User_Num='' ) LIMIT 1   [ RunTime:0.0002s ]
SQL: SELECT * FROM `t_user` WHERE ( User_Num='' ) LIMIT 1   [ RunTime:0.0002s ]
SQL: SELECT * FROM `t_user` WHERE ( User_Num='' ) LIMIT 1   [ RunTime:0.0002s ]
SQL: SELECT * FROM `t_user` WHERE ( User_Num='' ) LIMIT 1   [ RunTime:0.0002s ]
SQL: SELECT * FROM `t_user` WHERE ( User_Num='' ) LIMIT 1   [ RunTime:0.0002s ]
SQL: SELECT * FROM `t_user` WHERE ( User_Num='' ) LIMIT 1   [ RunTime:0.0002s ]
SQL: SELECT * FROM `t_user` WHERE ( User_Num='' ) LIMIT 1   [ RunTime:0.0002s ]
SQL: SELECT * FROM `t_user` WHERE ( User_Num='' ) LIMIT 1   [ RunTime:0.0002s ]
SQL: SELECT * FROM `t_user` WHERE ( User_Num='' ) LIMIT 1   [ RunTime:0.0002s ]
SQL: SELECT * FROM `t_user` WHERE ( User_Num='' ) LIMIT 1   [ RunTime:0.0002s ]
SQL: SELECT * FROM `t_user` WHERE ( User_Num='' ) LIMIT 1   [ RunTime:0.0002s ]
SQL: SELECT * FROM `t_user` WHERE ( User_Num='' ) LIMIT 1   [ RunTime:0.0002s ]
SQL: SELECT * FROM `t_user` WHERE ( User_Num='' ) LIMIT 1   [ RunTime:0.0002s ]
SQL: SELECT * FROM `t_user` WHERE ( User_Num='' ) LIMIT 1   [ RunTime:0.0002s ]
SQL: SELECT * FROM `t_user` WHERE ( User_Num='' ) LIMIT 1   [ RunTime:0.0002s ]
SQL: SELECT * FROM `t_user` WHERE ( User_Num='' ) LIMIT 1   [ RunTime:0.0002s ]
SQL: SELECT * FROM `t_user` WHERE ( User_Num='' ) LIMIT 1   [ RunTime:0.0002s ]
SQL: SELECT * FROM `t_user` WHERE ( User_Num='' ) LIMIT 1   [ RunTime:0.0002s ]
SQL: SELECT * FROM `t_user` WHERE ( User_Num='' ) LIMIT 1   [ RunTime:0.0002s ]
SQL: SELECT * FROM `t_user` WHERE ( User_Num='' ) LIMIT 1   [ RunTime:0.0002s ]
SQL: SELECT * FROM `t_user` WHERE ( User_Num='' ) LIMIT 1   [ RunTime:0.0002s ]
SQL: SELECT * FROM `t_user` WHERE ( User_Num='' ) LIMIT 1   [ RunTime:0.0002s ]
SQL: SELECT * FROM `t_user` WHERE ( User_Num='' ) LIMIT 1   [ RunTime:0.0002s ]
SQL: SELECT * FROM `t_user` WHERE ( User_Num='' ) LIMIT 1   [ RunTime:0.0002s ]
SQL: SELECT * FROM `t_user` WHERE ( User_Num='' ) LIMIT 1   [ RunTime:0.0002s ]
SQL: SELECT * FROM `t_user` WHERE ( User_Num='' ) LIMIT 1   [ RunTime:0.0002s ]
SQL: SELECT * FROM `t_user` WHERE ( User_Num='' ) LIMIT 1   [ RunTime:0.0002s ]
SQL: SELECT * FROM `t_user` WHERE ( User_Num='' ) LIMIT 1   [ RunTime:0.0002s ]
SQL: SELECT * FROM `t_user` WHERE ( User_Num='' ) LIMIT 1   [ RunTime:0.0002s ]
SQL: SELECT * FROM `t_user` WHERE ( User_Num='' ) LIMIT 1   [ RunTime:0.0002s ]
SQL: SELECT * FROM `t_user` WHERE ( User_Num='' ) LIMIT 1   [ RunTime:0.0002s ]
SQL: SELECT * FROM `t_user` WHERE ( User_Num='' ) LIMIT 1   [ RunTime:0.0002s ]
SQL: SELECT * FROM `t_user` WHERE ( User_Num='' ) LIMIT 1   [ RunTime:0.0002s ]
SQL: SELECT * FROM `t_user` WHERE ( User_Num='' ) LIMIT 1   [ RunTime:0.0002s ]
SQL: SELECT * FROM `t_user` WHERE ( User_Num='' ) LIMIT 1   [ RunTime:0.0002s ]
SQL: SELECT * FROM `t_user` WHERE ( User_Num='' ) LIMIT 1   [ RunTime:0.0002s ]
SQL: SELECT * FROM `t_user` WHERE ( User_Num='' ) LIMIT 1   [ RunTime:0.0002s ]
SQL: SELECT * FROM `t_user` WHERE ( User_Num='' ) LIMIT 1   [ RunTime:0.0002s ]
SQL: SELECT * FROM `t_user` WHERE ( User_Num='' ) LIMIT 1   [ RunTime:0.0002s ]
SQL: SELECT * FROM `t_user` WHERE ( User_Num='' ) LIMIT 1   [ RunTime:0.0002s ]
SQL: SELECT * FROM `t_user` WHERE ( User_Num='' ) LIMIT 1   [ RunTime:0.0002s ]
SQL: SELECT * FROM `t_user` WHERE ( User_Num='' ) LIMIT 1   [ RunTime:0.0002s ]
SQL: SELECT * FROM `t_user` WHERE ( User_Num='' ) LIMIT 1   [ RunTime:0.0002s ]
SQL: SELECT * FROM `t_user` WHERE ( User_Num='' ) LIMIT 1   [ RunTime:0.0002s ]
SQL: SELECT * FROM `t_user` WHERE ( User_Num='' ) LIMIT 1   [ RunTime:0.0002s ]
SQL: SELECT * FROM `t_user` WHERE ( User_Num='' ) LIMIT 1   [ RunTime:0.0002s ]
SQL: SELECT * FROM `t_user` WHERE ( User_Num='' ) LIMIT 1   [ RunTime:0.0002s ]
SQL: SELECT * FROM `t_user` WHERE ( User_Num='' ) LIMIT 1   [ RunTime:0.0002s ]
SQL: SELECT * FROM `t_user` WHERE ( User_Num='' ) LIMIT 1   [ RunTime:0.0002s ]
SQL: SELECT * FROM `t_user` WHERE ( User_Num='' ) LIMIT 1   [ RunTime:0.0002s ]
SQL: SELECT * FROM `t_user` WHERE ( User_Num='' ) LIMIT 1   [ RunTime:0.0002s ]
SQL: SELECT * FROM `t_user` WHERE ( User_Num='' ) LIMIT 1   [ RunTime:0.0002s ]
SQL: SELECT * FROM `t_user` WHERE ( User_Num='' ) LIMIT 1   [ RunTime:0.0002s ]
INFO: [ view_parse ] --START--
INFO: [ template_filter ] --START--
INFO: Run Behavior\ContentReplaceBehavior [ RunTime:0.000060s ]
INFO: [ template_filter ] --END-- [ RunTime:0.000109s ]
INFO: Run Behavior\ParseTemplateBehavior [ RunTime:0.007533s ]
INFO: [ view_parse ] --END-- [ RunTime:0.007582s ]
INFO: [ view_filter ] --START--
INFO: Run Behavior\WriteHtmlCacheBehavior [ RunTime:0.000095s ]
INFO: [ view_filter ] --END-- [ RunTime:0.000134s ]
INFO: [ app_end ] --START--
INFO: Run Behavior\ShowPageTraceBehavior [ RunTime:0.000302s ]
INFO: [ app_end ] --END-- [ RunTime:0.000343s ]

[ 2016-12-01T19:55:19+08:00 ] 192.168.226.60 /PCM/index.php/JFGL/history.html
INFO: [ app_init ] --START--
INFO: Run Behavior\BuildLiteBehavior [ RunTime:0.000010s ]
INFO: [ app_init ] --END-- [ RunTime:0.000186s ]
INFO: [ app_begin ] --START--
INFO: Run Behavior\ReadHtmlCacheBehavior [ RunTime:0.000235s ]
INFO: [ app_begin ] --END-- [ RunTime:0.000272s ]
INFO: [ view_parse ] --START--
INFO: [ template_filter ] --START--
INFO: Run Behavior\ContentReplaceBehavior [ RunTime:0.000043s ]
INFO: [ template_filter ] --END-- [ RunTime:0.000082s ]
INFO: Run Behavior\ParseTemplateBehavior [ RunTime:0.004083s ]
INFO: [ view_parse ] --END-- [ RunTime:0.004117s ]
INFO: [ view_filter ] --START--
INFO: Run Behavior\WriteHtmlCacheBehavior [ RunTime:0.000074s ]
INFO: [ view_filter ] --END-- [ RunTime:0.000105s ]
INFO: [ app_end ] --START--
INFO: Run Behavior\ShowPageTraceBehavior [ RunTime:0.000250s ]
INFO: [ app_end ] --END-- [ RunTime:0.000282s ]

[ 2016-12-01T19:55:19+08:00 ] 192.168.226.60 /PCM/index.php/JFGL/gethistory.html
INFO: [ app_init ] --START--
INFO: Run Behavior\BuildLiteBehavior [ RunTime:0.000008s ]
INFO: [ app_init ] --END-- [ RunTime:0.000181s ]
INFO: [ app_begin ] --START--
INFO: Run Behavior\ReadHtmlCacheBehavior [ RunTime:0.000224s ]
INFO: [ app_begin ] --END-- [ RunTime:0.000257s ]
SQL: SHOW COLUMNS FROM `t_signrecord` [ RunTime:0.0011s ]
SQL: SELECT COUNT(*) AS tp_count FROM `t_signrecord` LIMIT 1   [ RunTime:0.0007s ]
SQL: SELECT * FROM `t_signrecord` LIMIT 0,20   [ RunTime:0.0004s ]
INFO: [ app_end ] --START--
INFO: Run Behavior\ShowPageTraceBehavior [ RunTime:0.000304s ]
INFO: [ app_end ] --END-- [ RunTime:0.000341s ]

[ 2016-12-01T19:55:28+08:00 ] 192.168.226.60 /PCM/index.php/JFGL/gethistory.html
INFO: [ app_init ] --START--
INFO: Run Behavior\BuildLiteBehavior [ RunTime:0.000010s ]
INFO: [ app_init ] --END-- [ RunTime:0.000185s ]
INFO: [ app_begin ] --START--
INFO: Run Behavior\ReadHtmlCacheBehavior [ RunTime:0.000227s ]
INFO: [ app_begin ] --END-- [ RunTime:0.000261s ]
SQL: SHOW COLUMNS FROM `t_signrecord` [ RunTime:0.0010s ]
SQL: SELECT COUNT(*) AS tp_count FROM `t_signrecord` WHERE (`Record_RoomName` LIKE '%c305%') LIMIT 1   [ RunTime:0.0008s ]
SQL: SELECT * FROM `t_signrecord` WHERE (`Record_RoomName` LIKE '%c305%') ORDER BY Record_RoomName LIMIT 0,20   [ RunTime:0.0009s ]
NOTIC: [8] Undefined index: 0 /opt/lampp/htdocs/PCM/Application/Admin/Controller/JFGLController.class.php 第 53 行.
NOTIC: [8] Undefined index: 1 /opt/lampp/htdocs/PCM/Application/Admin/Controller/JFGLController.class.php 第 53 行.
NOTIC: [8] Undefined index: 2 /opt/lampp/htdocs/PCM/Application/Admin/Controller/JFGLController.class.php 第 53 行.
NOTIC: [8] Undefined index: 3 /opt/lampp/htdocs/PCM/Application/Admin/Controller/JFGLController.class.php 第 53 行.
NOTIC: [8] Undefined index: 4 /opt/lampp/htdocs/PCM/Application/Admin/Controller/JFGLController.class.php 第 53 行.
NOTIC: [8] Undefined index: 5 /opt/lampp/htdocs/PCM/Application/Admin/Controller/JFGLController.class.php 第 53 行.
NOTIC: [8] Undefined index: 6 /opt/lampp/htdocs/PCM/Application/Admin/Controller/JFGLController.class.php 第 53 行.
NOTIC: [8] Undefined index: 7 /opt/lampp/htdocs/PCM/Application/Admin/Controller/JFGLController.class.php 第 53 行.
NOTIC: [8] Undefined index: 8 /opt/lampp/htdocs/PCM/Application/Admin/Controller/JFGLController.class.php 第 53 行.
NOTIC: [8] Undefined index: 9 /opt/lampp/htdocs/PCM/Application/Admin/Controller/JFGLController.class.php 第 53 行.
NOTIC: [8] Undefined index: 10 /opt/lampp/htdocs/PCM/Application/Admin/Controller/JFGLController.class.php 第 53 行.
NOTIC: [8] Undefined index: 11 /opt/lampp/htdocs/PCM/Application/Admin/Controller/JFGLController.class.php 第 53 行.
NOTIC: [8] Undefined index: 12 /opt/lampp/htdocs/PCM/Application/Admin/Controller/JFGLController.class.php 第 53 行.
NOTIC: [8] Undefined index: 13 /opt/lampp/htdocs/PCM/Application/Admin/Controller/JFGLController.class.php 第 53 行.
NOTIC: [8] Undefined index: 14 /opt/lampp/htdocs/PCM/Application/Admin/Controller/JFGLController.class.php 第 53 行.
NOTIC: [8] Undefined index: 15 /opt/lampp/htdocs/PCM/Application/Admin/Controller/JFGLController.class.php 第 53 行.
NOTIC: [8] Undefined index: 16 /opt/lampp/htdocs/PCM/Application/Admin/Controller/JFGLController.class.php 第 53 行.
NOTIC: [8] Undefined index: 17 /opt/lampp/htdocs/PCM/Application/Admin/Controller/JFGLController.class.php 第 53 行.
NOTIC: [8] Undefined index: 18 /opt/lampp/htdocs/PCM/Application/Admin/Controller/JFGLController.class.php 第 53 行.
NOTIC: [8] Undefined index: 19 /opt/lampp/htdocs/PCM/Application/Admin/Controller/JFGLController.class.php 第 53 行.
INFO: [ app_end ] --START--
INFO: Run Behavior\ShowPageTraceBehavior [ RunTime:0.000338s ]
INFO: [ app_end ] --END-- [ RunTime:0.000375s ]

[ 2016-12-01T19:55:34+08:00 ] 192.168.226.60 /PCM/index.php/JFGL/gethistory.html
INFO: [ app_init ] --START--
INFO: Run Behavior\BuildLiteBehavior [ RunTime:0.000017s ]
INFO: [ app_init ] --END-- [ RunTime:0.000404s ]
INFO: [ app_begin ] --START--
INFO: Run Behavior\ReadHtmlCacheBehavior [ RunTime:0.000253s ]
INFO: [ app_begin ] --END-- [ RunTime:0.000288s ]
SQL: SHOW COLUMNS FROM `t_signrecord` [ RunTime:0.0010s ]
SQL: SELECT COUNT(*) AS tp_count FROM `t_signrecord` WHERE (`Record_RoomName` LIKE '%C305%') LIMIT 1   [ RunTime:0.0009s ]
SQL: SELECT * FROM `t_signrecord` WHERE (`Record_RoomName` LIKE '%C305%') ORDER BY Record_RoomName LIMIT 0,20   [ RunTime:0.0009s ]
NOTIC: [8] Undefined index: 0 /opt/lampp/htdocs/PCM/Application/Admin/Controller/JFGLController.class.php 第 53 行.
NOTIC: [8] Undefined index: 1 /opt/lampp/htdocs/PCM/Application/Admin/Controller/JFGLController.class.php 第 53 行.
NOTIC: [8] Undefined index: 2 /opt/lampp/htdocs/PCM/Application/Admin/Controller/JFGLController.class.php 第 53 行.
NOTIC: [8] Undefined index: 3 /opt/lampp/htdocs/PCM/Application/Admin/Controller/JFGLController.class.php 第 53 行.
NOTIC: [8] Undefined index: 4 /opt/lampp/htdocs/PCM/Application/Admin/Controller/JFGLController.class.php 第 53 行.
NOTIC: [8] Undefined index: 5 /opt/lampp/htdocs/PCM/Application/Admin/Controller/JFGLController.class.php 第 53 行.
NOTIC: [8] Undefined index: 6 /opt/lampp/htdocs/PCM/Application/Admin/Controller/JFGLController.class.php 第 53 行.
NOTIC: [8] Undefined index: 7 /opt/lampp/htdocs/PCM/Application/Admin/Controller/JFGLController.class.php 第 53 行.
NOTIC: [8] Undefined index: 8 /opt/lampp/htdocs/PCM/Application/Admin/Controller/JFGLController.class.php 第 53 行.
NOTIC: [8] Undefined index: 9 /opt/lampp/htdocs/PCM/Application/Admin/Controller/JFGLController.class.php 第 53 行.
NOTIC: [8] Undefined index: 10 /opt/lampp/htdocs/PCM/Application/Admin/Controller/JFGLController.class.php 第 53 行.
NOTIC: [8] Undefined index: 11 /opt/lampp/htdocs/PCM/Application/Admin/Controller/JFGLController.class.php 第 53 行.
NOTIC: [8] Undefined index: 12 /opt/lampp/htdocs/PCM/Application/Admin/Controller/JFGLController.class.php 第 53 行.
NOTIC: [8] Undefined index: 13 /opt/lampp/htdocs/PCM/Application/Admin/Controller/JFGLController.class.php 第 53 行.
NOTIC: [8] Undefined index: 14 /opt/lampp/htdocs/PCM/Application/Admin/Controller/JFGLController.class.php 第 53 行.
NOTIC: [8] Undefined index: 15 /opt/lampp/htdocs/PCM/Application/Admin/Controller/JFGLController.class.php 第 53 行.
NOTIC: [8] Undefined index: 16 /opt/lampp/htdocs/PCM/Application/Admin/Controller/JFGLController.class.php 第 53 行.
NOTIC: [8] Undefined index: 17 /opt/lampp/htdocs/PCM/Application/Admin/Controller/JFGLController.class.php 第 53 行.
NOTIC: [8] Undefined index: 18 /opt/lampp/htdocs/PCM/Application/Admin/Controller/JFGLController.class.php 第 53 行.
NOTIC: [8] Undefined index: 19 /opt/lampp/htdocs/PCM/Application/Admin/Controller/JFGLController.class.php 第 53 行.
INFO: [ app_end ] --START--
INFO: Run Behavior\ShowPageTraceBehavior [ RunTime:0.000594s ]
INFO: [ app_end ] --END-- [ RunTime:0.000660s ]

[ 2016-12-01T19:55:39+08:00 ] 192.168.226.60 /PCM/index.php/JFGL/gethistory.html
INFO: [ app_init ] --START--
INFO: Run Behavior\BuildLiteBehavior [ RunTime:0.000009s ]
INFO: [ app_init ] --END-- [ RunTime:0.000203s ]
INFO: [ app_begin ] --START--
INFO: Run Behavior\ReadHtmlCacheBehavior [ RunTime:0.000251s ]
INFO: [ app_begin ] --END-- [ RunTime:0.000286s ]
SQL: SHOW COLUMNS FROM `t_signrecord` [ RunTime:0.0010s ]
SQL: SELECT COUNT(*) AS tp_count FROM `t_signrecord` WHERE (`Record_RoomName` LIKE '%C410%') LIMIT 1   [ RunTime:0.0009s ]
SQL: SELECT * FROM `t_signrecord` WHERE (`Record_RoomName` LIKE '%C410%') ORDER BY Record_RoomName LIMIT 0,20   [ RunTime:0.0016s ]
INFO: [ app_end ] --START--
INFO: Run Behavior\ShowPageTraceBehavior [ RunTime:0.000401s ]
INFO: [ app_end ] --END-- [ RunTime:0.000450s ]

[ 2016-12-01T19:55:51+08:00 ] 192.168.226.60 /PCM/index.php/JFGL/gethistory.html
INFO: [ app_init ] --START--
INFO: Run Behavior\BuildLiteBehavior [ RunTime:0.000017s ]
INFO: [ app_init ] --END-- [ RunTime:0.000370s ]
INFO: [ app_begin ] --START--
INFO: Run Behavior\ReadHtmlCacheBehavior [ RunTime:0.000460s ]
INFO: [ app_begin ] --END-- [ RunTime:0.000527s ]
SQL: SHOW COLUMNS FROM `t_signrecord` [ RunTime:0.0010s ]
SQL: SELECT COUNT(*) AS tp_count FROM `t_signrecord` WHERE (`Record_RoomName` LIKE '%C410%') LIMIT 1   [ RunTime:0.0009s ]
SQL: SELECT * FROM `t_signrecord` WHERE (`Record_RoomName` LIKE '%C410%') ORDER BY Record_RoomName LIMIT 0,50   [ RunTime:0.0021s ]
INFO: [ app_end ] --START--
INFO: Run Behavior\ShowPageTraceBehavior [ RunTime:0.000573s ]
INFO: [ app_end ] --END-- [ RunTime:0.000661s ]

[ 2016-12-01T19:55:55+08:00 ] 192.168.226.60 /PCM/index.php/XSGL/history.html
INFO: [ app_init ] --START--
INFO: Run Behavior\BuildLiteBehavior [ RunTime:0.000009s ]
INFO: [ app_init ] --END-- [ RunTime:0.000184s ]
INFO: [ app_begin ] --START--
INFO: Run Behavior\ReadHtmlCacheBehavior [ RunTime:0.000226s ]
INFO: [ app_begin ] --END-- [ RunTime:0.000263s ]
INFO: [ view_parse ] --START--
INFO: [ template_filter ] --START--
INFO: Run Behavior\ContentReplaceBehavior [ RunTime:0.000034s ]
INFO: [ template_filter ] --END-- [ RunTime:0.000072s ]
INFO: Run Behavior\ParseTemplateBehavior [ RunTime:0.003635s ]
INFO: [ view_parse ] --END-- [ RunTime:0.003671s ]
INFO: [ view_filter ] --START--
INFO: Run Behavior\WriteHtmlCacheBehavior [ RunTime:0.000072s ]
INFO: [ view_filter ] --END-- [ RunTime:0.000103s ]
INFO: [ app_end ] --START--
INFO: Run Behavior\ShowPageTraceBehavior [ RunTime:0.000248s ]
INFO: [ app_end ] --END-- [ RunTime:0.000281s ]

[ 2016-12-01T19:55:58+08:00 ] 192.168.226.60 /PCM/index.php/XXGL/message.html
INFO: [ app_init ] --START--
INFO: Run Behavior\BuildLiteBehavior [ RunTime:0.000009s ]
INFO: [ app_init ] --END-- [ RunTime:0.000183s ]
INFO: [ app_begin ] --START--
INFO: Run Behavior\ReadHtmlCacheBehavior [ RunTime:0.000226s ]
INFO: [ app_begin ] --END-- [ RunTime:0.000262s ]
INFO: [ view_parse ] --START--
INFO: [ template_filter ] --START--
INFO: Run Behavior\ContentReplaceBehavior [ RunTime:0.000033s ]
INFO: [ template_filter ] --END-- [ RunTime:0.000072s ]
INFO: Run Behavior\ParseTemplateBehavior [ RunTime:0.002744s ]
INFO: [ view_parse ] --END-- [ RunTime:0.002780s ]
INFO: [ view_filter ] --START--
INFO: Run Behavior\WriteHtmlCacheBehavior [ RunTime:0.000072s ]
INFO: [ view_filter ] --END-- [ RunTime:0.000104s ]
INFO: [ app_end ] --START--
INFO: Run Behavior\ShowPageTraceBehavior [ RunTime:0.000240s ]
INFO: [ app_end ] --END-- [ RunTime:0.000274s ]

[ 2016-12-01T19:55:59+08:00 ] 192.168.226.60 /PCM/index.php/XXGL/notice.html
INFO: [ app_init ] --START--
INFO: Run Behavior\BuildLiteBehavior [ RunTime:0.000009s ]
INFO: [ app_init ] --END-- [ RunTime:0.000181s ]
INFO: [ app_begin ] --START--
INFO: Run Behavior\ReadHtmlCacheBehavior [ RunTime:0.000225s ]
INFO: [ app_begin ] --END-- [ RunTime:0.000262s ]
INFO: [ view_parse ] --START--
INFO: [ template_filter ] --START--
INFO: Run Behavior\ContentReplaceBehavior [ RunTime:0.000034s ]
INFO: [ template_filter ] --END-- [ RunTime:0.000071s ]
INFO: Run Behavior\ParseTemplateBehavior [ RunTime:0.002732s ]
INFO: [ view_parse ] --END-- [ RunTime:0.002768s ]
INFO: [ view_filter ] --START--
INFO: Run Behavior\WriteHtmlCacheBehavior [ RunTime:0.000070s ]
INFO: [ view_filter ] --END-- [ RunTime:0.000102s ]
INFO: [ app_end ] --START--
INFO: Run Behavior\ShowPageTraceBehavior [ RunTime:0.000241s ]
INFO: [ app_end ] --END-- [ RunTime:0.000274s ]

[ 2016-12-01T19:56:00+08:00 ] 192.168.226.60 /PCM/index.php/XXGL/reply.html
INFO: [ app_init ] --START--
INFO: Run Behavior\BuildLiteBehavior [ RunTime:0.000009s ]
INFO: [ app_init ] --END-- [ RunTime:0.000184s ]
INFO: [ app_begin ] --START--
INFO: Run Behavior\ReadHtmlCacheBehavior [ RunTime:0.000225s ]
INFO: [ app_begin ] --END-- [ RunTime:0.000262s ]
INFO: [ view_parse ] --START--
INFO: [ template_filter ] --START--
INFO: Run Behavior\ContentReplaceBehavior [ RunTime:0.000033s ]
INFO: [ template_filter ] --END-- [ RunTime:0.000072s ]
INFO: Run Behavior\ParseTemplateBehavior [ RunTime:0.002739s ]
INFO: [ view_parse ] --END-- [ RunTime:0.002775s ]
INFO: [ view_filter ] --START--
INFO: Run Behavior\WriteHtmlCacheBehavior [ RunTime:0.000070s ]
INFO: [ view_filter ] --END-- [ RunTime:0.000102s ]
INFO: [ app_end ] --START--
INFO: Run Behavior\ShowPageTraceBehavior [ RunTime:0.000240s ]
INFO: [ app_end ] --END-- [ RunTime:0.000274s ]

[ 2016-12-01T19:56:02+08:00 ] 192.168.226.60 /PCM/index.php/KCGL/course.html
INFO: [ app_init ] --START--
INFO: Run Behavior\BuildLiteBehavior [ RunTime:0.000009s ]
INFO: [ app_init ] --END-- [ RunTime:0.000183s ]
INFO: [ app_begin ] --START--
INFO: Run Behavior\ReadHtmlCacheBehavior [ RunTime:0.000225s ]
INFO: [ app_begin ] --END-- [ RunTime:0.000260s ]
INFO: [ view_parse ] --START--
INFO: [ template_filter ] --START--
INFO: Run Behavior\ContentReplaceBehavior [ RunTime:0.000071s ]
INFO: [ template_filter ] --END-- [ RunTime:0.000154s ]
INFO: Run Behavior\ParseTemplateBehavior [ RunTime:0.025781s ]
INFO: [ view_parse ] --END-- [ RunTime:0.025839s ]
INFO: [ view_filter ] --START--
INFO: Run Behavior\WriteHtmlCacheBehavior [ RunTime:0.000146s ]
INFO: [ view_filter ] --END-- [ RunTime:0.000210s ]
INFO: [ app_end ] --START--
INFO: Run Behavior\ShowPageTraceBehavior [ RunTime:0.000501s ]
INFO: [ app_end ] --END-- [ RunTime:0.000567s ]

[ 2016-12-01T19:56:06+08:00 ] 101.226.51.230 /PCM/index.php/XSGL/history.html
INFO: [ app_init ] --START--
INFO: Run Behavior\BuildLiteBehavior [ RunTime:0.000010s ]
INFO: [ app_init ] --END-- [ RunTime:0.000203s ]
INFO: [ app_begin ] --START--
INFO: Run Behavior\ReadHtmlCacheBehavior [ RunTime:0.000254s ]
INFO: [ app_begin ] --END-- [ RunTime:0.000293s ]
INFO: [ view_parse ] --START--
INFO: [ template_filter ] --START--
INFO: Run Behavior\ContentReplaceBehavior [ RunTime:0.000037s ]
INFO: [ template_filter ] --END-- [ RunTime:0.000078s ]
INFO: Run Behavior\ParseTemplateBehavior [ RunTime:0.003817s ]
INFO: [ view_parse ] --END-- [ RunTime:0.003854s ]
INFO: [ view_filter ] --START--
INFO: Run Behavior\WriteHtmlCacheBehavior [ RunTime:0.000075s ]
INFO: [ view_filter ] --END-- [ RunTime:0.000107s ]
INFO: [ app_end ] --START--
INFO: Run Behavior\ShowPageTraceBehavior [ RunTime:0.000266s ]
INFO: [ app_end ] --END-- [ RunTime:0.000302s ]

[ 2016-12-01T19:56:08+08:00 ] 192.168.226.60 /PCM/index.php/WJGL/files.html
INFO: [ app_init ] --START--
INFO: Run Behavior\BuildLiteBehavior [ RunTime:0.000009s ]
INFO: [ app_init ] --END-- [ RunTime:0.000200s ]
INFO: [ app_begin ] --START--
INFO: Run Behavior\ReadHtmlCacheBehavior [ RunTime:0.000254s ]
INFO: [ app_begin ] --END-- [ RunTime:0.000291s ]
INFO: [ view_parse ] --START--
INFO: [ template_filter ] --START--
INFO: Run Behavior\ContentReplaceBehavior [ RunTime:0.000045s ]
INFO: [ template_filter ] --END-- [ RunTime:0.000086s ]
INFO: Run Behavior\ParseTemplateBehavior [ RunTime:0.004474s ]
INFO: [ view_parse ] --END-- [ RunTime:0.004511s ]
INFO: [ view_filter ] --START--
INFO: Run Behavior\WriteHtmlCacheBehavior [ RunTime:0.000075s ]
INFO: [ view_filter ] --END-- [ RunTime:0.000108s ]
INFO: [ app_end ] --START--
INFO: Run Behavior\ShowPageTraceBehavior [ RunTime:0.000271s ]
INFO: [ app_end ] --END-- [ RunTime:0.000306s ]

[ 2016-12-01T19:56:09+08:00 ] 192.168.226.60 /PCM/index.php/WJGL/getdownload.html
INFO: [ app_init ] --START--
INFO: Run Behavior\BuildLiteBehavior [ RunTime:0.000009s ]
INFO: [ app_init ] --END-- [ RunTime:0.000197s ]
INFO: [ app_begin ] --START--
INFO: Run Behavior\ReadHtmlCacheBehavior [ RunTime:0.000243s ]
INFO: [ app_begin ] --END-- [ RunTime:0.000279s ]
SQL: SHOW COLUMNS FROM `t_file` [ RunTime:0.0010s ]
SQL: SELECT COUNT(*) AS tp_count FROM `t_file` LIMIT 1   [ RunTime:0.0003s ]
SQL: SELECT * FROM `t_file` ORDER BY File_Time desc LIMIT 0,20   [ RunTime:0.0003s ]
NOTIC: [8] Undefined index: 3 /opt/lampp/htdocs/PCM/Application/Admin/Controller/WJGLController.class.php 第 25 行.
NOTIC: [8] Undefined index: 4 /opt/lampp/htdocs/PCM/Application/Admin/Controller/WJGLController.class.php 第 25 行.
NOTIC: [8] Undefined index: 5 /opt/lampp/htdocs/PCM/Application/Admin/Controller/WJGLController.class.php 第 25 行.
NOTIC: [8] Undefined index: 6 /opt/lampp/htdocs/PCM/Application/Admin/Controller/WJGLController.class.php 第 25 行.
NOTIC: [8] Undefined index: 7 /opt/lampp/htdocs/PCM/Application/Admin/Controller/WJGLController.class.php 第 25 行.
NOTIC: [8] Undefined index: 8 /opt/lampp/htdocs/PCM/Application/Admin/Controller/WJGLController.class.php 第 25 行.
NOTIC: [8] Undefined index: 9 /opt/lampp/htdocs/PCM/Application/Admin/Controller/WJGLController.class.php 第 25 行.
NOTIC: [8] Undefined index: 10 /opt/lampp/htdocs/PCM/Application/Admin/Controller/WJGLController.class.php 第 25 行.
NOTIC: [8] Undefined index: 11 /opt/lampp/htdocs/PCM/Application/Admin/Controller/WJGLController.class.php 第 25 行.
NOTIC: [8] Undefined index: 12 /opt/lampp/htdocs/PCM/Application/Admin/Controller/WJGLController.class.php 第 25 行.
NOTIC: [8] Undefined index: 13 /opt/lampp/htdocs/PCM/Application/Admin/Controller/WJGLController.class.php 第 25 行.
NOTIC: [8] Undefined index: 14 /opt/lampp/htdocs/PCM/Application/Admin/Controller/WJGLController.class.php 第 25 行.
NOTIC: [8] Undefined index: 15 /opt/lampp/htdocs/PCM/Application/Admin/Controller/WJGLController.class.php 第 25 行.
NOTIC: [8] Undefined index: 16 /opt/lampp/htdocs/PCM/Application/Admin/Controller/WJGLController.class.php 第 25 行.
NOTIC: [8] Undefined index: 17 /opt/lampp/htdocs/PCM/Application/Admin/Controller/WJGLController.class.php 第 25 行.
NOTIC: [8] Undefined index: 18 /opt/lampp/htdocs/PCM/Application/Admin/Controller/WJGLController.class.php 第 25 行.
NOTIC: [8] Undefined index: 19 /opt/lampp/htdocs/PCM/Application/Admin/Controller/WJGLController.class.php 第 25 行.
INFO: [ app_end ] --START--
INFO: Run Behavior\ShowPageTraceBehavior [ RunTime:0.000314s ]
INFO: [ app_end ] --END-- [ RunTime:0.000347s ]

[ 2016-12-01T19:56:30+08:00 ] 192.168.226.60 /PCM/index.php/GJQX/room.html
INFO: [ app_init ] --START--
INFO: Run Behavior\BuildLiteBehavior [ RunTime:0.000009s ]
INFO: [ app_init ] --END-- [ RunTime:0.000184s ]
INFO: [ app_begin ] --START--
INFO: Run Behavior\ReadHtmlCacheBehavior [ RunTime:0.000228s ]
INFO: [ app_begin ] --END-- [ RunTime:0.000264s ]
INFO: [ view_parse ] --START--
INFO: [ template_filter ] --START--
INFO: Run Behavior\ContentReplaceBehavior [ RunTime:0.000048s ]
INFO: [ template_filter ] --END-- [ RunTime:0.000087s ]
INFO: Run Behavior\ParseTemplateBehavior [ RunTime:0.003633s ]
INFO: [ view_parse ] --END-- [ RunTime:0.003668s ]
INFO: [ view_filter ] --START--
INFO: Run Behavior\WriteHtmlCacheBehavior [ RunTime:0.000074s ]
INFO: [ view_filter ] --END-- [ RunTime:0.000105s ]
INFO: [ app_end ] --START--
INFO: Run Behavior\ShowPageTraceBehavior [ RunTime:0.000248s ]
INFO: [ app_end ] --END-- [ RunTime:0.000282s ]

[ 2016-12-01T19:56:31+08:00 ] 192.168.226.60 /PCM/index.php/GJQX/getpcmessage.html
INFO: [ app_init ] --START--
INFO: Run Behavior\BuildLiteBehavior [ RunTime:0.000009s ]
INFO: [ app_init ] --END-- [ RunTime:0.000184s ]
INFO: [ app_begin ] --START--
INFO: Run Behavior\ReadHtmlCacheBehavior [ RunTime:0.000223s ]
INFO: [ app_begin ] --END-- [ RunTime:0.000256s ]
SQL: SHOW COLUMNS FROM `t_pcmessage` [ RunTime:0.0010s ]
SQL: SELECT COUNT(*) AS tp_count FROM `t_pcmessage` LIMIT 1   [ RunTime:0.0005s ]
SQL: SELECT * FROM `t_pcmessage` WHERE `PCM_Mac` <> '' LIMIT 0,20   [ RunTime:0.0007s ]
INFO: [ app_end ] --START--
INFO: Run Behavior\ShowPageTraceBehavior [ RunTime:0.000303s ]
INFO: [ app_end ] --END-- [ RunTime:0.000338s ]

[ 2016-12-01T19:56:38+08:00 ] 192.168.226.60 /PCM/index.php/GJQX/student.html
INFO: [ app_init ] --START--
INFO: Run Behavior\BuildLiteBehavior [ RunTime:0.000017s ]
INFO: [ app_init ] --END-- [ RunTime:0.000382s ]
INFO: [ app_begin ] --START--
INFO: Run Behavior\ReadHtmlCacheBehavior [ RunTime:0.000244s ]
INFO: [ app_begin ] --END-- [ RunTime:0.000300s ]
INFO: [ view_parse ] --START--
INFO: [ template_filter ] --START--
INFO: Run Behavior\ContentReplaceBehavior [ RunTime:0.000051s ]
INFO: [ template_filter ] --END-- [ RunTime:0.000090s ]
INFO: Run Behavior\ParseTemplateBehavior [ RunTime:0.003973s ]
INFO: [ view_parse ] --END-- [ RunTime:0.004009s ]
INFO: [ view_filter ] --START--
INFO: Run Behavior\WriteHtmlCacheBehavior [ RunTime:0.000074s ]
INFO: [ view_filter ] --END-- [ RunTime:0.000106s ]
INFO: [ app_end ] --START--
INFO: Run Behavior\ShowPageTraceBehavior [ RunTime:0.000259s ]
INFO: [ app_end ] --END-- [ RunTime:0.000293s ]

[ 2016-12-01T19:56:39+08:00 ] 192.168.226.60 /PCM/index.php/GJQX/getstumessage.html
INFO: [ app_init ] --START--
INFO: Run Behavior\BuildLiteBehavior [ RunTime:0.000009s ]
INFO: [ app_init ] --END-- [ RunTime:0.000184s ]
INFO: [ app_begin ] --START--
INFO: Run Behavior\ReadHtmlCacheBehavior [ RunTime:0.000224s ]
INFO: [ app_begin ] --END-- [ RunTime:0.000257s ]
SQL: SHOW COLUMNS FROM `t_user` [ RunTime:0.0008s ]
SQL: SELECT COUNT(*) AS tp_count FROM `t_user` LIMIT 1   [ RunTime:0.0003s ]
SQL: SELECT * FROM `t_user` LIMIT 0,20   [ RunTime:0.0003s ]
INFO: [ app_end ] --START--
INFO: Run Behavior\ShowPageTraceBehavior [ RunTime:0.000345s ]
INFO: [ app_end ] --END-- [ RunTime:0.000385s ]

[ 2016-12-01T19:56:39+08:00 ] 192.168.226.60 /PCM/index.php/GJQX/teacher.html
INFO: [ app_init ] --START--
INFO: Run Behavior\BuildLiteBehavior [ RunTime:0.000008s ]
INFO: [ app_init ] --END-- [ RunTime:0.000185s ]
INFO: [ app_begin ] --START--
INFO: Run Behavior\ReadHtmlCacheBehavior [ RunTime:0.000228s ]
INFO: [ app_begin ] --END-- [ RunTime:0.000265s ]
INFO: [ view_parse ] --START--
INFO: [ template_filter ] --START--
INFO: Run Behavior\ContentReplaceBehavior [ RunTime:0.000093s ]
INFO: [ template_filter ] --END-- [ RunTime:0.000175s ]
INFO: Run Behavior\ParseTemplateBehavior [ RunTime:0.031788s ]
INFO: [ view_parse ] --END-- [ RunTime:0.031845s ]
INFO: [ view_filter ] --START--
INFO: Run Behavior\WriteHtmlCacheBehavior [ RunTime:0.000154s ]
INFO: [ view_filter ] --END-- [ RunTime:0.000220s ]
INFO: [ app_end ] --START--
INFO: Run Behavior\ShowPageTraceBehavior [ RunTime:0.000513s ]
INFO: [ app_end ] --END-- [ RunTime:0.000582s ]

[ 2016-12-01T19:56:40+08:00 ] 192.168.226.60 /PCM/index.php/GJQX/getteamessage.html
INFO: [ app_init ] --START--
INFO: Run Behavior\BuildLiteBehavior [ RunTime:0.000017s ]
INFO: [ app_init ] --END-- [ RunTime:0.000369s ]
INFO: [ app_begin ] --START--
INFO: Run Behavior\ReadHtmlCacheBehavior [ RunTime:0.000458s ]
INFO: [ app_begin ] --END-- [ RunTime:0.000527s ]
SQL: SHOW COLUMNS FROM `t_manager` [ RunTime:0.0008s ]
SQL: SELECT COUNT(*) AS tp_count FROM `t_manager` WHERE ( Mana_Type='授课教师' ) LIMIT 1   [ RunTime:0.0003s ]
SQL: SELECT * FROM `t_manager` WHERE ( Mana_Type='授课教师' ) LIMIT 0,20   [ RunTime:0.0003s ]
INFO: [ app_end ] --START--
INFO: Run Behavior\ShowPageTraceBehavior [ RunTime:0.000290s ]
INFO: [ app_end ] --END-- [ RunTime:0.000326s ]

[ 2016-12-01T19:56:45+08:00 ] 192.168.226.60 /PCM/index.php/GJQX/manager.html
INFO: [ app_init ] --START--
INFO: Run Behavior\BuildLiteBehavior [ RunTime:0.000009s ]
INFO: [ app_init ] --END-- [ RunTime:0.000193s ]
INFO: [ app_begin ] --START--
INFO: Run Behavior\ReadHtmlCacheBehavior [ RunTime:0.000240s ]
INFO: [ app_begin ] --END-- [ RunTime:0.000278s ]
INFO: [ view_parse ] --START--
INFO: [ template_filter ] --START--
INFO: Run Behavior\ContentReplaceBehavior [ RunTime:0.000093s ]
INFO: [ template_filter ] --END-- [ RunTime:0.000174s ]
INFO: Run Behavior\ParseTemplateBehavior [ RunTime:0.008762s ]
INFO: [ view_parse ] --END-- [ RunTime:0.008822s ]
INFO: [ view_filter ] --START--
INFO: Run Behavior\WriteHtmlCacheBehavior [ RunTime:0.000153s ]
INFO: [ view_filter ] --END-- [ RunTime:0.000217s ]
INFO: [ app_end ] --START--
INFO: Run Behavior\ShowPageTraceBehavior [ RunTime:0.000368s ]
INFO: [ app_end ] --END-- [ RunTime:0.000417s ]

[ 2016-12-01T19:56:46+08:00 ] 192.168.226.60 /PCM/index.php/GJQX/getmanamessage.html
INFO: [ app_init ] --START--
INFO: Run Behavior\BuildLiteBehavior [ RunTime:0.000009s ]
INFO: [ app_init ] --END-- [ RunTime:0.000193s ]
INFO: [ app_begin ] --START--
INFO: Run Behavior\ReadHtmlCacheBehavior [ RunTime:0.000222s ]
INFO: [ app_begin ] --END-- [ RunTime:0.000256s ]
SQL: SHOW COLUMNS FROM `t_manager` [ RunTime:0.0008s ]
SQL: SELECT COUNT(*) AS tp_count FROM `t_manager` WHERE ( Mana_Type='学生管理员' ) LIMIT 1   [ RunTime:0.0003s ]
SQL: SELECT * FROM `t_manager` WHERE ( Mana_Type='学生管理员' ) LIMIT 0,20   [ RunTime:0.0003s ]
INFO: [ app_end ] --START--
INFO: Run Behavior\ShowPageTraceBehavior [ RunTime:0.000316s ]
INFO: [ app_end ] --END-- [ RunTime:0.000357s ]

[ 2016-12-01T19:56:50+08:00 ] 192.168.226.60 /PCM/index.php/GJQX/verify.html
INFO: [ app_init ] --START--
INFO: Run Behavior\BuildLiteBehavior [ RunTime:0.000009s ]
INFO: [ app_init ] --END-- [ RunTime:0.000183s ]
INFO: [ app_begin ] --START--
INFO: Run Behavior\ReadHtmlCacheBehavior [ RunTime:0.000226s ]
INFO: [ app_begin ] --END-- [ RunTime:0.000263s ]
INFO: [ view_parse ] --START--
INFO: [ template_filter ] --START--
INFO: Run Behavior\ContentReplaceBehavior [ RunTime:0.000040s ]
INFO: [ template_filter ] --END-- [ RunTime:0.000078s ]
INFO: Run Behavior\ParseTemplateBehavior [ RunTime:0.002974s ]
INFO: [ view_parse ] --END-- [ RunTime:0.003010s ]
INFO: [ view_filter ] --START--
INFO: Run Behavior\WriteHtmlCacheBehavior [ RunTime:0.000071s ]
INFO: [ view_filter ] --END-- [ RunTime:0.000102s ]
INFO: [ app_end ] --START--
INFO: Run Behavior\ShowPageTraceBehavior [ RunTime:0.000244s ]
INFO: [ app_end ] --END-- [ RunTime:0.000277s ]

