[ 2016-11-18T20:19:39+08:00 ] ::1 /PCM/
INFO: [ app_init ] --START--
INFO: Run Behavior\BuildLiteBehavior [ RunTime:0.000000s ]
INFO: [ app_init ] --END-- [ RunTime:0.001000s ]
INFO: [ app_begin ] --START--
INFO: Run Behavior\ReadHtmlCacheBehavior [ RunTime:0.000000s ]
INFO: [ app_begin ] --END-- [ RunTime:0.000000s ]
INFO: [ view_parse ] --START--
INFO: [ template_filter ] --START--
INFO: Run Behavior\ContentReplaceBehavior [ RunTime:0.000000s ]
INFO: [ template_filter ] --END-- [ RunTime:0.000000s ]
INFO: Run Behavior\ParseTemplateBehavior [ RunTime:0.005001s ]
INFO: [ view_parse ] --END-- [ RunTime:0.005001s ]
INFO: [ view_filter ] --START--
INFO: Run Behavior\WriteHtmlCacheBehavior [ RunTime:0.000000s ]
INFO: [ view_filter ] --END-- [ RunTime:0.000000s ]
INFO: [ app_end ] --START--
INFO: Run Behavior\ShowPageTraceBehavior [ RunTime:0.001000s ]
INFO: [ app_end ] --END-- [ RunTime:0.001000s ]

[ 2016-11-18T20:19:52+08:00 ] ::1 /PCM/index.php/Index/login.html
INFO: [ app_init ] --START--
INFO: Run Behavior\BuildLiteBehavior [ RunTime:0.000000s ]
INFO: [ app_init ] --END-- [ RunTime:0.001000s ]
INFO: [ app_begin ] --START--
INFO: Run Behavior\ReadHtmlCacheBehavior [ RunTime:0.001000s ]
INFO: [ app_begin ] --END-- [ RunTime:0.001000s ]
SQL: SHOW COLUMNS FROM `t_manager` [ RunTime:0.0020s ]
SQL: SELECT * FROM `t_manager` WHERE `Mana_Num` = '2014309020235' AND `Mana_PSD` = 'e10adc3949ba59abbe56e057f20f883e' LIMIT 1   [ RunTime:0.0010s ]
INFO: [ app_end ] --START--
INFO: Run Behavior\ShowPageTraceBehavior [ RunTime:0.000000s ]
INFO: [ app_end ] --END-- [ RunTime:0.001000s ]

[ 2016-11-18T20:19:52+08:00 ] ::1 /PCM/index.php/Admin/index.html
INFO: [ app_init ] --START--
INFO: Run Behavior\BuildLiteBehavior [ RunTime:0.000000s ]
INFO: [ app_init ] --END-- [ RunTime:0.000000s ]
INFO: [ app_begin ] --START--
INFO: Run Behavior\ReadHtmlCacheBehavior [ RunTime:0.001000s ]
INFO: [ app_begin ] --END-- [ RunTime:0.001000s ]
INFO: [ view_parse ] --START--
INFO: [ template_filter ] --START--
INFO: Run Behavior\ContentReplaceBehavior [ RunTime:0.001000s ]
INFO: [ template_filter ] --END-- [ RunTime:0.001000s ]
INFO: Run Behavior\ParseTemplateBehavior [ RunTime:0.006000s ]
INFO: [ view_parse ] --END-- [ RunTime:0.006000s ]
INFO: [ view_filter ] --START--
INFO: Run Behavior\WriteHtmlCacheBehavior [ RunTime:0.001000s ]
INFO: [ view_filter ] --END-- [ RunTime:0.001000s ]
INFO: [ app_end ] --START--
INFO: Run Behavior\ShowPageTraceBehavior [ RunTime:0.000000s ]
INFO: [ app_end ] --END-- [ RunTime:0.000000s ]

[ 2016-11-18T20:19:53+08:00 ] ::1 /PCM/index.php/JFGL/detial.html
INFO: [ app_init ] --START--
INFO: Run Behavior\BuildLiteBehavior [ RunTime:0.000000s ]
INFO: [ app_init ] --END-- [ RunTime:0.000000s ]
INFO: [ app_begin ] --START--
INFO: Run Behavior\ReadHtmlCacheBehavior [ RunTime:0.000000s ]
INFO: [ app_begin ] --END-- [ RunTime:0.000000s ]
SQL: SHOW COLUMNS FROM `t_pcmessage` [ RunTime:0.0030s ]
SQL: INSERT INTO `t_pcmessage` (`PCM_Num`,`PCM_RoomName`) VALUES ('C305/1-1','C305') [ RunTime:0.0030s ]
SQL: INSERT INTO `t_pcmessage` (`PCM_Num`,`PCM_RoomName`) VALUES ('C305/1-2','C305') [ RunTime:0.0040s ]
SQL: INSERT INTO `t_pcmessage` (`PCM_Num`,`PCM_RoomName`) VALUES ('C305/1-3','C305') [ RunTime:0.0020s ]
SQL: INSERT INTO `t_pcmessage` (`PCM_Num`,`PCM_RoomName`) VALUES ('C305/1-4','C305') [ RunTime:0.0020s ]
SQL: INSERT INTO `t_pcmessage` (`PCM_Num`,`PCM_RoomName`) VALUES ('C305/1-5','C305') [ RunTime:0.0030s ]
SQL: INSERT INTO `t_pcmessage` (`PCM_Num`,`PCM_RoomName`) VALUES ('C305/1-6','C305') [ RunTime:0.0020s ]
SQL: INSERT INTO `t_pcmessage` (`PCM_Num`,`PCM_RoomName`) VALUES ('C305/1-7','C305') [ RunTime:0.0020s ]
SQL: INSERT INTO `t_pcmessage` (`PCM_Num`,`PCM_RoomName`) VALUES ('C305/1-8','C305') [ RunTime:0.0020s ]
SQL: INSERT INTO `t_pcmessage` (`PCM_Num`,`PCM_RoomName`) VALUES ('C305/1-9','C305') [ RunTime:0.0020s ]
SQL: INSERT INTO `t_pcmessage` (`PCM_Num`,`PCM_RoomName`) VALUES ('C305/2-1','C305') [ RunTime:0.0020s ]
SQL: INSERT INTO `t_pcmessage` (`PCM_Num`,`PCM_RoomName`) VALUES ('C305/2-2','C305') [ RunTime:0.0020s ]
SQL: INSERT INTO `t_pcmessage` (`PCM_Num`,`PCM_RoomName`) VALUES ('C305/2-3','C305') [ RunTime:0.0010s ]
SQL: INSERT INTO `t_pcmessage` (`PCM_Num`,`PCM_RoomName`) VALUES ('C305/2-4','C305') [ RunTime:0.0020s ]
SQL: INSERT INTO `t_pcmessage` (`PCM_Num`,`PCM_RoomName`) VALUES ('C305/2-5','C305') [ RunTime:0.0020s ]
SQL: INSERT INTO `t_pcmessage` (`PCM_Num`,`PCM_RoomName`) VALUES ('C305/2-6','C305') [ RunTime:0.0020s ]
SQL: INSERT INTO `t_pcmessage` (`PCM_Num`,`PCM_RoomName`) VALUES ('C305/2-7','C305') [ RunTime:0.0020s ]
SQL: INSERT INTO `t_pcmessage` (`PCM_Num`,`PCM_RoomName`) VALUES ('C305/2-8','C305') [ RunTime:0.0010s ]
SQL: INSERT INTO `t_pcmessage` (`PCM_Num`,`PCM_RoomName`) VALUES ('C305/2-9','C305') [ RunTime:0.0020s ]
SQL: INSERT INTO `t_pcmessage` (`PCM_Num`,`PCM_RoomName`) VALUES ('C305/3-1','C305') [ RunTime:0.0010s ]
SQL: INSERT INTO `t_pcmessage` (`PCM_Num`,`PCM_RoomName`) VALUES ('C305/3-2','C305') [ RunTime:0.0020s ]
SQL: INSERT INTO `t_pcmessage` (`PCM_Num`,`PCM_RoomName`) VALUES ('C305/3-3','C305') [ RunTime:0.0010s ]
SQL: INSERT INTO `t_pcmessage` (`PCM_Num`,`PCM_RoomName`) VALUES ('C305/3-4','C305') [ RunTime:0.0020s ]
SQL: INSERT INTO `t_pcmessage` (`PCM_Num`,`PCM_RoomName`) VALUES ('C305/3-5','C305') [ RunTime:0.0010s ]
SQL: INSERT INTO `t_pcmessage` (`PCM_Num`,`PCM_RoomName`) VALUES ('C305/3-6','C305') [ RunTime:0.0020s ]
SQL: INSERT INTO `t_pcmessage` (`PCM_Num`,`PCM_RoomName`) VALUES ('C305/3-7','C305') [ RunTime:0.0010s ]
SQL: INSERT INTO `t_pcmessage` (`PCM_Num`,`PCM_RoomName`) VALUES ('C305/3-8','C305') [ RunTime:0.0010s ]
SQL: INSERT INTO `t_pcmessage` (`PCM_Num`,`PCM_RoomName`) VALUES ('C305/3-9','C305') [ RunTime:0.0010s ]
SQL: INSERT INTO `t_pcmessage` (`PCM_Num`,`PCM_RoomName`) VALUES ('C305/4-1','C305') [ RunTime:0.0010s ]
SQL: INSERT INTO `t_pcmessage` (`PCM_Num`,`PCM_RoomName`) VALUES ('C305/4-2','C305') [ RunTime:0.0010s ]
SQL: INSERT INTO `t_pcmessage` (`PCM_Num`,`PCM_RoomName`) VALUES ('C305/4-3','C305') [ RunTime:0.0010s ]
SQL: INSERT INTO `t_pcmessage` (`PCM_Num`,`PCM_RoomName`) VALUES ('C305/4-4','C305') [ RunTime:0.0020s ]
SQL: INSERT INTO `t_pcmessage` (`PCM_Num`,`PCM_RoomName`) VALUES ('C305/4-5','C305') [ RunTime:0.0010s ]
SQL: INSERT INTO `t_pcmessage` (`PCM_Num`,`PCM_RoomName`) VALUES ('C305/4-6','C305') [ RunTime:0.0020s ]
SQL: INSERT INTO `t_pcmessage` (`PCM_Num`,`PCM_RoomName`) VALUES ('C305/4-7','C305') [ RunTime:0.0010s ]
SQL: INSERT INTO `t_pcmessage` (`PCM_Num`,`PCM_RoomName`) VALUES ('C305/4-8','C305') [ RunTime:0.0020s ]
SQL: INSERT INTO `t_pcmessage` (`PCM_Num`,`PCM_RoomName`) VALUES ('C305/4-9','C305') [ RunTime:0.0010s ]
SQL: INSERT INTO `t_pcmessage` (`PCM_Num`,`PCM_RoomName`) VALUES ('C305/5-1','C305') [ RunTime:0.0020s ]
SQL: INSERT INTO `t_pcmessage` (`PCM_Num`,`PCM_RoomName`) VALUES ('C305/5-2','C305') [ RunTime:0.0010s ]
SQL: INSERT INTO `t_pcmessage` (`PCM_Num`,`PCM_RoomName`) VALUES ('C305/5-3','C305') [ RunTime:0.0020s ]
SQL: INSERT INTO `t_pcmessage` (`PCM_Num`,`PCM_RoomName`) VALUES ('C305/5-4','C305') [ RunTime:0.0020s ]
SQL: INSERT INTO `t_pcmessage` (`PCM_Num`,`PCM_RoomName`) VALUES ('C305/5-5','C305') [ RunTime:0.0010s ]
SQL: INSERT INTO `t_pcmessage` (`PCM_Num`,`PCM_RoomName`) VALUES ('C305/5-6','C305') [ RunTime:0.0020s ]
SQL: INSERT INTO `t_pcmessage` (`PCM_Num`,`PCM_RoomName`) VALUES ('C305/5-7','C305') [ RunTime:0.0010s ]
SQL: INSERT INTO `t_pcmessage` (`PCM_Num`,`PCM_RoomName`) VALUES ('C305/5-8','C305') [ RunTime:0.0020s ]
SQL: INSERT INTO `t_pcmessage` (`PCM_Num`,`PCM_RoomName`) VALUES ('C305/5-9','C305') [ RunTime:0.0010s ]
SQL: INSERT INTO `t_pcmessage` (`PCM_Num`,`PCM_RoomName`) VALUES ('C305/6-1','C305') [ RunTime:0.0020s ]
SQL: INSERT INTO `t_pcmessage` (`PCM_Num`,`PCM_RoomName`) VALUES ('C305/6-2','C305') [ RunTime:0.0010s ]
SQL: INSERT INTO `t_pcmessage` (`PCM_Num`,`PCM_RoomName`) VALUES ('C305/6-3','C305') [ RunTime:0.0020s ]
SQL: INSERT INTO `t_pcmessage` (`PCM_Num`,`PCM_RoomName`) VALUES ('C305/6-4','C305') [ RunTime:0.0010s ]
SQL: INSERT INTO `t_pcmessage` (`PCM_Num`,`PCM_RoomName`) VALUES ('C305/6-5','C305') [ RunTime:0.0020s ]
SQL: INSERT INTO `t_pcmessage` (`PCM_Num`,`PCM_RoomName`) VALUES ('C305/6-6','C305') [ RunTime:0.0010s ]
SQL: INSERT INTO `t_pcmessage` (`PCM_Num`,`PCM_RoomName`) VALUES ('C305/6-7','C305') [ RunTime:0.0020s ]
SQL: INSERT INTO `t_pcmessage` (`PCM_Num`,`PCM_RoomName`) VALUES ('C305/6-8','C305') [ RunTime:0.0010s ]
SQL: INSERT INTO `t_pcmessage` (`PCM_Num`,`PCM_RoomName`) VALUES ('C305/6-9','C305') [ RunTime:0.0020s ]
SQL: INSERT INTO `t_pcmessage` (`PCM_Num`,`PCM_RoomName`) VALUES ('C305/7-1','C305') [ RunTime:0.0020s ]
SQL: INSERT INTO `t_pcmessage` (`PCM_Num`,`PCM_RoomName`) VALUES ('C305/7-2','C305') [ RunTime:0.0020s ]
SQL: INSERT INTO `t_pcmessage` (`PCM_Num`,`PCM_RoomName`) VALUES ('C305/7-3','C305') [ RunTime:0.0020s ]
SQL: INSERT INTO `t_pcmessage` (`PCM_Num`,`PCM_RoomName`) VALUES ('C305/7-4','C305') [ RunTime:0.0010s ]
SQL: INSERT INTO `t_pcmessage` (`PCM_Num`,`PCM_RoomName`) VALUES ('C305/7-5','C305') [ RunTime:0.0020s ]
SQL: INSERT INTO `t_pcmessage` (`PCM_Num`,`PCM_RoomName`) VALUES ('C305/7-6','C305') [ RunTime:0.0020s ]
SQL: INSERT INTO `t_pcmessage` (`PCM_Num`,`PCM_RoomName`) VALUES ('C305/7-7','C305') [ RunTime:0.0010s ]
SQL: INSERT INTO `t_pcmessage` (`PCM_Num`,`PCM_RoomName`) VALUES ('C305/7-8','C305') [ RunTime:0.0020s ]
SQL: INSERT INTO `t_pcmessage` (`PCM_Num`,`PCM_RoomName`) VALUES ('C305/7-9','C305') [ RunTime:0.0010s ]
SQL: INSERT INTO `t_pcmessage` (`PCM_Num`,`PCM_RoomName`) VALUES ('C305/8-1','C305') [ RunTime:0.0010s ]
SQL: INSERT INTO `t_pcmessage` (`PCM_Num`,`PCM_RoomName`) VALUES ('C305/8-2','C305') [ RunTime:0.0020s ]
SQL: INSERT INTO `t_pcmessage` (`PCM_Num`,`PCM_RoomName`) VALUES ('C305/8-3','C305') [ RunTime:0.0010s ]
SQL: INSERT INTO `t_pcmessage` (`PCM_Num`,`PCM_RoomName`) VALUES ('C305/8-4','C305') [ RunTime:0.0020s ]
SQL: INSERT INTO `t_pcmessage` (`PCM_Num`,`PCM_RoomName`) VALUES ('C305/8-5','C305') [ RunTime:0.0010s ]
SQL: INSERT INTO `t_pcmessage` (`PCM_Num`,`PCM_RoomName`) VALUES ('C305/8-6','C305') [ RunTime:0.0020s ]
SQL: INSERT INTO `t_pcmessage` (`PCM_Num`,`PCM_RoomName`) VALUES ('C305/8-7','C305') [ RunTime:0.0010s ]
SQL: INSERT INTO `t_pcmessage` (`PCM_Num`,`PCM_RoomName`) VALUES ('C305/8-8','C305') [ RunTime:0.0020s ]
SQL: INSERT INTO `t_pcmessage` (`PCM_Num`,`PCM_RoomName`) VALUES ('C305/8-9','C305') [ RunTime:0.0020s ]
SQL: INSERT INTO `t_pcmessage` (`PCM_Num`,`PCM_RoomName`) VALUES ('C305/9-1','C305') [ RunTime:0.0010s ]
SQL: INSERT INTO `t_pcmessage` (`PCM_Num`,`PCM_RoomName`) VALUES ('C305/9-2','C305') [ RunTime:0.0020s ]
SQL: INSERT INTO `t_pcmessage` (`PCM_Num`,`PCM_RoomName`) VALUES ('C305/9-3','C305') [ RunTime:0.0020s ]
SQL: INSERT INTO `t_pcmessage` (`PCM_Num`,`PCM_RoomName`) VALUES ('C305/9-4','C305') [ RunTime:0.0010s ]
SQL: INSERT INTO `t_pcmessage` (`PCM_Num`,`PCM_RoomName`) VALUES ('C305/9-5','C305') [ RunTime:0.0020s ]
SQL: INSERT INTO `t_pcmessage` (`PCM_Num`,`PCM_RoomName`) VALUES ('C305/9-6','C305') [ RunTime:0.0010s ]
SQL: INSERT INTO `t_pcmessage` (`PCM_Num`,`PCM_RoomName`) VALUES ('C305/9-7','C305') [ RunTime:0.0020s ]
SQL: INSERT INTO `t_pcmessage` (`PCM_Num`,`PCM_RoomName`) VALUES ('C305/9-8','C305') [ RunTime:0.0010s ]
SQL: INSERT INTO `t_pcmessage` (`PCM_Num`,`PCM_RoomName`) VALUES ('C305/9-9','C305') [ RunTime:0.0020s ]
INFO: [ view_parse ] --START--
INFO: [ template_filter ] --START--
INFO: Run Behavior\ContentReplaceBehavior [ RunTime:0.000000s ]
INFO: [ template_filter ] --END-- [ RunTime:0.000000s ]
INFO: Run Behavior\ParseTemplateBehavior [ RunTime:0.005000s ]
INFO: [ view_parse ] --END-- [ RunTime:0.005000s ]
INFO: [ view_filter ] --START--
INFO: Run Behavior\WriteHtmlCacheBehavior [ RunTime:0.000000s ]
INFO: [ view_filter ] --END-- [ RunTime:0.000000s ]
INFO: [ app_end ] --START--
INFO: Run Behavior\ShowPageTraceBehavior [ RunTime:0.000000s ]
INFO: [ app_end ] --END-- [ RunTime:0.000000s ]

[ 2016-11-18T20:20:56+08:00 ] ::1 /PCM/index.php/JFGL/detial.html
INFO: [ app_init ] --START--
INFO: Run Behavior\BuildLiteBehavior [ RunTime:0.000000s ]
INFO: [ app_init ] --END-- [ RunTime:0.000000s ]
INFO: [ app_begin ] --START--
INFO: Run Behavior\ReadHtmlCacheBehavior [ RunTime:0.000000s ]
INFO: [ app_begin ] --END-- [ RunTime:0.000000s ]
SQL: SHOW COLUMNS FROM `t_pcmessage` [ RunTime:0.0020s ]
SQL: INSERT INTO `t_pcmessage` (`PCM_Num`,`PCM_RoomName`) VALUES ('C303/1-1','C303') [ RunTime:0.0020s ]
SQL: INSERT INTO `t_pcmessage` (`PCM_Num`,`PCM_RoomName`) VALUES ('C303/1-2','C303') [ RunTime:0.0020s ]
SQL: INSERT INTO `t_pcmessage` (`PCM_Num`,`PCM_RoomName`) VALUES ('C303/1-3','C303') [ RunTime:0.0040s ]
SQL: INSERT INTO `t_pcmessage` (`PCM_Num`,`PCM_RoomName`) VALUES ('C303/1-4','C303') [ RunTime:0.0020s ]
SQL: INSERT INTO `t_pcmessage` (`PCM_Num`,`PCM_RoomName`) VALUES ('C303/1-5','C303') [ RunTime:0.0010s ]
SQL: INSERT INTO `t_pcmessage` (`PCM_Num`,`PCM_RoomName`) VALUES ('C303/1-6','C303') [ RunTime:0.0010s ]
SQL: INSERT INTO `t_pcmessage` (`PCM_Num`,`PCM_RoomName`) VALUES ('C303/1-7','C303') [ RunTime:0.0020s ]
SQL: INSERT INTO `t_pcmessage` (`PCM_Num`,`PCM_RoomName`) VALUES ('C303/1-8','C303') [ RunTime:0.0010s ]
SQL: INSERT INTO `t_pcmessage` (`PCM_Num`,`PCM_RoomName`) VALUES ('C303/1-9','C303') [ RunTime:0.0020s ]
SQL: INSERT INTO `t_pcmessage` (`PCM_Num`,`PCM_RoomName`) VALUES ('C303/2-1','C303') [ RunTime:0.0010s ]
SQL: INSERT INTO `t_pcmessage` (`PCM_Num`,`PCM_RoomName`) VALUES ('C303/2-2','C303') [ RunTime:0.0010s ]
SQL: INSERT INTO `t_pcmessage` (`PCM_Num`,`PCM_RoomName`) VALUES ('C303/2-3','C303') [ RunTime:0.0020s ]
SQL: INSERT INTO `t_pcmessage` (`PCM_Num`,`PCM_RoomName`) VALUES ('C303/2-4','C303') [ RunTime:0.0010s ]
SQL: INSERT INTO `t_pcmessage` (`PCM_Num`,`PCM_RoomName`) VALUES ('C303/2-5','C303') [ RunTime:0.0020s ]
SQL: INSERT INTO `t_pcmessage` (`PCM_Num`,`PCM_RoomName`) VALUES ('C303/2-6','C303') [ RunTime:0.0010s ]
SQL: INSERT INTO `t_pcmessage` (`PCM_Num`,`PCM_RoomName`) VALUES ('C303/2-7','C303') [ RunTime:0.0010s ]
SQL: INSERT INTO `t_pcmessage` (`PCM_Num`,`PCM_RoomName`) VALUES ('C303/2-8','C303') [ RunTime:0.0020s ]
SQL: INSERT INTO `t_pcmessage` (`PCM_Num`,`PCM_RoomName`) VALUES ('C303/2-9','C303') [ RunTime:0.0010s ]
SQL: INSERT INTO `t_pcmessage` (`PCM_Num`,`PCM_RoomName`) VALUES ('C303/3-1','C303') [ RunTime:0.0020s ]
SQL: INSERT INTO `t_pcmessage` (`PCM_Num`,`PCM_RoomName`) VALUES ('C303/3-2','C303') [ RunTime:0.0010s ]
SQL: INSERT INTO `t_pcmessage` (`PCM_Num`,`PCM_RoomName`) VALUES ('C303/3-3','C303') [ RunTime:0.0020s ]
SQL: INSERT INTO `t_pcmessage` (`PCM_Num`,`PCM_RoomName`) VALUES ('C303/3-4','C303') [ RunTime:0.0010s ]
SQL: INSERT INTO `t_pcmessage` (`PCM_Num`,`PCM_RoomName`) VALUES ('C303/3-5','C303') [ RunTime:0.0020s ]
SQL: INSERT INTO `t_pcmessage` (`PCM_Num`,`PCM_RoomName`) VALUES ('C303/3-6','C303') [ RunTime:0.0010s ]
SQL: INSERT INTO `t_pcmessage` (`PCM_Num`,`PCM_RoomName`) VALUES ('C303/3-7','C303') [ RunTime:0.0020s ]
SQL: INSERT INTO `t_pcmessage` (`PCM_Num`,`PCM_RoomName`) VALUES ('C303/3-8','C303') [ RunTime:0.0010s ]
SQL: INSERT INTO `t_pcmessage` (`PCM_Num`,`PCM_RoomName`) VALUES ('C303/3-9','C303') [ RunTime:0.0010s ]
SQL: INSERT INTO `t_pcmessage` (`PCM_Num`,`PCM_RoomName`) VALUES ('C303/4-1','C303') [ RunTime:0.0020s ]
SQL: INSERT INTO `t_pcmessage` (`PCM_Num`,`PCM_RoomName`) VALUES ('C303/4-2','C303') [ RunTime:0.0010s ]
SQL: INSERT INTO `t_pcmessage` (`PCM_Num`,`PCM_RoomName`) VALUES ('C303/4-3','C303') [ RunTime:0.0020s ]
SQL: INSERT INTO `t_pcmessage` (`PCM_Num`,`PCM_RoomName`) VALUES ('C303/4-4','C303') [ RunTime:0.0010s ]
SQL: INSERT INTO `t_pcmessage` (`PCM_Num`,`PCM_RoomName`) VALUES ('C303/4-5','C303') [ RunTime:0.0010s ]
SQL: INSERT INTO `t_pcmessage` (`PCM_Num`,`PCM_RoomName`) VALUES ('C303/4-6','C303') [ RunTime:0.0010s ]
SQL: INSERT INTO `t_pcmessage` (`PCM_Num`,`PCM_RoomName`) VALUES ('C303/4-7','C303') [ RunTime:0.0010s ]
SQL: INSERT INTO `t_pcmessage` (`PCM_Num`,`PCM_RoomName`) VALUES ('C303/4-8','C303') [ RunTime:0.0020s ]
SQL: INSERT INTO `t_pcmessage` (`PCM_Num`,`PCM_RoomName`) VALUES ('C303/4-9','C303') [ RunTime:0.0010s ]
SQL: INSERT INTO `t_pcmessage` (`PCM_Num`,`PCM_RoomName`) VALUES ('C303/5-1','C303') [ RunTime:0.0010s ]
SQL: INSERT INTO `t_pcmessage` (`PCM_Num`,`PCM_RoomName`) VALUES ('C303/5-2','C303') [ RunTime:0.0010s ]
SQL: INSERT INTO `t_pcmessage` (`PCM_Num`,`PCM_RoomName`) VALUES ('C303/5-3','C303') [ RunTime:0.0010s ]
SQL: INSERT INTO `t_pcmessage` (`PCM_Num`,`PCM_RoomName`) VALUES ('C303/5-4','C303') [ RunTime:0.0010s ]
SQL: INSERT INTO `t_pcmessage` (`PCM_Num`,`PCM_RoomName`) VALUES ('C303/5-5','C303') [ RunTime:0.0010s ]
SQL: INSERT INTO `t_pcmessage` (`PCM_Num`,`PCM_RoomName`) VALUES ('C303/5-6','C303') [ RunTime:0.0010s ]
SQL: INSERT INTO `t_pcmessage` (`PCM_Num`,`PCM_RoomName`) VALUES ('C303/5-7','C303') [ RunTime:0.0010s ]
SQL: INSERT INTO `t_pcmessage` (`PCM_Num`,`PCM_RoomName`) VALUES ('C303/5-8','C303') [ RunTime:0.0020s ]
SQL: INSERT INTO `t_pcmessage` (`PCM_Num`,`PCM_RoomName`) VALUES ('C303/5-9','C303') [ RunTime:0.0010s ]
SQL: INSERT INTO `t_pcmessage` (`PCM_Num`,`PCM_RoomName`) VALUES ('C303/6-1','C303') [ RunTime:0.0020s ]
SQL: INSERT INTO `t_pcmessage` (`PCM_Num`,`PCM_RoomName`) VALUES ('C303/6-2','C303') [ RunTime:0.0010s ]
SQL: INSERT INTO `t_pcmessage` (`PCM_Num`,`PCM_RoomName`) VALUES ('C303/6-3','C303') [ RunTime:0.0020s ]
SQL: INSERT INTO `t_pcmessage` (`PCM_Num`,`PCM_RoomName`) VALUES ('C303/6-4','C303') [ RunTime:0.0010s ]
SQL: INSERT INTO `t_pcmessage` (`PCM_Num`,`PCM_RoomName`) VALUES ('C303/6-5','C303') [ RunTime:0.0020s ]
SQL: INSERT INTO `t_pcmessage` (`PCM_Num`,`PCM_RoomName`) VALUES ('C303/6-6','C303') [ RunTime:0.0010s ]
SQL: INSERT INTO `t_pcmessage` (`PCM_Num`,`PCM_RoomName`) VALUES ('C303/6-7','C303') [ RunTime:0.0010s ]
SQL: INSERT INTO `t_pcmessage` (`PCM_Num`,`PCM_RoomName`) VALUES ('C303/6-8','C303') [ RunTime:0.0020s ]
SQL: INSERT INTO `t_pcmessage` (`PCM_Num`,`PCM_RoomName`) VALUES ('C303/6-9','C303') [ RunTime:0.0010s ]
SQL: INSERT INTO `t_pcmessage` (`PCM_Num`,`PCM_RoomName`) VALUES ('C303/7-1','C303') [ RunTime:0.0020s ]
SQL: INSERT INTO `t_pcmessage` (`PCM_Num`,`PCM_RoomName`) VALUES ('C303/7-2','C303') [ RunTime:0.0010s ]
SQL: INSERT INTO `t_pcmessage` (`PCM_Num`,`PCM_RoomName`) VALUES ('C303/7-3','C303') [ RunTime:0.0010s ]
SQL: INSERT INTO `t_pcmessage` (`PCM_Num`,`PCM_RoomName`) VALUES ('C303/7-4','C303') [ RunTime:0.0020s ]
SQL: INSERT INTO `t_pcmessage` (`PCM_Num`,`PCM_RoomName`) VALUES ('C303/7-5','C303') [ RunTime:0.0010s ]
SQL: INSERT INTO `t_pcmessage` (`PCM_Num`,`PCM_RoomName`) VALUES ('C303/7-6','C303') [ RunTime:0.0020s ]
SQL: INSERT INTO `t_pcmessage` (`PCM_Num`,`PCM_RoomName`) VALUES ('C303/7-7','C303') [ RunTime:0.0010s ]
SQL: INSERT INTO `t_pcmessage` (`PCM_Num`,`PCM_RoomName`) VALUES ('C303/7-8','C303') [ RunTime:0.0010s ]
SQL: INSERT INTO `t_pcmessage` (`PCM_Num`,`PCM_RoomName`) VALUES ('C303/7-9','C303') [ RunTime:0.0010s ]
SQL: INSERT INTO `t_pcmessage` (`PCM_Num`,`PCM_RoomName`) VALUES ('C303/8-1','C303') [ RunTime:0.0020s ]
SQL: INSERT INTO `t_pcmessage` (`PCM_Num`,`PCM_RoomName`) VALUES ('C303/8-2','C303') [ RunTime:0.0010s ]
SQL: INSERT INTO `t_pcmessage` (`PCM_Num`,`PCM_RoomName`) VALUES ('C303/8-3','C303') [ RunTime:0.0020s ]
SQL: INSERT INTO `t_pcmessage` (`PCM_Num`,`PCM_RoomName`) VALUES ('C303/8-4','C303') [ RunTime:0.0010s ]
SQL: INSERT INTO `t_pcmessage` (`PCM_Num`,`PCM_RoomName`) VALUES ('C303/8-5','C303') [ RunTime:0.0010s ]
SQL: INSERT INTO `t_pcmessage` (`PCM_Num`,`PCM_RoomName`) VALUES ('C303/8-6','C303') [ RunTime:0.0010s ]
SQL: INSERT INTO `t_pcmessage` (`PCM_Num`,`PCM_RoomName`) VALUES ('C303/8-7','C303') [ RunTime:0.0010s ]
SQL: INSERT INTO `t_pcmessage` (`PCM_Num`,`PCM_RoomName`) VALUES ('C303/8-8','C303') [ RunTime:0.0010s ]
SQL: INSERT INTO `t_pcmessage` (`PCM_Num`,`PCM_RoomName`) VALUES ('C303/8-9','C303') [ RunTime:0.0020s ]
SQL: INSERT INTO `t_pcmessage` (`PCM_Num`,`PCM_RoomName`) VALUES ('C303/9-1','C303') [ RunTime:0.0010s ]
SQL: INSERT INTO `t_pcmessage` (`PCM_Num`,`PCM_RoomName`) VALUES ('C303/9-2','C303') [ RunTime:0.0010s ]
SQL: INSERT INTO `t_pcmessage` (`PCM_Num`,`PCM_RoomName`) VALUES ('C303/9-3','C303') [ RunTime:0.0020s ]
SQL: INSERT INTO `t_pcmessage` (`PCM_Num`,`PCM_RoomName`) VALUES ('C303/9-4','C303') [ RunTime:0.0010s ]
SQL: INSERT INTO `t_pcmessage` (`PCM_Num`,`PCM_RoomName`) VALUES ('C303/9-5','C303') [ RunTime:0.0020s ]
SQL: INSERT INTO `t_pcmessage` (`PCM_Num`,`PCM_RoomName`) VALUES ('C303/9-6','C303') [ RunTime:0.0010s ]
SQL: INSERT INTO `t_pcmessage` (`PCM_Num`,`PCM_RoomName`) VALUES ('C303/9-7','C303') [ RunTime:0.0020s ]
SQL: INSERT INTO `t_pcmessage` (`PCM_Num`,`PCM_RoomName`) VALUES ('C303/9-8','C303') [ RunTime:0.0010s ]
SQL: INSERT INTO `t_pcmessage` (`PCM_Num`,`PCM_RoomName`) VALUES ('C303/9-9','C303') [ RunTime:0.0020s ]
INFO: [ view_parse ] --START--
INFO: [ template_filter ] --START--
INFO: Run Behavior\ContentReplaceBehavior [ RunTime:0.000000s ]
INFO: [ template_filter ] --END-- [ RunTime:0.000000s ]
INFO: Run Behavior\ParseTemplateBehavior [ RunTime:0.004001s ]
INFO: [ view_parse ] --END-- [ RunTime:0.004001s ]
INFO: [ view_filter ] --START--
INFO: Run Behavior\WriteHtmlCacheBehavior [ RunTime:0.000000s ]
INFO: [ view_filter ] --END-- [ RunTime:0.000000s ]
INFO: [ app_end ] --START--
INFO: Run Behavior\ShowPageTraceBehavior [ RunTime:0.000000s ]
INFO: [ app_end ] --END-- [ RunTime:0.000000s ]

