[ 2016-12-02T10:01:12+08:00 ] 172.18.74.85 /PCM/
INFO: [ app_init ] --START--
INFO: Run Behavior\BuildLiteBehavior [ RunTime:0.000017s ]
INFO: [ app_init ] --END-- [ RunTime:0.000368s ]
INFO: [ app_begin ] --START--
INFO: Run Behavior\ReadHtmlCacheBehavior [ RunTime:0.000461s ]
INFO: [ app_begin ] --END-- [ RunTime:0.000536s ]
INFO: [ view_parse ] --START--
INFO: [ template_filter ] --START--
INFO: Run Behavior\ContentReplaceBehavior [ RunTime:0.000040s ]
INFO: [ template_filter ] --END-- [ RunTime:0.000079s ]
INFO: Run Behavior\ParseTemplateBehavior [ RunTime:0.005466s ]
INFO: [ view_parse ] --END-- [ RunTime:0.005516s ]
INFO: [ view_filter ] --START--
INFO: Run Behavior\WriteHtmlCacheBehavior [ RunTime:0.000073s ]
INFO: [ view_filter ] --END-- [ RunTime:0.000104s ]
INFO: [ app_end ] --START--
INFO: Run Behavior\ShowPageTraceBehavior [ RunTime:0.000248s ]
INFO: [ app_end ] --END-- [ RunTime:0.000281s ]

[ 2016-12-02T10:01:36+08:00 ] 172.18.74.85 /PCM/index.php/Index/login.html
INFO: [ app_init ] --START--
INFO: Run Behavior\BuildLiteBehavior [ RunTime:0.000009s ]
INFO: [ app_init ] --END-- [ RunTime:0.000188s ]
INFO: [ app_begin ] --START--
INFO: Run Behavior\ReadHtmlCacheBehavior [ RunTime:0.000230s ]
INFO: [ app_begin ] --END-- [ RunTime:0.000264s ]
SQL: SHOW COLUMNS FROM `t_manager` [ RunTime:0.0009s ]
SQL: SELECT * FROM `t_manager` WHERE `Mana_Num` = '2014309010124' AND `Mana_PSD` = 'e10adc3949ba59abbe56e057f20f883e' LIMIT 1   [ RunTime:0.0004s ]
INFO: [ app_end ] --START--
INFO: Run Behavior\ShowPageTraceBehavior [ RunTime:0.000300s ]
INFO: [ app_end ] --END-- [ RunTime:0.000335s ]

[ 2016-12-02T10:01:36+08:00 ] 172.18.74.85 /PCM/index.php/Admin/index.html
INFO: [ app_init ] --START--
INFO: Run Behavior\BuildLiteBehavior [ RunTime:0.000009s ]
INFO: [ app_init ] --END-- [ RunTime:0.000184s ]
INFO: [ app_begin ] --START--
INFO: Run Behavior\ReadHtmlCacheBehavior [ RunTime:0.000226s ]
INFO: [ app_begin ] --END-- [ RunTime:0.000263s ]
INFO: [ view_parse ] --START--
INFO: [ template_filter ] --START--
INFO: Run Behavior\ContentReplaceBehavior [ RunTime:0.000048s ]
INFO: [ template_filter ] --END-- [ RunTime:0.000084s ]
INFO: Run Behavior\ParseTemplateBehavior [ RunTime:0.004334s ]
INFO: [ view_parse ] --END-- [ RunTime:0.004370s ]
INFO: [ view_filter ] --START--
INFO: Run Behavior\WriteHtmlCacheBehavior [ RunTime:0.000075s ]
INFO: [ view_filter ] --END-- [ RunTime:0.000106s ]
INFO: [ app_end ] --START--
INFO: Run Behavior\ShowPageTraceBehavior [ RunTime:0.000246s ]
INFO: [ app_end ] --END-- [ RunTime:0.000277s ]

[ 2016-12-02T10:02:02+08:00 ] 172.18.74.85 /PCM/index.php/JFGL/detial.html
INFO: [ app_init ] --START--
INFO: Run Behavior\BuildLiteBehavior [ RunTime:0.000017s ]
INFO: [ app_init ] --END-- [ RunTime:0.000372s ]
INFO: [ app_begin ] --START--
INFO: Run Behavior\ReadHtmlCacheBehavior [ RunTime:0.000469s ]
INFO: [ app_begin ] --END-- [ RunTime:0.000545s ]
INFO: [ view_parse ] --START--
INFO: [ template_filter ] --START--
INFO: Run Behavior\ContentReplaceBehavior [ RunTime:0.000046s ]
INFO: [ template_filter ] --END-- [ RunTime:0.000084s ]
NOTIC: [8] Undefined variable: room /opt/lampp/htdocs/PCM/Application/Runtime/Cache/Admin/189fefcb0bce4d43c3a1982316645cb7.php 第 20 行.
NOTIC: [8] Undefined variable: list /opt/lampp/htdocs/PCM/Application/Runtime/Cache/Admin/189fefcb0bce4d43c3a1982316645cb7.php 第 23 行.
NOTIC: [8] Undefined variable: room /opt/lampp/htdocs/PCM/Application/Runtime/Cache/Admin/189fefcb0bce4d43c3a1982316645cb7.php 第 43 行.
INFO: Run Behavior\ParseTemplateBehavior [ RunTime:0.005001s ]
INFO: [ view_parse ] --END-- [ RunTime:0.005035s ]
INFO: [ view_filter ] --START--
INFO: Run Behavior\WriteHtmlCacheBehavior [ RunTime:0.000076s ]
INFO: [ view_filter ] --END-- [ RunTime:0.000109s ]
INFO: [ app_end ] --START--
INFO: Run Behavior\ShowPageTraceBehavior [ RunTime:0.000245s ]
INFO: [ app_end ] --END-- [ RunTime:0.000278s ]

[ 2016-12-02T10:02:04+08:00 ] 172.18.74.85 /PCM/index.php/JFGL/detial.html?room=C303
INFO: [ app_init ] --START--
INFO: Run Behavior\BuildLiteBehavior [ RunTime:0.000009s ]
INFO: [ app_init ] --END-- [ RunTime:0.000183s ]
INFO: [ app_begin ] --START--
INFO: Run Behavior\ReadHtmlCacheBehavior [ RunTime:0.000227s ]
INFO: [ app_begin ] --END-- [ RunTime:0.000264s ]
SQL: SHOW COLUMNS FROM `t_pcmessage` [ RunTime:0.0011s ]
SQL: SELECT * FROM `t_pcmessage` WHERE ( PCM_RoomName='C303' ) ORDER BY PCM_Num  [ RunTime:0.0017s ]
SQL: SHOW COLUMNS FROM `t_user` [ RunTime:0.0008s ]
SQL: SELECT * FROM `t_user` WHERE ( User_Num='' ) LIMIT 1   [ RunTime:0.0003s ]
SQL: SELECT * FROM `t_user` WHERE ( User_Num='' ) LIMIT 1   [ RunTime:0.0002s ]
SQL: SELECT * FROM `t_user` WHERE ( User_Num='' ) LIMIT 1   [ RunTime:0.0002s ]
SQL: SELECT * FROM `t_user` WHERE ( User_Num='' ) LIMIT 1   [ RunTime:0.0002s ]
SQL: SELECT * FROM `t_user` WHERE ( User_Num='' ) LIMIT 1   [ RunTime:0.0002s ]
SQL: SELECT * FROM `t_user` WHERE ( User_Num='' ) LIMIT 1   [ RunTime:0.0002s ]
SQL: SELECT * FROM `t_user` WHERE ( User_Num='' ) LIMIT 1   [ RunTime:0.0002s ]
SQL: SELECT * FROM `t_user` WHERE ( User_Num='' ) LIMIT 1   [ RunTime:0.0002s ]
SQL: SELECT * FROM `t_user` WHERE ( User_Num='' ) LIMIT 1   [ RunTime:0.0002s ]
SQL: SELECT * FROM `t_user` WHERE ( User_Num='' ) LIMIT 1   [ RunTime:0.0002s ]
SQL: SELECT * FROM `t_user` WHERE ( User_Num='' ) LIMIT 1   [ RunTime:0.0002s ]
SQL: SELECT * FROM `t_user` WHERE ( User_Num='' ) LIMIT 1   [ RunTime:0.0002s ]
SQL: SELECT * FROM `t_user` WHERE ( User_Num='' ) LIMIT 1   [ RunTime:0.0002s ]
SQL: SELECT * FROM `t_user` WHERE ( User_Num='' ) LIMIT 1   [ RunTime:0.0002s ]
SQL: SELECT * FROM `t_user` WHERE ( User_Num='' ) LIMIT 1   [ RunTime:0.0002s ]
SQL: SELECT * FROM `t_user` WHERE ( User_Num='' ) LIMIT 1   [ RunTime:0.0002s ]
SQL: SELECT * FROM `t_user` WHERE ( User_Num='' ) LIMIT 1   [ RunTime:0.0002s ]
SQL: SELECT * FROM `t_user` WHERE ( User_Num='' ) LIMIT 1   [ RunTime:0.0002s ]
SQL: SELECT * FROM `t_user` WHERE ( User_Num='' ) LIMIT 1   [ RunTime:0.0002s ]
SQL: SELECT * FROM `t_user` WHERE ( User_Num='' ) LIMIT 1   [ RunTime:0.0002s ]
SQL: SELECT * FROM `t_user` WHERE ( User_Num='' ) LIMIT 1   [ RunTime:0.0002s ]
SQL: SELECT * FROM `t_user` WHERE ( User_Num='' ) LIMIT 1   [ RunTime:0.0002s ]
SQL: SELECT * FROM `t_user` WHERE ( User_Num='' ) LIMIT 1   [ RunTime:0.0002s ]
SQL: SELECT * FROM `t_user` WHERE ( User_Num='' ) LIMIT 1   [ RunTime:0.0002s ]
SQL: SELECT * FROM `t_user` WHERE ( User_Num='' ) LIMIT 1   [ RunTime:0.0002s ]
SQL: SELECT * FROM `t_user` WHERE ( User_Num='' ) LIMIT 1   [ RunTime:0.0002s ]
SQL: SELECT * FROM `t_user` WHERE ( User_Num='' ) LIMIT 1   [ RunTime:0.0002s ]
SQL: SELECT * FROM `t_user` WHERE ( User_Num='' ) LIMIT 1   [ RunTime:0.0002s ]
SQL: SELECT * FROM `t_user` WHERE ( User_Num='' ) LIMIT 1   [ RunTime:0.0002s ]
SQL: SELECT * FROM `t_user` WHERE ( User_Num='' ) LIMIT 1   [ RunTime:0.0002s ]
SQL: SELECT * FROM `t_user` WHERE ( User_Num='' ) LIMIT 1   [ RunTime:0.0002s ]
SQL: SELECT * FROM `t_user` WHERE ( User_Num='' ) LIMIT 1   [ RunTime:0.0002s ]
SQL: SELECT * FROM `t_user` WHERE ( User_Num='' ) LIMIT 1   [ RunTime:0.0002s ]
SQL: SELECT * FROM `t_user` WHERE ( User_Num='' ) LIMIT 1   [ RunTime:0.0002s ]
SQL: SELECT * FROM `t_user` WHERE ( User_Num='' ) LIMIT 1   [ RunTime:0.0002s ]
SQL: SELECT * FROM `t_user` WHERE ( User_Num='' ) LIMIT 1   [ RunTime:0.0002s ]
SQL: SELECT * FROM `t_user` WHERE ( User_Num='' ) LIMIT 1   [ RunTime:0.0002s ]
SQL: SELECT * FROM `t_user` WHERE ( User_Num='' ) LIMIT 1   [ RunTime:0.0002s ]
SQL: SELECT * FROM `t_user` WHERE ( User_Num='' ) LIMIT 1   [ RunTime:0.0002s ]
SQL: SELECT * FROM `t_user` WHERE ( User_Num='' ) LIMIT 1   [ RunTime:0.0002s ]
SQL: SELECT * FROM `t_user` WHERE ( User_Num='' ) LIMIT 1   [ RunTime:0.0002s ]
SQL: SELECT * FROM `t_user` WHERE ( User_Num='' ) LIMIT 1   [ RunTime:0.0002s ]
SQL: SELECT * FROM `t_user` WHERE ( User_Num='' ) LIMIT 1   [ RunTime:0.0002s ]
SQL: SELECT * FROM `t_user` WHERE ( User_Num='' ) LIMIT 1   [ RunTime:0.0002s ]
SQL: SELECT * FROM `t_user` WHERE ( User_Num='' ) LIMIT 1   [ RunTime:0.0002s ]
SQL: SELECT * FROM `t_user` WHERE ( User_Num='' ) LIMIT 1   [ RunTime:0.0002s ]
SQL: SELECT * FROM `t_user` WHERE ( User_Num='' ) LIMIT 1   [ RunTime:0.0002s ]
SQL: SELECT * FROM `t_user` WHERE ( User_Num='' ) LIMIT 1   [ RunTime:0.0002s ]
SQL: SELECT * FROM `t_user` WHERE ( User_Num='' ) LIMIT 1   [ RunTime:0.0002s ]
SQL: SELECT * FROM `t_user` WHERE ( User_Num='' ) LIMIT 1   [ RunTime:0.0002s ]
SQL: SELECT * FROM `t_user` WHERE ( User_Num='' ) LIMIT 1   [ RunTime:0.0002s ]
SQL: SELECT * FROM `t_user` WHERE ( User_Num='' ) LIMIT 1   [ RunTime:0.0002s ]
SQL: SELECT * FROM `t_user` WHERE ( User_Num='' ) LIMIT 1   [ RunTime:0.0002s ]
SQL: SELECT * FROM `t_user` WHERE ( User_Num='' ) LIMIT 1   [ RunTime:0.0002s ]
SQL: SELECT * FROM `t_user` WHERE ( User_Num='' ) LIMIT 1   [ RunTime:0.0002s ]
SQL: SELECT * FROM `t_user` WHERE ( User_Num='' ) LIMIT 1   [ RunTime:0.0002s ]
SQL: SELECT * FROM `t_user` WHERE ( User_Num='' ) LIMIT 1   [ RunTime:0.0002s ]
SQL: SELECT * FROM `t_user` WHERE ( User_Num='' ) LIMIT 1   [ RunTime:0.0002s ]
SQL: SELECT * FROM `t_user` WHERE ( User_Num='' ) LIMIT 1   [ RunTime:0.0002s ]
SQL: SELECT * FROM `t_user` WHERE ( User_Num='' ) LIMIT 1   [ RunTime:0.0002s ]
SQL: SELECT * FROM `t_user` WHERE ( User_Num='' ) LIMIT 1   [ RunTime:0.0003s ]
SQL: SELECT * FROM `t_user` WHERE ( User_Num='' ) LIMIT 1   [ RunTime:0.0002s ]
SQL: SELECT * FROM `t_user` WHERE ( User_Num='' ) LIMIT 1   [ RunTime:0.0002s ]
SQL: SELECT * FROM `t_user` WHERE ( User_Num='' ) LIMIT 1   [ RunTime:0.0002s ]
SQL: SELECT * FROM `t_user` WHERE ( User_Num='' ) LIMIT 1   [ RunTime:0.0002s ]
SQL: SELECT * FROM `t_user` WHERE ( User_Num='' ) LIMIT 1   [ RunTime:0.0002s ]
SQL: SELECT * FROM `t_user` WHERE ( User_Num='' ) LIMIT 1   [ RunTime:0.0002s ]
SQL: SELECT * FROM `t_user` WHERE ( User_Num='' ) LIMIT 1   [ RunTime:0.0002s ]
SQL: SELECT * FROM `t_user` WHERE ( User_Num='' ) LIMIT 1   [ RunTime:0.0002s ]
SQL: SELECT * FROM `t_user` WHERE ( User_Num='' ) LIMIT 1   [ RunTime:0.0002s ]
SQL: SELECT * FROM `t_user` WHERE ( User_Num='' ) LIMIT 1   [ RunTime:0.0003s ]
SQL: SELECT * FROM `t_user` WHERE ( User_Num='' ) LIMIT 1   [ RunTime:0.0002s ]
SQL: SELECT * FROM `t_user` WHERE ( User_Num='' ) LIMIT 1   [ RunTime:0.0002s ]
SQL: SELECT * FROM `t_user` WHERE ( User_Num='' ) LIMIT 1   [ RunTime:0.0002s ]
SQL: SELECT * FROM `t_user` WHERE ( User_Num='' ) LIMIT 1   [ RunTime:0.0002s ]
SQL: SELECT * FROM `t_user` WHERE ( User_Num='' ) LIMIT 1   [ RunTime:0.0002s ]
SQL: SELECT * FROM `t_user` WHERE ( User_Num='' ) LIMIT 1   [ RunTime:0.0002s ]
SQL: SELECT * FROM `t_user` WHERE ( User_Num='' ) LIMIT 1   [ RunTime:0.0002s ]
SQL: SELECT * FROM `t_user` WHERE ( User_Num='' ) LIMIT 1   [ RunTime:0.0002s ]
SQL: SELECT * FROM `t_user` WHERE ( User_Num='' ) LIMIT 1   [ RunTime:0.0002s ]
SQL: SELECT * FROM `t_user` WHERE ( User_Num='' ) LIMIT 1   [ RunTime:0.0002s ]
INFO: [ view_parse ] --START--
INFO: [ template_filter ] --START--
INFO: Run Behavior\ContentReplaceBehavior [ RunTime:0.000072s ]
INFO: [ template_filter ] --END-- [ RunTime:0.000133s ]
INFO: Run Behavior\ParseTemplateBehavior [ RunTime:0.006408s ]
INFO: [ view_parse ] --END-- [ RunTime:0.006465s ]
INFO: [ view_filter ] --START--
INFO: Run Behavior\WriteHtmlCacheBehavior [ RunTime:0.000119s ]
INFO: [ view_filter ] --END-- [ RunTime:0.000168s ]
INFO: [ app_end ] --START--
INFO: Run Behavior\ShowPageTraceBehavior [ RunTime:0.000383s ]
INFO: [ app_end ] --END-- [ RunTime:0.000435s ]

[ 2016-12-02T10:02:24+08:00 ] 172.18.74.85 /PCM/index.php/JFGL/history.html
INFO: [ app_init ] --START--
INFO: Run Behavior\BuildLiteBehavior [ RunTime:0.000009s ]
INFO: [ app_init ] --END-- [ RunTime:0.000185s ]
INFO: [ app_begin ] --START--
INFO: Run Behavior\ReadHtmlCacheBehavior [ RunTime:0.000224s ]
INFO: [ app_begin ] --END-- [ RunTime:0.000261s ]
INFO: [ view_parse ] --START--
INFO: [ template_filter ] --START--
INFO: Run Behavior\ContentReplaceBehavior [ RunTime:0.000043s ]
INFO: [ template_filter ] --END-- [ RunTime:0.000080s ]
INFO: Run Behavior\ParseTemplateBehavior [ RunTime:0.003185s ]
INFO: [ view_parse ] --END-- [ RunTime:0.003220s ]
INFO: [ view_filter ] --START--
INFO: Run Behavior\WriteHtmlCacheBehavior [ RunTime:0.000073s ]
INFO: [ view_filter ] --END-- [ RunTime:0.000104s ]
INFO: [ app_end ] --START--
INFO: Run Behavior\ShowPageTraceBehavior [ RunTime:0.000247s ]
INFO: [ app_end ] --END-- [ RunTime:0.000280s ]

[ 2016-12-02T10:02:24+08:00 ] 172.18.74.85 /PCM/index.php/JFGL/gethistory.html
INFO: [ app_init ] --START--
INFO: Run Behavior\BuildLiteBehavior [ RunTime:0.000017s ]
INFO: [ app_init ] --END-- [ RunTime:0.000367s ]
INFO: [ app_begin ] --START--
INFO: Run Behavior\ReadHtmlCacheBehavior [ RunTime:0.000451s ]
INFO: [ app_begin ] --END-- [ RunTime:0.000521s ]
SQL: SHOW COLUMNS FROM `t_signrecord` [ RunTime:0.0011s ]
SQL: SELECT COUNT(*) AS tp_count FROM `t_signrecord` LIMIT 1   [ RunTime:0.0007s ]
SQL: SELECT * FROM `t_signrecord` LIMIT 0,20   [ RunTime:0.0004s ]
INFO: [ app_end ] --START--
INFO: Run Behavior\ShowPageTraceBehavior [ RunTime:0.000345s ]
INFO: [ app_end ] --END-- [ RunTime:0.000394s ]

[ 2016-12-02T10:03:03+08:00 ] 172.18.74.85 /PCM/index.php/KCGL/course.html
INFO: [ app_init ] --START--
INFO: Run Behavior\BuildLiteBehavior [ RunTime:0.000008s ]
INFO: [ app_init ] --END-- [ RunTime:0.000186s ]
INFO: [ app_begin ] --START--
INFO: Run Behavior\ReadHtmlCacheBehavior [ RunTime:0.000230s ]
INFO: [ app_begin ] --END-- [ RunTime:0.000267s ]
INFO: [ view_parse ] --START--
INFO: [ template_filter ] --START--
INFO: Run Behavior\ContentReplaceBehavior [ RunTime:0.000035s ]
INFO: [ template_filter ] --END-- [ RunTime:0.000073s ]
INFO: Run Behavior\ParseTemplateBehavior [ RunTime:0.003656s ]
INFO: [ view_parse ] --END-- [ RunTime:0.003691s ]
INFO: [ view_filter ] --START--
INFO: Run Behavior\WriteHtmlCacheBehavior [ RunTime:0.000072s ]
INFO: [ view_filter ] --END-- [ RunTime:0.000103s ]
INFO: [ app_end ] --START--
INFO: Run Behavior\ShowPageTraceBehavior [ RunTime:0.000247s ]
INFO: [ app_end ] --END-- [ RunTime:0.000280s ]

[ 2016-12-02T10:08:53+08:00 ] 192.168.226.60 /PCM/index.php/Index/login.html
INFO: [ app_init ] --START--
INFO: Run Behavior\BuildLiteBehavior [ RunTime:0.000017s ]
INFO: [ app_init ] --END-- [ RunTime:0.000367s ]
INFO: [ app_begin ] --START--
INFO: Run Behavior\ReadHtmlCacheBehavior [ RunTime:0.000422s ]
INFO: [ app_begin ] --END-- [ RunTime:0.000471s ]
SQL: SHOW COLUMNS FROM `t_manager` [ RunTime:0.0008s ]
SQL: SELECT * FROM `t_manager` WHERE `Mana_Num` = '2014309020235' AND `Mana_PSD` = 'e10adc3949ba59abbe56e057f20f883e' LIMIT 1   [ RunTime:0.0004s ]
INFO: [ app_end ] --START--
INFO: Run Behavior\ShowPageTraceBehavior [ RunTime:0.000302s ]
INFO: [ app_end ] --END-- [ RunTime:0.000337s ]

[ 2016-12-02T10:08:53+08:00 ] 192.168.226.60 /PCM/index.php/Admin/index.html
INFO: [ app_init ] --START--
INFO: Run Behavior\BuildLiteBehavior [ RunTime:0.000008s ]
INFO: [ app_init ] --END-- [ RunTime:0.000183s ]
INFO: [ app_begin ] --START--
INFO: Run Behavior\ReadHtmlCacheBehavior [ RunTime:0.000227s ]
INFO: [ app_begin ] --END-- [ RunTime:0.000263s ]
INFO: [ view_parse ] --START--
INFO: [ template_filter ] --START--
INFO: Run Behavior\ContentReplaceBehavior [ RunTime:0.000047s ]
INFO: [ template_filter ] --END-- [ RunTime:0.000085s ]
INFO: Run Behavior\ParseTemplateBehavior [ RunTime:0.004338s ]
INFO: [ view_parse ] --END-- [ RunTime:0.004374s ]
INFO: [ view_filter ] --START--
INFO: Run Behavior\WriteHtmlCacheBehavior [ RunTime:0.000074s ]
INFO: [ view_filter ] --END-- [ RunTime:0.000105s ]
INFO: [ app_end ] --START--
INFO: Run Behavior\ShowPageTraceBehavior [ RunTime:0.000246s ]
INFO: [ app_end ] --END-- [ RunTime:0.000279s ]

[ 2016-12-02T10:09:20+08:00 ] 172.18.74.85 /PCM/index.php/Admin/index.html
INFO: [ app_init ] --START--
INFO: Run Behavior\BuildLiteBehavior [ RunTime:0.000017s ]
INFO: [ app_init ] --END-- [ RunTime:0.000370s ]
INFO: [ app_begin ] --START--
INFO: Run Behavior\ReadHtmlCacheBehavior [ RunTime:0.000229s ]
INFO: [ app_begin ] --END-- [ RunTime:0.000265s ]
INFO: [ view_parse ] --START--
INFO: [ template_filter ] --START--
INFO: Run Behavior\ContentReplaceBehavior [ RunTime:0.000048s ]
INFO: [ template_filter ] --END-- [ RunTime:0.000087s ]
INFO: Run Behavior\ParseTemplateBehavior [ RunTime:0.004329s ]
INFO: [ view_parse ] --END-- [ RunTime:0.004364s ]
INFO: [ view_filter ] --START--
INFO: Run Behavior\WriteHtmlCacheBehavior [ RunTime:0.000076s ]
INFO: [ view_filter ] --END-- [ RunTime:0.000109s ]
INFO: [ app_end ] --START--
INFO: Run Behavior\ShowPageTraceBehavior [ RunTime:0.000247s ]
INFO: [ app_end ] --END-- [ RunTime:0.000281s ]

[ 2016-12-02T10:09:52+08:00 ] 172.18.74.85 /PCM/index.php/GJQX/teacher.html
INFO: [ app_init ] --START--
INFO: Run Behavior\BuildLiteBehavior [ RunTime:0.000009s ]
INFO: [ app_init ] --END-- [ RunTime:0.000183s ]
INFO: [ app_begin ] --START--
INFO: Run Behavior\ReadHtmlCacheBehavior [ RunTime:0.000225s ]
INFO: [ app_begin ] --END-- [ RunTime:0.000261s ]
INFO: [ view_parse ] --START--
INFO: [ template_filter ] --START--
INFO: Run Behavior\ContentReplaceBehavior [ RunTime:0.000046s ]
INFO: [ template_filter ] --END-- [ RunTime:0.000085s ]
INFO: Run Behavior\ParseTemplateBehavior [ RunTime:0.003745s ]
INFO: [ view_parse ] --END-- [ RunTime:0.003780s ]
INFO: [ view_filter ] --START--
INFO: Run Behavior\WriteHtmlCacheBehavior [ RunTime:0.000074s ]
INFO: [ view_filter ] --END-- [ RunTime:0.000105s ]
INFO: [ app_end ] --START--
INFO: Run Behavior\ShowPageTraceBehavior [ RunTime:0.000247s ]
INFO: [ app_end ] --END-- [ RunTime:0.000279s ]

[ 2016-12-02T10:09:53+08:00 ] 172.18.74.85 /PCM/index.php/GJQX/getteamessage.html
INFO: [ app_init ] --START--
INFO: Run Behavior\BuildLiteBehavior [ RunTime:0.000009s ]
INFO: [ app_init ] --END-- [ RunTime:0.000184s ]
INFO: [ app_begin ] --START--
INFO: Run Behavior\ReadHtmlCacheBehavior [ RunTime:0.000225s ]
INFO: [ app_begin ] --END-- [ RunTime:0.000258s ]
SQL: SHOW COLUMNS FROM `t_manager` [ RunTime:0.0008s ]
SQL: SELECT COUNT(*) AS tp_count FROM `t_manager` WHERE ( Mana_Type='授课教师' ) LIMIT 1   [ RunTime:0.0003s ]
SQL: SELECT * FROM `t_manager` WHERE ( Mana_Type='授课教师' ) LIMIT 0,20   [ RunTime:0.0003s ]
INFO: [ app_end ] --START--
INFO: Run Behavior\ShowPageTraceBehavior [ RunTime:0.000290s ]
INFO: [ app_end ] --END-- [ RunTime:0.000327s ]

[ 2016-12-02T10:10:47+08:00 ] 172.18.74.85 /PCM/index.php/JFGL/detial.html
INFO: [ app_init ] --START--
INFO: Run Behavior\BuildLiteBehavior [ RunTime:0.000016s ]
INFO: [ app_init ] --END-- [ RunTime:0.000370s ]
INFO: [ app_begin ] --START--
INFO: Run Behavior\ReadHtmlCacheBehavior [ RunTime:0.000462s ]
INFO: [ app_begin ] --END-- [ RunTime:0.000537s ]
INFO: [ view_parse ] --START--
INFO: [ template_filter ] --START--
INFO: Run Behavior\ContentReplaceBehavior [ RunTime:0.000045s ]
INFO: [ template_filter ] --END-- [ RunTime:0.000087s ]
NOTIC: [8] Undefined variable: room /opt/lampp/htdocs/PCM/Application/Runtime/Cache/Admin/189fefcb0bce4d43c3a1982316645cb7.php 第 20 行.
NOTIC: [8] Undefined variable: list /opt/lampp/htdocs/PCM/Application/Runtime/Cache/Admin/189fefcb0bce4d43c3a1982316645cb7.php 第 23 行.
NOTIC: [8] Undefined variable: room /opt/lampp/htdocs/PCM/Application/Runtime/Cache/Admin/189fefcb0bce4d43c3a1982316645cb7.php 第 43 行.
INFO: Run Behavior\ParseTemplateBehavior [ RunTime:0.007097s ]
INFO: [ view_parse ] --END-- [ RunTime:0.007149s ]
INFO: [ view_filter ] --START--
INFO: Run Behavior\WriteHtmlCacheBehavior [ RunTime:0.000076s ]
INFO: [ view_filter ] --END-- [ RunTime:0.000107s ]
INFO: [ app_end ] --START--
INFO: Run Behavior\ShowPageTraceBehavior [ RunTime:0.000257s ]
INFO: [ app_end ] --END-- [ RunTime:0.000291s ]

[ 2016-12-02T10:10:55+08:00 ] 172.18.74.85 /PCM/index.php/JFGL/detial.html?room=C410
INFO: [ app_init ] --START--
INFO: Run Behavior\BuildLiteBehavior [ RunTime:0.000017s ]
INFO: [ app_init ] --END-- [ RunTime:0.000368s ]
INFO: [ app_begin ] --START--
INFO: Run Behavior\ReadHtmlCacheBehavior [ RunTime:0.000228s ]
INFO: [ app_begin ] --END-- [ RunTime:0.000265s ]
SQL: SHOW COLUMNS FROM `t_pcmessage` [ RunTime:0.0010s ]
SQL: SELECT * FROM `t_pcmessage` WHERE ( PCM_RoomName='C410' ) ORDER BY PCM_Num  [ RunTime:0.0007s ]
SQL: SHOW COLUMNS FROM `t_user` [ RunTime:0.0008s ]
SQL: SELECT * FROM `t_user` WHERE ( User_Num='2014309010124' ) LIMIT 1   [ RunTime:0.0003s ]
INFO: [ view_parse ] --START--
INFO: [ template_filter ] --START--
INFO: Run Behavior\ContentReplaceBehavior [ RunTime:0.000057s ]
INFO: [ template_filter ] --END-- [ RunTime:0.000109s ]
INFO: Run Behavior\ParseTemplateBehavior [ RunTime:0.004649s ]
INFO: [ view_parse ] --END-- [ RunTime:0.004693s ]
INFO: [ view_filter ] --START--
INFO: Run Behavior\WriteHtmlCacheBehavior [ RunTime:0.000093s ]
INFO: [ view_filter ] --END-- [ RunTime:0.000133s ]
INFO: [ app_end ] --START--
INFO: Run Behavior\ShowPageTraceBehavior [ RunTime:0.000311s ]
INFO: [ app_end ] --END-- [ RunTime:0.000353s ]

[ 2016-12-02T10:10:55+08:00 ] 172.18.74.85 /PCM/Public/Upload/screen_20161201_2142
INFO: [ app_init ] --START--
INFO: Run Behavior\BuildLiteBehavior [ RunTime:0.000009s ]
INFO: [ app_init ] --END-- [ RunTime:0.000182s ]
INFO: [ app_begin ] --START--
INFO: Run Behavior\ReadHtmlCacheBehavior [ RunTime:0.000229s ]
INFO: [ app_begin ] --END-- [ RunTime:0.000266s ]
ERR: 无法加载控制器:Public

[ 2016-12-02T10:10:59+08:00 ] 172.18.74.85 /PCM/index.php/JFGL/detial.html?room=C303
INFO: [ app_init ] --START--
INFO: Run Behavior\BuildLiteBehavior [ RunTime:0.000009s ]
INFO: [ app_init ] --END-- [ RunTime:0.000182s ]
INFO: [ app_begin ] --START--
INFO: Run Behavior\ReadHtmlCacheBehavior [ RunTime:0.000227s ]
INFO: [ app_begin ] --END-- [ RunTime:0.000262s ]
SQL: SHOW COLUMNS FROM `t_pcmessage` [ RunTime:0.0010s ]
SQL: SELECT * FROM `t_pcmessage` WHERE ( PCM_RoomName='C303' ) ORDER BY PCM_Num  [ RunTime:0.0017s ]
SQL: SHOW COLUMNS FROM `t_user` [ RunTime:0.0008s ]
SQL: SELECT * FROM `t_user` WHERE ( User_Num='' ) LIMIT 1   [ RunTime:0.0003s ]
SQL: SELECT * FROM `t_user` WHERE ( User_Num='' ) LIMIT 1   [ RunTime:0.0002s ]
SQL: SELECT * FROM `t_user` WHERE ( User_Num='' ) LIMIT 1   [ RunTime:0.0002s ]
SQL: SELECT * FROM `t_user` WHERE ( User_Num='' ) LIMIT 1   [ RunTime:0.0002s ]
SQL: SELECT * FROM `t_user` WHERE ( User_Num='' ) LIMIT 1   [ RunTime:0.0002s ]
SQL: SELECT * FROM `t_user` WHERE ( User_Num='' ) LIMIT 1   [ RunTime:0.0002s ]
SQL: SELECT * FROM `t_user` WHERE ( User_Num='' ) LIMIT 1   [ RunTime:0.0002s ]
SQL: SELECT * FROM `t_user` WHERE ( User_Num='' ) LIMIT 1   [ RunTime:0.0002s ]
SQL: SELECT * FROM `t_user` WHERE ( User_Num='' ) LIMIT 1   [ RunTime:0.0002s ]
SQL: SELECT * FROM `t_user` WHERE ( User_Num='' ) LIMIT 1   [ RunTime:0.0002s ]
SQL: SELECT * FROM `t_user` WHERE ( User_Num='' ) LIMIT 1   [ RunTime:0.0002s ]
SQL: SELECT * FROM `t_user` WHERE ( User_Num='' ) LIMIT 1   [ RunTime:0.0002s ]
SQL: SELECT * FROM `t_user` WHERE ( User_Num='' ) LIMIT 1   [ RunTime:0.0002s ]
SQL: SELECT * FROM `t_user` WHERE ( User_Num='' ) LIMIT 1   [ RunTime:0.0002s ]
SQL: SELECT * FROM `t_user` WHERE ( User_Num='' ) LIMIT 1   [ RunTime:0.0002s ]
SQL: SELECT * FROM `t_user` WHERE ( User_Num='' ) LIMIT 1   [ RunTime:0.0002s ]
SQL: SELECT * FROM `t_user` WHERE ( User_Num='' ) LIMIT 1   [ RunTime:0.0002s ]
SQL: SELECT * FROM `t_user` WHERE ( User_Num='' ) LIMIT 1   [ RunTime:0.0002s ]
SQL: SELECT * FROM `t_user` WHERE ( User_Num='' ) LIMIT 1   [ RunTime:0.0002s ]
SQL: SELECT * FROM `t_user` WHERE ( User_Num='' ) LIMIT 1   [ RunTime:0.0002s ]
SQL: SELECT * FROM `t_user` WHERE ( User_Num='' ) LIMIT 1   [ RunTime:0.0002s ]
SQL: SELECT * FROM `t_user` WHERE ( User_Num='' ) LIMIT 1   [ RunTime:0.0002s ]
SQL: SELECT * FROM `t_user` WHERE ( User_Num='' ) LIMIT 1   [ RunTime:0.0002s ]
SQL: SELECT * FROM `t_user` WHERE ( User_Num='' ) LIMIT 1   [ RunTime:0.0002s ]
SQL: SELECT * FROM `t_user` WHERE ( User_Num='' ) LIMIT 1   [ RunTime:0.0002s ]
SQL: SELECT * FROM `t_user` WHERE ( User_Num='' ) LIMIT 1   [ RunTime:0.0002s ]
SQL: SELECT * FROM `t_user` WHERE ( User_Num='' ) LIMIT 1   [ RunTime:0.0002s ]
SQL: SELECT * FROM `t_user` WHERE ( User_Num='' ) LIMIT 1   [ RunTime:0.0002s ]
SQL: SELECT * FROM `t_user` WHERE ( User_Num='' ) LIMIT 1   [ RunTime:0.0003s ]
SQL: SELECT * FROM `t_user` WHERE ( User_Num='' ) LIMIT 1   [ RunTime:0.0002s ]
SQL: SELECT * FROM `t_user` WHERE ( User_Num='' ) LIMIT 1   [ RunTime:0.0002s ]
SQL: SELECT * FROM `t_user` WHERE ( User_Num='' ) LIMIT 1   [ RunTime:0.0002s ]
SQL: SELECT * FROM `t_user` WHERE ( User_Num='' ) LIMIT 1   [ RunTime:0.0002s ]
SQL: SELECT * FROM `t_user` WHERE ( User_Num='' ) LIMIT 1   [ RunTime:0.0002s ]
SQL: SELECT * FROM `t_user` WHERE ( User_Num='' ) LIMIT 1   [ RunTime:0.0002s ]
SQL: SELECT * FROM `t_user` WHERE ( User_Num='' ) LIMIT 1   [ RunTime:0.0002s ]
SQL: SELECT * FROM `t_user` WHERE ( User_Num='' ) LIMIT 1   [ RunTime:0.0002s ]
SQL: SELECT * FROM `t_user` WHERE ( User_Num='' ) LIMIT 1   [ RunTime:0.0002s ]
SQL: SELECT * FROM `t_user` WHERE ( User_Num='' ) LIMIT 1   [ RunTime:0.0002s ]
SQL: SELECT * FROM `t_user` WHERE ( User_Num='' ) LIMIT 1   [ RunTime:0.0002s ]
SQL: SELECT * FROM `t_user` WHERE ( User_Num='' ) LIMIT 1   [ RunTime:0.0002s ]
SQL: SELECT * FROM `t_user` WHERE ( User_Num='' ) LIMIT 1   [ RunTime:0.0002s ]
SQL: SELECT * FROM `t_user` WHERE ( User_Num='' ) LIMIT 1   [ RunTime:0.0002s ]
SQL: SELECT * FROM `t_user` WHERE ( User_Num='' ) LIMIT 1   [ RunTime:0.0002s ]
SQL: SELECT * FROM `t_user` WHERE ( User_Num='' ) LIMIT 1   [ RunTime:0.0002s ]
SQL: SELECT * FROM `t_user` WHERE ( User_Num='' ) LIMIT 1   [ RunTime:0.0002s ]
SQL: SELECT * FROM `t_user` WHERE ( User_Num='' ) LIMIT 1   [ RunTime:0.0002s ]
SQL: SELECT * FROM `t_user` WHERE ( User_Num='' ) LIMIT 1   [ RunTime:0.0002s ]
SQL: SELECT * FROM `t_user` WHERE ( User_Num='' ) LIMIT 1   [ RunTime:0.0002s ]
SQL: SELECT * FROM `t_user` WHERE ( User_Num='' ) LIMIT 1   [ RunTime:0.0002s ]
SQL: SELECT * FROM `t_user` WHERE ( User_Num='' ) LIMIT 1   [ RunTime:0.0002s ]
SQL: SELECT * FROM `t_user` WHERE ( User_Num='' ) LIMIT 1   [ RunTime:0.0002s ]
SQL: SELECT * FROM `t_user` WHERE ( User_Num='' ) LIMIT 1   [ RunTime:0.0002s ]
SQL: SELECT * FROM `t_user` WHERE ( User_Num='' ) LIMIT 1   [ RunTime:0.0002s ]
SQL: SELECT * FROM `t_user` WHERE ( User_Num='' ) LIMIT 1   [ RunTime:0.0002s ]
SQL: SELECT * FROM `t_user` WHERE ( User_Num='' ) LIMIT 1   [ RunTime:0.0002s ]
SQL: SELECT * FROM `t_user` WHERE ( User_Num='' ) LIMIT 1   [ RunTime:0.0002s ]
SQL: SELECT * FROM `t_user` WHERE ( User_Num='' ) LIMIT 1   [ RunTime:0.0002s ]
SQL: SELECT * FROM `t_user` WHERE ( User_Num='' ) LIMIT 1   [ RunTime:0.0002s ]
SQL: SELECT * FROM `t_user` WHERE ( User_Num='' ) LIMIT 1   [ RunTime:0.0002s ]
SQL: SELECT * FROM `t_user` WHERE ( User_Num='' ) LIMIT 1   [ RunTime:0.0002s ]
SQL: SELECT * FROM `t_user` WHERE ( User_Num='' ) LIMIT 1   [ RunTime:0.0002s ]
SQL: SELECT * FROM `t_user` WHERE ( User_Num='' ) LIMIT 1   [ RunTime:0.0002s ]
SQL: SELECT * FROM `t_user` WHERE ( User_Num='' ) LIMIT 1   [ RunTime:0.0002s ]
SQL: SELECT * FROM `t_user` WHERE ( User_Num='' ) LIMIT 1   [ RunTime:0.0002s ]
SQL: SELECT * FROM `t_user` WHERE ( User_Num='' ) LIMIT 1   [ RunTime:0.0002s ]
SQL: SELECT * FROM `t_user` WHERE ( User_Num='' ) LIMIT 1   [ RunTime:0.0002s ]
SQL: SELECT * FROM `t_user` WHERE ( User_Num='' ) LIMIT 1   [ RunTime:0.0002s ]
SQL: SELECT * FROM `t_user` WHERE ( User_Num='' ) LIMIT 1   [ RunTime:0.0002s ]
SQL: SELECT * FROM `t_user` WHERE ( User_Num='' ) LIMIT 1   [ RunTime:0.0003s ]
SQL: SELECT * FROM `t_user` WHERE ( User_Num='' ) LIMIT 1   [ RunTime:0.0002s ]
SQL: SELECT * FROM `t_user` WHERE ( User_Num='' ) LIMIT 1   [ RunTime:0.0002s ]
SQL: SELECT * FROM `t_user` WHERE ( User_Num='' ) LIMIT 1   [ RunTime:0.0002s ]
SQL: SELECT * FROM `t_user` WHERE ( User_Num='' ) LIMIT 1   [ RunTime:0.0002s ]
SQL: SELECT * FROM `t_user` WHERE ( User_Num='' ) LIMIT 1   [ RunTime:0.0002s ]
SQL: SELECT * FROM `t_user` WHERE ( User_Num='' ) LIMIT 1   [ RunTime:0.0002s ]
SQL: SELECT * FROM `t_user` WHERE ( User_Num='' ) LIMIT 1   [ RunTime:0.0002s ]
SQL: SELECT * FROM `t_user` WHERE ( User_Num='' ) LIMIT 1   [ RunTime:0.0002s ]
SQL: SELECT * FROM `t_user` WHERE ( User_Num='' ) LIMIT 1   [ RunTime:0.0002s ]
SQL: SELECT * FROM `t_user` WHERE ( User_Num='' ) LIMIT 1   [ RunTime:0.0002s ]
SQL: SELECT * FROM `t_user` WHERE ( User_Num='' ) LIMIT 1   [ RunTime:0.0002s ]
INFO: [ view_parse ] --START--
INFO: [ template_filter ] --START--
INFO: Run Behavior\ContentReplaceBehavior [ RunTime:0.000063s ]
INFO: [ template_filter ] --END-- [ RunTime:0.000124s ]
INFO: Run Behavior\ParseTemplateBehavior [ RunTime:0.006180s ]
INFO: [ view_parse ] --END-- [ RunTime:0.006232s ]
INFO: [ view_filter ] --START--
INFO: Run Behavior\WriteHtmlCacheBehavior [ RunTime:0.000100s ]
INFO: [ view_filter ] --END-- [ RunTime:0.000142s ]
INFO: [ app_end ] --START--
INFO: Run Behavior\ShowPageTraceBehavior [ RunTime:0.000337s ]
INFO: [ app_end ] --END-- [ RunTime:0.000382s ]

[ 2016-12-02T10:11:20+08:00 ] 172.18.74.85 /PCM/index.php/JFGL/detial.html?room=C410
INFO: [ app_init ] --START--
INFO: Run Behavior\BuildLiteBehavior [ RunTime:0.000010s ]
INFO: [ app_init ] --END-- [ RunTime:0.000185s ]
INFO: [ app_begin ] --START--
INFO: Run Behavior\ReadHtmlCacheBehavior [ RunTime:0.000230s ]
INFO: [ app_begin ] --END-- [ RunTime:0.000267s ]
SQL: SHOW COLUMNS FROM `t_pcmessage` [ RunTime:0.0010s ]
SQL: SELECT * FROM `t_pcmessage` WHERE ( PCM_RoomName='C410' ) ORDER BY PCM_Num  [ RunTime:0.0007s ]
SQL: SHOW COLUMNS FROM `t_user` [ RunTime:0.0007s ]
SQL: SELECT * FROM `t_user` WHERE ( User_Num='2014309010124' ) LIMIT 1   [ RunTime:0.0003s ]
INFO: [ view_parse ] --START--
INFO: [ template_filter ] --START--
INFO: Run Behavior\ContentReplaceBehavior [ RunTime:0.000059s ]
INFO: [ template_filter ] --END-- [ RunTime:0.000107s ]
INFO: Run Behavior\ParseTemplateBehavior [ RunTime:0.006084s ]
INFO: [ view_parse ] --END-- [ RunTime:0.006125s ]
INFO: [ view_filter ] --START--
INFO: Run Behavior\WriteHtmlCacheBehavior [ RunTime:0.000094s ]
INFO: [ view_filter ] --END-- [ RunTime:0.000133s ]
INFO: [ app_end ] --START--
INFO: Run Behavior\ShowPageTraceBehavior [ RunTime:0.000304s ]
INFO: [ app_end ] --END-- [ RunTime:0.000343s ]

[ 2016-12-02T10:11:20+08:00 ] 172.18.74.85 /PCM/Public/Upload/screen_20161201_2142
INFO: [ app_init ] --START--
INFO: Run Behavior\BuildLiteBehavior [ RunTime:0.000017s ]
INFO: [ app_init ] --END-- [ RunTime:0.000371s ]
INFO: [ app_begin ] --START--
INFO: Run Behavior\ReadHtmlCacheBehavior [ RunTime:0.000328s ]
INFO: [ app_begin ] --END-- [ RunTime:0.000382s ]
ERR: 无法加载控制器:Public

[ 2016-12-02T10:12:31+08:00 ] 172.18.74.85 /PCM/index.php/JFGL/history.html
INFO: [ app_init ] --START--
INFO: Run Behavior\BuildLiteBehavior [ RunTime:0.000017s ]
INFO: [ app_init ] --END-- [ RunTime:0.000368s ]
INFO: [ app_begin ] --START--
INFO: Run Behavior\ReadHtmlCacheBehavior [ RunTime:0.000462s ]
INFO: [ app_begin ] --END-- [ RunTime:0.000537s ]
INFO: [ view_parse ] --START--
INFO: [ template_filter ] --START--
INFO: Run Behavior\ContentReplaceBehavior [ RunTime:0.000044s ]
INFO: [ template_filter ] --END-- [ RunTime:0.000082s ]
INFO: Run Behavior\ParseTemplateBehavior [ RunTime:0.005923s ]
INFO: [ view_parse ] --END-- [ RunTime:0.005973s ]
INFO: [ view_filter ] --START--
INFO: Run Behavior\WriteHtmlCacheBehavior [ RunTime:0.000072s ]
INFO: [ view_filter ] --END-- [ RunTime:0.000103s ]
INFO: [ app_end ] --START--
INFO: Run Behavior\ShowPageTraceBehavior [ RunTime:0.000249s ]
INFO: [ app_end ] --END-- [ RunTime:0.000280s ]

[ 2016-12-02T10:12:32+08:00 ] 172.18.74.85 /PCM/index.php/JFGL/gethistory.html
INFO: [ app_init ] --START--
INFO: Run Behavior\BuildLiteBehavior [ RunTime:0.000009s ]
INFO: [ app_init ] --END-- [ RunTime:0.000183s ]
INFO: [ app_begin ] --START--
INFO: Run Behavior\ReadHtmlCacheBehavior [ RunTime:0.000222s ]
INFO: [ app_begin ] --END-- [ RunTime:0.000255s ]
SQL: SHOW COLUMNS FROM `t_signrecord` [ RunTime:0.0011s ]
SQL: SELECT COUNT(*) AS tp_count FROM `t_signrecord` LIMIT 1   [ RunTime:0.0007s ]
SQL: SELECT * FROM `t_signrecord` LIMIT 0,20   [ RunTime:0.0004s ]
INFO: [ app_end ] --START--
INFO: Run Behavior\ShowPageTraceBehavior [ RunTime:0.000291s ]
INFO: [ app_end ] --END-- [ RunTime:0.000328s ]

[ 2016-12-02T10:13:22+08:00 ] 172.18.74.85 /PCM/index.php/XXGL/notice.html
INFO: [ app_init ] --START--
INFO: Run Behavior\BuildLiteBehavior [ RunTime:0.000009s ]
INFO: [ app_init ] --END-- [ RunTime:0.000190s ]
INFO: [ app_begin ] --START--
INFO: Run Behavior\ReadHtmlCacheBehavior [ RunTime:0.000229s ]
INFO: [ app_begin ] --END-- [ RunTime:0.000265s ]
INFO: [ view_parse ] --START--
INFO: [ template_filter ] --START--
INFO: Run Behavior\ContentReplaceBehavior [ RunTime:0.000033s ]
INFO: [ template_filter ] --END-- [ RunTime:0.000072s ]
INFO: Run Behavior\ParseTemplateBehavior [ RunTime:0.003651s ]
INFO: [ view_parse ] --END-- [ RunTime:0.003687s ]
INFO: [ view_filter ] --START--
INFO: Run Behavior\WriteHtmlCacheBehavior [ RunTime:0.000072s ]
INFO: [ view_filter ] --END-- [ RunTime:0.000103s ]
INFO: [ app_end ] --START--
INFO: Run Behavior\ShowPageTraceBehavior [ RunTime:0.000247s ]
INFO: [ app_end ] --END-- [ RunTime:0.000279s ]

[ 2016-12-02T10:14:14+08:00 ] 172.18.75.10 /PCM/index.php/XXGL/notice.html
INFO: [ app_init ] --START--
INFO: Run Behavior\BuildLiteBehavior [ RunTime:0.000017s ]
INFO: [ app_init ] --END-- [ RunTime:0.000370s ]
INFO: [ app_begin ] --START--
INFO: Run Behavior\ReadHtmlCacheBehavior [ RunTime:0.000458s ]
INFO: [ app_begin ] --END-- [ RunTime:0.000532s ]
INFO: [ view_parse ] --START--
INFO: [ template_filter ] --START--
INFO: Run Behavior\ContentReplaceBehavior [ RunTime:0.000034s ]
INFO: [ template_filter ] --END-- [ RunTime:0.000071s ]
INFO: Run Behavior\ParseTemplateBehavior [ RunTime:0.003408s ]
INFO: [ view_parse ] --END-- [ RunTime:0.003458s ]
INFO: [ view_filter ] --START--
INFO: Run Behavior\WriteHtmlCacheBehavior [ RunTime:0.000070s ]
INFO: [ view_filter ] --END-- [ RunTime:0.000101s ]
INFO: [ app_end ] --START--
INFO: Run Behavior\ShowPageTraceBehavior [ RunTime:0.000240s ]
INFO: [ app_end ] --END-- [ RunTime:0.000273s ]

[ 2016-12-02T10:14:20+08:00 ] 172.18.75.10 /PCM/index.php/KCGL/course.html
INFO: [ app_init ] --START--
INFO: Run Behavior\BuildLiteBehavior [ RunTime:0.000009s ]
INFO: [ app_init ] --END-- [ RunTime:0.000182s ]
INFO: [ app_begin ] --START--
INFO: Run Behavior\ReadHtmlCacheBehavior [ RunTime:0.000226s ]
INFO: [ app_begin ] --END-- [ RunTime:0.000262s ]
INFO: [ view_parse ] --START--
INFO: [ template_filter ] --START--
INFO: Run Behavior\ContentReplaceBehavior [ RunTime:0.000034s ]
INFO: [ template_filter ] --END-- [ RunTime:0.000073s ]
INFO: Run Behavior\ParseTemplateBehavior [ RunTime:0.002761s ]
INFO: [ view_parse ] --END-- [ RunTime:0.002796s ]
INFO: [ view_filter ] --START--
INFO: Run Behavior\WriteHtmlCacheBehavior [ RunTime:0.000070s ]
INFO: [ view_filter ] --END-- [ RunTime:0.000101s ]
INFO: [ app_end ] --START--
INFO: Run Behavior\ShowPageTraceBehavior [ RunTime:0.000241s ]
INFO: [ app_end ] --END-- [ RunTime:0.000274s ]

[ 2016-12-02T10:14:26+08:00 ] 172.18.75.10 /PCM/index.php/KCGL/order.html
INFO: [ app_init ] --START--
INFO: Run Behavior\BuildLiteBehavior [ RunTime:0.000017s ]
INFO: [ app_init ] --END-- [ RunTime:0.000367s ]
INFO: [ app_begin ] --START--
INFO: Run Behavior\ReadHtmlCacheBehavior [ RunTime:0.000267s ]
INFO: [ app_begin ] --END-- [ RunTime:0.000349s ]
INFO: [ view_parse ] --START--
INFO: [ template_filter ] --START--
INFO: Run Behavior\ContentReplaceBehavior [ RunTime:0.000068s ]
INFO: [ template_filter ] --END-- [ RunTime:0.000149s ]
INFO: Run Behavior\ParseTemplateBehavior [ RunTime:0.021555s ]
INFO: [ view_parse ] --END-- [ RunTime:0.021614s ]
INFO: [ view_filter ] --START--
INFO: Run Behavior\WriteHtmlCacheBehavior [ RunTime:0.000148s ]
INFO: [ view_filter ] --END-- [ RunTime:0.000212s ]
INFO: [ app_end ] --START--
INFO: Run Behavior\ShowPageTraceBehavior [ RunTime:0.000497s ]
INFO: [ app_end ] --END-- [ RunTime:0.000564s ]

[ 2016-12-02T10:14:31+08:00 ] 172.18.75.10 /PCM/index.php/GJQX/verify.html
INFO: [ app_init ] --START--
INFO: Run Behavior\BuildLiteBehavior [ RunTime:0.000009s ]
INFO: [ app_init ] --END-- [ RunTime:0.000190s ]
INFO: [ app_begin ] --START--
INFO: Run Behavior\ReadHtmlCacheBehavior [ RunTime:0.000227s ]
INFO: [ app_begin ] --END-- [ RunTime:0.000264s ]
INFO: [ view_parse ] --START--
INFO: [ template_filter ] --START--
INFO: Run Behavior\ContentReplaceBehavior [ RunTime:0.000038s ]
INFO: [ template_filter ] --END-- [ RunTime:0.000086s ]
INFO: Run Behavior\ParseTemplateBehavior [ RunTime:0.002982s ]
INFO: [ view_parse ] --END-- [ RunTime:0.003017s ]
INFO: [ view_filter ] --START--
INFO: Run Behavior\WriteHtmlCacheBehavior [ RunTime:0.000073s ]
INFO: [ view_filter ] --END-- [ RunTime:0.000105s ]
INFO: [ app_end ] --START--
INFO: Run Behavior\ShowPageTraceBehavior [ RunTime:0.000250s ]
INFO: [ app_end ] --END-- [ RunTime:0.000283s ]

[ 2016-12-02T10:15:25+08:00 ] 172.18.75.10 /PCM/index.php/GJQX/room.html
INFO: [ app_init ] --START--
INFO: Run Behavior\BuildLiteBehavior [ RunTime:0.000009s ]
INFO: [ app_init ] --END-- [ RunTime:0.000188s ]
INFO: [ app_begin ] --START--
INFO: Run Behavior\ReadHtmlCacheBehavior [ RunTime:0.000231s ]
INFO: [ app_begin ] --END-- [ RunTime:0.000268s ]
INFO: [ view_parse ] --START--
INFO: [ template_filter ] --START--
INFO: Run Behavior\ContentReplaceBehavior [ RunTime:0.000051s ]
INFO: [ template_filter ] --END-- [ RunTime:0.000092s ]
INFO: Run Behavior\ParseTemplateBehavior [ RunTime:0.003678s ]
INFO: [ view_parse ] --END-- [ RunTime:0.003714s ]
INFO: [ view_filter ] --START--
INFO: Run Behavior\WriteHtmlCacheBehavior [ RunTime:0.000075s ]
INFO: [ view_filter ] --END-- [ RunTime:0.000106s ]
INFO: [ app_end ] --START--
INFO: Run Behavior\ShowPageTraceBehavior [ RunTime:0.000264s ]
INFO: [ app_end ] --END-- [ RunTime:0.000298s ]

[ 2016-12-02T10:15:25+08:00 ] 172.18.75.10 /PCM/index.php/GJQX/student.html
INFO: [ app_init ] --START--
INFO: Run Behavior\BuildLiteBehavior [ RunTime:0.000009s ]
INFO: [ app_init ] --END-- [ RunTime:0.000181s ]
INFO: [ app_begin ] --START--
INFO: Run Behavior\ReadHtmlCacheBehavior [ RunTime:0.000227s ]
INFO: [ app_begin ] --END-- [ RunTime:0.000264s ]
INFO: [ view_parse ] --START--
INFO: [ template_filter ] --START--
INFO: Run Behavior\ContentReplaceBehavior [ RunTime:0.000078s ]
INFO: [ template_filter ] --END-- [ RunTime:0.000142s ]
INFO: Run Behavior\ParseTemplateBehavior [ RunTime:0.006983s ]
INFO: [ view_parse ] --END-- [ RunTime:0.007038s ]
INFO: [ view_filter ] --START--
INFO: Run Behavior\WriteHtmlCacheBehavior [ RunTime:0.000116s ]
INFO: [ view_filter ] --END-- [ RunTime:0.000165s ]
INFO: [ app_end ] --START--
INFO: Run Behavior\ShowPageTraceBehavior [ RunTime:0.000390s ]
INFO: [ app_end ] --END-- [ RunTime:0.000442s ]

[ 2016-12-02T10:15:26+08:00 ] 172.18.75.10 /PCM/index.php/GJQX/getpcmessage.html
INFO: [ app_init ] --START--
INFO: Run Behavior\BuildLiteBehavior [ RunTime:0.000010s ]
INFO: [ app_init ] --END-- [ RunTime:0.000191s ]
INFO: [ app_begin ] --START--
INFO: Run Behavior\ReadHtmlCacheBehavior [ RunTime:0.000228s ]
INFO: [ app_begin ] --END-- [ RunTime:0.000262s ]
SQL: SHOW COLUMNS FROM `t_pcmessage` [ RunTime:0.0011s ]
SQL: SELECT COUNT(*) AS tp_count FROM `t_pcmessage` LIMIT 1   [ RunTime:0.0005s ]
SQL: SELECT * FROM `t_pcmessage` WHERE `PCM_Mac` <> '' LIMIT 0,20   [ RunTime:0.0007s ]
INFO: [ app_end ] --START--
INFO: Run Behavior\ShowPageTraceBehavior [ RunTime:0.000293s ]
INFO: [ app_end ] --END-- [ RunTime:0.000327s ]

[ 2016-12-02T10:15:26+08:00 ] 172.18.75.10 /PCM/index.php/GJQX/getstumessage.html
INFO: [ app_init ] --START--
INFO: Run Behavior\BuildLiteBehavior [ RunTime:0.000008s ]
INFO: [ app_init ] --END-- [ RunTime:0.000180s ]
INFO: [ app_begin ] --START--
INFO: Run Behavior\ReadHtmlCacheBehavior [ RunTime:0.000227s ]
INFO: [ app_begin ] --END-- [ RunTime:0.000261s ]
SQL: SHOW COLUMNS FROM `t_user` [ RunTime:0.0010s ]
SQL: SELECT COUNT(*) AS tp_count FROM `t_user` LIMIT 1   [ RunTime:0.0004s ]
SQL: SELECT * FROM `t_user` LIMIT 0,20   [ RunTime:0.0004s ]
INFO: [ app_end ] --START--
INFO: Run Behavior\ShowPageTraceBehavior [ RunTime:0.000363s ]
INFO: [ app_end ] --END-- [ RunTime:0.000409s ]

[ 2016-12-02T10:15:39+08:00 ] 172.18.75.10 /PCM/index.php/GJQX/teacher.html
INFO: [ app_init ] --START--
INFO: Run Behavior\BuildLiteBehavior [ RunTime:0.000013s ]
INFO: [ app_init ] --END-- [ RunTime:0.000285s ]
INFO: [ app_begin ] --START--
INFO: Run Behavior\ReadHtmlCacheBehavior [ RunTime:0.000352s ]
INFO: [ app_begin ] --END-- [ RunTime:0.000410s ]
INFO: [ view_parse ] --START--
INFO: [ template_filter ] --START--
INFO: Run Behavior\ContentReplaceBehavior [ RunTime:0.000071s ]
INFO: [ template_filter ] --END-- [ RunTime:0.000134s ]
INFO: Run Behavior\ParseTemplateBehavior [ RunTime:0.005897s ]
INFO: [ view_parse ] --END-- [ RunTime:0.005942s ]
INFO: [ view_filter ] --START--
INFO: Run Behavior\WriteHtmlCacheBehavior [ RunTime:0.000074s ]
INFO: [ view_filter ] --END-- [ RunTime:0.000108s ]
INFO: [ app_end ] --START--
INFO: Run Behavior\ShowPageTraceBehavior [ RunTime:0.000256s ]
INFO: [ app_end ] --END-- [ RunTime:0.000290s ]

[ 2016-12-02T10:15:40+08:00 ] 172.18.75.10 /PCM/index.php/GJQX/getteamessage.html
INFO: [ app_init ] --START--
INFO: Run Behavior\BuildLiteBehavior [ RunTime:0.000017s ]
INFO: [ app_init ] --END-- [ RunTime:0.000365s ]
INFO: [ app_begin ] --START--
INFO: Run Behavior\ReadHtmlCacheBehavior [ RunTime:0.000454s ]
INFO: [ app_begin ] --END-- [ RunTime:0.000524s ]
SQL: SHOW COLUMNS FROM `t_manager` [ RunTime:0.0008s ]
SQL: SELECT COUNT(*) AS tp_count FROM `t_manager` WHERE ( Mana_Type='授课教师' ) LIMIT 1   [ RunTime:0.0003s ]
SQL: SELECT * FROM `t_manager` WHERE ( Mana_Type='授课教师' ) LIMIT 0,20   [ RunTime:0.0003s ]
INFO: [ app_end ] --START--
INFO: Run Behavior\ShowPageTraceBehavior [ RunTime:0.000298s ]
INFO: [ app_end ] --END-- [ RunTime:0.000335s ]

[ 2016-12-02T10:15:44+08:00 ] 172.18.75.10 /PCM/index.php/GJQX/manager.html
INFO: [ app_init ] --START--
INFO: Run Behavior\BuildLiteBehavior [ RunTime:0.000017s ]
INFO: [ app_init ] --END-- [ RunTime:0.000367s ]
INFO: [ app_begin ] --START--
INFO: Run Behavior\ReadHtmlCacheBehavior [ RunTime:0.000226s ]
INFO: [ app_begin ] --END-- [ RunTime:0.000263s ]
INFO: [ view_parse ] --START--
INFO: [ template_filter ] --START--
INFO: Run Behavior\ContentReplaceBehavior [ RunTime:0.000047s ]
INFO: [ template_filter ] --END-- [ RunTime:0.000087s ]
INFO: Run Behavior\ParseTemplateBehavior [ RunTime:0.003848s ]
INFO: [ view_parse ] --END-- [ RunTime:0.003885s ]
INFO: [ view_filter ] --START--
INFO: Run Behavior\WriteHtmlCacheBehavior [ RunTime:0.000071s ]
INFO: [ view_filter ] --END-- [ RunTime:0.000103s ]
INFO: [ app_end ] --START--
INFO: Run Behavior\ShowPageTraceBehavior [ RunTime:0.000256s ]
INFO: [ app_end ] --END-- [ RunTime:0.000291s ]

[ 2016-12-02T10:15:45+08:00 ] 172.18.75.10 /PCM/index.php/GJQX/getmanamessage.html
INFO: [ app_init ] --START--
INFO: Run Behavior\BuildLiteBehavior [ RunTime:0.000008s ]
INFO: [ app_init ] --END-- [ RunTime:0.000184s ]
INFO: [ app_begin ] --START--
INFO: Run Behavior\ReadHtmlCacheBehavior [ RunTime:0.000222s ]
INFO: [ app_begin ] --END-- [ RunTime:0.000257s ]
SQL: SHOW COLUMNS FROM `t_manager` [ RunTime:0.0009s ]
SQL: SELECT COUNT(*) AS tp_count FROM `t_manager` WHERE ( Mana_Type='学生管理员' ) LIMIT 1   [ RunTime:0.0003s ]
SQL: SELECT * FROM `t_manager` WHERE ( Mana_Type='学生管理员' ) LIMIT 0,20   [ RunTime:0.0003s ]
INFO: [ app_end ] --START--
INFO: Run Behavior\ShowPageTraceBehavior [ RunTime:0.000298s ]
INFO: [ app_end ] --END-- [ RunTime:0.000336s ]

[ 2016-12-02T10:16:15+08:00 ] 172.18.75.10 /PCM/index.php/XSGL/history.html
INFO: [ app_init ] --START--
INFO: Run Behavior\BuildLiteBehavior [ RunTime:0.000010s ]
INFO: [ app_init ] --END-- [ RunTime:0.000187s ]
INFO: [ app_begin ] --START--
INFO: Run Behavior\ReadHtmlCacheBehavior [ RunTime:0.000226s ]
INFO: [ app_begin ] --END-- [ RunTime:0.000264s ]
INFO: [ view_parse ] --START--
INFO: [ template_filter ] --START--
INFO: Run Behavior\ContentReplaceBehavior [ RunTime:0.000034s ]
INFO: [ template_filter ] --END-- [ RunTime:0.000071s ]
INFO: Run Behavior\ParseTemplateBehavior [ RunTime:0.002752s ]
INFO: [ view_parse ] --END-- [ RunTime:0.002788s ]
INFO: [ view_filter ] --START--
INFO: Run Behavior\WriteHtmlCacheBehavior [ RunTime:0.000071s ]
INFO: [ view_filter ] --END-- [ RunTime:0.000103s ]
INFO: [ app_end ] --START--
INFO: Run Behavior\ShowPageTraceBehavior [ RunTime:0.000242s ]
INFO: [ app_end ] --END-- [ RunTime:0.000275s ]

[ 2016-12-02T10:26:24+08:00 ] 172.18.75.10 /PCM/index.php/GJQX/getstumessage.html
INFO: [ app_init ] --START--
INFO: Run Behavior\BuildLiteBehavior [ RunTime:0.000018s ]
INFO: [ app_init ] --END-- [ RunTime:0.000373s ]
INFO: [ app_begin ] --START--
INFO: Run Behavior\ReadHtmlCacheBehavior [ RunTime:0.000455s ]
INFO: [ app_begin ] --END-- [ RunTime:0.000523s ]
SQL: SHOW COLUMNS FROM `t_user` [ RunTime:0.0009s ]
SQL: SELECT COUNT(*) AS tp_count FROM `t_user` WHERE (`User_Class` LIKE '%信计%') LIMIT 1   [ RunTime:0.0003s ]
SQL: SELECT * FROM `t_user` WHERE (`User_Class` LIKE '%信计%') ORDER BY User_Class LIMIT 0,20   [ RunTime:0.0003s ]
INFO: [ app_end ] --START--
INFO: Run Behavior\ShowPageTraceBehavior [ RunTime:0.000300s ]
INFO: [ app_end ] --END-- [ RunTime:0.000335s ]

[ 2016-12-02T10:43:46+08:00 ] 172.18.75.10 /PCM/index.php/Admin/index.html
INFO: [ app_init ] --START--
INFO: Run Behavior\BuildLiteBehavior [ RunTime:0.000017s ]
INFO: [ app_init ] --END-- [ RunTime:0.000372s ]
INFO: [ app_begin ] --START--
INFO: Run Behavior\ReadHtmlCacheBehavior [ RunTime:0.000479s ]
INFO: [ app_begin ] --END-- [ RunTime:0.000557s ]
INFO: [ view_parse ] --START--
INFO: [ template_filter ] --START--
INFO: Run Behavior\ContentReplaceBehavior [ RunTime:0.000047s ]
INFO: [ template_filter ] --END-- [ RunTime:0.000084s ]
INFO: Run Behavior\ParseTemplateBehavior [ RunTime:0.006122s ]
INFO: [ view_parse ] --END-- [ RunTime:0.006173s ]
INFO: [ view_filter ] --START--
INFO: Run Behavior\WriteHtmlCacheBehavior [ RunTime:0.000074s ]
INFO: [ view_filter ] --END-- [ RunTime:0.000106s ]
INFO: [ app_end ] --START--
INFO: Run Behavior\ShowPageTraceBehavior [ RunTime:0.000245s ]
INFO: [ app_end ] --END-- [ RunTime:0.000280s ]

[ 2016-12-02T10:45:51+08:00 ] 172.18.75.10 /PCM/index.php/JFGL/detial.html
INFO: [ app_init ] --START--
INFO: Run Behavior\BuildLiteBehavior [ RunTime:0.000017s ]
INFO: [ app_init ] --END-- [ RunTime:0.000368s ]
INFO: [ app_begin ] --START--
INFO: Run Behavior\ReadHtmlCacheBehavior [ RunTime:0.000456s ]
INFO: [ app_begin ] --END-- [ RunTime:0.000531s ]
INFO: [ view_parse ] --START--
INFO: [ template_filter ] --START--
INFO: Run Behavior\ContentReplaceBehavior [ RunTime:0.000045s ]
INFO: [ template_filter ] --END-- [ RunTime:0.000081s ]
NOTIC: [8] Undefined variable: room /opt/lampp/htdocs/PCM/Application/Runtime/Cache/Admin/189fefcb0bce4d43c3a1982316645cb7.php 第 20 行.
NOTIC: [8] Undefined variable: list /opt/lampp/htdocs/PCM/Application/Runtime/Cache/Admin/189fefcb0bce4d43c3a1982316645cb7.php 第 23 行.
NOTIC: [8] Undefined variable: room /opt/lampp/htdocs/PCM/Application/Runtime/Cache/Admin/189fefcb0bce4d43c3a1982316645cb7.php 第 43 行.
INFO: Run Behavior\ParseTemplateBehavior [ RunTime:0.004106s ]
INFO: [ view_parse ] --END-- [ RunTime:0.004139s ]
INFO: [ view_filter ] --START--
INFO: Run Behavior\WriteHtmlCacheBehavior [ RunTime:0.000073s ]
INFO: [ view_filter ] --END-- [ RunTime:0.000106s ]
INFO: [ app_end ] --START--
INFO: Run Behavior\ShowPageTraceBehavior [ RunTime:0.000247s ]
INFO: [ app_end ] --END-- [ RunTime:0.000280s ]

[ 2016-12-02T10:46:03+08:00 ] 172.18.75.10 /PCM/index.php/JFGL/history.html
INFO: [ app_init ] --START--
INFO: Run Behavior\BuildLiteBehavior [ RunTime:0.000009s ]
INFO: [ app_init ] --END-- [ RunTime:0.000184s ]
INFO: [ app_begin ] --START--
INFO: Run Behavior\ReadHtmlCacheBehavior [ RunTime:0.000228s ]
INFO: [ app_begin ] --END-- [ RunTime:0.000264s ]
INFO: [ view_parse ] --START--
INFO: [ template_filter ] --START--
INFO: Run Behavior\ContentReplaceBehavior [ RunTime:0.000044s ]
INFO: [ template_filter ] --END-- [ RunTime:0.000082s ]
INFO: Run Behavior\ParseTemplateBehavior [ RunTime:0.003180s ]
INFO: [ view_parse ] --END-- [ RunTime:0.003214s ]
INFO: [ view_filter ] --START--
INFO: Run Behavior\WriteHtmlCacheBehavior [ RunTime:0.000074s ]
INFO: [ view_filter ] --END-- [ RunTime:0.000106s ]
INFO: [ app_end ] --START--
INFO: Run Behavior\ShowPageTraceBehavior [ RunTime:0.000249s ]
INFO: [ app_end ] --END-- [ RunTime:0.000282s ]

[ 2016-12-02T10:46:03+08:00 ] 172.18.75.10 /PCM/index.php/JFGL/gethistory.html
INFO: [ app_init ] --START--
INFO: Run Behavior\BuildLiteBehavior [ RunTime:0.000009s ]
INFO: [ app_init ] --END-- [ RunTime:0.000183s ]
INFO: [ app_begin ] --START--
INFO: Run Behavior\ReadHtmlCacheBehavior [ RunTime:0.000223s ]
INFO: [ app_begin ] --END-- [ RunTime:0.000256s ]
SQL: SHOW COLUMNS FROM `t_signrecord` [ RunTime:0.0011s ]
SQL: SELECT COUNT(*) AS tp_count FROM `t_signrecord` LIMIT 1   [ RunTime:0.0007s ]
SQL: SELECT * FROM `t_signrecord` LIMIT 0,20   [ RunTime:0.0004s ]
INFO: [ app_end ] --START--
INFO: Run Behavior\ShowPageTraceBehavior [ RunTime:0.000292s ]
INFO: [ app_end ] --END-- [ RunTime:0.000329s ]

[ 2016-12-02T18:12:33+08:00 ] 192.168.226.60 /PCM/
INFO: [ app_init ] --START--
INFO: Run Behavior\BuildLiteBehavior [ RunTime:0.000008s ]
INFO: [ app_init ] --END-- [ RunTime:0.000185s ]
INFO: [ app_begin ] --START--
INFO: Run Behavior\ReadHtmlCacheBehavior [ RunTime:0.000224s ]
INFO: [ app_begin ] --END-- [ RunTime:0.000260s ]
INFO: [ view_parse ] --START--
INFO: [ template_filter ] --START--
INFO: Run Behavior\ContentReplaceBehavior [ RunTime:0.000041s ]
INFO: [ template_filter ] --END-- [ RunTime:0.000079s ]
INFO: Run Behavior\ParseTemplateBehavior [ RunTime:0.003184s ]
INFO: [ view_parse ] --END-- [ RunTime:0.003218s ]
INFO: [ view_filter ] --START--
INFO: Run Behavior\WriteHtmlCacheBehavior [ RunTime:0.000072s ]
INFO: [ view_filter ] --END-- [ RunTime:0.000104s ]
INFO: [ app_end ] --START--
INFO: Run Behavior\ShowPageTraceBehavior [ RunTime:0.000260s ]
INFO: [ app_end ] --END-- [ RunTime:0.000293s ]

[ 2016-12-02T18:12:41+08:00 ] 192.168.226.60 /PCM/index.php/Index/login.html
INFO: [ app_init ] --START--
INFO: Run Behavior\BuildLiteBehavior [ RunTime:0.000010s ]
INFO: [ app_init ] --END-- [ RunTime:0.000206s ]
INFO: [ app_begin ] --START--
INFO: Run Behavior\ReadHtmlCacheBehavior [ RunTime:0.000250s ]
INFO: [ app_begin ] --END-- [ RunTime:0.000286s ]
SQL: SHOW COLUMNS FROM `t_manager` [ RunTime:0.0008s ]
SQL: SELECT * FROM `t_manager` WHERE `Mana_Num` = '2014309010124' AND `Mana_PSD` = 'e10adc3949ba59abbe56e057f20f883e' LIMIT 1   [ RunTime:0.0004s ]
INFO: [ app_end ] --START--
INFO: Run Behavior\ShowPageTraceBehavior [ RunTime:0.000354s ]
INFO: [ app_end ] --END-- [ RunTime:0.000393s ]

[ 2016-12-02T18:12:41+08:00 ] 192.168.226.60 /PCM/index.php/Admin/index.html
INFO: [ app_init ] --START--
INFO: Run Behavior\BuildLiteBehavior [ RunTime:0.000009s ]
INFO: [ app_init ] --END-- [ RunTime:0.000191s ]
INFO: [ app_begin ] --START--
INFO: Run Behavior\ReadHtmlCacheBehavior [ RunTime:0.000252s ]
INFO: [ app_begin ] --END-- [ RunTime:0.000290s ]
INFO: [ view_parse ] --START--
INFO: [ template_filter ] --START--
INFO: Run Behavior\ContentReplaceBehavior [ RunTime:0.000049s ]
INFO: [ template_filter ] --END-- [ RunTime:0.000088s ]
INFO: Run Behavior\ParseTemplateBehavior [ RunTime:0.005331s ]
INFO: [ view_parse ] --END-- [ RunTime:0.005369s ]
INFO: [ view_filter ] --START--
INFO: Run Behavior\WriteHtmlCacheBehavior [ RunTime:0.000076s ]
INFO: [ view_filter ] --END-- [ RunTime:0.000107s ]
INFO: [ app_end ] --START--
INFO: Run Behavior\ShowPageTraceBehavior [ RunTime:0.000254s ]
INFO: [ app_end ] --END-- [ RunTime:0.000288s ]

[ 2016-12-02T18:12:42+08:00 ] 101.226.99.196 /PCM/
INFO: [ app_init ] --START--
INFO: Run Behavior\BuildLiteBehavior [ RunTime:0.000017s ]
INFO: [ app_init ] --END-- [ RunTime:0.000408s ]
INFO: [ app_begin ] --START--
INFO: Run Behavior\ReadHtmlCacheBehavior [ RunTime:0.000226s ]
INFO: [ app_begin ] --END-- [ RunTime:0.000264s ]
INFO: [ view_parse ] --START--
INFO: [ template_filter ] --START--
INFO: Run Behavior\ContentReplaceBehavior [ RunTime:0.000041s ]
INFO: [ template_filter ] --END-- [ RunTime:0.000082s ]
INFO: Run Behavior\ParseTemplateBehavior [ RunTime:0.003266s ]
INFO: [ view_parse ] --END-- [ RunTime:0.003301s ]
INFO: [ view_filter ] --START--
INFO: Run Behavior\WriteHtmlCacheBehavior [ RunTime:0.000073s ]
INFO: [ view_filter ] --END-- [ RunTime:0.000106s ]
INFO: [ app_end ] --START--
INFO: Run Behavior\ShowPageTraceBehavior [ RunTime:0.000259s ]
INFO: [ app_end ] --END-- [ RunTime:0.000293s ]

[ 2016-12-02T18:22:50+08:00 ] 119.147.146.60 /PCM/
INFO: [ app_init ] --START--
INFO: Run Behavior\BuildLiteBehavior [ RunTime:0.000010s ]
INFO: [ app_init ] --END-- [ RunTime:0.000202s ]
INFO: [ app_begin ] --START--
INFO: Run Behavior\ReadHtmlCacheBehavior [ RunTime:0.000245s ]
INFO: [ app_begin ] --END-- [ RunTime:0.000282s ]
INFO: [ view_parse ] --START--
INFO: [ template_filter ] --START--
INFO: Run Behavior\ContentReplaceBehavior [ RunTime:0.000043s ]
INFO: [ template_filter ] --END-- [ RunTime:0.000084s ]
INFO: Run Behavior\ParseTemplateBehavior [ RunTime:0.004258s ]
INFO: [ view_parse ] --END-- [ RunTime:0.004296s ]
INFO: [ view_filter ] --START--
INFO: Run Behavior\WriteHtmlCacheBehavior [ RunTime:0.000077s ]
INFO: [ view_filter ] --END-- [ RunTime:0.000110s ]
INFO: [ app_end ] --START--
INFO: Run Behavior\ShowPageTraceBehavior [ RunTime:0.000266s ]
INFO: [ app_end ] --END-- [ RunTime:0.000301s ]

[ 2016-12-02T18:22:51+08:00 ] 119.147.146.60 /PCM/
INFO: [ app_init ] --START--
INFO: Run Behavior\BuildLiteBehavior [ RunTime:0.000009s ]
INFO: [ app_init ] --END-- [ RunTime:0.000192s ]
INFO: [ app_begin ] --START--
INFO: Run Behavior\ReadHtmlCacheBehavior [ RunTime:0.000245s ]
INFO: [ app_begin ] --END-- [ RunTime:0.000284s ]
INFO: [ view_parse ] --START--
INFO: [ template_filter ] --START--
INFO: Run Behavior\ContentReplaceBehavior [ RunTime:0.000042s ]
INFO: [ template_filter ] --END-- [ RunTime:0.000082s ]
INFO: Run Behavior\ParseTemplateBehavior [ RunTime:0.003229s ]
INFO: [ view_parse ] --END-- [ RunTime:0.003266s ]
INFO: [ view_filter ] --START--
INFO: Run Behavior\WriteHtmlCacheBehavior [ RunTime:0.000071s ]
INFO: [ view_filter ] --END-- [ RunTime:0.000103s ]
INFO: [ app_end ] --START--
INFO: Run Behavior\ShowPageTraceBehavior [ RunTime:0.000258s ]
INFO: [ app_end ] --END-- [ RunTime:0.000293s ]

[ 2016-12-02T18:24:24+08:00 ] 192.168.226.60 /PCM/index.php/JFGL/detial.html
INFO: [ app_init ] --START--
INFO: Run Behavior\BuildLiteBehavior [ RunTime:0.000016s ]
INFO: [ app_init ] --END-- [ RunTime:0.000374s ]
INFO: [ app_begin ] --START--
INFO: Run Behavior\ReadHtmlCacheBehavior [ RunTime:0.000469s ]
INFO: [ app_begin ] --END-- [ RunTime:0.000563s ]
INFO: [ view_parse ] --START--
INFO: [ template_filter ] --START--
INFO: Run Behavior\ContentReplaceBehavior [ RunTime:0.000089s ]
INFO: [ template_filter ] --END-- [ RunTime:0.000166s ]
NOTIC: [8] Undefined variable: room /opt/lampp/htdocs/PCM/Application/Runtime/Cache/Admin/189fefcb0bce4d43c3a1982316645cb7.php 第 20 行.
NOTIC: [8] Undefined variable: list /opt/lampp/htdocs/PCM/Application/Runtime/Cache/Admin/189fefcb0bce4d43c3a1982316645cb7.php 第 23 行.
NOTIC: [8] Undefined variable: room /opt/lampp/htdocs/PCM/Application/Runtime/Cache/Admin/189fefcb0bce4d43c3a1982316645cb7.php 第 43 行.
INFO: Run Behavior\ParseTemplateBehavior [ RunTime:0.007883s ]
INFO: [ view_parse ] --END-- [ RunTime:0.007933s ]
INFO: [ view_filter ] --START--
INFO: Run Behavior\WriteHtmlCacheBehavior [ RunTime:0.000074s ]
INFO: [ view_filter ] --END-- [ RunTime:0.000106s ]
INFO: [ app_end ] --START--
INFO: Run Behavior\ShowPageTraceBehavior [ RunTime:0.000246s ]
INFO: [ app_end ] --END-- [ RunTime:0.000279s ]

[ 2016-12-02T18:24:34+08:00 ] 101.226.125.103 /PCM/index.php/JFGL/detial.html
INFO: [ app_init ] --START--
INFO: Run Behavior\BuildLiteBehavior [ RunTime:0.000011s ]
INFO: [ app_init ] --END-- [ RunTime:0.000206s ]
INFO: [ app_begin ] --START--
INFO: Run Behavior\ReadHtmlCacheBehavior [ RunTime:0.000254s ]
INFO: [ app_begin ] --END-- [ RunTime:0.000292s ]
INFO: [ view_parse ] --START--
INFO: [ template_filter ] --START--
INFO: Run Behavior\ContentReplaceBehavior [ RunTime:0.000047s ]
INFO: [ template_filter ] --END-- [ RunTime:0.000088s ]
NOTIC: [8] Undefined variable: room /opt/lampp/htdocs/PCM/Application/Runtime/Cache/Admin/189fefcb0bce4d43c3a1982316645cb7.php 第 20 行.
NOTIC: [8] Undefined variable: list /opt/lampp/htdocs/PCM/Application/Runtime/Cache/Admin/189fefcb0bce4d43c3a1982316645cb7.php 第 23 行.
NOTIC: [8] Undefined variable: room /opt/lampp/htdocs/PCM/Application/Runtime/Cache/Admin/189fefcb0bce4d43c3a1982316645cb7.php 第 43 行.
INFO: Run Behavior\ParseTemplateBehavior [ RunTime:0.005202s ]
INFO: [ view_parse ] --END-- [ RunTime:0.005240s ]
INFO: [ view_filter ] --START--
INFO: Run Behavior\WriteHtmlCacheBehavior [ RunTime:0.000078s ]
INFO: [ view_filter ] --END-- [ RunTime:0.000110s ]
INFO: [ app_end ] --START--
INFO: Run Behavior\ShowPageTraceBehavior [ RunTime:0.000265s ]
INFO: [ app_end ] --END-- [ RunTime:0.000299s ]

[ 2016-12-02T18:29:00+08:00 ] 192.168.226.60 /PCM/index.php/JFGL/detial.html?room=C303
INFO: [ app_init ] --START--
INFO: Run Behavior\BuildLiteBehavior [ RunTime:0.000009s ]
INFO: [ app_init ] --END-- [ RunTime:0.000184s ]
INFO: [ app_begin ] --START--
INFO: Run Behavior\ReadHtmlCacheBehavior [ RunTime:0.000234s ]
INFO: [ app_begin ] --END-- [ RunTime:0.000271s ]
SQL: SHOW COLUMNS FROM `t_pcmessage` [ RunTime:0.0010s ]
SQL: SELECT * FROM `t_pcmessage` WHERE ( PCM_RoomName='C303' ) ORDER BY PCM_Num  [ RunTime:0.0017s ]
SQL: SHOW COLUMNS FROM `t_user` [ RunTime:0.0008s ]
SQL: SELECT * FROM `t_user` WHERE ( User_Num='' ) LIMIT 1   [ RunTime:0.0003s ]
SQL: SELECT * FROM `t_user` WHERE ( User_Num='' ) LIMIT 1   [ RunTime:0.0002s ]
SQL: SELECT * FROM `t_user` WHERE ( User_Num='' ) LIMIT 1   [ RunTime:0.0002s ]
SQL: SELECT * FROM `t_user` WHERE ( User_Num='' ) LIMIT 1   [ RunTime:0.0002s ]
SQL: SELECT * FROM `t_user` WHERE ( User_Num='' ) LIMIT 1   [ RunTime:0.0003s ]
SQL: SELECT * FROM `t_user` WHERE ( User_Num='' ) LIMIT 1   [ RunTime:0.0002s ]
SQL: SELECT * FROM `t_user` WHERE ( User_Num='' ) LIMIT 1   [ RunTime:0.0002s ]
SQL: SELECT * FROM `t_user` WHERE ( User_Num='' ) LIMIT 1   [ RunTime:0.0002s ]
SQL: SELECT * FROM `t_user` WHERE ( User_Num='' ) LIMIT 1   [ RunTime:0.0002s ]
SQL: SELECT * FROM `t_user` WHERE ( User_Num='' ) LIMIT 1   [ RunTime:0.0002s ]
SQL: SELECT * FROM `t_user` WHERE ( User_Num='' ) LIMIT 1   [ RunTime:0.0002s ]
SQL: SELECT * FROM `t_user` WHERE ( User_Num='' ) LIMIT 1   [ RunTime:0.0002s ]
SQL: SELECT * FROM `t_user` WHERE ( User_Num='' ) LIMIT 1   [ RunTime:0.0002s ]
SQL: SELECT * FROM `t_user` WHERE ( User_Num='' ) LIMIT 1   [ RunTime:0.0002s ]
SQL: SELECT * FROM `t_user` WHERE ( User_Num='' ) LIMIT 1   [ RunTime:0.0002s ]
SQL: SELECT * FROM `t_user` WHERE ( User_Num='' ) LIMIT 1   [ RunTime:0.0002s ]
SQL: SELECT * FROM `t_user` WHERE ( User_Num='' ) LIMIT 1   [ RunTime:0.0002s ]
SQL: SELECT * FROM `t_user` WHERE ( User_Num='' ) LIMIT 1   [ RunTime:0.0002s ]
SQL: SELECT * FROM `t_user` WHERE ( User_Num='' ) LIMIT 1   [ RunTime:0.0002s ]
SQL: SELECT * FROM `t_user` WHERE ( User_Num='' ) LIMIT 1   [ RunTime:0.0002s ]
SQL: SELECT * FROM `t_user` WHERE ( User_Num='' ) LIMIT 1   [ RunTime:0.0002s ]
SQL: SELECT * FROM `t_user` WHERE ( User_Num='' ) LIMIT 1   [ RunTime:0.0002s ]
SQL: SELECT * FROM `t_user` WHERE ( User_Num='' ) LIMIT 1   [ RunTime:0.0002s ]
SQL: SELECT * FROM `t_user` WHERE ( User_Num='' ) LIMIT 1   [ RunTime:0.0002s ]
SQL: SELECT * FROM `t_user` WHERE ( User_Num='' ) LIMIT 1   [ RunTime:0.0002s ]
SQL: SELECT * FROM `t_user` WHERE ( User_Num='' ) LIMIT 1   [ RunTime:0.0002s ]
SQL: SELECT * FROM `t_user` WHERE ( User_Num='' ) LIMIT 1   [ RunTime:0.0002s ]
SQL: SELECT * FROM `t_user` WHERE ( User_Num='' ) LIMIT 1   [ RunTime:0.0003s ]
SQL: SELECT * FROM `t_user` WHERE ( User_Num='' ) LIMIT 1   [ RunTime:0.0002s ]
SQL: SELECT * FROM `t_user` WHERE ( User_Num='' ) LIMIT 1   [ RunTime:0.0002s ]
SQL: SELECT * FROM `t_user` WHERE ( User_Num='' ) LIMIT 1   [ RunTime:0.0002s ]
SQL: SELECT * FROM `t_user` WHERE ( User_Num='' ) LIMIT 1   [ RunTime:0.0002s ]
SQL: SELECT * FROM `t_user` WHERE ( User_Num='' ) LIMIT 1   [ RunTime:0.0002s ]
SQL: SELECT * FROM `t_user` WHERE ( User_Num='' ) LIMIT 1   [ RunTime:0.0002s ]
SQL: SELECT * FROM `t_user` WHERE ( User_Num='' ) LIMIT 1   [ RunTime:0.0002s ]
SQL: SELECT * FROM `t_user` WHERE ( User_Num='' ) LIMIT 1   [ RunTime:0.0002s ]
SQL: SELECT * FROM `t_user` WHERE ( User_Num='' ) LIMIT 1   [ RunTime:0.0003s ]
SQL: SELECT * FROM `t_user` WHERE ( User_Num='' ) LIMIT 1   [ RunTime:0.0002s ]
SQL: SELECT * FROM `t_user` WHERE ( User_Num='' ) LIMIT 1   [ RunTime:0.0002s ]
SQL: SELECT * FROM `t_user` WHERE ( User_Num='' ) LIMIT 1   [ RunTime:0.0002s ]
SQL: SELECT * FROM `t_user` WHERE ( User_Num='' ) LIMIT 1   [ RunTime:0.0002s ]
SQL: SELECT * FROM `t_user` WHERE ( User_Num='' ) LIMIT 1   [ RunTime:0.0002s ]
SQL: SELECT * FROM `t_user` WHERE ( User_Num='' ) LIMIT 1   [ RunTime:0.0002s ]
SQL: SELECT * FROM `t_user` WHERE ( User_Num='' ) LIMIT 1   [ RunTime:0.0002s ]
SQL: SELECT * FROM `t_user` WHERE ( User_Num='' ) LIMIT 1   [ RunTime:0.0002s ]
SQL: SELECT * FROM `t_user` WHERE ( User_Num='' ) LIMIT 1   [ RunTime:0.0002s ]
SQL: SELECT * FROM `t_user` WHERE ( User_Num='' ) LIMIT 1   [ RunTime:0.0002s ]
SQL: SELECT * FROM `t_user` WHERE ( User_Num='' ) LIMIT 1   [ RunTime:0.0002s ]
SQL: SELECT * FROM `t_user` WHERE ( User_Num='' ) LIMIT 1   [ RunTime:0.0002s ]
SQL: SELECT * FROM `t_user` WHERE ( User_Num='' ) LIMIT 1   [ RunTime:0.0002s ]
SQL: SELECT * FROM `t_user` WHERE ( User_Num='' ) LIMIT 1   [ RunTime:0.0002s ]
SQL: SELECT * FROM `t_user` WHERE ( User_Num='' ) LIMIT 1   [ RunTime:0.0002s ]
SQL: SELECT * FROM `t_user` WHERE ( User_Num='' ) LIMIT 1   [ RunTime:0.0002s ]
SQL: SELECT * FROM `t_user` WHERE ( User_Num='' ) LIMIT 1   [ RunTime:0.0002s ]
SQL: SELECT * FROM `t_user` WHERE ( User_Num='' ) LIMIT 1   [ RunTime:0.0002s ]
SQL: SELECT * FROM `t_user` WHERE ( User_Num='' ) LIMIT 1   [ RunTime:0.0002s ]
SQL: SELECT * FROM `t_user` WHERE ( User_Num='' ) LIMIT 1   [ RunTime:0.0002s ]
SQL: SELECT * FROM `t_user` WHERE ( User_Num='' ) LIMIT 1   [ RunTime:0.0002s ]
SQL: SELECT * FROM `t_user` WHERE ( User_Num='' ) LIMIT 1   [ RunTime:0.0002s ]
SQL: SELECT * FROM `t_user` WHERE ( User_Num='' ) LIMIT 1   [ RunTime:0.0002s ]
SQL: SELECT * FROM `t_user` WHERE ( User_Num='' ) LIMIT 1   [ RunTime:0.0002s ]
SQL: SELECT * FROM `t_user` WHERE ( User_Num='' ) LIMIT 1   [ RunTime:0.0002s ]
SQL: SELECT * FROM `t_user` WHERE ( User_Num='' ) LIMIT 1   [ RunTime:0.0002s ]
SQL: SELECT * FROM `t_user` WHERE ( User_Num='' ) LIMIT 1   [ RunTime:0.0002s ]
SQL: SELECT * FROM `t_user` WHERE ( User_Num='' ) LIMIT 1   [ RunTime:0.0002s ]
SQL: SELECT * FROM `t_user` WHERE ( User_Num='' ) LIMIT 1   [ RunTime:0.0002s ]
SQL: SELECT * FROM `t_user` WHERE ( User_Num='' ) LIMIT 1   [ RunTime:0.0002s ]
SQL: SELECT * FROM `t_user` WHERE ( User_Num='' ) LIMIT 1   [ RunTime:0.0002s ]
SQL: SELECT * FROM `t_user` WHERE ( User_Num='' ) LIMIT 1   [ RunTime:0.0003s ]
SQL: SELECT * FROM `t_user` WHERE ( User_Num='' ) LIMIT 1   [ RunTime:0.0002s ]
SQL: SELECT * FROM `t_user` WHERE ( User_Num='' ) LIMIT 1   [ RunTime:0.0002s ]
SQL: SELECT * FROM `t_user` WHERE ( User_Num='' ) LIMIT 1   [ RunTime:0.0002s ]
SQL: SELECT * FROM `t_user` WHERE ( User_Num='' ) LIMIT 1   [ RunTime:0.0002s ]
SQL: SELECT * FROM `t_user` WHERE ( User_Num='' ) LIMIT 1   [ RunTime:0.0002s ]
SQL: SELECT * FROM `t_user` WHERE ( User_Num='' ) LIMIT 1   [ RunTime:0.0002s ]
SQL: SELECT * FROM `t_user` WHERE ( User_Num='' ) LIMIT 1   [ RunTime:0.0002s ]
SQL: SELECT * FROM `t_user` WHERE ( User_Num='' ) LIMIT 1   [ RunTime:0.0002s ]
SQL: SELECT * FROM `t_user` WHERE ( User_Num='' ) LIMIT 1   [ RunTime:0.0002s ]
SQL: SELECT * FROM `t_user` WHERE ( User_Num='' ) LIMIT 1   [ RunTime:0.0002s ]
SQL: SELECT * FROM `t_user` WHERE ( User_Num='' ) LIMIT 1   [ RunTime:0.0002s ]
SQL: SELECT * FROM `t_user` WHERE ( User_Num='' ) LIMIT 1   [ RunTime:0.0002s ]
INFO: [ view_parse ] --START--
INFO: [ template_filter ] --START--
INFO: Run Behavior\ContentReplaceBehavior [ RunTime:0.000066s ]
INFO: [ template_filter ] --END-- [ RunTime:0.000123s ]
INFO: Run Behavior\ParseTemplateBehavior [ RunTime:0.006392s ]
INFO: [ view_parse ] --END-- [ RunTime:0.006447s ]
INFO: [ view_filter ] --START--
INFO: Run Behavior\WriteHtmlCacheBehavior [ RunTime:0.000108s ]
INFO: [ view_filter ] --END-- [ RunTime:0.000154s ]
INFO: [ app_end ] --START--
INFO: Run Behavior\ShowPageTraceBehavior [ RunTime:0.000366s ]
INFO: [ app_end ] --END-- [ RunTime:0.000414s ]

[ 2016-12-02T18:29:10+08:00 ] 192.168.226.60 /PCM/index.php/JFGL/detial.html?room=C410
INFO: [ app_init ] --START--
INFO: Run Behavior\BuildLiteBehavior [ RunTime:0.000010s ]
INFO: [ app_init ] --END-- [ RunTime:0.000186s ]
INFO: [ app_begin ] --START--
INFO: Run Behavior\ReadHtmlCacheBehavior [ RunTime:0.000232s ]
INFO: [ app_begin ] --END-- [ RunTime:0.000271s ]
SQL: SHOW COLUMNS FROM `t_pcmessage` [ RunTime:0.0011s ]
SQL: SELECT * FROM `t_pcmessage` WHERE ( PCM_RoomName='C410' ) ORDER BY PCM_Num  [ RunTime:0.0007s ]
SQL: SHOW COLUMNS FROM `t_user` [ RunTime:0.0007s ]
SQL: SELECT * FROM `t_user` WHERE ( User_Num='2014309010124' ) LIMIT 1   [ RunTime:0.0003s ]
INFO: [ view_parse ] --START--
INFO: [ template_filter ] --START--
INFO: Run Behavior\ContentReplaceBehavior [ RunTime:0.000059s ]
INFO: [ template_filter ] --END-- [ RunTime:0.000112s ]
INFO: Run Behavior\ParseTemplateBehavior [ RunTime:0.006095s ]
INFO: [ view_parse ] --END-- [ RunTime:0.006140s ]
INFO: [ view_filter ] --START--
INFO: Run Behavior\WriteHtmlCacheBehavior [ RunTime:0.000098s ]
INFO: [ view_filter ] --END-- [ RunTime:0.000139s ]
INFO: [ app_end ] --START--
INFO: Run Behavior\ShowPageTraceBehavior [ RunTime:0.000311s ]
INFO: [ app_end ] --END-- [ RunTime:0.000353s ]

[ 2016-12-02T18:29:10+08:00 ] 192.168.226.60 /PCM/Public/Upload/screen_20161202_1646
INFO: [ app_init ] --START--
INFO: Run Behavior\BuildLiteBehavior [ RunTime:0.000010s ]
INFO: [ app_init ] --END-- [ RunTime:0.000222s ]
INFO: [ app_begin ] --START--
INFO: Run Behavior\ReadHtmlCacheBehavior [ RunTime:0.000275s ]
INFO: [ app_begin ] --END-- [ RunTime:0.000319s ]
ERR: 无法加载控制器:Public

[ 2016-12-02T18:29:20+08:00 ] 101.226.33.223 /PCM/Public/Upload/screen_20161202_1646
INFO: [ app_init ] --START--
INFO: Run Behavior\BuildLiteBehavior [ RunTime:0.000009s ]
INFO: [ app_init ] --END-- [ RunTime:0.000186s ]
INFO: [ app_begin ] --START--
INFO: Run Behavior\ReadHtmlCacheBehavior [ RunTime:0.000234s ]
INFO: [ app_begin ] --END-- [ RunTime:0.000271s ]
ERR: 无法加载控制器:Public

[ 2016-12-02T18:29:21+08:00 ] 180.153.214.190 /PCM/index.php/JFGL/detial.html?room=C410
INFO: [ app_init ] --START--
INFO: Run Behavior\BuildLiteBehavior [ RunTime:0.000009s ]
INFO: [ app_init ] --END-- [ RunTime:0.000195s ]
INFO: [ app_begin ] --START--
INFO: Run Behavior\ReadHtmlCacheBehavior [ RunTime:0.000249s ]
INFO: [ app_begin ] --END-- [ RunTime:0.000287s ]
SQL: SHOW COLUMNS FROM `t_pcmessage` [ RunTime:0.0011s ]
SQL: SELECT * FROM `t_pcmessage` WHERE ( PCM_RoomName='C410' ) ORDER BY PCM_Num  [ RunTime:0.0007s ]
SQL: SHOW COLUMNS FROM `t_user` [ RunTime:0.0007s ]
SQL: SELECT * FROM `t_user` WHERE ( User_Num='2014309010124' ) LIMIT 1   [ RunTime:0.0003s ]
INFO: [ view_parse ] --START--
INFO: [ template_filter ] --START--
INFO: Run Behavior\ContentReplaceBehavior [ RunTime:0.000059s ]
INFO: [ template_filter ] --END-- [ RunTime:0.000110s ]
INFO: Run Behavior\ParseTemplateBehavior [ RunTime:0.005027s ]
INFO: [ view_parse ] --END-- [ RunTime:0.005072s ]
INFO: [ view_filter ] --START--
INFO: Run Behavior\WriteHtmlCacheBehavior [ RunTime:0.000094s ]
INFO: [ view_filter ] --END-- [ RunTime:0.000134s ]
INFO: [ app_end ] --START--
INFO: Run Behavior\ShowPageTraceBehavior [ RunTime:0.000311s ]
INFO: [ app_end ] --END-- [ RunTime:0.000353s ]

[ 2016-12-02T18:34:46+08:00 ] 192.168.226.60 /PCM/index.php/JFGL/history.html
INFO: [ app_init ] --START--
INFO: Run Behavior\BuildLiteBehavior [ RunTime:0.000017s ]
INFO: [ app_init ] --END-- [ RunTime:0.000404s ]
INFO: [ app_begin ] --START--
INFO: Run Behavior\ReadHtmlCacheBehavior [ RunTime:0.000228s ]
INFO: [ app_begin ] --END-- [ RunTime:0.000265s ]
INFO: [ view_parse ] --START--
INFO: [ template_filter ] --START--
INFO: Run Behavior\ContentReplaceBehavior [ RunTime:0.000043s ]
INFO: [ template_filter ] --END-- [ RunTime:0.000080s ]
INFO: Run Behavior\ParseTemplateBehavior [ RunTime:0.003177s ]
INFO: [ view_parse ] --END-- [ RunTime:0.003211s ]
INFO: [ view_filter ] --START--
INFO: Run Behavior\WriteHtmlCacheBehavior [ RunTime:0.000074s ]
INFO: [ view_filter ] --END-- [ RunTime:0.000106s ]
INFO: [ app_end ] --START--
INFO: Run Behavior\ShowPageTraceBehavior [ RunTime:0.000248s ]
INFO: [ app_end ] --END-- [ RunTime:0.000281s ]

[ 2016-12-02T18:34:46+08:00 ] 192.168.226.60 /PCM/index.php/JFGL/gethistory.html
INFO: [ app_init ] --START--
INFO: Run Behavior\BuildLiteBehavior [ RunTime:0.000009s ]
INFO: [ app_init ] --END-- [ RunTime:0.000187s ]
INFO: [ app_begin ] --START--
INFO: Run Behavior\ReadHtmlCacheBehavior [ RunTime:0.000228s ]
INFO: [ app_begin ] --END-- [ RunTime:0.000262s ]
SQL: SHOW COLUMNS FROM `t_signrecord` [ RunTime:0.0010s ]
SQL: SELECT COUNT(*) AS tp_count FROM `t_signrecord` LIMIT 1   [ RunTime:0.0007s ]
SQL: SELECT * FROM `t_signrecord` LIMIT 0,20   [ RunTime:0.0004s ]
INFO: [ app_end ] --START--
INFO: Run Behavior\ShowPageTraceBehavior [ RunTime:0.000296s ]
INFO: [ app_end ] --END-- [ RunTime:0.000332s ]

[ 2016-12-02T18:34:56+08:00 ] 61.151.226.191 /PCM/index.php/JFGL/history.html
INFO: [ app_init ] --START--
INFO: Run Behavior\BuildLiteBehavior [ RunTime:0.000017s ]
INFO: [ app_init ] --END-- [ RunTime:0.000370s ]
INFO: [ app_begin ] --START--
INFO: Run Behavior\ReadHtmlCacheBehavior [ RunTime:0.000463s ]
INFO: [ app_begin ] --END-- [ RunTime:0.000538s ]
INFO: [ view_parse ] --START--
INFO: [ template_filter ] --START--
INFO: Run Behavior\ContentReplaceBehavior [ RunTime:0.000044s ]
INFO: [ template_filter ] --END-- [ RunTime:0.000082s ]
INFO: Run Behavior\ParseTemplateBehavior [ RunTime:0.003508s ]
INFO: [ view_parse ] --END-- [ RunTime:0.003559s ]
INFO: [ view_filter ] --START--
INFO: Run Behavior\WriteHtmlCacheBehavior [ RunTime:0.000073s ]
INFO: [ view_filter ] --END-- [ RunTime:0.000104s ]
INFO: [ app_end ] --START--
INFO: Run Behavior\ShowPageTraceBehavior [ RunTime:0.000248s ]
INFO: [ app_end ] --END-- [ RunTime:0.000281s ]

[ 2016-12-02T18:35:55+08:00 ] 192.168.226.60 /PCM/index.php/JFGL/gethistory.html
INFO: [ app_init ] --START--
INFO: Run Behavior\BuildLiteBehavior [ RunTime:0.000009s ]
INFO: [ app_init ] --END-- [ RunTime:0.000185s ]
INFO: [ app_begin ] --START--
INFO: Run Behavior\ReadHtmlCacheBehavior [ RunTime:0.000229s ]
INFO: [ app_begin ] --END-- [ RunTime:0.000264s ]
SQL: SHOW COLUMNS FROM `t_signrecord` [ RunTime:0.0011s ]
SQL: SELECT COUNT(*) AS tp_count FROM `t_signrecord` LIMIT 1   [ RunTime:0.0007s ]
SQL: SELECT * FROM `t_signrecord` LIMIT 320,20   [ RunTime:0.0012s ]
NOTIC: [8] Undefined index: 3 /opt/lampp/htdocs/PCM/Application/Admin/Controller/JFGLController.class.php 第 53 行.
NOTIC: [8] Undefined index: 4 /opt/lampp/htdocs/PCM/Application/Admin/Controller/JFGLController.class.php 第 53 行.
NOTIC: [8] Undefined index: 5 /opt/lampp/htdocs/PCM/Application/Admin/Controller/JFGLController.class.php 第 53 行.
NOTIC: [8] Undefined index: 6 /opt/lampp/htdocs/PCM/Application/Admin/Controller/JFGLController.class.php 第 53 行.
NOTIC: [8] Undefined index: 7 /opt/lampp/htdocs/PCM/Application/Admin/Controller/JFGLController.class.php 第 53 行.
NOTIC: [8] Undefined index: 8 /opt/lampp/htdocs/PCM/Application/Admin/Controller/JFGLController.class.php 第 53 行.
NOTIC: [8] Undefined index: 9 /opt/lampp/htdocs/PCM/Application/Admin/Controller/JFGLController.class.php 第 53 行.
NOTIC: [8] Undefined index: 10 /opt/lampp/htdocs/PCM/Application/Admin/Controller/JFGLController.class.php 第 53 行.
NOTIC: [8] Undefined index: 11 /opt/lampp/htdocs/PCM/Application/Admin/Controller/JFGLController.class.php 第 53 行.
NOTIC: [8] Undefined index: 12 /opt/lampp/htdocs/PCM/Application/Admin/Controller/JFGLController.class.php 第 53 行.
NOTIC: [8] Undefined index: 13 /opt/lampp/htdocs/PCM/Application/Admin/Controller/JFGLController.class.php 第 53 行.
NOTIC: [8] Undefined index: 14 /opt/lampp/htdocs/PCM/Application/Admin/Controller/JFGLController.class.php 第 53 行.
NOTIC: [8] Undefined index: 15 /opt/lampp/htdocs/PCM/Application/Admin/Controller/JFGLController.class.php 第 53 行.
NOTIC: [8] Undefined index: 16 /opt/lampp/htdocs/PCM/Application/Admin/Controller/JFGLController.class.php 第 53 行.
NOTIC: [8] Undefined index: 17 /opt/lampp/htdocs/PCM/Application/Admin/Controller/JFGLController.class.php 第 53 行.
NOTIC: [8] Undefined index: 18 /opt/lampp/htdocs/PCM/Application/Admin/Controller/JFGLController.class.php 第 53 行.
NOTIC: [8] Undefined index: 19 /opt/lampp/htdocs/PCM/Application/Admin/Controller/JFGLController.class.php 第 53 行.
INFO: [ app_end ] --START--
INFO: Run Behavior\ShowPageTraceBehavior [ RunTime:0.000299s ]
INFO: [ app_end ] --END-- [ RunTime:0.000333s ]

[ 2016-12-02T18:36:00+08:00 ] 192.168.226.60 /PCM/index.php/JFGL/gethistory.html
INFO: [ app_init ] --START--
INFO: Run Behavior\BuildLiteBehavior [ RunTime:0.000018s ]
INFO: [ app_init ] --END-- [ RunTime:0.000371s ]
INFO: [ app_begin ] --START--
INFO: Run Behavior\ReadHtmlCacheBehavior [ RunTime:0.000454s ]
INFO: [ app_begin ] --END-- [ RunTime:0.000525s ]
SQL: SHOW COLUMNS FROM `t_signrecord` [ RunTime:0.0011s ]
SQL: SELECT COUNT(*) AS tp_count FROM `t_signrecord` LIMIT 1   [ RunTime:0.0007s ]
SQL: SELECT * FROM `t_signrecord` LIMIT 0,20   [ RunTime:0.0004s ]
INFO: [ app_end ] --START--
INFO: Run Behavior\ShowPageTraceBehavior [ RunTime:0.000303s ]
INFO: [ app_end ] --END-- [ RunTime:0.000340s ]

[ 2016-12-02T18:56:02+08:00 ] 192.168.226.60 /PCM/
INFO: [ app_init ] --START--
INFO: Run Behavior\BuildLiteBehavior [ RunTime:0.000012s ]
INFO: [ app_init ] --END-- [ RunTime:0.000260s ]
INFO: [ app_begin ] --START--
INFO: Run Behavior\ReadHtmlCacheBehavior [ RunTime:0.000321s ]
INFO: [ app_begin ] --END-- [ RunTime:0.000372s ]
INFO: [ view_parse ] --START--
INFO: [ template_filter ] --START--
INFO: Run Behavior\ContentReplaceBehavior [ RunTime:0.000056s ]
INFO: [ template_filter ] --END-- [ RunTime:0.000110s ]
INFO: Run Behavior\ParseTemplateBehavior [ RunTime:0.005751s ]
INFO: [ view_parse ] --END-- [ RunTime:0.005792s ]
INFO: [ view_filter ] --START--
INFO: Run Behavior\WriteHtmlCacheBehavior [ RunTime:0.000075s ]
INFO: [ view_filter ] --END-- [ RunTime:0.000106s ]
INFO: [ app_end ] --START--
INFO: Run Behavior\ShowPageTraceBehavior [ RunTime:0.000251s ]
INFO: [ app_end ] --END-- [ RunTime:0.000283s ]

[ 2016-12-02T18:56:11+08:00 ] 192.168.226.60 /PCM/index.php/Index/login.html
INFO: [ app_init ] --START--
INFO: Run Behavior\BuildLiteBehavior [ RunTime:0.000015s ]
INFO: [ app_init ] --END-- [ RunTime:0.000313s ]
INFO: [ app_begin ] --START--
INFO: Run Behavior\ReadHtmlCacheBehavior [ RunTime:0.000383s ]
INFO: [ app_begin ] --END-- [ RunTime:0.000443s ]
SQL: SHOW COLUMNS FROM `t_manager` [ RunTime:0.0008s ]
SQL: SELECT * FROM `t_manager` WHERE `Mana_Num` = '2014309010124' AND `Mana_PSD` = 'e10adc3949ba59abbe56e057f20f883e' LIMIT 1   [ RunTime:0.0004s ]
INFO: [ app_end ] --START--
INFO: Run Behavior\ShowPageTraceBehavior [ RunTime:0.000298s ]
INFO: [ app_end ] --END-- [ RunTime:0.000335s ]

[ 2016-12-02T18:56:11+08:00 ] 192.168.226.60 /PCM/index.php/Admin/index.html
INFO: [ app_init ] --START--
INFO: Run Behavior\BuildLiteBehavior [ RunTime:0.000009s ]
INFO: [ app_init ] --END-- [ RunTime:0.000184s ]
INFO: [ app_begin ] --START--
INFO: Run Behavior\ReadHtmlCacheBehavior [ RunTime:0.000232s ]
INFO: [ app_begin ] --END-- [ RunTime:0.000269s ]
INFO: [ view_parse ] --START--
INFO: [ template_filter ] --START--
INFO: Run Behavior\ContentReplaceBehavior [ RunTime:0.000047s ]
INFO: [ template_filter ] --END-- [ RunTime:0.000085s ]
INFO: Run Behavior\ParseTemplateBehavior [ RunTime:0.004336s ]
INFO: [ view_parse ] --END-- [ RunTime:0.004372s ]
INFO: [ view_filter ] --START--
INFO: Run Behavior\WriteHtmlCacheBehavior [ RunTime:0.000074s ]
INFO: [ view_filter ] --END-- [ RunTime:0.000106s ]
INFO: [ app_end ] --START--
INFO: Run Behavior\ShowPageTraceBehavior [ RunTime:0.000245s ]
INFO: [ app_end ] --END-- [ RunTime:0.000279s ]

[ 2016-12-02T18:58:42+08:00 ] 192.168.226.60 /PCM/index.php/XSGL/history.html
INFO: [ app_init ] --START--
INFO: Run Behavior\BuildLiteBehavior [ RunTime:0.000017s ]
INFO: [ app_init ] --END-- [ RunTime:0.000367s ]
INFO: [ app_begin ] --START--
INFO: Run Behavior\ReadHtmlCacheBehavior [ RunTime:0.000466s ]
INFO: [ app_begin ] --END-- [ RunTime:0.000540s ]
INFO: [ view_parse ] --START--
INFO: [ template_filter ] --START--
INFO: Run Behavior\ContentReplaceBehavior [ RunTime:0.000034s ]
INFO: [ template_filter ] --END-- [ RunTime:0.000073s ]
INFO: Run Behavior\ParseTemplateBehavior [ RunTime:0.003208s ]
INFO: [ view_parse ] --END-- [ RunTime:0.003258s ]
INFO: [ view_filter ] --START--
INFO: Run Behavior\WriteHtmlCacheBehavior [ RunTime:0.000070s ]
INFO: [ view_filter ] --END-- [ RunTime:0.000102s ]
INFO: [ app_end ] --START--
INFO: Run Behavior\ShowPageTraceBehavior [ RunTime:0.000242s ]
INFO: [ app_end ] --END-- [ RunTime:0.000274s ]

[ 2016-12-02T19:08:46+08:00 ] 192.168.226.60 /PCM/index.php/JFGL/gethistory.html
INFO: [ app_init ] --START--
INFO: Run Behavior\BuildLiteBehavior [ RunTime:0.000018s ]
INFO: [ app_init ] --END-- [ RunTime:0.000396s ]
INFO: [ app_begin ] --START--
INFO: Run Behavior\ReadHtmlCacheBehavior [ RunTime:0.000485s ]
INFO: [ app_begin ] --END-- [ RunTime:0.000558s ]
SQL: SHOW COLUMNS FROM `t_signrecord` [ RunTime:0.0011s ]
SQL: SELECT COUNT(*) AS tp_count FROM `t_signrecord` LIMIT 1   [ RunTime:0.0008s ]
SQL: SELECT * FROM `t_signrecord` LIMIT 320,20   [ RunTime:0.0011s ]
NOTIC: [8] Undefined index: Record_RecordMHTsrc /opt/lampp/htdocs/PCM/Application/Admin/Controller/JFGLController.class.php 第 53 行.
NOTIC: [8] Undefined index: Record_RecordMHTsrc /opt/lampp/htdocs/PCM/Application/Admin/Controller/JFGLController.class.php 第 53 行.
NOTIC: [8] Undefined index: Record_RecordMHTsrc /opt/lampp/htdocs/PCM/Application/Admin/Controller/JFGLController.class.php 第 53 行.
NOTIC: [8] Undefined index: 3 /opt/lampp/htdocs/PCM/Application/Admin/Controller/JFGLController.class.php 第 53 行.
NOTIC: [8] Undefined index: 4 /opt/lampp/htdocs/PCM/Application/Admin/Controller/JFGLController.class.php 第 53 行.
NOTIC: [8] Undefined index: 5 /opt/lampp/htdocs/PCM/Application/Admin/Controller/JFGLController.class.php 第 53 行.
NOTIC: [8] Undefined index: 6 /opt/lampp/htdocs/PCM/Application/Admin/Controller/JFGLController.class.php 第 53 行.
NOTIC: [8] Undefined index: 7 /opt/lampp/htdocs/PCM/Application/Admin/Controller/JFGLController.class.php 第 53 行.
NOTIC: [8] Undefined index: 8 /opt/lampp/htdocs/PCM/Application/Admin/Controller/JFGLController.class.php 第 53 行.
NOTIC: [8] Undefined index: 9 /opt/lampp/htdocs/PCM/Application/Admin/Controller/JFGLController.class.php 第 53 行.
NOTIC: [8] Undefined index: 10 /opt/lampp/htdocs/PCM/Application/Admin/Controller/JFGLController.class.php 第 53 行.
NOTIC: [8] Undefined index: 11 /opt/lampp/htdocs/PCM/Application/Admin/Controller/JFGLController.class.php 第 53 行.
NOTIC: [8] Undefined index: 12 /opt/lampp/htdocs/PCM/Application/Admin/Controller/JFGLController.class.php 第 53 行.
NOTIC: [8] Undefined index: 13 /opt/lampp/htdocs/PCM/Application/Admin/Controller/JFGLController.class.php 第 53 行.
NOTIC: [8] Undefined index: 14 /opt/lampp/htdocs/PCM/Application/Admin/Controller/JFGLController.class.php 第 53 行.
NOTIC: [8] Undefined index: 15 /opt/lampp/htdocs/PCM/Application/Admin/Controller/JFGLController.class.php 第 53 行.
NOTIC: [8] Undefined index: 16 /opt/lampp/htdocs/PCM/Application/Admin/Controller/JFGLController.class.php 第 53 行.
NOTIC: [8] Undefined index: 17 /opt/lampp/htdocs/PCM/Application/Admin/Controller/JFGLController.class.php 第 53 行.
NOTIC: [8] Undefined index: 18 /opt/lampp/htdocs/PCM/Application/Admin/Controller/JFGLController.class.php 第 53 行.
NOTIC: [8] Undefined index: 19 /opt/lampp/htdocs/PCM/Application/Admin/Controller/JFGLController.class.php 第 53 行.
INFO: [ app_end ] --START--
INFO: Run Behavior\ShowPageTraceBehavior [ RunTime:0.000600s ]
INFO: [ app_end ] --END-- [ RunTime:0.000669s ]

[ 2016-12-02T19:08:47+08:00 ] 192.168.226.60 /PCM/index.php/JFGL/gethistory.html
INFO: [ app_init ] --START--
INFO: Run Behavior\BuildLiteBehavior [ RunTime:0.000010s ]
INFO: [ app_init ] --END-- [ RunTime:0.000196s ]
INFO: [ app_begin ] --START--
INFO: Run Behavior\ReadHtmlCacheBehavior [ RunTime:0.000239s ]
INFO: [ app_begin ] --END-- [ RunTime:0.000274s ]
SQL: SHOW COLUMNS FROM `t_signrecord` [ RunTime:0.0011s ]
SQL: SELECT COUNT(*) AS tp_count FROM `t_signrecord` LIMIT 1   [ RunTime:0.0007s ]
SQL: SELECT * FROM `t_signrecord` LIMIT 0,20   [ RunTime:0.0005s ]
NOTIC: [8] Undefined index: Record_RecordMHTsrc /opt/lampp/htdocs/PCM/Application/Admin/Controller/JFGLController.class.php 第 53 行.
NOTIC: [8] Undefined index: Record_RecordMHTsrc /opt/lampp/htdocs/PCM/Application/Admin/Controller/JFGLController.class.php 第 53 行.
NOTIC: [8] Undefined index: Record_RecordMHTsrc /opt/lampp/htdocs/PCM/Application/Admin/Controller/JFGLController.class.php 第 53 行.
NOTIC: [8] Undefined index: Record_RecordMHTsrc /opt/lampp/htdocs/PCM/Application/Admin/Controller/JFGLController.class.php 第 53 行.
NOTIC: [8] Undefined index: Record_RecordMHTsrc /opt/lampp/htdocs/PCM/Application/Admin/Controller/JFGLController.class.php 第 53 行.
NOTIC: [8] Undefined index: Record_RecordMHTsrc /opt/lampp/htdocs/PCM/Application/Admin/Controller/JFGLController.class.php 第 53 行.
NOTIC: [8] Undefined index: Record_RecordMHTsrc /opt/lampp/htdocs/PCM/Application/Admin/Controller/JFGLController.class.php 第 53 行.
NOTIC: [8] Undefined index: Record_RecordMHTsrc /opt/lampp/htdocs/PCM/Application/Admin/Controller/JFGLController.class.php 第 53 行.
NOTIC: [8] Undefined index: Record_RecordMHTsrc /opt/lampp/htdocs/PCM/Application/Admin/Controller/JFGLController.class.php 第 53 行.
NOTIC: [8] Undefined index: Record_RecordMHTsrc /opt/lampp/htdocs/PCM/Application/Admin/Controller/JFGLController.class.php 第 53 行.
NOTIC: [8] Undefined index: Record_RecordMHTsrc /opt/lampp/htdocs/PCM/Application/Admin/Controller/JFGLController.class.php 第 53 行.
NOTIC: [8] Undefined index: Record_RecordMHTsrc /opt/lampp/htdocs/PCM/Application/Admin/Controller/JFGLController.class.php 第 53 行.
NOTIC: [8] Undefined index: Record_RecordMHTsrc /opt/lampp/htdocs/PCM/Application/Admin/Controller/JFGLController.class.php 第 53 行.
NOTIC: [8] Undefined index: Record_RecordMHTsrc /opt/lampp/htdocs/PCM/Application/Admin/Controller/JFGLController.class.php 第 53 行.
NOTIC: [8] Undefined index: Record_RecordMHTsrc /opt/lampp/htdocs/PCM/Application/Admin/Controller/JFGLController.class.php 第 53 行.
NOTIC: [8] Undefined index: Record_RecordMHTsrc /opt/lampp/htdocs/PCM/Application/Admin/Controller/JFGLController.class.php 第 53 行.
NOTIC: [8] Undefined index: Record_RecordMHTsrc /opt/lampp/htdocs/PCM/Application/Admin/Controller/JFGLController.class.php 第 53 行.
NOTIC: [8] Undefined index: Record_RecordMHTsrc /opt/lampp/htdocs/PCM/Application/Admin/Controller/JFGLController.class.php 第 53 行.
NOTIC: [8] Undefined index: Record_RecordMHTsrc /opt/lampp/htdocs/PCM/Application/Admin/Controller/JFGLController.class.php 第 53 行.
NOTIC: [8] Undefined index: Record_RecordMHTsrc /opt/lampp/htdocs/PCM/Application/Admin/Controller/JFGLController.class.php 第 53 行.
INFO: [ app_end ] --START--
INFO: Run Behavior\ShowPageTraceBehavior [ RunTime:0.000304s ]
INFO: [ app_end ] --END-- [ RunTime:0.000340s ]

[ 2016-12-02T19:43:10+08:00 ] 192.168.226.60 /PCM/index.php/XXGL/notice.html
INFO: [ app_init ] --START--
INFO: Run Behavior\BuildLiteBehavior [ RunTime:0.000017s ]
INFO: [ app_init ] --END-- [ RunTime:0.000369s ]
INFO: [ app_begin ] --START--
INFO: Run Behavior\ReadHtmlCacheBehavior [ RunTime:0.000477s ]
INFO: [ app_begin ] --END-- [ RunTime:0.000551s ]
INFO: [ view_parse ] --START--
INFO: [ template_filter ] --START--
INFO: Run Behavior\ContentReplaceBehavior [ RunTime:0.000066s ]
INFO: [ template_filter ] --END-- [ RunTime:0.000145s ]
INFO: Run Behavior\ParseTemplateBehavior [ RunTime:0.005574s ]
INFO: [ view_parse ] --END-- [ RunTime:0.005649s ]
INFO: [ view_filter ] --START--
INFO: Run Behavior\WriteHtmlCacheBehavior [ RunTime:0.000143s ]
INFO: [ view_filter ] --END-- [ RunTime:0.000209s ]
INFO: [ app_end ] --START--
INFO: Run Behavior\ShowPageTraceBehavior [ RunTime:0.000500s ]
INFO: [ app_end ] --END-- [ RunTime:0.000568s ]

[ 2016-12-02T19:43:20+08:00 ] 61.151.226.199 /PCM/index.php/XXGL/notice.html
INFO: [ app_init ] --START--
INFO: Run Behavior\BuildLiteBehavior [ RunTime:0.000010s ]
INFO: [ app_init ] --END-- [ RunTime:0.000186s ]
INFO: [ app_begin ] --START--
INFO: Run Behavior\ReadHtmlCacheBehavior [ RunTime:0.000230s ]
INFO: [ app_begin ] --END-- [ RunTime:0.000266s ]
INFO: [ view_parse ] --START--
INFO: [ template_filter ] --START--
INFO: Run Behavior\ContentReplaceBehavior [ RunTime:0.000034s ]
INFO: [ template_filter ] --END-- [ RunTime:0.000073s ]
INFO: Run Behavior\ParseTemplateBehavior [ RunTime:0.003639s ]
INFO: [ view_parse ] --END-- [ RunTime:0.003675s ]
INFO: [ view_filter ] --START--
INFO: Run Behavior\WriteHtmlCacheBehavior [ RunTime:0.000073s ]
INFO: [ view_filter ] --END-- [ RunTime:0.000105s ]
INFO: [ app_end ] --START--
INFO: Run Behavior\ShowPageTraceBehavior [ RunTime:0.000252s ]
INFO: [ app_end ] --END-- [ RunTime:0.000285s ]

[ 2016-12-02T19:50:30+08:00 ] 192.168.226.60 /PCM/index.php/GJQX/manager.html
INFO: [ app_init ] --START--
INFO: Run Behavior\BuildLiteBehavior [ RunTime:0.000017s ]
INFO: [ app_init ] --END-- [ RunTime:0.000404s ]
INFO: [ app_begin ] --START--
INFO: Run Behavior\ReadHtmlCacheBehavior [ RunTime:0.000463s ]
INFO: [ app_begin ] --END-- [ RunTime:0.000538s ]
INFO: [ view_parse ] --START--
INFO: [ template_filter ] --START--
INFO: Run Behavior\ContentReplaceBehavior [ RunTime:0.000047s ]
INFO: [ template_filter ] --END-- [ RunTime:0.000086s ]
INFO: Run Behavior\ParseTemplateBehavior [ RunTime:0.007382s ]
INFO: [ view_parse ] --END-- [ RunTime:0.007434s ]
INFO: [ view_filter ] --START--
INFO: Run Behavior\WriteHtmlCacheBehavior [ RunTime:0.000074s ]
INFO: [ view_filter ] --END-- [ RunTime:0.000104s ]
INFO: [ app_end ] --START--
INFO: Run Behavior\ShowPageTraceBehavior [ RunTime:0.000252s ]
INFO: [ app_end ] --END-- [ RunTime:0.000286s ]

[ 2016-12-02T19:50:31+08:00 ] 192.168.226.60 /PCM/index.php/GJQX/getmanamessage.html
INFO: [ app_init ] --START--
INFO: Run Behavior\BuildLiteBehavior [ RunTime:0.000009s ]
INFO: [ app_init ] --END-- [ RunTime:0.000187s ]
INFO: [ app_begin ] --START--
INFO: Run Behavior\ReadHtmlCacheBehavior [ RunTime:0.000223s ]
INFO: [ app_begin ] --END-- [ RunTime:0.000256s ]
SQL: SHOW COLUMNS FROM `t_manager` [ RunTime:0.0009s ]
SQL: SELECT COUNT(*) AS tp_count FROM `t_manager` WHERE ( Mana_Type='学生管理员' ) LIMIT 1   [ RunTime:0.0004s ]
SQL: SELECT * FROM `t_manager` WHERE ( Mana_Type='学生管理员' ) LIMIT 0,20   [ RunTime:0.0003s ]
INFO: [ app_end ] --START--
INFO: Run Behavior\ShowPageTraceBehavior [ RunTime:0.000560s ]
INFO: [ app_end ] --END-- [ RunTime:0.000631s ]

[ 2016-12-02T19:50:40+08:00 ] 180.153.206.23 /PCM/index.php/GJQX/manager.html
INFO: [ app_init ] --START--
INFO: Run Behavior\BuildLiteBehavior [ RunTime:0.000009s ]
INFO: [ app_init ] --END-- [ RunTime:0.000187s ]
INFO: [ app_begin ] --START--
INFO: Run Behavior\ReadHtmlCacheBehavior [ RunTime:0.000227s ]
INFO: [ app_begin ] --END-- [ RunTime:0.000263s ]
INFO: [ view_parse ] --START--
INFO: [ template_filter ] --START--
INFO: Run Behavior\ContentReplaceBehavior [ RunTime:0.000046s ]
INFO: [ template_filter ] --END-- [ RunTime:0.000084s ]
INFO: Run Behavior\ParseTemplateBehavior [ RunTime:0.003738s ]
INFO: [ view_parse ] --END-- [ RunTime:0.003774s ]
INFO: [ view_filter ] --START--
INFO: Run Behavior\WriteHtmlCacheBehavior [ RunTime:0.000074s ]
INFO: [ view_filter ] --END-- [ RunTime:0.000106s ]
INFO: [ app_end ] --START--
INFO: Run Behavior\ShowPageTraceBehavior [ RunTime:0.000245s ]
INFO: [ app_end ] --END-- [ RunTime:0.000277s ]

[ 2016-12-02T19:59:35+08:00 ] 192.168.226.60 /PCM/index.php/GJQX/room.html
INFO: [ app_init ] --START--
INFO: Run Behavior\BuildLiteBehavior [ RunTime:0.000017s ]
INFO: [ app_init ] --END-- [ RunTime:0.000380s ]
INFO: [ app_begin ] --START--
INFO: Run Behavior\ReadHtmlCacheBehavior [ RunTime:0.000463s ]
INFO: [ app_begin ] --END-- [ RunTime:0.000538s ]
INFO: [ view_parse ] --START--
INFO: [ template_filter ] --START--
INFO: Run Behavior\ContentReplaceBehavior [ RunTime:0.000046s ]
INFO: [ template_filter ] --END-- [ RunTime:0.000084s ]
INFO: Run Behavior\ParseTemplateBehavior [ RunTime:0.004044s ]
INFO: [ view_parse ] --END-- [ RunTime:0.004097s ]
INFO: [ view_filter ] --START--
INFO: Run Behavior\WriteHtmlCacheBehavior [ RunTime:0.000079s ]
INFO: [ view_filter ] --END-- [ RunTime:0.000112s ]
INFO: [ app_end ] --START--
INFO: Run Behavior\ShowPageTraceBehavior [ RunTime:0.000253s ]
INFO: [ app_end ] --END-- [ RunTime:0.000286s ]

[ 2016-12-02T19:59:35+08:00 ] 192.168.226.60 /PCM/index.php/GJQX/getpcmessage.html
INFO: [ app_init ] --START--
INFO: Run Behavior\BuildLiteBehavior [ RunTime:0.000017s ]
INFO: [ app_init ] --END-- [ RunTime:0.000367s ]
INFO: [ app_begin ] --START--
INFO: Run Behavior\ReadHtmlCacheBehavior [ RunTime:0.000452s ]
INFO: [ app_begin ] --END-- [ RunTime:0.000521s ]
SQL: SHOW COLUMNS FROM `t_pcmessage` [ RunTime:0.0011s ]
SQL: SELECT COUNT(*) AS tp_count FROM `t_pcmessage` LIMIT 1   [ RunTime:0.0005s ]
SQL: SELECT * FROM `t_pcmessage` WHERE `PCM_Mac` <> '' LIMIT 0,20   [ RunTime:0.0008s ]
INFO: [ app_end ] --START--
INFO: Run Behavior\ShowPageTraceBehavior [ RunTime:0.000550s ]
INFO: [ app_end ] --END-- [ RunTime:0.000618s ]

[ 2016-12-02T19:59:42+08:00 ] 192.168.226.60 /PCM/index.php/GJQX/getpcmessage.html
INFO: [ app_init ] --START--
INFO: Run Behavior\BuildLiteBehavior [ RunTime:0.000010s ]
INFO: [ app_init ] --END-- [ RunTime:0.000186s ]
INFO: [ app_begin ] --START--
INFO: Run Behavior\ReadHtmlCacheBehavior [ RunTime:0.000237s ]
INFO: [ app_begin ] --END-- [ RunTime:0.000270s ]
SQL: SHOW COLUMNS FROM `t_pcmessage` [ RunTime:0.0011s ]
SQL: SELECT COUNT(*) AS tp_count FROM `t_pcmessage` LIMIT 1   [ RunTime:0.0005s ]
SQL: SELECT * FROM `t_pcmessage` WHERE `PCM_Mac` <> '' ORDER BY PCM_RoomName LIMIT 0,20   [ RunTime:0.0007s ]
INFO: [ app_end ] --START--
INFO: Run Behavior\ShowPageTraceBehavior [ RunTime:0.000332s ]
INFO: [ app_end ] --END-- [ RunTime:0.000372s ]

[ 2016-12-02T19:59:45+08:00 ] 101.226.89.121 /PCM/index.php/GJQX/room.html
INFO: [ app_init ] --START--
INFO: Run Behavior\BuildLiteBehavior [ RunTime:0.000012s ]
INFO: [ app_init ] --END-- [ RunTime:0.000258s ]
INFO: [ app_begin ] --START--
INFO: Run Behavior\ReadHtmlCacheBehavior [ RunTime:0.000338s ]
INFO: [ app_begin ] --END-- [ RunTime:0.000392s ]
INFO: [ view_parse ] --START--
INFO: [ template_filter ] --START--
INFO: Run Behavior\ContentReplaceBehavior [ RunTime:0.000064s ]
INFO: [ template_filter ] --END-- [ RunTime:0.000119s ]
INFO: Run Behavior\ParseTemplateBehavior [ RunTime:0.005146s ]
INFO: [ view_parse ] --END-- [ RunTime:0.005196s ]
INFO: [ view_filter ] --START--
INFO: Run Behavior\WriteHtmlCacheBehavior [ RunTime:0.000105s ]
INFO: [ view_filter ] --END-- [ RunTime:0.000150s ]
INFO: [ app_end ] --START--
INFO: Run Behavior\ShowPageTraceBehavior [ RunTime:0.000355s ]
INFO: [ app_end ] --END-- [ RunTime:0.000402s ]

[ 2016-12-02T20:00:12+08:00 ] 192.168.226.60 /PCM/index.php/GJQX/student.html
INFO: [ app_init ] --START--
INFO: Run Behavior\BuildLiteBehavior [ RunTime:0.000009s ]
INFO: [ app_init ] --END-- [ RunTime:0.000198s ]
INFO: [ app_begin ] --START--
INFO: Run Behavior\ReadHtmlCacheBehavior [ RunTime:0.000244s ]
INFO: [ app_begin ] --END-- [ RunTime:0.000283s ]
INFO: [ view_parse ] --START--
INFO: [ template_filter ] --START--
INFO: Run Behavior\ContentReplaceBehavior [ RunTime:0.000053s ]
INFO: [ template_filter ] --END-- [ RunTime:0.000097s ]
INFO: Run Behavior\ParseTemplateBehavior [ RunTime:0.004008s ]
INFO: [ view_parse ] --END-- [ RunTime:0.004047s ]
INFO: [ view_filter ] --START--
INFO: Run Behavior\WriteHtmlCacheBehavior [ RunTime:0.000074s ]
INFO: [ view_filter ] --END-- [ RunTime:0.000107s ]
INFO: [ app_end ] --START--
INFO: Run Behavior\ShowPageTraceBehavior [ RunTime:0.000261s ]
INFO: [ app_end ] --END-- [ RunTime:0.000296s ]

[ 2016-12-02T20:00:13+08:00 ] 192.168.226.60 /PCM/index.php/GJQX/getstumessage.html
INFO: [ app_init ] --START--
INFO: Run Behavior\BuildLiteBehavior [ RunTime:0.000009s ]
INFO: [ app_init ] --END-- [ RunTime:0.000195s ]
INFO: [ app_begin ] --START--
INFO: Run Behavior\ReadHtmlCacheBehavior [ RunTime:0.000238s ]
INFO: [ app_begin ] --END-- [ RunTime:0.000275s ]
SQL: SHOW COLUMNS FROM `t_user` [ RunTime:0.0010s ]
SQL: SELECT COUNT(*) AS tp_count FROM `t_user` LIMIT 1   [ RunTime:0.0003s ]
SQL: SELECT * FROM `t_user` LIMIT 0,20   [ RunTime:0.0003s ]
INFO: [ app_end ] --START--
INFO: Run Behavior\ShowPageTraceBehavior [ RunTime:0.000583s ]
INFO: [ app_end ] --END-- [ RunTime:0.000658s ]

[ 2016-12-02T20:02:15+08:00 ] 192.168.226.60 /PCM/index.php/GJQX/teacher.html
INFO: [ app_init ] --START--
INFO: Run Behavior\BuildLiteBehavior [ RunTime:0.000017s ]
INFO: [ app_init ] --END-- [ RunTime:0.000395s ]
INFO: [ app_begin ] --START--
INFO: Run Behavior\ReadHtmlCacheBehavior [ RunTime:0.000523s ]
INFO: [ app_begin ] --END-- [ RunTime:0.000603s ]
INFO: [ view_parse ] --START--
INFO: [ template_filter ] --START--
INFO: Run Behavior\ContentReplaceBehavior [ RunTime:0.000048s ]
INFO: [ template_filter ] --END-- [ RunTime:0.000090s ]
INFO: Run Behavior\ParseTemplateBehavior [ RunTime:0.007156s ]
INFO: [ view_parse ] --END-- [ RunTime:0.007214s ]
INFO: [ view_filter ] --START--
INFO: Run Behavior\WriteHtmlCacheBehavior [ RunTime:0.000075s ]
INFO: [ view_filter ] --END-- [ RunTime:0.000107s ]
INFO: [ app_end ] --START--
INFO: Run Behavior\ShowPageTraceBehavior [ RunTime:0.000264s ]
INFO: [ app_end ] --END-- [ RunTime:0.000300s ]

[ 2016-12-02T20:02:15+08:00 ] 192.168.226.60 /PCM/index.php/GJQX/getteamessage.html
INFO: [ app_init ] --START--
INFO: Run Behavior\BuildLiteBehavior [ RunTime:0.000017s ]
INFO: [ app_init ] --END-- [ RunTime:0.000391s ]
INFO: [ app_begin ] --START--
INFO: Run Behavior\ReadHtmlCacheBehavior [ RunTime:0.000481s ]
INFO: [ app_begin ] --END-- [ RunTime:0.000555s ]
SQL: SHOW COLUMNS FROM `t_manager` [ RunTime:0.0009s ]
SQL: SELECT COUNT(*) AS tp_count FROM `t_manager` WHERE ( Mana_Type='授课教师' ) LIMIT 1   [ RunTime:0.0004s ]
SQL: SELECT * FROM `t_manager` WHERE ( Mana_Type='授课教师' ) LIMIT 0,20   [ RunTime:0.0003s ]
INFO: [ app_end ] --START--
INFO: Run Behavior\ShowPageTraceBehavior [ RunTime:0.000602s ]
INFO: [ app_end ] --END-- [ RunTime:0.000677s ]

[ 2016-12-02T20:30:48+08:00 ] 192.168.226.60 /PCM/index.php/Admin/index.html
INFO: [ app_init ] --START--
INFO: Run Behavior\BuildLiteBehavior [ RunTime:0.000018s ]
INFO: [ app_init ] --END-- [ RunTime:0.000367s ]
INFO: [ app_begin ] --START--
INFO: Run Behavior\ReadHtmlCacheBehavior [ RunTime:0.000462s ]
INFO: [ app_begin ] --END-- [ RunTime:0.000536s ]
INFO: [ view_parse ] --START--
INFO: [ template_filter ] --START--
INFO: Run Behavior\ContentReplaceBehavior [ RunTime:0.000049s ]
INFO: [ template_filter ] --END-- [ RunTime:0.000086s ]
INFO: Run Behavior\ParseTemplateBehavior [ RunTime:0.005701s ]
INFO: [ view_parse ] --END-- [ RunTime:0.005752s ]
INFO: [ view_filter ] --START--
INFO: Run Behavior\WriteHtmlCacheBehavior [ RunTime:0.000073s ]
INFO: [ view_filter ] --END-- [ RunTime:0.000104s ]
INFO: [ app_end ] --START--
INFO: Run Behavior\ShowPageTraceBehavior [ RunTime:0.000245s ]
INFO: [ app_end ] --END-- [ RunTime:0.000278s ]

[ 2016-12-02T20:30:58+08:00 ] 101.226.65.104 /PCM/index.php/Admin/index.html
INFO: [ app_init ] --START--
INFO: Run Behavior\BuildLiteBehavior [ RunTime:0.000009s ]
INFO: [ app_init ] --END-- [ RunTime:0.000185s ]
INFO: [ app_begin ] --START--
INFO: Run Behavior\ReadHtmlCacheBehavior [ RunTime:0.000226s ]
INFO: [ app_begin ] --END-- [ RunTime:0.000264s ]
INFO: [ view_parse ] --START--
INFO: [ template_filter ] --START--
INFO: Run Behavior\ContentReplaceBehavior [ RunTime:0.000036s ]
INFO: [ template_filter ] --END-- [ RunTime:0.000072s ]
INFO: Run Behavior\ParseTemplateBehavior [ RunTime:0.003150s ]
INFO: [ view_parse ] --END-- [ RunTime:0.003184s ]
INFO: [ view_filter ] --START--
INFO: Run Behavior\WriteHtmlCacheBehavior [ RunTime:0.000077s ]
INFO: [ view_filter ] --END-- [ RunTime:0.000108s ]

