[ 2016-07-25T20:57:17+08:00 ] 127.0.0.1 /djb/
INFO: [ app_init ] --START--
INFO: Run Behavior\BuildLiteBehavior [ RunTime:0.000000s ]
INFO: [ app_init ] --END-- [ RunTime:0.022003s ]
INFO: [ app_begin ] --START--
INFO: Run Behavior\ReadHtmlCacheBehavior [ RunTime:0.012502s ]
INFO: [ app_begin ] --END-- [ RunTime:0.012502s ]
SQL: SHOW COLUMNS FROM `tb_news` [ RunTime:0.0035s ]
SQL: SELECT * FROM `tb_news` ORDER BY time DESC LIMIT 10   [ RunTime:0.0015s ]
SQL: SHOW COLUMNS FROM `tb_base` [ RunTime:0.0025s ]
SQL: SELECT * FROM `tb_base` WHERE ( types=0 ) LIMIT 1   [ RunTime:0.0005s ]
INFO: [ view_parse ] --START--
INFO: [ template_filter ] --START--
INFO: Run Behavior\ContentReplaceBehavior [ RunTime:0.000000s ]
INFO: [ template_filter ] --END-- [ RunTime:0.000000s ]
NOTIC: [8] Use of undefined constant id - assumed 'id' D:\xampp\htdocs\djb\Application\Runtime\Cache\Home\2a94b8bda04ff446dcedd42276fc99ee.php 第 216 行.
NOTIC: [8] Use of undefined constant id - assumed 'id' D:\xampp\htdocs\djb\Application\Runtime\Cache\Home\2a94b8bda04ff446dcedd42276fc99ee.php 第 216 行.
NOTIC: [8] Use of undefined constant id - assumed 'id' D:\xampp\htdocs\djb\Application\Runtime\Cache\Home\2a94b8bda04ff446dcedd42276fc99ee.php 第 216 行.
NOTIC: [8] Use of undefined constant id - assumed 'id' D:\xampp\htdocs\djb\Application\Runtime\Cache\Home\2a94b8bda04ff446dcedd42276fc99ee.php 第 216 行.
NOTIC: [8] Use of undefined constant id - assumed 'id' D:\xampp\htdocs\djb\Application\Runtime\Cache\Home\2a94b8bda04ff446dcedd42276fc99ee.php 第 216 行.
NOTIC: [8] Use of undefined constant id - assumed 'id' D:\xampp\htdocs\djb\Application\Runtime\Cache\Home\2a94b8bda04ff446dcedd42276fc99ee.php 第 216 行.
NOTIC: [8] Use of undefined constant id - assumed 'id' D:\xampp\htdocs\djb\Application\Runtime\Cache\Home\2a94b8bda04ff446dcedd42276fc99ee.php 第 216 行.
NOTIC: [8] Use of undefined constant id - assumed 'id' D:\xampp\htdocs\djb\Application\Runtime\Cache\Home\2a94b8bda04ff446dcedd42276fc99ee.php 第 216 行.
NOTIC: [8] Use of undefined constant id - assumed 'id' D:\xampp\htdocs\djb\Application\Runtime\Cache\Home\2a94b8bda04ff446dcedd42276fc99ee.php 第 216 行.
NOTIC: [8] Use of undefined constant id - assumed 'id' D:\xampp\htdocs\djb\Application\Runtime\Cache\Home\2a94b8bda04ff446dcedd42276fc99ee.php 第 216 行.
INFO: Run Behavior\ParseTemplateBehavior [ RunTime:0.069009s ]
INFO: [ view_parse ] --END-- [ RunTime:0.069509s ]
INFO: [ view_filter ] --START--
INFO: Run Behavior\WriteHtmlCacheBehavior [ RunTime:0.016002s ]
INFO: [ view_filter ] --END-- [ RunTime:0.016002s ]
INFO: [ app_end ] --START--
INFO: Run Behavior\ShowPageTraceBehavior [ RunTime:0.009001s ]
INFO: [ app_end ] --END-- [ RunTime:0.009001s ]

[ 2016-07-25T20:57:17+08:00 ] 127.0.0.1 /djb/index.php/Home/Index/setverify.html
INFO: [ app_init ] --START--
INFO: Run Behavior\BuildLiteBehavior [ RunTime:0.000000s ]
INFO: [ app_init ] --END-- [ RunTime:0.000000s ]
INFO: [ app_begin ] --START--
INFO: Run Behavior\ReadHtmlCacheBehavior [ RunTime:0.000500s ]
INFO: [ app_begin ] --END-- [ RunTime:0.001500s ]
INFO: [ app_end ] --START--
INFO: Run Behavior\ShowPageTraceBehavior [ RunTime:0.000500s ]
INFO: [ app_end ] --END-- [ RunTime:0.000500s ]

[ 2016-07-25T20:57:28+08:00 ] 127.0.0.1 /djb/index.php/Home/zxdt/news/id/29.html
INFO: [ app_init ] --START--
INFO: Run Behavior\BuildLiteBehavior [ RunTime:0.000000s ]
INFO: [ app_init ] --END-- [ RunTime:0.000500s ]
INFO: [ app_begin ] --START--
INFO: Run Behavior\ReadHtmlCacheBehavior [ RunTime:0.000500s ]
INFO: [ app_begin ] --END-- [ RunTime:0.000500s ]
SQL: SHOW COLUMNS FROM `tb_news` [ RunTime:0.0030s ]
SQL: SELECT * FROM `tb_news` WHERE ( id='29' ) LIMIT 1   [ RunTime:0.0005s ]
INFO: [ view_parse ] --START--
INFO: [ template_filter ] --START--
INFO: Run Behavior\ContentReplaceBehavior [ RunTime:0.000500s ]
INFO: [ template_filter ] --END-- [ RunTime:0.000500s ]
INFO: Run Behavior\ParseTemplateBehavior [ RunTime:0.038005s ]
INFO: [ view_parse ] --END-- [ RunTime:0.038005s ]
INFO: [ view_filter ] --START--
INFO: Run Behavior\WriteHtmlCacheBehavior [ RunTime:0.001000s ]
INFO: [ view_filter ] --END-- [ RunTime:0.001000s ]
INFO: [ app_end ] --START--
INFO: Run Behavior\ShowPageTraceBehavior [ RunTime:0.001000s ]
INFO: [ app_end ] --END-- [ RunTime:0.001000s ]

[ 2016-07-25T20:57:28+08:00 ] 127.0.0.1 /djb/index.php/Home/Index/setverify.html
INFO: [ app_init ] --START--
INFO: Run Behavior\BuildLiteBehavior [ RunTime:0.000000s ]
INFO: [ app_init ] --END-- [ RunTime:0.000500s ]
INFO: [ app_begin ] --START--
INFO: Run Behavior\ReadHtmlCacheBehavior [ RunTime:0.001000s ]
INFO: [ app_begin ] --END-- [ RunTime:0.001000s ]
INFO: [ app_end ] --START--
INFO: Run Behavior\ShowPageTraceBehavior [ RunTime:0.000500s ]
INFO: [ app_end ] --END-- [ RunTime:0.000500s ]

